LOCK_ADDR: 0xde405c0
    b'pthread_mutex_lock [libc.so.6]'
    b'__sweep_server [mongod]'
    b'start_thread [libc.so.6]'
LOCK_ADDR: 0xde405c0
    b'pthread_mutex_lock [libc.so.6]'
    b'__sweep_server [mongod]'
    b'start_thread [libc.so.6]'
LOCK_ADDR: 0xde405c0
    b'pthread_mutex_lock [libc.so.6]'
    b'__sweep_server [mongod]'
    b'start_thread [libc.so.6]'
LOCK_ADDR: 0xde405c0
    b'pthread_mutex_lock [libc.so.6]'
    b'__sweep_server [mongod]'
    b'start_thread [libc.so.6]'
Events collected during tracing:
Func Address: 233047488
  Func Name: options.sym
  Total Lock Time: 105650 ns
  Lock Count: 4
  TIDs: {251420}
  Stack Traces:
    Trace: b'pthread_mutex_lock [libc.so.6]'<br>b'__sweep_server [mongod]'<br>b'start_thread [libc.so.6]'<br>
      Count: 4
      Time: 105650 ns
