LOCK_ADDR: 0xde405c0
    b'pthread_mutex_lock [libc.so.6]'
    b'__wt_cond_auto_wait_signal [mongod]'
    b'__wt_cond_auto_wait [mongod]'
    b'__evict_thread_run [mongod]'
    b'__thread_run [mongod]'
LOCK_ADDR: 0xde405c0
    b'pthread_mutex_lock [libc.so.6]'
    b'__wt_cond_auto_wait_signal [mongod]'
    b'__wt_cond_auto_wait [mongod]'
    b'__evict_thread_run [mongod]'
    b'__thread_run [mongod]'
LOCK_ADDR: 0xde405c0
    b'pthread_mutex_lock [libc.so.6]'
    b'__wt_cond_auto_wait_signal [mongod]'
    b'__wt_cond_auto_wait [mongod]'
    b'__evict_thread_run [mongod]'
    b'__thread_run [mongod]'
LOCK_ADDR: 0xde405c0
    b'pthread_mutex_lock [libc.so.6]'
    b'__wt_cond_auto_wait_signal [mongod]'
    b'__wt_cond_auto_wait [mongod]'
    b'__evict_thread_run [mongod]'
    b'__thread_run [mongod]'
LOCK_ADDR: 0xde405c0
    b'pthread_mutex_lock [libc.so.6]'
    b'__wt_cond_auto_wait_signal [mongod]'
    b'__wt_cond_auto_wait [mongod]'
    b'__evict_thread_run [mongod]'
    b'__thread_run [mongod]'
LOCK_ADDR: 0xde405c0
    b'pthread_mutex_lock [libc.so.6]'
    b'__wt_cond_auto_wait_signal [mongod]'
    b'__wt_cond_auto_wait [mongod]'
    b'__evict_thread_run [mongod]'
    b'__thread_run [mongod]'
LOCK_ADDR: 0xde405c0
    b'pthread_mutex_lock [libc.so.6]'
    b'__wt_cond_auto_wait_signal [mongod]'
    b'__wt_cond_auto_wait [mongod]'
    b'__evict_thread_run [mongod]'
    b'__thread_run [mongod]'
LOCK_ADDR: 0xde405c0
    b'pthread_mutex_lock [libc.so.6]'
    b'__wt_cond_auto_wait_signal [mongod]'
    b'__wt_cond_auto_wait [mongod]'
    b'__evict_thread_run [mongod]'
    b'__thread_run [mongod]'
LOCK_ADDR: 0xde405c0
    b'pthread_mutex_lock [libc.so.6]'
    b'__wt_cond_auto_wait_signal [mongod]'
    b'__wt_cond_auto_wait [mongod]'
    b'__evict_thread_run [mongod]'
    b'__thread_run [mongod]'
LOCK_ADDR: 0xde405c0
    b'pthread_mutex_lock [libc.so.6]'
    b'__wt_cond_auto_wait_signal [mongod]'
    b'__wt_cond_auto_wait [mongod]'
    b'__evict_thread_run [mongod]'
    b'__thread_run [mongod]'
LOCK_ADDR: 0xde405c0
    b'pthread_mutex_lock [libc.so.6]'
    b'__wt_cond_auto_wait_signal [mongod]'
    b'__wt_cond_auto_wait [mongod]'
    b'__evict_thread_run [mongod]'
    b'__thread_run [mongod]'
LOCK_ADDR: 0xde405c0
    b'pthread_mutex_lock [libc.so.6]'
    b'__wt_cond_auto_wait_signal [mongod]'
    b'__wt_cond_auto_wait [mongod]'
    b'__evict_thread_run [mongod]'
    b'__thread_run [mongod]'
LOCK_ADDR: 0xde405c0
    b'pthread_mutex_lock [libc.so.6]'
    b'__wt_cond_auto_wait_signal [mongod]'
    b'__wt_cond_auto_wait [mongod]'
    b'__evict_thread_run [mongod]'
    b'__thread_run [mongod]'
LOCK_ADDR: 0xde405c0
    b'pthread_mutex_lock [libc.so.6]'
    b'__wt_cond_auto_wait_signal [mongod]'
    b'__wt_cond_auto_wait [mongod]'
    b'__evict_thread_run [mongod]'
    b'__thread_run [mongod]'
LOCK_ADDR: 0xde405c0
    b'pthread_mutex_lock [libc.so.6]'
    b'__wt_cond_auto_wait_signal [mongod]'
    b'__wt_cond_auto_wait [mongod]'
    b'__evict_thread_run [mongod]'
    b'__thread_run [mongod]'
LOCK_ADDR: 0xde405c0
    b'pthread_mutex_lock [libc.so.6]'
    b'__wt_cond_auto_wait_signal [mongod]'
    b'__wt_cond_auto_wait [mongod]'
    b'__evict_thread_run [mongod]'
    b'__thread_run [mongod]'
LOCK_ADDR: 0xde405c0
    b'pthread_mutex_lock [libc.so.6]'
    b'__wt_cond_auto_wait_signal [mongod]'
    b'__wt_cond_auto_wait [mongod]'
    b'__evict_thread_run [mongod]'
    b'__thread_run [mongod]'
LOCK_ADDR: 0xde405c0
    b'pthread_mutex_lock [libc.so.6]'
    b'__wt_cond_auto_wait_signal [mongod]'
    b'__wt_cond_auto_wait [mongod]'
    b'__evict_thread_run [mongod]'
    b'__thread_run [mongod]'
LOCK_ADDR: 0xde405c0
    b'pthread_mutex_lock [libc.so.6]'
    b'__wt_cond_auto_wait_signal [mongod]'
    b'__wt_cond_auto_wait [mongod]'
    b'__evict_thread_run [mongod]'
    b'__thread_run [mongod]'
LOCK_ADDR: 0xde405c0
    b'pthread_mutex_lock [libc.so.6]'
    b'__wt_cond_auto_wait_signal [mongod]'
    b'__wt_cond_auto_wait [mongod]'
    b'__evict_thread_run [mongod]'
    b'__thread_run [mongod]'
LOCK_ADDR: 0xde405c0
    b'pthread_mutex_lock [libc.so.6]'
    b'__wt_cond_auto_wait_signal [mongod]'
    b'__wt_cond_auto_wait [mongod]'
    b'__evict_thread_run [mongod]'
    b'__thread_run [mongod]'
LOCK_ADDR: 0xde405c0
    b'pthread_mutex_lock [libc.so.6]'
    b'__wt_cond_auto_wait_signal [mongod]'
    b'__wt_cond_auto_wait [mongod]'
    b'__evict_thread_run [mongod]'
    b'__thread_run [mongod]'
LOCK_ADDR: 0xde405c0
    b'pthread_mutex_lock [libc.so.6]'
    b'__wt_cond_auto_wait_signal [mongod]'
    b'__wt_cond_auto_wait [mongod]'
    b'__evict_thread_run [mongod]'
    b'__thread_run [mongod]'
LOCK_ADDR: 0xde405c0
    b'pthread_mutex_lock [libc.so.6]'
    b'__wt_cond_auto_wait_signal [mongod]'
    b'__wt_cond_auto_wait [mongod]'
    b'__evict_thread_run [mongod]'
    b'__thread_run [mongod]'
LOCK_ADDR: 0xde405c0
    b'pthread_mutex_lock [libc.so.6]'
    b'__wt_cond_auto_wait_signal [mongod]'
    b'__wt_cond_auto_wait [mongod]'
    b'__evict_thread_run [mongod]'
    b'__thread_run [mongod]'
LOCK_ADDR: 0xde405c0
    b'pthread_mutex_lock [libc.so.6]'
    b'__wt_cond_auto_wait_signal [mongod]'
    b'__wt_cond_auto_wait [mongod]'
    b'__evict_thread_run [mongod]'
    b'__thread_run [mongod]'
LOCK_ADDR: 0xde405c0
    b'pthread_mutex_lock [libc.so.6]'
    b'__wt_cond_auto_wait_signal [mongod]'
    b'__wt_cond_auto_wait [mongod]'
    b'__evict_thread_run [mongod]'
    b'__thread_run [mongod]'
LOCK_ADDR: 0xde405c0
    b'pthread_mutex_lock [libc.so.6]'
    b'__wt_cond_auto_wait_signal [mongod]'
    b'__wt_cond_auto_wait [mongod]'
    b'__evict_thread_run [mongod]'
    b'__thread_run [mongod]'
LOCK_ADDR: 0xde405c0
    b'pthread_mutex_lock [libc.so.6]'
    b'__wt_cond_auto_wait_signal [mongod]'
    b'__wt_cond_auto_wait [mongod]'
    b'__evict_thread_run [mongod]'
    b'__thread_run [mongod]'
LOCK_ADDR: 0xde405c0
    b'pthread_mutex_lock [libc.so.6]'
    b'__wt_cond_auto_wait_signal [mongod]'
    b'__wt_cond_auto_wait [mongod]'
    b'__evict_thread_run [mongod]'
    b'__thread_run [mongod]'
LOCK_ADDR: 0xde405c0
    b'pthread_mutex_lock [libc.so.6]'
    b'__wt_cond_auto_wait_signal [mongod]'
    b'__wt_cond_auto_wait [mongod]'
    b'__evict_thread_run [mongod]'
    b'__thread_run [mongod]'
LOCK_ADDR: 0xde405c0
    b'pthread_mutex_lock [libc.so.6]'
    b'__wt_cond_auto_wait_signal [mongod]'
    b'__wt_cond_auto_wait [mongod]'
    b'__evict_thread_run [mongod]'
    b'__thread_run [mongod]'
Events collected during tracing:
Func Address: 233047488
  Func Name: options.sym
  Total Lock Time: 399390 ns
  Lock Count: 32
  TIDs: {251419}
  Stack Traces:
    Trace: b'pthread_mutex_lock [libc.so.6]'<br>b'__wt_cond_auto_wait_signal [mongod]'<br>b'__wt_cond_auto_wait [mongod]'<br>b'__evict_thread_run [mongod]'<br>b'__thread_run [mongod]'<br>
      Count: 32
      Time: 399390 ns
