LOCK_ADDR: 0xde405c0
    b'pthread_mutex_lock [libc.so.6]'
    b'__wt_spin_lock_track [mongod]'
    b'__wti_log_slot_switch [mongod]'
    b'__wt_log_force_write [mongod]'
    b'__log_server [mongod]'
    b'start_thread [libc.so.6]'
LOCK_ADDR: 0xde405c0
    b'pthread_mutex_lock [libc.so.6]'
    b'__wt_cond_auto_wait_signal [mongod]'
    b'__log_server [mongod]'
    b'start_thread [libc.so.6]'
LOCK_ADDR: 0xde405c0
    b'pthread_mutex_lock [libc.so.6]'
    b'__wt_spin_lock_track [mongod]'
    b'__wti_log_slot_switch [mongod]'
    b'__wt_log_force_write [mongod]'
    b'__log_server [mongod]'
    b'start_thread [libc.so.6]'
LOCK_ADDR: 0xde405c0
    b'pthread_mutex_lock [libc.so.6]'
    b'__wt_cond_auto_wait_signal [mongod]'
    b'__log_server [mongod]'
    b'start_thread [libc.so.6]'
LOCK_ADDR: 0xde405c0
    b'pthread_mutex_lock [libc.so.6]'
    b'__wt_spin_lock_track [mongod]'
    b'__wti_log_slot_switch [mongod]'
    b'__wt_log_force_write [mongod]'
    b'__log_server [mongod]'
    b'start_thread [libc.so.6]'
LOCK_ADDR: 0xde405c0
    b'pthread_mutex_lock [libc.so.6]'
    b'__wt_cond_auto_wait_signal [mongod]'
    b'__log_server [mongod]'
    b'start_thread [libc.so.6]'
LOCK_ADDR: 0xde405c0
    b'pthread_mutex_lock [libc.so.6]'
    b'__wt_spin_lock_track [mongod]'
    b'__wti_log_slot_switch [mongod]'
    b'__wt_log_force_write [mongod]'
    b'__log_server [mongod]'
    b'start_thread [libc.so.6]'
LOCK_ADDR: 0xde405c0
    b'pthread_mutex_lock [libc.so.6]'
    b'__wt_cond_auto_wait_signal [mongod]'
    b'__log_server [mongod]'
    b'start_thread [libc.so.6]'
LOCK_ADDR: 0xde405c0
    b'pthread_mutex_lock [libc.so.6]'
    b'__wt_spin_lock_track [mongod]'
    b'__wti_log_slot_switch [mongod]'
    b'__wt_log_force_write [mongod]'
    b'__log_server [mongod]'
    b'start_thread [libc.so.6]'
LOCK_ADDR: 0xde405c0
    b'pthread_mutex_lock [libc.so.6]'
    b'__wt_cond_auto_wait_signal [mongod]'
    b'__log_server [mongod]'
    b'start_thread [libc.so.6]'
LOCK_ADDR: 0xde405c0
    b'pthread_mutex_lock [libc.so.6]'
    b'__wt_spin_lock_track [mongod]'
    b'__wti_log_slot_switch [mongod]'
    b'__wt_log_force_write [mongod]'
    b'__log_server [mongod]'
    b'start_thread [libc.so.6]'
LOCK_ADDR: 0xde405c0
    b'pthread_mutex_lock [libc.so.6]'
    b'__wt_cond_auto_wait_signal [mongod]'
    b'__log_server [mongod]'
    b'start_thread [libc.so.6]'
LOCK_ADDR: 0xde405c0
    b'pthread_mutex_lock [libc.so.6]'
    b'__wt_spin_lock_track [mongod]'
    b'__wti_log_slot_switch [mongod]'
    b'__wt_log_force_write [mongod]'
    b'__log_server [mongod]'
    b'start_thread [libc.so.6]'
LOCK_ADDR: 0xde405c0
    b'pthread_mutex_lock [libc.so.6]'
    b'__wt_cond_auto_wait_signal [mongod]'
    b'__log_server [mongod]'
    b'start_thread [libc.so.6]'
LOCK_ADDR: 0xde405c0
    b'pthread_mutex_lock [libc.so.6]'
    b'__wt_spin_lock_track [mongod]'
    b'__wti_log_slot_switch [mongod]'
    b'__wt_log_force_write [mongod]'
    b'__log_server [mongod]'
    b'start_thread [libc.so.6]'
LOCK_ADDR: 0xde405c0
    b'pthread_mutex_lock [libc.so.6]'
    b'__wt_cond_auto_wait_signal [mongod]'
    b'__log_server [mongod]'
    b'start_thread [libc.so.6]'
LOCK_ADDR: 0xde405c0
    b'pthread_mutex_lock [libc.so.6]'
    b'__wt_spin_lock_track [mongod]'
    b'__wti_log_slot_switch [mongod]'
    b'__wt_log_force_write [mongod]'
    b'__log_server [mongod]'
    b'start_thread [libc.so.6]'
LOCK_ADDR: 0xde405c0
    b'pthread_mutex_lock [libc.so.6]'
    b'__wt_cond_auto_wait_signal [mongod]'
    b'__log_server [mongod]'
    b'start_thread [libc.so.6]'
LOCK_ADDR: 0xde405c0
    b'pthread_mutex_lock [libc.so.6]'
    b'__wt_spin_lock_track [mongod]'
    b'__wti_log_slot_switch [mongod]'
    b'__wt_log_force_write [mongod]'
    b'__log_server [mongod]'
    b'start_thread [libc.so.6]'
LOCK_ADDR: 0xde405c0
    b'pthread_mutex_lock [libc.so.6]'
    b'__wt_cond_auto_wait_signal [mongod]'
    b'__log_server [mongod]'
    b'start_thread [libc.so.6]'
LOCK_ADDR: 0xde405c0
    b'pthread_mutex_lock [libc.so.6]'
    b'__wt_spin_lock_track [mongod]'
    b'__wti_log_slot_switch [mongod]'
    b'__wt_log_force_write [mongod]'
    b'__log_server [mongod]'
    b'start_thread [libc.so.6]'
LOCK_ADDR: 0xde405c0
    b'pthread_mutex_lock [libc.so.6]'
    b'__wt_cond_auto_wait_signal [mongod]'
    b'__log_server [mongod]'
    b'start_thread [libc.so.6]'
LOCK_ADDR: 0xde405c0
    b'pthread_mutex_lock [libc.so.6]'
    b'__wt_spin_lock_track [mongod]'
    b'__wti_log_slot_switch [mongod]'
    b'__wt_log_force_write [mongod]'
    b'__log_server [mongod]'
    b'start_thread [libc.so.6]'
LOCK_ADDR: 0xde405c0
    b'pthread_mutex_lock [libc.so.6]'
    b'__wt_cond_auto_wait_signal [mongod]'
    b'__log_server [mongod]'
    b'start_thread [libc.so.6]'
LOCK_ADDR: 0xde405c0
    b'pthread_mutex_lock [libc.so.6]'
    b'__wt_spin_lock_track [mongod]'
    b'__wti_log_slot_switch [mongod]'
    b'__wt_log_force_write [mongod]'
    b'__log_server [mongod]'
    b'start_thread [libc.so.6]'
LOCK_ADDR: 0xde405c0
    b'pthread_mutex_lock [libc.so.6]'
    b'__wt_cond_auto_wait_signal [mongod]'
    b'__log_server [mongod]'
    b'start_thread [libc.so.6]'
LOCK_ADDR: 0xde405c0
    b'pthread_mutex_lock [libc.so.6]'
    b'__wt_spin_lock_track [mongod]'
    b'__wti_log_slot_switch [mongod]'
    b'__wt_log_force_write [mongod]'
    b'__log_server [mongod]'
    b'start_thread [libc.so.6]'
LOCK_ADDR: 0xde405c0
    b'pthread_mutex_lock [libc.so.6]'
    b'__wt_cond_auto_wait_signal [mongod]'
    b'__log_server [mongod]'
    b'start_thread [libc.so.6]'
LOCK_ADDR: 0xde405c0
    b'pthread_mutex_lock [libc.so.6]'
    b'__wt_spin_lock_track [mongod]'
    b'__wti_log_slot_switch [mongod]'
    b'__wt_log_force_write [mongod]'
    b'__log_server [mongod]'
    b'start_thread [libc.so.6]'
LOCK_ADDR: 0xde405c0
    b'pthread_mutex_lock [libc.so.6]'
    b'__wt_cond_auto_wait_signal [mongod]'
    b'__log_server [mongod]'
    b'start_thread [libc.so.6]'
LOCK_ADDR: 0xde405c0
    b'pthread_mutex_lock [libc.so.6]'
    b'__wt_spin_lock_track [mongod]'
    b'__wti_log_slot_switch [mongod]'
    b'__wt_log_force_write [mongod]'
    b'__log_server [mongod]'
    b'start_thread [libc.so.6]'
LOCK_ADDR: 0xde405c0
    b'pthread_mutex_lock [libc.so.6]'
    b'__wt_cond_auto_wait_signal [mongod]'
    b'__log_server [mongod]'
    b'start_thread [libc.so.6]'
LOCK_ADDR: 0xde405c0
    b'pthread_mutex_lock [libc.so.6]'
    b'__wt_spin_lock_track [mongod]'
    b'__wti_log_slot_switch [mongod]'
    b'__wt_log_force_write [mongod]'
    b'__log_server [mongod]'
    b'start_thread [libc.so.6]'
LOCK_ADDR: 0xde405c0
    b'pthread_mutex_lock [libc.so.6]'
    b'__wt_cond_auto_wait_signal [mongod]'
    b'__log_server [mongod]'
    b'start_thread [libc.so.6]'
LOCK_ADDR: 0xde405c0
    b'pthread_mutex_lock [libc.so.6]'
    b'__wt_spin_lock_track [mongod]'
    b'__wti_log_slot_switch [mongod]'
    b'__wt_log_force_write [mongod]'
    b'__log_server [mongod]'
    b'start_thread [libc.so.6]'
LOCK_ADDR: 0xde405c0
    b'pthread_mutex_lock [libc.so.6]'
    b'__wt_cond_auto_wait_signal [mongod]'
    b'__log_server [mongod]'
    b'start_thread [libc.so.6]'
LOCK_ADDR: 0xde405c0
    b'pthread_mutex_lock [libc.so.6]'
    b'__wt_spin_lock_track [mongod]'
    b'__wti_log_slot_switch [mongod]'
    b'__wt_log_force_write [mongod]'
    b'__log_server [mongod]'
    b'start_thread [libc.so.6]'
LOCK_ADDR: 0xde405c0
    b'pthread_mutex_lock [libc.so.6]'
    b'__wt_cond_auto_wait_signal [mongod]'
    b'__log_server [mongod]'
    b'start_thread [libc.so.6]'
LOCK_ADDR: 0xde405c0
    b'pthread_mutex_lock [libc.so.6]'
    b'__wt_spin_lock_track [mongod]'
    b'__wti_log_slot_switch [mongod]'
    b'__wt_log_force_write [mongod]'
    b'__log_server [mongod]'
    b'start_thread [libc.so.6]'
LOCK_ADDR: 0xde405c0
    b'pthread_mutex_lock [libc.so.6]'
    b'__wt_cond_auto_wait_signal [mongod]'
    b'__log_server [mongod]'
    b'start_thread [libc.so.6]'
LOCK_ADDR: 0xde405c0
    b'pthread_mutex_lock [libc.so.6]'
    b'__wt_spin_lock_track [mongod]'
    b'__wti_log_slot_switch [mongod]'
    b'__wt_log_force_write [mongod]'
    b'__log_server [mongod]'
    b'start_thread [libc.so.6]'
LOCK_ADDR: 0xde405c0
    b'pthread_mutex_lock [libc.so.6]'
    b'__wt_cond_auto_wait_signal [mongod]'
    b'__log_server [mongod]'
    b'start_thread [libc.so.6]'
LOCK_ADDR: 0xde405c0
    b'pthread_mutex_lock [libc.so.6]'
    b'__wt_spin_lock_track [mongod]'
    b'__wti_log_slot_switch [mongod]'
    b'__wt_log_force_write [mongod]'
    b'__log_server [mongod]'
    b'start_thread [libc.so.6]'
LOCK_ADDR: 0xde405c0
    b'pthread_mutex_lock [libc.so.6]'
    b'__wt_cond_auto_wait_signal [mongod]'
    b'__log_server [mongod]'
    b'start_thread [libc.so.6]'
LOCK_ADDR: 0xde405c0
    b'pthread_mutex_lock [libc.so.6]'
    b'__wt_spin_lock_track [mongod]'
    b'__wti_log_slot_switch [mongod]'
    b'__wt_log_force_write [mongod]'
    b'__log_server [mongod]'
    b'start_thread [libc.so.6]'
LOCK_ADDR: 0xde405c0
    b'pthread_mutex_lock [libc.so.6]'
    b'__wt_cond_auto_wait_signal [mongod]'
    b'__log_server [mongod]'
    b'start_thread [libc.so.6]'
LOCK_ADDR: 0xde405c0
    b'pthread_mutex_lock [libc.so.6]'
    b'__wt_spin_lock_track [mongod]'
    b'__wti_log_slot_switch [mongod]'
    b'__wt_log_force_write [mongod]'
    b'__log_server [mongod]'
    b'start_thread [libc.so.6]'
LOCK_ADDR: 0xde405c0
    b'pthread_mutex_lock [libc.so.6]'
    b'__wt_cond_auto_wait_signal [mongod]'
    b'__log_server [mongod]'
    b'start_thread [libc.so.6]'
LOCK_ADDR: 0xde405c0
    b'pthread_mutex_lock [libc.so.6]'
    b'__wt_spin_lock_track [mongod]'
    b'__wti_log_slot_switch [mongod]'
    b'__wt_log_force_write [mongod]'
    b'__log_server [mongod]'
    b'start_thread [libc.so.6]'
LOCK_ADDR: 0xde405c0
    b'pthread_mutex_lock [libc.so.6]'
    b'__wt_cond_auto_wait_signal [mongod]'
    b'__log_server [mongod]'
    b'start_thread [libc.so.6]'
LOCK_ADDR: 0xde405c0
    b'pthread_mutex_lock [libc.so.6]'
    b'__wt_spin_lock_track [mongod]'
    b'__wti_log_slot_switch [mongod]'
    b'__wt_log_force_write [mongod]'
    b'__log_server [mongod]'
    b'start_thread [libc.so.6]'
LOCK_ADDR: 0xde405c0
    b'pthread_mutex_lock [libc.so.6]'
    b'__wt_cond_auto_wait_signal [mongod]'
    b'__log_server [mongod]'
    b'start_thread [libc.so.6]'
LOCK_ADDR: 0xde405c0
    b'pthread_mutex_lock [libc.so.6]'
    b'__wt_spin_lock_track [mongod]'
    b'__wti_log_slot_switch [mongod]'
    b'__wt_log_force_write [mongod]'
    b'__log_server [mongod]'
    b'start_thread [libc.so.6]'
LOCK_ADDR: 0xde405c0
    b'pthread_mutex_lock [libc.so.6]'
    b'__wt_cond_auto_wait_signal [mongod]'
    b'__log_server [mongod]'
    b'start_thread [libc.so.6]'
LOCK_ADDR: 0xde405c0
    b'pthread_mutex_lock [libc.so.6]'
    b'__wt_spin_lock_track [mongod]'
    b'__wti_log_slot_switch [mongod]'
    b'__wt_log_force_write [mongod]'
    b'__log_server [mongod]'
    b'start_thread [libc.so.6]'
LOCK_ADDR: 0xde405c0
    b'pthread_mutex_lock [libc.so.6]'
    b'__wt_cond_auto_wait_signal [mongod]'
    b'__log_server [mongod]'
    b'start_thread [libc.so.6]'
LOCK_ADDR: 0xde405c0
    b'pthread_mutex_lock [libc.so.6]'
    b'__wt_spin_lock_track [mongod]'
    b'__wti_log_slot_switch [mongod]'
    b'__wt_log_force_write [mongod]'
    b'__log_server [mongod]'
    b'start_thread [libc.so.6]'
LOCK_ADDR: 0xde405c0
    b'pthread_mutex_lock [libc.so.6]'
    b'__wt_cond_auto_wait_signal [mongod]'
    b'__log_server [mongod]'
    b'start_thread [libc.so.6]'
LOCK_ADDR: 0xde405c0
    b'pthread_mutex_lock [libc.so.6]'
    b'__wt_spin_lock_track [mongod]'
    b'__wti_log_slot_switch [mongod]'
    b'__wt_log_force_write [mongod]'
    b'__log_server [mongod]'
    b'start_thread [libc.so.6]'
LOCK_ADDR: 0xde405c0
    b'pthread_mutex_lock [libc.so.6]'
    b'__wt_cond_auto_wait_signal [mongod]'
    b'__log_server [mongod]'
    b'start_thread [libc.so.6]'
LOCK_ADDR: 0xde405c0
    b'pthread_mutex_lock [libc.so.6]'
    b'__wt_spin_lock_track [mongod]'
    b'__wti_log_slot_switch [mongod]'
    b'__wt_log_force_write [mongod]'
    b'__log_server [mongod]'
    b'start_thread [libc.so.6]'
LOCK_ADDR: 0xde405c0
    b'pthread_mutex_lock [libc.so.6]'
    b'__wt_cond_auto_wait_signal [mongod]'
    b'__log_server [mongod]'
    b'start_thread [libc.so.6]'
LOCK_ADDR: 0xde405c0
    b'pthread_mutex_lock [libc.so.6]'
    b'__wt_spin_lock_track [mongod]'
    b'__wti_log_slot_switch [mongod]'
    b'__wt_log_force_write [mongod]'
    b'__log_server [mongod]'
    b'start_thread [libc.so.6]'
LOCK_ADDR: 0xde405c0
    b'pthread_mutex_lock [libc.so.6]'
    b'__wt_cond_auto_wait_signal [mongod]'
    b'__log_server [mongod]'
    b'start_thread [libc.so.6]'
Events collected during tracing:
Func Address: 233047488
  Func Name: options.sym
  Total Lock Time: 981954 ns
  Lock Count: 64
  TIDs: {251415}
  Stack Traces:
    Trace: b'pthread_mutex_lock [libc.so.6]'<br>b'__wt_spin_lock_track [mongod]'<br>b'__wti_log_slot_switch [mongod]'<br>b'__wt_log_force_write [mongod]'<br>b'__log_server [mongod]'<br>b'start_thread [libc.so.6]'<br>
      Count: 32
      Time: 582178 ns
    Trace: b'pthread_mutex_lock [libc.so.6]'<br>b'__wt_cond_auto_wait_signal [mongod]'<br>b'__log_server [mongod]'<br>b'start_thread [libc.so.6]'<br>
      Count: 32
      Time: 399776 ns
