                 U munlock
                 U pthread_mutex_unlock
                 U pthread_rwlock_unlock
000000000778d7b0 T umtx_unlock
0000000004b31bd0 T __wt_ext_spin_unlock
0000000004b31cb4 t __wt_ext_spin_unlock.cold
0000000004a59310 T __wt_lsm_tree_readunlock
0000000004a59360 T __wt_lsm_tree_writeunlock
0000000004b33040 T __wt_readunlock
0000000004b1f030 T __wt_session_dhandle_readunlock
0000000004b1f040 T __wt_session_dhandle_writeunlock
0000000004ae88c0 t __wt_spin_unlock
0000000004afb7d9 t __wt_spin_unlock.cold
0000000004b33560 T __wt_writeunlock
00000000067c5130 T js::AtomsTable::unlockAll()
00000000066e1310 T js::FutexThread::unlock()
00000000076ab380 T asio::detail::scheduler::wake_one_thread_and_unlock(asio::detail::conditionally_enabled_mutex::scoped_lock&)
0000000007ab1c20 W boost::detail::sp_if_not_array<boost::log::v2s_mt_posix::sinks::unlocked_sink<mongo::logv2::CompositeBackend<boost::log::v2s_mt_posix::sinks::syslog_backend, mongo::logv2::RamLogSink, mongo::logv2::RamLogSink, mongo::logv2::UserAssertSink> > >::type boost::make_shared<boost::log::v2s_mt_posix::sinks::unlocked_sink<mongo::logv2::CompositeBackend<boost::log::v2s_mt_posix::sinks::syslog_backend, mongo::logv2::RamLogSink, mongo::logv2::RamLogSink, mongo::logv2::UserAssertSink> >, boost::shared_ptr<mongo::logv2::CompositeBackend<boost::log::v2s_mt_posix::sinks::syslog_backend, mongo::logv2::RamLogSink, mongo::logv2::RamLogSink, mongo::logv2::UserAssertSink> > >(boost::shared_ptr<mongo::logv2::CompositeBackend<boost::log::v2s_mt_posix::sinks::syslog_backend, mongo::logv2::RamLogSink, mongo::logv2::RamLogSink, mongo::logv2::UserAssertSink> >&&)
0000000007ab1fc0 W boost::detail::sp_if_not_array<boost::log::v2s_mt_posix::sinks::unlocked_sink<mongo::logv2::CompositeBackend<boost::log::v2s_mt_posix::sinks::basic_text_ostream_backend<char>, mongo::logv2::RamLogSink, mongo::logv2::RamLogSink, mongo::logv2::UserAssertSink> > >::type boost::make_shared<boost::log::v2s_mt_posix::sinks::unlocked_sink<mongo::logv2::CompositeBackend<boost::log::v2s_mt_posix::sinks::basic_text_ostream_backend<char>, mongo::logv2::RamLogSink, mongo::logv2::RamLogSink, mongo::logv2::UserAssertSink> >, boost::shared_ptr<mongo::logv2::CompositeBackend<boost::log::v2s_mt_posix::sinks::basic_text_ostream_backend<char>, mongo::logv2::RamLogSink, mongo::logv2::RamLogSink, mongo::logv2::UserAssertSink> > >(boost::shared_ptr<mongo::logv2::CompositeBackend<boost::log::v2s_mt_posix::sinks::basic_text_ostream_backend<char>, mongo::logv2::RamLogSink, mongo::logv2::RamLogSink, mongo::logv2::UserAssertSink> >&&)
0000000007ab2190 W boost::detail::sp_if_not_array<boost::log::v2s_mt_posix::sinks::unlocked_sink<mongo::logv2::CompositeBackend<mongo::logv2::FileRotateSink> > >::type boost::make_shared<boost::log::v2s_mt_posix::sinks::unlocked_sink<mongo::logv2::CompositeBackend<mongo::logv2::FileRotateSink> >, boost::shared_ptr<mongo::logv2::CompositeBackend<mongo::logv2::FileRotateSink> >&>(boost::shared_ptr<mongo::logv2::CompositeBackend<mongo::logv2::FileRotateSink> >&)
0000000007ab1df0 W boost::detail::sp_if_not_array<boost::log::v2s_mt_posix::sinks::unlocked_sink<mongo::logv2::CompositeBackend<mongo::logv2::FileRotateSink, mongo::logv2::RamLogSink, mongo::logv2::RamLogSink, mongo::logv2::UserAssertSink> > >::type boost::make_shared<boost::log::v2s_mt_posix::sinks::unlocked_sink<mongo::logv2::CompositeBackend<mongo::logv2::FileRotateSink, mongo::logv2::RamLogSink, mongo::logv2::RamLogSink, mongo::logv2::UserAssertSink> >, boost::shared_ptr<mongo::logv2::CompositeBackend<mongo::logv2::FileRotateSink, mongo::logv2::RamLogSink, mongo::logv2::RamLogSink, mongo::logv2::UserAssertSink> >&>(boost::shared_ptr<mongo::logv2::CompositeBackend<mongo::logv2::FileRotateSink, mongo::logv2::RamLogSink, mongo::logv2::RamLogSink, mongo::logv2::UserAssertSink> >&)
0000000007c061e0 W boost::unique_lock<boost::mutex>::unlock()
0000000007aacb10 W boost::log::v2s_mt_posix::sinks::unlocked_sink<mongo::logv2::CompositeBackend<boost::log::v2s_mt_posix::sinks::syslog_backend, mongo::logv2::RamLogSink, mongo::logv2::RamLogSink, mongo::logv2::UserAssertSink> >::flush()
0000000007ab5fc0 W boost::log::v2s_mt_posix::sinks::unlocked_sink<mongo::logv2::CompositeBackend<boost::log::v2s_mt_posix::sinks::syslog_backend, mongo::logv2::RamLogSink, mongo::logv2::RamLogSink, mongo::logv2::UserAssertSink> >::consume(boost::log::v2s_mt_posix::record_view const&)
0000000007aaf7d0 W boost::log::v2s_mt_posix::sinks::unlocked_sink<mongo::logv2::CompositeBackend<boost::log::v2s_mt_posix::sinks::syslog_backend, mongo::logv2::RamLogSink, mongo::logv2::RamLogSink, mongo::logv2::UserAssertSink> >::~unlocked_sink()
0000000007aaf350 W boost::log::v2s_mt_posix::sinks::unlocked_sink<mongo::logv2::CompositeBackend<boost::log::v2s_mt_posix::sinks::syslog_backend, mongo::logv2::RamLogSink, mongo::logv2::RamLogSink, mongo::logv2::UserAssertSink> >::~unlocked_sink()
0000000007aaf350 W boost::log::v2s_mt_posix::sinks::unlocked_sink<mongo::logv2::CompositeBackend<boost::log::v2s_mt_posix::sinks::syslog_backend, mongo::logv2::RamLogSink, mongo::logv2::RamLogSink, mongo::logv2::UserAssertSink> >::~unlocked_sink()
0000000007aae170 W boost::log::v2s_mt_posix::sinks::unlocked_sink<mongo::logv2::CompositeBackend<boost::log::v2s_mt_posix::sinks::basic_text_ostream_backend<char>, mongo::logv2::RamLogSink, mongo::logv2::RamLogSink, mongo::logv2::UserAssertSink> >::flush()
0000000007ab63e0 W boost::log::v2s_mt_posix::sinks::unlocked_sink<mongo::logv2::CompositeBackend<boost::log::v2s_mt_posix::sinks::basic_text_ostream_backend<char>, mongo::logv2::RamLogSink, mongo::logv2::RamLogSink, mongo::logv2::UserAssertSink> >::consume(boost::log::v2s_mt_posix::record_view const&)
0000000007aaf880 W boost::log::v2s_mt_posix::sinks::unlocked_sink<mongo::logv2::CompositeBackend<boost::log::v2s_mt_posix::sinks::basic_text_ostream_backend<char>, mongo::logv2::RamLogSink, mongo::logv2::RamLogSink, mongo::logv2::UserAssertSink> >::~unlocked_sink()
0000000007aaf3f0 W boost::log::v2s_mt_posix::sinks::unlocked_sink<mongo::logv2::CompositeBackend<boost::log::v2s_mt_posix::sinks::basic_text_ostream_backend<char>, mongo::logv2::RamLogSink, mongo::logv2::RamLogSink, mongo::logv2::UserAssertSink> >::~unlocked_sink()
0000000007aaf3f0 W boost::log::v2s_mt_posix::sinks::unlocked_sink<mongo::logv2::CompositeBackend<boost::log::v2s_mt_posix::sinks::basic_text_ostream_backend<char>, mongo::logv2::RamLogSink, mongo::logv2::RamLogSink, mongo::logv2::UserAssertSink> >::~unlocked_sink()
0000000007aae260 W boost::log::v2s_mt_posix::sinks::unlocked_sink<mongo::logv2::CompositeBackend<mongo::logv2::FileRotateSink> >::flush()
0000000007ab6730 W boost::log::v2s_mt_posix::sinks::unlocked_sink<mongo::logv2::CompositeBackend<mongo::logv2::FileRotateSink> >::consume(boost::log::v2s_mt_posix::record_view const&)
0000000007aaf670 W boost::log::v2s_mt_posix::sinks::unlocked_sink<mongo::logv2::CompositeBackend<mongo::logv2::FileRotateSink> >::~unlocked_sink()
0000000007aaf210 W boost::log::v2s_mt_posix::sinks::unlocked_sink<mongo::logv2::CompositeBackend<mongo::logv2::FileRotateSink> >::~unlocked_sink()
0000000007aaf210 W boost::log::v2s_mt_posix::sinks::unlocked_sink<mongo::logv2::CompositeBackend<mongo::logv2::FileRotateSink> >::~unlocked_sink()
0000000007aae350 W boost::log::v2s_mt_posix::sinks::unlocked_sink<mongo::logv2::CompositeBackend<mongo::logv2::FileRotateSink, mongo::logv2::RamLogSink, mongo::logv2::RamLogSink, mongo::logv2::UserAssertSink> >::flush()
0000000007ab5ba0 W boost::log::v2s_mt_posix::sinks::unlocked_sink<mongo::logv2::CompositeBackend<mongo::logv2::FileRotateSink, mongo::logv2::RamLogSink, mongo::logv2::RamLogSink, mongo::logv2::UserAssertSink> >::consume(boost::log::v2s_mt_posix::record_view const&)
0000000007aaf720 W boost::log::v2s_mt_posix::sinks::unlocked_sink<mongo::logv2::CompositeBackend<mongo::logv2::FileRotateSink, mongo::logv2::RamLogSink, mongo::logv2::RamLogSink, mongo::logv2::UserAssertSink> >::~unlocked_sink()
0000000007aaf2b0 W boost::log::v2s_mt_posix::sinks::unlocked_sink<mongo::logv2::CompositeBackend<mongo::logv2::FileRotateSink, mongo::logv2::RamLogSink, mongo::logv2::RamLogSink, mongo::logv2::UserAssertSink> >::~unlocked_sink()
0000000007aaf2b0 W boost::log::v2s_mt_posix::sinks::unlocked_sink<mongo::logv2::CompositeBackend<mongo::logv2::FileRotateSink, mongo::logv2::RamLogSink, mongo::logv2::RamLogSink, mongo::logv2::UserAssertSink> >::~unlocked_sink()
0000000007aae770 W boost::detail::sp_counted_impl_pd<boost::log::v2s_mt_posix::sinks::unlocked_sink<mongo::logv2::CompositeBackend<boost::log::v2s_mt_posix::sinks::syslog_backend, mongo::logv2::RamLogSink, mongo::logv2::RamLogSink, mongo::logv2::UserAssertSink> >*, boost::detail::sp_ms_deleter<boost::log::v2s_mt_posix::sinks::unlocked_sink<mongo::logv2::CompositeBackend<boost::log::v2s_mt_posix::sinks::syslog_backend, mongo::logv2::RamLogSink, mongo::logv2::RamLogSink, mongo::logv2::UserAssertSink> > > >::get_deleter(std::type_info const&)
0000000007aac9b0 W boost::detail::sp_counted_impl_pd<boost::log::v2s_mt_posix::sinks::unlocked_sink<mongo::logv2::CompositeBackend<boost::log::v2s_mt_posix::sinks::syslog_backend, mongo::logv2::RamLogSink, mongo::logv2::RamLogSink, mongo::logv2::UserAssertSink> >*, boost::detail::sp_ms_deleter<boost::log::v2s_mt_posix::sinks::unlocked_sink<mongo::logv2::CompositeBackend<boost::log::v2s_mt_posix::sinks::syslog_backend, mongo::logv2::RamLogSink, mongo::logv2::RamLogSink, mongo::logv2::UserAssertSink> > > >::get_local_deleter(std::type_info const&)
0000000007aac9c0 W boost::detail::sp_counted_impl_pd<boost::log::v2s_mt_posix::sinks::unlocked_sink<mongo::logv2::CompositeBackend<boost::log::v2s_mt_posix::sinks::syslog_backend, mongo::logv2::RamLogSink, mongo::logv2::RamLogSink, mongo::logv2::UserAssertSink> >*, boost::detail::sp_ms_deleter<boost::log::v2s_mt_posix::sinks::unlocked_sink<mongo::logv2::CompositeBackend<boost::log::v2s_mt_posix::sinks::syslog_backend, mongo::logv2::RamLogSink, mongo::logv2::RamLogSink, mongo::logv2::UserAssertSink> > > >::get_untyped_deleter()
0000000007aae030 W boost::detail::sp_counted_impl_pd<boost::log::v2s_mt_posix::sinks::unlocked_sink<mongo::logv2::CompositeBackend<boost::log::v2s_mt_posix::sinks::syslog_backend, mongo::logv2::RamLogSink, mongo::logv2::RamLogSink, mongo::logv2::UserAssertSink> >*, boost::detail::sp_ms_deleter<boost::log::v2s_mt_posix::sinks::unlocked_sink<mongo::logv2::CompositeBackend<boost::log::v2s_mt_posix::sinks::syslog_backend, mongo::logv2::RamLogSink, mongo::logv2::RamLogSink, mongo::logv2::UserAssertSink> > > >::dispose()
0000000007aadcc0 W boost::detail::sp_counted_impl_pd<boost::log::v2s_mt_posix::sinks::unlocked_sink<mongo::logv2::CompositeBackend<boost::log::v2s_mt_posix::sinks::syslog_backend, mongo::logv2::RamLogSink, mongo::logv2::RamLogSink, mongo::logv2::UserAssertSink> >*, boost::detail::sp_ms_deleter<boost::log::v2s_mt_posix::sinks::unlocked_sink<mongo::logv2::CompositeBackend<boost::log::v2s_mt_posix::sinks::syslog_backend, mongo::logv2::RamLogSink, mongo::logv2::RamLogSink, mongo::logv2::UserAssertSink> > > >::~sp_counted_impl_pd()
0000000007aae140 W boost::detail::sp_counted_impl_pd<boost::log::v2s_mt_posix::sinks::unlocked_sink<mongo::logv2::CompositeBackend<boost::log::v2s_mt_posix::sinks::syslog_backend, mongo::logv2::RamLogSink, mongo::logv2::RamLogSink, mongo::logv2::UserAssertSink> >*, boost::detail::sp_ms_deleter<boost::log::v2s_mt_posix::sinks::unlocked_sink<mongo::logv2::CompositeBackend<boost::log::v2s_mt_posix::sinks::syslog_backend, mongo::logv2::RamLogSink, mongo::logv2::RamLogSink, mongo::logv2::UserAssertSink> > > >::~sp_counted_impl_pd()
0000000007aae140 W boost::detail::sp_counted_impl_pd<boost::log::v2s_mt_posix::sinks::unlocked_sink<mongo::logv2::CompositeBackend<boost::log::v2s_mt_posix::sinks::syslog_backend, mongo::logv2::RamLogSink, mongo::logv2::RamLogSink, mongo::logv2::UserAssertSink> >*, boost::detail::sp_ms_deleter<boost::log::v2s_mt_posix::sinks::unlocked_sink<mongo::logv2::CompositeBackend<boost::log::v2s_mt_posix::sinks::syslog_backend, mongo::logv2::RamLogSink, mongo::logv2::RamLogSink, mongo::logv2::UserAssertSink> > > >::~sp_counted_impl_pd()
0000000007aae830 W boost::detail::sp_counted_impl_pd<boost::log::v2s_mt_posix::sinks::unlocked_sink<mongo::logv2::CompositeBackend<boost::log::v2s_mt_posix::sinks::basic_text_ostream_backend<char>, mongo::logv2::RamLogSink, mongo::logv2::RamLogSink, mongo::logv2::UserAssertSink> >*, boost::detail::sp_ms_deleter<boost::log::v2s_mt_posix::sinks::unlocked_sink<mongo::logv2::CompositeBackend<boost::log::v2s_mt_posix::sinks::basic_text_ostream_backend<char>, mongo::logv2::RamLogSink, mongo::logv2::RamLogSink, mongo::logv2::UserAssertSink> > > >::get_deleter(std::type_info const&)
0000000007aaca10 W boost::detail::sp_counted_impl_pd<boost::log::v2s_mt_posix::sinks::unlocked_sink<mongo::logv2::CompositeBackend<boost::log::v2s_mt_posix::sinks::basic_text_ostream_backend<char>, mongo::logv2::RamLogSink, mongo::logv2::RamLogSink, mongo::logv2::UserAssertSink> >*, boost::detail::sp_ms_deleter<boost::log::v2s_mt_posix::sinks::unlocked_sink<mongo::logv2::CompositeBackend<boost::log::v2s_mt_posix::sinks::basic_text_ostream_backend<char>, mongo::logv2::RamLogSink, mongo::logv2::RamLogSink, mongo::logv2::UserAssertSink> > > >::get_local_deleter(std::type_info const&)
0000000007aaca20 W boost::detail::sp_counted_impl_pd<boost::log::v2s_mt_posix::sinks::unlocked_sink<mongo::logv2::CompositeBackend<boost::log::v2s_mt_posix::sinks::basic_text_ostream_backend<char>, mongo::logv2::RamLogSink, mongo::logv2::RamLogSink, mongo::logv2::UserAssertSink> >*, boost::detail::sp_ms_deleter<boost::log::v2s_mt_posix::sinks::unlocked_sink<mongo::logv2::CompositeBackend<boost::log::v2s_mt_posix::sinks::basic_text_ostream_backend<char>, mongo::logv2::RamLogSink, mongo::logv2::RamLogSink, mongo::logv2::UserAssertSink> > > >::get_untyped_deleter()
0000000007aae070 W boost::detail::sp_counted_impl_pd<boost::log::v2s_mt_posix::sinks::unlocked_sink<mongo::logv2::CompositeBackend<boost::log::v2s_mt_posix::sinks::basic_text_ostream_backend<char>, mongo::logv2::RamLogSink, mongo::logv2::RamLogSink, mongo::logv2::UserAssertSink> >*, boost::detail::sp_ms_deleter<boost::log::v2s_mt_posix::sinks::unlocked_sink<mongo::logv2::CompositeBackend<boost::log::v2s_mt_posix::sinks::basic_text_ostream_backend<char>, mongo::logv2::RamLogSink, mongo::logv2::RamLogSink, mongo::logv2::UserAssertSink> > > >::dispose()
0000000007aadc80 W boost::detail::sp_counted_impl_pd<boost::log::v2s_mt_posix::sinks::unlocked_sink<mongo::logv2::CompositeBackend<boost::log::v2s_mt_posix::sinks::basic_text_ostream_backend<char>, mongo::logv2::RamLogSink, mongo::logv2::RamLogSink, mongo::logv2::UserAssertSink> >*, boost::detail::sp_ms_deleter<boost::log::v2s_mt_posix::sinks::unlocked_sink<mongo::logv2::CompositeBackend<boost::log::v2s_mt_posix::sinks::basic_text_ostream_backend<char>, mongo::logv2::RamLogSink, mongo::logv2::RamLogSink, mongo::logv2::UserAssertSink> > > >::~sp_counted_impl_pd()
0000000007aae0e0 W boost::detail::sp_counted_impl_pd<boost::log::v2s_mt_posix::sinks::unlocked_sink<mongo::logv2::CompositeBackend<boost::log::v2s_mt_posix::sinks::basic_text_ostream_backend<char>, mongo::logv2::RamLogSink, mongo::logv2::RamLogSink, mongo::logv2::UserAssertSink> >*, boost::detail::sp_ms_deleter<boost::log::v2s_mt_posix::sinks::unlocked_sink<mongo::logv2::CompositeBackend<boost::log::v2s_mt_posix::sinks::basic_text_ostream_backend<char>, mongo::logv2::RamLogSink, mongo::logv2::RamLogSink, mongo::logv2::UserAssertSink> > > >::~sp_counted_impl_pd()
0000000007aae0e0 W boost::detail::sp_counted_impl_pd<boost::log::v2s_mt_posix::sinks::unlocked_sink<mongo::logv2::CompositeBackend<boost::log::v2s_mt_posix::sinks::basic_text_ostream_backend<char>, mongo::logv2::RamLogSink, mongo::logv2::RamLogSink, mongo::logv2::UserAssertSink> >*, boost::detail::sp_ms_deleter<boost::log::v2s_mt_posix::sinks::unlocked_sink<mongo::logv2::CompositeBackend<boost::log::v2s_mt_posix::sinks::basic_text_ostream_backend<char>, mongo::logv2::RamLogSink, mongo::logv2::RamLogSink, mongo::logv2::UserAssertSink> > > >::~sp_counted_impl_pd()
0000000007aae870 W boost::detail::sp_counted_impl_pd<boost::log::v2s_mt_posix::sinks::unlocked_sink<mongo::logv2::CompositeBackend<mongo::logv2::FileRotateSink> >*, boost::detail::sp_ms_deleter<boost::log::v2s_mt_posix::sinks::unlocked_sink<mongo::logv2::CompositeBackend<mongo::logv2::FileRotateSink> > > >::get_deleter(std::type_info const&)
0000000007aac910 W boost::detail::sp_counted_impl_pd<boost::log::v2s_mt_posix::sinks::unlocked_sink<mongo::logv2::CompositeBackend<mongo::logv2::FileRotateSink> >*, boost::detail::sp_ms_deleter<boost::log::v2s_mt_posix::sinks::unlocked_sink<mongo::logv2::CompositeBackend<mongo::logv2::FileRotateSink> > > >::get_local_deleter(std::type_info const&)
0000000007aac920 W boost::detail::sp_counted_impl_pd<boost::log::v2s_mt_posix::sinks::unlocked_sink<mongo::logv2::CompositeBackend<mongo::logv2::FileRotateSink> >*, boost::detail::sp_ms_deleter<boost::log::v2s_mt_posix::sinks::unlocked_sink<mongo::logv2::CompositeBackend<mongo::logv2::FileRotateSink> > > >::get_untyped_deleter()
0000000007aadfb0 W boost::detail::sp_counted_impl_pd<boost::log::v2s_mt_posix::sinks::unlocked_sink<mongo::logv2::CompositeBackend<mongo::logv2::FileRotateSink> >*, boost::detail::sp_ms_deleter<boost::log::v2s_mt_posix::sinks::unlocked_sink<mongo::logv2::CompositeBackend<mongo::logv2::FileRotateSink> > > >::dispose()
0000000007aadd40 W boost::detail::sp_counted_impl_pd<boost::log::v2s_mt_posix::sinks::unlocked_sink<mongo::logv2::CompositeBackend<mongo::logv2::FileRotateSink> >*, boost::detail::sp_ms_deleter<boost::log::v2s_mt_posix::sinks::unlocked_sink<mongo::logv2::CompositeBackend<mongo::logv2::FileRotateSink> > > >::~sp_counted_impl_pd()
0000000007aae0b0 W boost::detail::sp_counted_impl_pd<boost::log::v2s_mt_posix::sinks::unlocked_sink<mongo::logv2::CompositeBackend<mongo::logv2::FileRotateSink> >*, boost::detail::sp_ms_deleter<boost::log::v2s_mt_posix::sinks::unlocked_sink<mongo::logv2::CompositeBackend<mongo::logv2::FileRotateSink> > > >::~sp_counted_impl_pd()
0000000007aae0b0 W boost::detail::sp_counted_impl_pd<boost::log::v2s_mt_posix::sinks::unlocked_sink<mongo::logv2::CompositeBackend<mongo::logv2::FileRotateSink> >*, boost::detail::sp_ms_deleter<boost::log::v2s_mt_posix::sinks::unlocked_sink<mongo::logv2::CompositeBackend<mongo::logv2::FileRotateSink> > > >::~sp_counted_impl_pd()
0000000007aae7b0 W boost::detail::sp_counted_impl_pd<boost::log::v2s_mt_posix::sinks::unlocked_sink<mongo::logv2::CompositeBackend<mongo::logv2::FileRotateSink, mongo::logv2::RamLogSink, mongo::logv2::RamLogSink, mongo::logv2::UserAssertSink> >*, boost::detail::sp_ms_deleter<boost::log::v2s_mt_posix::sinks::unlocked_sink<mongo::logv2::CompositeBackend<mongo::logv2::FileRotateSink, mongo::logv2::RamLogSink, mongo::logv2::RamLogSink, mongo::logv2::UserAssertSink> > > >::get_deleter(std::type_info const&)
0000000007aac950 W boost::detail::sp_counted_impl_pd<boost::log::v2s_mt_posix::sinks::unlocked_sink<mongo::logv2::CompositeBackend<mongo::logv2::FileRotateSink, mongo::logv2::RamLogSink, mongo::logv2::RamLogSink, mongo::logv2::UserAssertSink> >*, boost::detail::sp_ms_deleter<boost::log::v2s_mt_posix::sinks::unlocked_sink<mongo::logv2::CompositeBackend<mongo::logv2::FileRotateSink, mongo::logv2::RamLogSink, mongo::logv2::RamLogSink, mongo::logv2::UserAssertSink> > > >::get_local_deleter(std::type_info const&)
0000000007aac960 W boost::detail::sp_counted_impl_pd<boost::log::v2s_mt_posix::sinks::unlocked_sink<mongo::logv2::CompositeBackend<mongo::logv2::FileRotateSink, mongo::logv2::RamLogSink, mongo::logv2::RamLogSink, mongo::logv2::UserAssertSink> >*, boost::detail::sp_ms_deleter<boost::log::v2s_mt_posix::sinks::unlocked_sink<mongo::logv2::CompositeBackend<mongo::logv2::FileRotateSink, mongo::logv2::RamLogSink, mongo::logv2::RamLogSink, mongo::logv2::UserAssertSink> > > >::get_untyped_deleter()
0000000007aadff0 W boost::detail::sp_counted_impl_pd<boost::log::v2s_mt_posix::sinks::unlocked_sink<mongo::logv2::CompositeBackend<mongo::logv2::FileRotateSink, mongo::logv2::RamLogSink, mongo::logv2::RamLogSink, mongo::logv2::UserAssertSink> >*, boost::detail::sp_ms_deleter<boost::log::v2s_mt_posix::sinks::unlocked_sink<mongo::logv2::CompositeBackend<mongo::logv2::FileRotateSink, mongo::logv2::RamLogSink, mongo::logv2::RamLogSink, mongo::logv2::UserAssertSink> > > >::dispose()
0000000007aadd00 W boost::detail::sp_counted_impl_pd<boost::log::v2s_mt_posix::sinks::unlocked_sink<mongo::logv2::CompositeBackend<mongo::logv2::FileRotateSink, mongo::logv2::RamLogSink, mongo::logv2::RamLogSink, mongo::logv2::UserAssertSink> >*, boost::detail::sp_ms_deleter<boost::log::v2s_mt_posix::sinks::unlocked_sink<mongo::logv2::CompositeBackend<mongo::logv2::FileRotateSink, mongo::logv2::RamLogSink, mongo::logv2::RamLogSink, mongo::logv2::UserAssertSink> > > >::~sp_counted_impl_pd()
0000000007aae110 W boost::detail::sp_counted_impl_pd<boost::log::v2s_mt_posix::sinks::unlocked_sink<mongo::logv2::CompositeBackend<mongo::logv2::FileRotateSink, mongo::logv2::RamLogSink, mongo::logv2::RamLogSink, mongo::logv2::UserAssertSink> >*, boost::detail::sp_ms_deleter<boost::log::v2s_mt_posix::sinks::unlocked_sink<mongo::logv2::CompositeBackend<mongo::logv2::FileRotateSink, mongo::logv2::RamLogSink, mongo::logv2::RamLogSink, mongo::logv2::UserAssertSink> > > >::~sp_counted_impl_pd()
0000000007aae110 W boost::detail::sp_counted_impl_pd<boost::log::v2s_mt_posix::sinks::unlocked_sink<mongo::logv2::CompositeBackend<mongo::logv2::FileRotateSink, mongo::logv2::RamLogSink, mongo::logv2::RamLogSink, mongo::logv2::UserAssertSink> >*, boost::detail::sp_ms_deleter<boost::log::v2s_mt_posix::sinks::unlocked_sink<mongo::logv2::CompositeBackend<mongo::logv2::FileRotateSink, mongo::logv2::RamLogSink, mongo::logv2::RamLogSink, mongo::logv2::UserAssertSink> > > >::~sp_counted_impl_pd()
0000000007c06360 W boost::detail::interruption_checker::unlock_if_locked()
0000000007191370 T mongo::LockerImpl::_unlockImpl(mongo::FastMapNoAlloc<mongo::ResourceId, mongo::LockRequest>::IteratorImpl<mongo::FastMapNoAlloc<mongo::ResourceId, mongo::LockRequest>, mongo::LockRequest, std::_Deque_iterator<mongo::FastMapNoAlloc<mongo::ResourceId, mongo::LockRequest>::PreallocEntry, mongo::FastMapNoAlloc<mongo::ResourceId, mongo::LockRequest>::PreallocEntry&, mongo::FastMapNoAlloc<mongo::ResourceId, mongo::LockRequest>::PreallocEntry*> >*)
0000000007196e96 t mongo::LockerImpl::_unlockImpl(mongo::FastMapNoAlloc<mongo::ResourceId, mongo::LockRequest>::IteratorImpl<mongo::FastMapNoAlloc<mongo::ResourceId, mongo::LockRequest>, mongo::LockRequest, std::_Deque_iterator<mongo::FastMapNoAlloc<mongo::ResourceId, mongo::LockRequest>::PreallocEntry, mongo::FastMapNoAlloc<mongo::ResourceId, mongo::LockRequest>::PreallocEntry&, mongo::FastMapNoAlloc<mongo::ResourceId, mongo::LockRequest>::PreallocEntry*> >*) [clone .cold]
00000000071914d0 T mongo::LockerImpl::unlockGlobal()
0000000007196ef2 t mongo::LockerImpl::unlockGlobal() [clone .cold]
0000000007191860 T mongo::LockerImpl::unlockRSTLforPrepare()
0000000007196f58 t mongo::LockerImpl::unlockRSTLforPrepare() [clone .cold]
00000000071916c0 T mongo::LockerImpl::unlock(mongo::ResourceId)
0000000007196f22 t mongo::LockerImpl::unlock(mongo::ResourceId) [clone .cold]
0000000007187ac0 T mongo::LockManager::unlock(mongo::LockRequest*)
000000000718c158 t mongo::LockManager::unlock(mongo::LockRequest*) [clone .cold]
0000000004d40580 W mongo::SimpleMutex::unlock()
0000000004810928 t mongo::SimpleMutex::unlock() [clone .part.0]
0000000004ff4162 t mongo::SimpleMutex::unlock() [clone .part.0]
000000000526d232 t mongo::SimpleMutex::unlock() [clone .part.0]
000000000718baaa t mongo::SimpleMutex::unlock() [clone .part.0]
00000000077d01a4 t mongo::SimpleMutex::unlock() [clone .part.0]
0000000007e99ae0 d mongo::(anonymous namespace)::kActionType_unlock
0000000007ac5180 T mongo::latch_detail::Mutex::unlock()
0000000007902dc0 T mongo::StorageChangeLock::SharedSpinLock::unlock_shared()
0000000007902e06 t mongo::StorageChangeLock::SharedSpinLock::unlock_shared() [clone .cold]
0000000007902d50 T mongo::StorageChangeLock::SharedSpinLock::unlock()
0000000007902dd2 t mongo::StorageChangeLock::SharedSpinLock::unlock() [clone .cold]
000000000417ad10 T mongo::ActiveMigrationsRegistry::unlock(mongo::StringData)
000000000417e44e t mongo::ActiveMigrationsRegistry::unlock(mongo::StringData) [clone .cold]
0000000007184c80 T mongo::Lock::GlobalLock::_unlock()
00000000071851c0 T mongo::Lock::ResourceLock::_unlock()
00000000071844a0 t mongo::Lock::ResourceLock::_unlock() [clone .part.0]
0000000004b7e8e0 T mongo::repl::ReplSyncSharedData::unlock()
000000000719c320 T mongo::repl::ReplicationStateTransitionLockGuard::_unlock()
000000000719c4d4 t mongo::repl::ReplicationStateTransitionLockGuard::_unlock() [clone .cold]
0000000007196ac0 W mongo::SpinLock::unlock()
00000000066d1a50 T mozilla::detail::MutexImpl::unlock()
0000000007c7cd30 W __gnu_cxx::__concurrence_unlock_error::~__concurrence_unlock_error()
0000000007c7cce0 W __gnu_cxx::__concurrence_unlock_error::~__concurrence_unlock_error()
0000000007c7cce0 W __gnu_cxx::__concurrence_unlock_error::~__concurrence_unlock_error()
0000000007c7cd8c W __gnu_cxx::__throw_concurrence_unlock_error()
0000000007c7ccb0 W __gnu_cxx::__concurrence_unlock_error::what() const
0000000007117f00 W std::unique_lock<mongo::SimpleMutex>::unlock()
0000000005071cb0 W std::unique_lock<mongo::StorageChangeLock::SharedSpinLock>::unlock()
0000000004d18070 W std::unique_lock<mongo::Client>::unlock()
0000000003a6f390 W std::unique_lock<std::mutex>::unlock()
0000000007eb03b8 V typeinfo for boost::log::v2s_mt_posix::sinks::unlocked_sink<mongo::logv2::CompositeBackend<boost::log::v2s_mt_posix::sinks::syslog_backend, mongo::logv2::RamLogSink, mongo::logv2::RamLogSink, mongo::logv2::UserAssertSink> >
0000000007eb03a0 V typeinfo for boost::log::v2s_mt_posix::sinks::unlocked_sink<mongo::logv2::CompositeBackend<boost::log::v2s_mt_posix::sinks::basic_text_ostream_backend<char>, mongo::logv2::RamLogSink, mongo::logv2::RamLogSink, mongo::logv2::UserAssertSink> >
0000000007eb03e8 V typeinfo for boost::log::v2s_mt_posix::sinks::unlocked_sink<mongo::logv2::CompositeBackend<mongo::logv2::FileRotateSink> >
0000000007eb03d0 V typeinfo for boost::log::v2s_mt_posix::sinks::unlocked_sink<mongo::logv2::CompositeBackend<mongo::logv2::FileRotateSink, mongo::logv2::RamLogSink, mongo::logv2::RamLogSink, mongo::logv2::UserAssertSink> >
0000000007eb05f0 V typeinfo for boost::detail::sp_counted_impl_pd<boost::log::v2s_mt_posix::sinks::unlocked_sink<mongo::logv2::CompositeBackend<boost::log::v2s_mt_posix::sinks::syslog_backend, mongo::logv2::RamLogSink, mongo::logv2::RamLogSink, mongo::logv2::UserAssertSink> >*, boost::detail::sp_ms_deleter<boost::log::v2s_mt_posix::sinks::unlocked_sink<mongo::logv2::CompositeBackend<boost::log::v2s_mt_posix::sinks::syslog_backend, mongo::logv2::RamLogSink, mongo::logv2::RamLogSink, mongo::logv2::UserAssertSink> > > >
0000000007eb05a8 V typeinfo for boost::detail::sp_counted_impl_pd<boost::log::v2s_mt_posix::sinks::unlocked_sink<mongo::logv2::CompositeBackend<boost::log::v2s_mt_posix::sinks::basic_text_ostream_backend<char>, mongo::logv2::RamLogSink, mongo::logv2::RamLogSink, mongo::logv2::UserAssertSink> >*, boost::detail::sp_ms_deleter<boost::log::v2s_mt_posix::sinks::unlocked_sink<mongo::logv2::CompositeBackend<boost::log::v2s_mt_posix::sinks::basic_text_ostream_backend<char>, mongo::logv2::RamLogSink, mongo::logv2::RamLogSink, mongo::logv2::UserAssertSink> > > >
0000000007eb0668 V typeinfo for boost::detail::sp_counted_impl_pd<boost::log::v2s_mt_posix::sinks::unlocked_sink<mongo::logv2::CompositeBackend<mongo::logv2::FileRotateSink> >*, boost::detail::sp_ms_deleter<boost::log::v2s_mt_posix::sinks::unlocked_sink<mongo::logv2::CompositeBackend<mongo::logv2::FileRotateSink> > > >
0000000007eb0638 V typeinfo for boost::detail::sp_counted_impl_pd<boost::log::v2s_mt_posix::sinks::unlocked_sink<mongo::logv2::CompositeBackend<mongo::logv2::FileRotateSink, mongo::logv2::RamLogSink, mongo::logv2::RamLogSink, mongo::logv2::UserAssertSink> >*, boost::detail::sp_ms_deleter<boost::log::v2s_mt_posix::sinks::unlocked_sink<mongo::logv2::CompositeBackend<mongo::logv2::FileRotateSink, mongo::logv2::RamLogSink, mongo::logv2::RamLogSink, mongo::logv2::UserAssertSink> > > >
0000000007eb8f38 V typeinfo for __gnu_cxx::__concurrence_unlock_error
0000000002bbd6e0 V typeinfo name for boost::log::v2s_mt_posix::sinks::unlocked_sink<mongo::logv2::CompositeBackend<boost::log::v2s_mt_posix::sinks::syslog_backend, mongo::logv2::RamLogSink, mongo::logv2::RamLogSink, mongo::logv2::UserAssertSink> >
0000000002bbd620 V typeinfo name for boost::log::v2s_mt_posix::sinks::unlocked_sink<mongo::logv2::CompositeBackend<boost::log::v2s_mt_posix::sinks::basic_text_ostream_backend<char>, mongo::logv2::RamLogSink, mongo::logv2::RamLogSink, mongo::logv2::UserAssertSink> >
0000000002bbd820 V typeinfo name for boost::log::v2s_mt_posix::sinks::unlocked_sink<mongo::logv2::CompositeBackend<mongo::logv2::FileRotateSink> >
0000000002bbd780 V typeinfo name for boost::log::v2s_mt_posix::sinks::unlocked_sink<mongo::logv2::CompositeBackend<mongo::logv2::FileRotateSink, mongo::logv2::RamLogSink, mongo::logv2::RamLogSink, mongo::logv2::UserAssertSink> >
0000000002bbd000 V typeinfo name for boost::detail::sp_ms_deleter<boost::log::v2s_mt_posix::sinks::unlocked_sink<mongo::logv2::CompositeBackend<boost::log::v2s_mt_posix::sinks::syslog_backend, mongo::logv2::RamLogSink, mongo::logv2::RamLogSink, mongo::logv2::UserAssertSink> > >
0000000002bbd1c0 V typeinfo name for boost::detail::sp_ms_deleter<boost::log::v2s_mt_posix::sinks::unlocked_sink<mongo::logv2::CompositeBackend<boost::log::v2s_mt_posix::sinks::basic_text_ostream_backend<char>, mongo::logv2::RamLogSink, mongo::logv2::RamLogSink, mongo::logv2::UserAssertSink> > >
0000000002bbcd60 V typeinfo name for boost::detail::sp_ms_deleter<boost::log::v2s_mt_posix::sinks::unlocked_sink<mongo::logv2::CompositeBackend<mongo::logv2::FileRotateSink> > >
0000000002bbce60 V typeinfo name for boost::detail::sp_ms_deleter<boost::log::v2s_mt_posix::sinks::unlocked_sink<mongo::logv2::CompositeBackend<mongo::logv2::FileRotateSink, mongo::logv2::RamLogSink, mongo::logv2::RamLogSink, mongo::logv2::UserAssertSink> > >
0000000002bbe2a0 V typeinfo name for boost::detail::sp_counted_impl_pd<boost::log::v2s_mt_posix::sinks::unlocked_sink<mongo::logv2::CompositeBackend<boost::log::v2s_mt_posix::sinks::syslog_backend, mongo::logv2::RamLogSink, mongo::logv2::RamLogSink, mongo::logv2::UserAssertSink> >*, boost::detail::sp_ms_deleter<boost::log::v2s_mt_posix::sinks::unlocked_sink<mongo::logv2::CompositeBackend<boost::log::v2s_mt_posix::sinks::syslog_backend, mongo::logv2::RamLogSink, mongo::logv2::RamLogSink, mongo::logv2::UserAssertSink> > > >
0000000002bbe080 V typeinfo name for boost::detail::sp_counted_impl_pd<boost::log::v2s_mt_posix::sinks::unlocked_sink<mongo::logv2::CompositeBackend<boost::log::v2s_mt_posix::sinks::basic_text_ostream_backend<char>, mongo::logv2::RamLogSink, mongo::logv2::RamLogSink, mongo::logv2::UserAssertSink> >*, boost::detail::sp_ms_deleter<boost::log::v2s_mt_posix::sinks::unlocked_sink<mongo::logv2::CompositeBackend<boost::log::v2s_mt_posix::sinks::basic_text_ostream_backend<char>, mongo::logv2::RamLogSink, mongo::logv2::RamLogSink, mongo::logv2::UserAssertSink> > > >
0000000002bbe600 V typeinfo name for boost::detail::sp_counted_impl_pd<boost::log::v2s_mt_posix::sinks::unlocked_sink<mongo::logv2::CompositeBackend<mongo::logv2::FileRotateSink> >*, boost::detail::sp_ms_deleter<boost::log::v2s_mt_posix::sinks::unlocked_sink<mongo::logv2::CompositeBackend<mongo::logv2::FileRotateSink> > > >
0000000002bbe4a0 V typeinfo name for boost::detail::sp_counted_impl_pd<boost::log::v2s_mt_posix::sinks::unlocked_sink<mongo::logv2::CompositeBackend<mongo::logv2::FileRotateSink, mongo::logv2::RamLogSink, mongo::logv2::RamLogSink, mongo::logv2::UserAssertSink> >*, boost::detail::sp_ms_deleter<boost::log::v2s_mt_posix::sinks::unlocked_sink<mongo::logv2::CompositeBackend<mongo::logv2::FileRotateSink, mongo::logv2::RamLogSink, mongo::logv2::RamLogSink, mongo::logv2::UserAssertSink> > > >
0000000002eaace0 V typeinfo name for __gnu_cxx::__concurrence_unlock_error
0000000007eb0810 V vtable for boost::log::v2s_mt_posix::sinks::unlocked_sink<mongo::logv2::CompositeBackend<boost::log::v2s_mt_posix::sinks::syslog_backend, mongo::logv2::RamLogSink, mongo::logv2::RamLogSink, mongo::logv2::UserAssertSink> >
0000000007eb07d0 V vtable for boost::log::v2s_mt_posix::sinks::unlocked_sink<mongo::logv2::CompositeBackend<boost::log::v2s_mt_posix::sinks::basic_text_ostream_backend<char>, mongo::logv2::RamLogSink, mongo::logv2::RamLogSink, mongo::logv2::UserAssertSink> >
0000000007eb0890 V vtable for boost::log::v2s_mt_posix::sinks::unlocked_sink<mongo::logv2::CompositeBackend<mongo::logv2::FileRotateSink> >
0000000007eb0850 V vtable for boost::log::v2s_mt_posix::sinks::unlocked_sink<mongo::logv2::CompositeBackend<mongo::logv2::FileRotateSink, mongo::logv2::RamLogSink, mongo::logv2::RamLogSink, mongo::logv2::UserAssertSink> >
0000000007eb0c90 V vtable for boost::detail::sp_counted_impl_pd<boost::log::v2s_mt_posix::sinks::unlocked_sink<mongo::logv2::CompositeBackend<boost::log::v2s_mt_posix::sinks::syslog_backend, mongo::logv2::RamLogSink, mongo::logv2::RamLogSink, mongo::logv2::UserAssertSink> >*, boost::detail::sp_ms_deleter<boost::log::v2s_mt_posix::sinks::unlocked_sink<mongo::logv2::CompositeBackend<boost::log::v2s_mt_posix::sinks::syslog_backend, mongo::logv2::RamLogSink, mongo::logv2::RamLogSink, mongo::logv2::UserAssertSink> > > >
0000000007eb0bb8 V vtable for boost::detail::sp_counted_impl_pd<boost::log::v2s_mt_posix::sinks::unlocked_sink<mongo::logv2::CompositeBackend<boost::log::v2s_mt_posix::sinks::basic_text_ostream_backend<char>, mongo::logv2::RamLogSink, mongo::logv2::RamLogSink, mongo::logv2::UserAssertSink> >*, boost::detail::sp_ms_deleter<boost::log::v2s_mt_posix::sinks::unlocked_sink<mongo::logv2::CompositeBackend<boost::log::v2s_mt_posix::sinks::basic_text_ostream_backend<char>, mongo::logv2::RamLogSink, mongo::logv2::RamLogSink, mongo::logv2::UserAssertSink> > > >
0000000007eb0df8 V vtable for boost::detail::sp_counted_impl_pd<boost::log::v2s_mt_posix::sinks::unlocked_sink<mongo::logv2::CompositeBackend<mongo::logv2::FileRotateSink> >*, boost::detail::sp_ms_deleter<boost::log::v2s_mt_posix::sinks::unlocked_sink<mongo::logv2::CompositeBackend<mongo::logv2::FileRotateSink> > > >
0000000007eb0d68 V vtable for boost::detail::sp_counted_impl_pd<boost::log::v2s_mt_posix::sinks::unlocked_sink<mongo::logv2::CompositeBackend<mongo::logv2::FileRotateSink, mongo::logv2::RamLogSink, mongo::logv2::RamLogSink, mongo::logv2::UserAssertSink> >*, boost::detail::sp_ms_deleter<boost::log::v2s_mt_posix::sinks::unlocked_sink<mongo::logv2::CompositeBackend<mongo::logv2::FileRotateSink, mongo::logv2::RamLogSink, mongo::logv2::RamLogSink, mongo::logv2::UserAssertSink> > > >
0000000007eb8f78 V vtable for __gnu_cxx::__concurrence_unlock_error
