Attached kprobe to mutex_lock and kretprobe to mutex_unlock
Attached kprobe to rt_mutex_lock and kretprobe to rt_mutex_unlock
Attached kprobe to ww_mutex_lock and kretprobe to ww_mutex_unlock
Attached kprobe to _raw_spin_lock and kretprobe to _raw_spin_unlock
Attached kprobe to _raw_write_lock and kretprobe to _raw_write_unlock
Attached kprobe to _raw_read_lock and kretprobe to _raw_read_unlock
Tracing  locks for 30 seconds
TIME(s)            COMM             PID    LOCKTIME

 Print the lock statistics: 
LOCK_NAME          TOTAL_LOCKTIME(s) TOTAL_LOCKCOUNT
mutex              0.003132         143
rt_mutex           0.000000         0
ww_mutex           0.000000         0
spin               103.163394       10324
write_lock         0.000221         686
read_lock          0.003825         6093
The total time of acquiring locks is: 103.170571761 s
Events collected during tracing:
Lock Address: 18383722027167884652
  Lock Name: spin
  Total Lock Time: 831 ns
  Lock Count: 1
  PIDs: {106153}
  TIDs: {106167}
Lock Address: 18383722045592508140
  Lock Name: spin
  Total Lock Time: 894 ns
  Lock Count: 2
  PIDs: {106153}
  TIDs: {106167}
Lock Address: 18397929762485473296
  Lock Name: spin
  Total Lock Time: 907 ns
  Lock Count: 2
  PIDs: {106153}
  TIDs: {106167}
Lock Address: 18383722027167885324
  Lock Name: spin
  Total Lock Time: 909 ns
  Lock Count: 1
  PIDs: {106153}
  TIDs: {106167}
Lock Address: 18446744072173784360
  Lock Name: spin
  Total Lock Time: 913 ns
  Lock Count: 2
  PIDs: {106153}
  TIDs: {106167}
Lock Address: 18383722045592533004
  Lock Name: spin
  Total Lock Time: 943 ns
  Lock Count: 2
  PIDs: {106153}
  TIDs: {106167}
Lock Address: 18383721993733773468
  Lock Name: spin
  Total Lock Time: 1099 ns
  Lock Count: 1
  PIDs: {106153}
  TIDs: {106167}
Lock Address: 18383722027167883596
  Lock Name: spin
  Total Lock Time: 1139 ns
  Lock Count: 1
  PIDs: {106153}
  TIDs: {106167}
Lock Address: 18383722028059743876
  Lock Name: spin
  Total Lock Time: 1201 ns
  Lock Count: 1
  PIDs: {106153}
  TIDs: {106167}
Lock Address: 18383722045592517612
  Lock Name: spin
  Total Lock Time: 1204 ns
  Lock Count: 2
  PIDs: {106153}
  TIDs: {106167}
Lock Address: 18383722045592511692
  Lock Name: spin
  Total Lock Time: 1253 ns
  Lock Count: 2
  PIDs: {106153}
  TIDs: {106167}
Lock Address: 18383722027229013116
  Lock Name: spin
  Total Lock Time: 1259 ns
  Lock Count: 1
  PIDs: {106153}
  TIDs: {106167}
Lock Address: 18383722026242768396
  Lock Name: spin
  Total Lock Time: 1446 ns
  Lock Count: 1
  PIDs: {106153}
  TIDs: {106167}
Lock Address: 18383721993733775004
  Lock Name: spin
  Total Lock Time: 1535 ns
  Lock Count: 1
  PIDs: {106153}
  TIDs: {106167}
Lock Address: 18383721993733774044
  Lock Name: spin
  Total Lock Time: 1604 ns
  Lock Count: 1
  PIDs: {106153}
  TIDs: {106167}
Lock Address: 18397929762487308304
  Lock Name: spin
  Total Lock Time: 1626 ns
  Lock Count: 2
  PIDs: {106153}
  TIDs: {106167}
Lock Address: 18383722045592511536
  Lock Name: read_lock
  Total Lock Time: 1715 ns
  Lock Count: 3
  PIDs: {106153}
  TIDs: {106167}
Lock Address: 18383722032880248744
  Lock Name: spin
  Total Lock Time: 1767 ns
  Lock Count: 3
  PIDs: {106153}
  TIDs: {106167}
Lock Address: 18383722029687294412
  Lock Name: spin
  Total Lock Time: 1785 ns
  Lock Count: 2
  PIDs: {106153}
  TIDs: {106167}
Lock Address: 18383721993601123664
  Lock Name: write_lock
  Total Lock Time: 1785 ns
  Lock Count: 2
  PIDs: {106153}
  TIDs: {106167}
Lock Address: 18383722032391014080
  Lock Name: spin
  Total Lock Time: 1879 ns
  Lock Count: 1
  PIDs: {106153}
  TIDs: {106167}
Lock Address: 18383722025861028748
  Lock Name: spin
  Total Lock Time: 1919 ns
  Lock Count: 2
  PIDs: {106153}
  TIDs: {106167}
Lock Address: 18383856013778398404
  Lock Name: spin
  Total Lock Time: 1929 ns
  Lock Count: 1
  PIDs: {106153}
  TIDs: {106167}
Lock Address: 18383722045592507984
  Lock Name: read_lock
  Total Lock Time: 1970 ns
  Lock Count: 3
  PIDs: {106153}
  TIDs: {106167}
Lock Address: 18383722028059744172
  Lock Name: spin
  Total Lock Time: 1975 ns
  Lock Count: 2
  PIDs: {106153}
  TIDs: {106167}
Lock Address: 18397929762490716176
  Lock Name: spin
  Total Lock Time: 2039 ns
  Lock Count: 8
  PIDs: {106153}
  TIDs: {106167}
Lock Address: 18383722029687289676
  Lock Name: spin
  Total Lock Time: 2095 ns
  Lock Count: 2
  PIDs: {106153}
  TIDs: {106167}
Lock Address: 18383722045592532848
  Lock Name: read_lock
  Total Lock Time: 2102 ns
  Lock Count: 3
  PIDs: {106153}
  TIDs: {106167}
Lock Address: 18383722045592517456
  Lock Name: read_lock
  Total Lock Time: 2129 ns
  Lock Count: 3
  PIDs: {106153}
  TIDs: {106167}
Lock Address: 18383722025859563400
  Lock Name: spin
  Total Lock Time: 2144 ns
  Lock Count: 3
  PIDs: {106153}
  TIDs: {106167}
Lock Address: 18383722029687299148
  Lock Name: spin
  Total Lock Time: 2218 ns
  Lock Count: 2
  PIDs: {106153}
  TIDs: {106167}
Lock Address: 18383721993601125848
  Lock Name: write_lock
  Total Lock Time: 2274 ns
  Lock Count: 2
  PIDs: {106153}
  TIDs: {106167}
Lock Address: 18383856013778490052
  Lock Name: spin
  Total Lock Time: 2402 ns
  Lock Count: 1
  PIDs: {106153}
  TIDs: {106167}
Lock Address: 18383722027167887100
  Lock Name: spin
  Total Lock Time: 2450 ns
  Lock Count: 1
  PIDs: {106153}
  TIDs: {106167}
Lock Address: 18397929762487570448
  Lock Name: spin
  Total Lock Time: 2466 ns
  Lock Count: 2
  PIDs: {106153}
  TIDs: {106167}
Lock Address: 18383721993724662284
  Lock Name: spin
  Total Lock Time: 2665 ns
  Lock Count: 1
  PIDs: {106153}
  TIDs: {106167}
Lock Address: 18383721993730565324
  Lock Name: spin
  Total Lock Time: 2901 ns
  Lock Count: 2
  PIDs: {106153}
  TIDs: {106167}
Lock Address: 18421356615351570408
  Lock Name: spin
  Total Lock Time: 2937 ns
  Lock Count: 1
  PIDs: {106153}
  TIDs: {106167}
Lock Address: 18421356615208974376
  Lock Name: spin
  Total Lock Time: 2998 ns
  Lock Count: 1
  PIDs: {106153}
  TIDs: {106167}
Lock Address: 18421356614437178664
  Lock Name: spin
  Total Lock Time: 3030 ns
  Lock Count: 1
  PIDs: {106153}
  TIDs: {106167}
Lock Address: 18421356614891238376
  Lock Name: spin
  Total Lock Time: 3085 ns
  Lock Count: 1
  PIDs: {106153}
  TIDs: {106167}
Lock Address: 18421356615348532264
  Lock Name: spin
  Total Lock Time: 3091 ns
  Lock Count: 1
  PIDs: {106153}
  TIDs: {106167}
Lock Address: 18421356614936487144
  Lock Name: spin
  Total Lock Time: 3174 ns
  Lock Count: 1
  PIDs: {106153}
  TIDs: {106167}
Lock Address: 18383722029687294256
  Lock Name: read_lock
  Total Lock Time: 3210 ns
  Lock Count: 3
  PIDs: {106153}
  TIDs: {106167}
Lock Address: 18383722028059744016
  Lock Name: read_lock
  Total Lock Time: 3229 ns
  Lock Count: 3
  PIDs: {106153}
  TIDs: {106167}
Lock Address: 18421356615186339560
  Lock Name: spin
  Total Lock Time: 3319 ns
  Lock Count: 1
  PIDs: {106153}
  TIDs: {106167}
Lock Address: 18383722025861028592
  Lock Name: read_lock
  Total Lock Time: 3324 ns
  Lock Count: 3
  PIDs: {106153}
  TIDs: {106167}
Lock Address: 18421356615035463016
  Lock Name: spin
  Total Lock Time: 3336 ns
  Lock Count: 1
  PIDs: {106153}
  TIDs: {106167}
Lock Address: 18397929762485735440
  Lock Name: spin
  Total Lock Time: 3461 ns
  Lock Count: 6
  PIDs: {106153}
  TIDs: {106167}
Lock Address: 18383722029687289520
  Lock Name: read_lock
  Total Lock Time: 3494 ns
  Lock Count: 3
  PIDs: {106153}
  TIDs: {106167}
Lock Address: 18383722026225116200
  Lock Name: spin
  Total Lock Time: 3524 ns
  Lock Count: 3
  PIDs: {106153}
  TIDs: {106167}
Lock Address: 18421356615085772520
  Lock Name: spin
  Total Lock Time: 3566 ns
  Lock Count: 1
  PIDs: {106153}
  TIDs: {106167}
Lock Address: 18421356615244625192
  Lock Name: spin
  Total Lock Time: 3601 ns
  Lock Count: 1
  PIDs: {106153}
  TIDs: {106167}
Lock Address: 18383721993933714624
  Lock Name: spin
  Total Lock Time: 3679 ns
  Lock Count: 9
  PIDs: {106153}
  TIDs: {106167}
Lock Address: 18383722025168613568
  Lock Name: spin
  Total Lock Time: 3729 ns
  Lock Count: 1
  PIDs: {106153}
  TIDs: {106167}
Lock Address: 18421356615254166888
  Lock Name: spin
  Total Lock Time: 3748 ns
  Lock Count: 2
  PIDs: {106153}
  TIDs: {106167}
Lock Address: 18383721993601123672
  Lock Name: write_lock
  Total Lock Time: 3855 ns
  Lock Count: 8
  PIDs: {106153}
  TIDs: {106167}
Lock Address: 18383722029687298992
  Lock Name: read_lock
  Total Lock Time: 3862 ns
  Lock Count: 3
  PIDs: {106153}
  TIDs: {106167}
Lock Address: 18383721993730565168
  Lock Name: read_lock
  Total Lock Time: 4634 ns
  Lock Count: 3
  PIDs: {106153}
  TIDs: {106167}
Lock Address: 18383722027651630456
  Lock Name: spin
  Total Lock Time: 4789 ns
  Lock Count: 12
  PIDs: {106153}
  TIDs: {106167}
Lock Address: 18383721993601125856
  Lock Name: write_lock
  Total Lock Time: 4904 ns
  Lock Count: 8
  PIDs: {106153}
  TIDs: {106167}
Lock Address: 18421356614777596328
  Lock Name: spin
  Total Lock Time: 5366 ns
  Lock Count: 1
  PIDs: {106153}
  TIDs: {106167}
Lock Address: 18446744072175812552
  Lock Name: spin
  Total Lock Time: 5415 ns
  Lock Count: 2
  PIDs: {106153}
  TIDs: {106167}
Lock Address: 18383722025874822104
  Lock Name: spin
  Total Lock Time: 5437 ns
  Lock Count: 4
  PIDs: {106153}
  TIDs: {106167}
Lock Address: 18383721993711010016
  Lock Name: spin
  Total Lock Time: 5469 ns
  Lock Count: 10
  PIDs: {106153}
  TIDs: {106167}
Lock Address: 18383721993711011392
  Lock Name: spin
  Total Lock Time: 5640 ns
  Lock Count: 10
  PIDs: {106153}
  TIDs: {106167}
Lock Address: 18383722059521912584
  Lock Name: spin
  Total Lock Time: 5734 ns
  Lock Count: 2
  PIDs: {106153}
  TIDs: {106167}
Lock Address: 18383722026868361016
  Lock Name: spin
  Total Lock Time: 5768 ns
  Lock Count: 9
  PIDs: {106153}
  TIDs: {106167}
Lock Address: 18383722029452249928
  Lock Name: spin
  Total Lock Time: 5998 ns
  Lock Count: 2
  PIDs: {106153}
  TIDs: {106167}
Lock Address: 18383722014714155136
  Lock Name: spin
  Total Lock Time: 6044 ns
  Lock Count: 2
  PIDs: {106153}
  TIDs: {106167}
Lock Address: 18383722029452247528
  Lock Name: spin
  Total Lock Time: 6143 ns
  Lock Count: 2
  PIDs: {106153}
  TIDs: {106167}
Lock Address: 18383722059521909584
  Lock Name: spin
  Total Lock Time: 6381 ns
  Lock Count: 2
  PIDs: {106153}
  TIDs: {106167}
Lock Address: 18383722026212456224
  Lock Name: mutex
  Total Lock Time: 6452 ns
  Lock Count: 2
  PIDs: {106153}
  TIDs: {106167}
Lock Address: 18383722029452248008
  Lock Name: spin
  Total Lock Time: 6650 ns
  Lock Count: 2
  PIDs: {106153}
  TIDs: {106167}
Lock Address: 18383722025858294968
  Lock Name: spin
  Total Lock Time: 6659 ns
  Lock Count: 2
  PIDs: {106153}
  TIDs: {106167}
Lock Address: 18383722026212450592
  Lock Name: mutex
  Total Lock Time: 6800 ns
  Lock Count: 2
  PIDs: {106153}
  TIDs: {106167}
Lock Address: 18383722029452250168
  Lock Name: spin
  Total Lock Time: 6801 ns
  Lock Count: 2
  PIDs: {106153}
  TIDs: {106167}
Lock Address: 18383721993601125864
  Lock Name: write_lock
  Total Lock Time: 7222 ns
  Lock Count: 10
  PIDs: {106153}
  TIDs: {106167}
Lock Address: 18383722045592507440
  Lock Name: spin
  Total Lock Time: 7425 ns
  Lock Count: 12
  PIDs: {106153}
  TIDs: {106167}
Lock Address: 18383722040751560912
  Lock Name: spin
  Total Lock Time: 7704 ns
  Lock Count: 2
  PIDs: {106153}
  TIDs: {106167}
Lock Address: 18383722014714158736
  Lock Name: spin
  Total Lock Time: 7744 ns
  Lock Count: 2
  PIDs: {106153}
  TIDs: {106167}
Lock Address: 18383721993711010504
  Lock Name: spin
  Total Lock Time: 7919 ns
  Lock Count: 20
  PIDs: {106153}
  TIDs: {106167}
Lock Address: 18383721993846509088
  Lock Name: mutex
  Total Lock Time: 8106 ns
  Lock Count: 2
  PIDs: {106153}
  TIDs: {106167}
Lock Address: 18383721993933688128
  Lock Name: spin
  Total Lock Time: 8209 ns
  Lock Count: 10
  PIDs: {106153}
  TIDs: {106167}
Lock Address: 18383721993711010136
  Lock Name: spin
  Total Lock Time: 8296 ns
  Lock Count: 20
  PIDs: {106153}
  TIDs: {106167}
Lock Address: 18383722045592510992
  Lock Name: spin
  Total Lock Time: 8952 ns
  Lock Count: 12
  PIDs: {106153}
  TIDs: {106167}
Lock Address: 18383722045592532304
  Lock Name: spin
  Total Lock Time: 9047 ns
  Lock Count: 12
  PIDs: {106153}
  TIDs: {106167}
Lock Address: 18383722059530971712
  Lock Name: spin
  Total Lock Time: 9465 ns
  Lock Count: 1
  PIDs: {106153}
  TIDs: {106167}
Lock Address: 18383722059525729648
  Lock Name: spin
  Total Lock Time: 10130 ns
  Lock Count: 1
  PIDs: {106153}
  TIDs: {106167}
Lock Address: 18383722045592516912
  Lock Name: spin
  Total Lock Time: 10168 ns
  Lock Count: 12
  PIDs: {106153}
  TIDs: {106167}
Lock Address: 18383722025858297368
  Lock Name: spin
  Total Lock Time: 10744 ns
  Lock Count: 4
  PIDs: {106153}
  TIDs: {106167}
Lock Address: 18383722059526516928
  Lock Name: spin
  Total Lock Time: 10755 ns
  Lock Count: 2
  PIDs: {106153}
  TIDs: {106167}
Lock Address: 18383722059527564656
  Lock Name: spin
  Total Lock Time: 10829 ns
  Lock Count: 1
  PIDs: {106153}
  TIDs: {106167}
Lock Address: 18383722029452249688
  Lock Name: spin
  Total Lock Time: 11701 ns
  Lock Count: 4
  PIDs: {106153}
  TIDs: {106167}
Lock Address: 18383722055969385560
  Lock Name: spin
  Total Lock Time: 11770 ns
  Lock Count: 4
  PIDs: {106153}
  TIDs: {106167}
Lock Address: 18383722037204683288
  Lock Name: spin
  Total Lock Time: 11786 ns
  Lock Count: 4
  PIDs: {106153}
  TIDs: {106167}
Lock Address: 18383722029452248128
  Lock Name: spin
  Total Lock Time: 11944 ns
  Lock Count: 4
  PIDs: {106153}
  TIDs: {106167}
Lock Address: 18383722045592517416
  Lock Name: spin
  Total Lock Time: 12379 ns
  Lock Count: 17
  PIDs: {106153}
  TIDs: {106167}
Lock Address: 18383722027221246232
  Lock Name: spin
  Total Lock Time: 12450 ns
  Lock Count: 4
  PIDs: {106153}
  TIDs: {106167}
Lock Address: 18383722028059743976
  Lock Name: spin
  Total Lock Time: 12619 ns
  Lock Count: 12
  PIDs: {106153}
  TIDs: {106167}
Lock Address: 18383722059530972528
  Lock Name: spin
  Total Lock Time: 13136 ns
  Lock Count: 2
  PIDs: {106153}
  TIDs: {106167}
Lock Address: 18383722026225017920
  Lock Name: spin
  Total Lock Time: 13281 ns
  Lock Count: 2
  PIDs: {106153}
  TIDs: {106167}
Lock Address: 18383722028236237280
  Lock Name: spin
  Total Lock Time: 13381 ns
  Lock Count: 2
  PIDs: {106153}
  TIDs: {106167}
Lock Address: 18383722037033154440
  Lock Name: spin
  Total Lock Time: 13395 ns
  Lock Count: 2
  PIDs: {106153}
  TIDs: {106167}
Lock Address: 18383722037033152640
  Lock Name: spin
  Total Lock Time: 13417 ns
  Lock Count: 2
  PIDs: {106153}
  TIDs: {106167}
Lock Address: 18383722059521899936
  Lock Name: spin
  Total Lock Time: 13506 ns
  Lock Count: 2
  PIDs: {106153}
  TIDs: {106167}
Lock Address: 18383722026225017560
  Lock Name: spin
  Total Lock Time: 13614 ns
  Lock Count: 2
  PIDs: {106153}
  TIDs: {106167}
Lock Address: 18383722026225018520
  Lock Name: spin
  Total Lock Time: 13736 ns
  Lock Count: 2
  PIDs: {106153}
  TIDs: {106167}
Lock Address: 18383722026225016840
  Lock Name: spin
  Total Lock Time: 13754 ns
  Lock Count: 2
  PIDs: {106153}
  TIDs: {106167}
Lock Address: 18383722026225020680
  Lock Name: spin
  Total Lock Time: 13787 ns
  Lock Count: 2
  PIDs: {106153}
  TIDs: {106167}
Lock Address: 18383722026225020080
  Lock Name: spin
  Total Lock Time: 13846 ns
  Lock Count: 2
  PIDs: {106153}
  TIDs: {106167}
Lock Address: 18383722037033153000
  Lock Name: spin
  Total Lock Time: 13885 ns
  Lock Count: 2
  PIDs: {106153}
  TIDs: {106167}
Lock Address: 18383722026225020200
  Lock Name: spin
  Total Lock Time: 13887 ns
  Lock Count: 2
  PIDs: {106153}
  TIDs: {106167}
Lock Address: 18383722026225018040
  Lock Name: spin
  Total Lock Time: 13979 ns
  Lock Count: 2
  PIDs: {106153}
  TIDs: {106167}
Lock Address: 18383722029452247168
  Lock Name: spin
  Total Lock Time: 14041 ns
  Lock Count: 2
  PIDs: {106153}
  TIDs: {106167}
Lock Address: 18383722037033155520
  Lock Name: spin
  Total Lock Time: 14145 ns
  Lock Count: 2
  PIDs: {106153}
  TIDs: {106167}
Lock Address: 18383722059521896936
  Lock Name: spin
  Total Lock Time: 14188 ns
  Lock Count: 2
  PIDs: {106153}
  TIDs: {106167}
Lock Address: 18383722059521899216
  Lock Name: spin
  Total Lock Time: 14214 ns
  Lock Count: 2
  PIDs: {106153}
  TIDs: {106167}
Lock Address: 18383722026225018880
  Lock Name: spin
  Total Lock Time: 14245 ns
  Lock Count: 2
  PIDs: {106153}
  TIDs: {106167}
Lock Address: 18383722026225017200
  Lock Name: spin
  Total Lock Time: 14325 ns
  Lock Count: 2
  PIDs: {106153}
  TIDs: {106167}
Lock Address: 18383722059521900296
  Lock Name: spin
  Total Lock Time: 14380 ns
  Lock Count: 2
  PIDs: {106153}
  TIDs: {106167}
Lock Address: 18383721993978098464
  Lock Name: mutex
  Total Lock Time: 15010 ns
  Lock Count: 2
  PIDs: {106153}
  TIDs: {106167}
Lock Address: 18383722025874819800
  Lock Name: spin
  Total Lock Time: 15669 ns
  Lock Count: 11
  PIDs: {106153}
  TIDs: {106167}
Lock Address: 18383722025874818072
  Lock Name: spin
  Total Lock Time: 15755 ns
  Lock Count: 11
  PIDs: {106153}
  TIDs: {106167}
Lock Address: 18383722026212456736
  Lock Name: mutex
  Total Lock Time: 16082 ns
  Lock Count: 2
  PIDs: {106153}
  TIDs: {106167}
Lock Address: 18383722059527826800
  Lock Name: spin
  Total Lock Time: 16319 ns
  Lock Count: 1
  PIDs: {106153}
  TIDs: {106167}
Lock Address: 18383721993587500992
  Lock Name: spin
  Total Lock Time: 16332 ns
  Lock Count: 10
  PIDs: {106153}
  TIDs: {106167}
Lock Address: 18383722025874821720
  Lock Name: spin
  Total Lock Time: 17365 ns
  Lock Count: 11
  PIDs: {106153}
  TIDs: {106167}
Lock Address: 18383722029687293712
  Lock Name: spin
  Total Lock Time: 17442 ns
  Lock Count: 12
  PIDs: {106153}
  TIDs: {106167}
Lock Address: 18383722029687298448
  Lock Name: spin
  Total Lock Time: 17481 ns
  Lock Count: 12
  PIDs: {106153}
  TIDs: {106167}
Lock Address: 18383722029687288976
  Lock Name: spin
  Total Lock Time: 17818 ns
  Lock Count: 12
  PIDs: {106153}
  TIDs: {106167}
Lock Address: 18383722028059743472
  Lock Name: spin
  Total Lock Time: 18112 ns
  Lock Count: 12
  PIDs: {106153}
  TIDs: {106167}
Lock Address: 18383722025861028048
  Lock Name: spin
  Total Lock Time: 18468 ns
  Lock Count: 12
  PIDs: {106153}
  TIDs: {106167}
Lock Address: 18383722025861034472
  Lock Name: spin
  Total Lock Time: 19263 ns
  Lock Count: 20
  PIDs: {106153}
  TIDs: {106167}
Lock Address: 18383722025861049864
  Lock Name: spin
  Total Lock Time: 19673 ns
  Lock Count: 15
  PIDs: {106153}
  TIDs: {106167}
Lock Address: 18383722028059744040
  Lock Name: read_lock
  Total Lock Time: 22306 ns
  Lock Count: 13
  PIDs: {106153}
  TIDs: {106167}
Lock Address: 18383722029452248968
  Lock Name: spin
  Total Lock Time: 22444 ns
  Lock Count: 4
  PIDs: {106153}
  TIDs: {106167}
Lock Address: 18383722025874824984
  Lock Name: spin
  Total Lock Time: 23386 ns
  Lock Count: 11
  PIDs: {106153}
  TIDs: {106167}
Lock Address: 18383722055969389592
  Lock Name: spin
  Total Lock Time: 23586 ns
  Lock Count: 7
  PIDs: {106153}
  TIDs: {106167}
Lock Address: 18383722026212454176
  Lock Name: mutex
  Total Lock Time: 23633 ns
  Lock Count: 2
  PIDs: {106153}
  TIDs: {106167}
Lock Address: 18383722026225097064
  Lock Name: spin
  Total Lock Time: 24073 ns
  Lock Count: 2
  PIDs: {106153}
  TIDs: {106167}
Lock Address: 18383721993983888404
  Lock Name: spin
  Total Lock Time: 24148 ns
  Lock Count: 36
  PIDs: {106153}
  TIDs: {106167}
Lock Address: 18383722037204686744
  Lock Name: spin
  Total Lock Time: 24294 ns
  Lock Count: 7
  PIDs: {106153}
  TIDs: {106167}
Lock Address: 18383722006524201800
  Lock Name: spin
  Total Lock Time: 24682 ns
  Lock Count: 6
  PIDs: {106153}
  TIDs: {106167}
Lock Address: 18383722045592532808
  Lock Name: spin
  Total Lock Time: 24712 ns
  Lock Count: 23
  PIDs: {106153}
  TIDs: {106167}
Lock Address: 18383722027221248728
  Lock Name: spin
  Total Lock Time: 24739 ns
  Lock Count: 7
  PIDs: {106153}
  TIDs: {106167}
Lock Address: 18383722026225094904
  Lock Name: spin
  Total Lock Time: 25577 ns
  Lock Count: 2
  PIDs: {106153}
  TIDs: {106167}
Lock Address: 18383722025878806104
  Lock Name: spin
  Total Lock Time: 25803 ns
  Lock Count: 7
  PIDs: {106153}
  TIDs: {106167}
Lock Address: 18383721993846508064
  Lock Name: mutex
  Total Lock Time: 25807 ns
  Lock Count: 2
  PIDs: {106153}
  TIDs: {106167}
Lock Address: 18383722028236235840
  Lock Name: spin
  Total Lock Time: 25979 ns
  Lock Count: 4
  PIDs: {106153}
  TIDs: {106167}
Lock Address: 18383721993730564624
  Lock Name: spin
  Total Lock Time: 26093 ns
  Lock Count: 12
  PIDs: {106153}
  TIDs: {106167}
Lock Address: 18383722029452247648
  Lock Name: spin
  Total Lock Time: 28149 ns
  Lock Count: 6
  PIDs: {106153}
  TIDs: {106167}
Lock Address: 18383721993711011168
  Lock Name: spin
  Total Lock Time: 28362 ns
  Lock Count: 68
  PIDs: {106153}
  TIDs: {106167}
Lock Address: 18383722059525991792
  Lock Name: spin
  Total Lock Time: 28868 ns
  Lock Count: 3
  PIDs: {106153}
  TIDs: {106167}
Lock Address: 18383722025892908064
  Lock Name: mutex
  Total Lock Time: 29116 ns
  Lock Count: 4
  PIDs: {106153}
  TIDs: {106167}
Lock Address: 18383722026399811672
  Lock Name: spin
  Total Lock Time: 29164 ns
  Lock Count: 16
  PIDs: {106153}
  TIDs: {106167}
Lock Address: 18383722025787159584
  Lock Name: mutex
  Total Lock Time: 29430 ns
  Lock Count: 2
  PIDs: {106153}
  TIDs: {106167}
Lock Address: 18383722045592507944
  Lock Name: spin
  Total Lock Time: 31452 ns
  Lock Count: 33
  PIDs: {106153}
  TIDs: {106167}
Lock Address: 18383722029452250888
  Lock Name: spin
  Total Lock Time: 33074 ns
  Lock Count: 6
  PIDs: {106153}
  TIDs: {106167}
Lock Address: 18383722037204687896
  Lock Name: spin
  Total Lock Time: 33498 ns
  Lock Count: 11
  PIDs: {106153}
  TIDs: {106167}
Lock Address: 18383721993803747696
  Lock Name: spin
  Total Lock Time: 35785 ns
  Lock Count: 10
  PIDs: {106153}
  TIDs: {106167}
Lock Address: 18383722037204684248
  Lock Name: spin
  Total Lock Time: 36469 ns
  Lock Count: 11
  PIDs: {106153}
  TIDs: {106167}
Lock Address: 18383722042088225568
  Lock Name: mutex
  Total Lock Time: 36493 ns
  Lock Count: 2
  PIDs: {106153}
  TIDs: {106167}
Lock Address: 18383722045592511496
  Lock Name: spin
  Total Lock Time: 36913 ns
  Lock Count: 34
  PIDs: {106153}
  TIDs: {106167}
Lock Address: 18383722014714157056
  Lock Name: spin
  Total Lock Time: 40110 ns
  Lock Count: 6
  PIDs: {106153}
  TIDs: {106167}
Lock Address: 18383722029687289480
  Lock Name: spin
  Total Lock Time: 40532 ns
  Lock Count: 36
  PIDs: {106153}
  TIDs: {106167}
Lock Address: 18383722029687298952
  Lock Name: spin
  Total Lock Time: 41267 ns
  Lock Count: 32
  PIDs: {106153}
  TIDs: {106167}
Lock Address: 18383722026225018640
  Lock Name: spin
  Total Lock Time: 42936 ns
  Lock Count: 6
  PIDs: {106153}
  TIDs: {106167}
Lock Address: 18383722045592517316
  Lock Name: spin
  Total Lock Time: 43103 ns
  Lock Count: 122
  PIDs: {106153}
  TIDs: {106167}
Lock Address: 18383722026399811680
  Lock Name: spin
  Total Lock Time: 44741 ns
  Lock Count: 108
  PIDs: {106153}
  TIDs: {106167}
Lock Address: 18383721993978101280
  Lock Name: mutex
  Total Lock Time: 45671 ns
  Lock Count: 2
  PIDs: {106153}
  TIDs: {106167}
Lock Address: 18383721993937131808
  Lock Name: mutex
  Total Lock Time: 45814 ns
  Lock Count: 4
  PIDs: {106153}
  TIDs: {106167}
Lock Address: 18383722006524201320
  Lock Name: spin
  Total Lock Time: 49133 ns
  Lock Count: 10
  PIDs: {106153}
  TIDs: {106167}
Lock Address: 18383722025861049928
  Lock Name: read_lock
  Total Lock Time: 49827 ns
  Lock Count: 192
  PIDs: {106153}
  TIDs: {106167}
Lock Address: 18383722026399811760
  Lock Name: spin
  Total Lock Time: 49926 ns
  Lock Count: 129
  PIDs: {106153}
  TIDs: {106167}
Lock Address: 18383721993730565128
  Lock Name: spin
  Total Lock Time: 50211 ns
  Lock Count: 37
  PIDs: {106153}
  TIDs: {106167}
Lock Address: 18383722002022043160
  Lock Name: spin
  Total Lock Time: 50536 ns
  Lock Count: 8
  PIDs: {106153}
  TIDs: {106167}
Lock Address: 18383722029687294216
  Lock Name: spin
  Total Lock Time: 50558 ns
  Lock Count: 38
  PIDs: {106153}
  TIDs: {106167}
Lock Address: 18383721993970789704
  Lock Name: spin
  Total Lock Time: 50592 ns
  Lock Count: 46
  PIDs: {106153}
  TIDs: {106167}
Lock Address: 18383722025861028552
  Lock Name: spin
  Total Lock Time: 51774 ns
  Lock Count: 37
  PIDs: {106153}
  TIDs: {106167}
Lock Address: 18383722059521909944
  Lock Name: spin
  Total Lock Time: 52210 ns
  Lock Count: 8
  PIDs: {106153}
  TIDs: {106167}
Lock Address: 18383722040751561416
  Lock Name: spin
  Total Lock Time: 55505 ns
  Lock Count: 55
  PIDs: {106153}
  TIDs: {106167}
Lock Address: 18446744072151406144
  Lock Name: spin
  Total Lock Time: 57896 ns
  Lock Count: 10
  PIDs: {106153}
  TIDs: {106167}
Lock Address: 18383721993937127200
  Lock Name: mutex
  Total Lock Time: 58484 ns
  Lock Count: 4
  PIDs: {106153}
  TIDs: {106167}
Lock Address: 18383722045592517480
  Lock Name: read_lock
  Total Lock Time: 58668 ns
  Lock Count: 134
  PIDs: {106153}
  TIDs: {106167}
Lock Address: 18383722040751561480
  Lock Name: read_lock
  Total Lock Time: 59630 ns
  Lock Count: 122
  PIDs: {106153}
  TIDs: {106167}
Lock Address: 18383721993803747576
  Lock Name: spin
  Total Lock Time: 61059 ns
  Lock Count: 14
  PIDs: {106153}
  TIDs: {106167}
Lock Address: 18383722042088221728
  Lock Name: mutex
  Total Lock Time: 61208 ns
  Lock Count: 2
  PIDs: {106153}
  TIDs: {106167}
Lock Address: 18383721993780204320
  Lock Name: mutex
  Total Lock Time: 61211 ns
  Lock Count: 2
  PIDs: {106153}
  TIDs: {106167}
Lock Address: 18383722025787161888
  Lock Name: mutex
  Total Lock Time: 63049 ns
  Lock Count: 2
  PIDs: {106153}
  TIDs: {106167}
Lock Address: 18383721993978094112
  Lock Name: mutex
  Total Lock Time: 64369 ns
  Lock Count: 4
  PIDs: {106153}
  TIDs: {106167}
Lock Address: 18383721993612934320
  Lock Name: spin
  Total Lock Time: 72706 ns
  Lock Count: 16
  PIDs: {106153}
  TIDs: {106167}
Lock Address: 18383722025811569000
  Lock Name: spin
  Total Lock Time: 73896 ns
  Lock Count: 12
  PIDs: {106153}
  TIDs: {106167}
Lock Address: 18383722026344430848
  Lock Name: spin
  Total Lock Time: 78401 ns
  Lock Count: 148
  PIDs: {106153}
  TIDs: {106167}
Lock Address: 18383722025892904992
  Lock Name: mutex
  Total Lock Time: 80557 ns
  Lock Count: 4
  PIDs: {106153}
  TIDs: {106167}
Lock Address: 18383721993925560352
  Lock Name: mutex
  Total Lock Time: 82020 ns
  Lock Count: 8
  PIDs: {106153}
  TIDs: {106167}
Lock Address: 18383722025861049764
  Lock Name: spin
  Total Lock Time: 87892 ns
  Lock Count: 413
  PIDs: {106153}
  TIDs: {106167}
Lock Address: 18397929762487308112
  Lock Name: mutex
  Total Lock Time: 115464 ns
  Lock Count: 1
  PIDs: {106153}
  TIDs: {106167}
Lock Address: 18383722029687289380
  Lock Name: spin
  Total Lock Time: 122446 ns
  Lock Count: 644
  PIDs: {106153}
  TIDs: {106167}
Lock Address: 18383722045592532708
  Lock Name: spin
  Total Lock Time: 124104 ns
  Lock Count: 417
  PIDs: {106153}
  TIDs: {106167}
Lock Address: 18383722025861034372
  Lock Name: spin
  Total Lock Time: 126990 ns
  Lock Count: 584
  PIDs: {106153}
  TIDs: {106167}
Lock Address: 18383721993933714512
  Lock Name: spin
  Total Lock Time: 129056 ns
  Lock Count: 256
  PIDs: {106153}
  TIDs: {106167}
Lock Address: 18383721993780202016
  Lock Name: mutex
  Total Lock Time: 136596 ns
  Lock Count: 4
  PIDs: {106153}
  TIDs: {106167}
Lock Address: 18383721993730565028
  Lock Name: spin
  Total Lock Time: 143865 ns
  Lock Count: 812
  PIDs: {106153}
  TIDs: {106167}
Lock Address: 18446744072151406084
  Lock Name: spin
  Total Lock Time: 149327 ns
  Lock Count: 10
  PIDs: {106153}
  TIDs: {106167}
Lock Address: 18383721993937126688
  Lock Name: mutex
  Total Lock Time: 158008 ns
  Lock Count: 4
  PIDs: {106153}
  TIDs: {106167}
Lock Address: 18383722025861034536
  Lock Name: read_lock
  Total Lock Time: 164438 ns
  Lock Count: 584
  PIDs: {106153}
  TIDs: {106167}
Lock Address: 18383722047721317408
  Lock Name: mutex
  Total Lock Time: 174103 ns
  Lock Count: 18
  PIDs: {106153}
  TIDs: {106167}
Lock Address: 18383722001790612664
  Lock Name: spin
  Total Lock Time: 178946 ns
  Lock Count: 36
  PIDs: {106153}
  TIDs: {106167}
Lock Address: 18383721993925558304
  Lock Name: mutex
  Total Lock Time: 181613 ns
  Lock Count: 8
  PIDs: {106153}
  TIDs: {106167}
Lock Address: 18383722006309015424
  Lock Name: spin
  Total Lock Time: 184198 ns
  Lock Count: 30
  PIDs: {106153}
  TIDs: {106167}
Lock Address: 18383722045592507844
  Lock Name: spin
  Total Lock Time: 184418 ns
  Lock Count: 598
  PIDs: {106153}
  TIDs: {106167}
Lock Address: 18383722045592532872
  Lock Name: read_lock
  Total Lock Time: 184526 ns
  Lock Count: 429
  PIDs: {106153}
  TIDs: {106167}
Lock Address: 18397929762487570256
  Lock Name: mutex
  Total Lock Time: 185382 ns
  Lock Count: 1
  PIDs: {106153}
  TIDs: {106167}
Lock Address: 18397929762485473104
  Lock Name: mutex
  Total Lock Time: 187188 ns
  Lock Count: 2
  PIDs: {106153}
  TIDs: {106167}
Lock Address: 18397929762490715984
  Lock Name: mutex
  Total Lock Time: 199172 ns
  Lock Count: 4
  PIDs: {106153}
  TIDs: {106167}
Lock Address: 18383721993925560864
  Lock Name: mutex
  Total Lock Time: 199645 ns
  Lock Count: 8
  PIDs: {106153}
  TIDs: {106167}
Lock Address: 18383722029687289544
  Lock Name: write_lock
  Total Lock Time: 201017 ns
  Lock Count: 656
  PIDs: {106153}
  TIDs: {106167}
Lock Address: 18383722045592511396
  Lock Name: spin
  Total Lock Time: 204482 ns
  Lock Count: 615
  PIDs: {106153}
  TIDs: {106167}
Lock Address: 18383722047721321504
  Lock Name: mutex
  Total Lock Time: 233192 ns
  Lock Count: 16
  PIDs: {106153}
  TIDs: {106167}
Lock Address: 18383721997124044184
  Lock Name: spin
  Total Lock Time: 238680 ns
  Lock Count: 40
  PIDs: {106153}
  TIDs: {106167}
Lock Address: 18383722045592508008
  Lock Name: read_lock
  Total Lock Time: 247421 ns
  Lock Count: 610
  PIDs: {106153}
  TIDs: {106167}
Lock Address: 18383721993730565192
  Lock Name: read_lock
  Total Lock Time: 248232 ns
  Lock Count: 824
  PIDs: {106153}
  TIDs: {106167}
Lock Address: 18383722029687298852
  Lock Name: spin
  Total Lock Time: 266594 ns
  Lock Count: 639
  PIDs: {106153}
  TIDs: {106167}
Lock Address: 18383722045592511560
  Lock Name: read_lock
  Total Lock Time: 274857 ns
  Lock Count: 627
  PIDs: {106153}
  TIDs: {106167}
Lock Address: 18383722025861028452
  Lock Name: spin
  Total Lock Time: 279705 ns
  Lock Count: 672
  PIDs: {106153}
  TIDs: {106167}
Lock Address: 18383722047721317664
  Lock Name: mutex
  Total Lock Time: 291289 ns
  Lock Count: 20
  PIDs: {106153}
  TIDs: {106167}
Lock Address: 18397929762485735248
  Lock Name: mutex
  Total Lock Time: 311247 ns
  Lock Count: 3
  PIDs: {106153}
  TIDs: {106167}
Lock Address: 18383721993933713480
  Lock Name: read_lock
  Total Lock Time: 339765 ns
  Lock Count: 433
  PIDs: {106153}
  TIDs: {106167}
Lock Address: 18383722029687299016
  Lock Name: read_lock
  Total Lock Time: 354519 ns
  Lock Count: 651
  PIDs: {106153}
  TIDs: {106167}
Lock Address: 18383722029687294116
  Lock Name: spin
  Total Lock Time: 368780 ns
  Lock Count: 730
  PIDs: {106153}
  TIDs: {106167}
Lock Address: 18383722025861028616
  Lock Name: read_lock
  Total Lock Time: 374676 ns
  Lock Count: 684
  PIDs: {106153}
  TIDs: {106167}
Lock Address: 18383722029687294280
  Lock Name: read_lock
  Total Lock Time: 477840 ns
  Lock Count: 742
  PIDs: {106153}
  TIDs: {106167}
Lock Address: 18383856013778267588
  Lock Name: spin
  Total Lock Time: 523712 ns
  Lock Count: 1270
  PIDs: {106153}
  TIDs: {106167}
Lock Address: 18383721993601123688
  Lock Name: read_lock
  Total Lock Time: 938372 ns
  Lock Count: 18
  PIDs: {106153}
  TIDs: {106167}
Lock Address: 18383722059527754112
  Lock Name: spin
  Total Lock Time: 1074405 ns
  Lock Count: 1
  PIDs: {106153}
  TIDs: {106167}
Lock Address: 18383722059525206208
  Lock Name: spin
  Total Lock Time: 951078381 ns
  Lock Count: 21
  PIDs: {106153}
  TIDs: {106167}
Lock Address: 18383722059527565504
  Lock Name: spin
  Total Lock Time: 1201617953 ns
  Lock Count: 38
  PIDs: {106153}
  TIDs: {106167}
Lock Address: 18383722059527827648
  Lock Name: spin
  Total Lock Time: 1852105360 ns
  Lock Count: 50
  PIDs: {106153}
  TIDs: {106167}
Lock Address: 18383722059525468352
  Lock Name: spin
  Total Lock Time: 2152305971 ns
  Lock Count: 59
  PIDs: {106153}
  TIDs: {106167}
Lock Address: 18383722059530899840
  Lock Name: spin
  Total Lock Time: 3012807533 ns
  Lock Count: 1
  PIDs: {106153}
  TIDs: {106167}
Lock Address: 18383722059525730496
  Lock Name: spin
  Total Lock Time: 5184332676 ns
  Lock Count: 63
  PIDs: {106153}
  TIDs: {106167}
Lock Address: 18383722059530973376
  Lock Name: spin
  Total Lock Time: 16091458646 ns
  Lock Count: 323
  PIDs: {106153}
  TIDs: {106167}
Lock Address: 18383722059525992640
  Lock Name: spin
  Total Lock Time: 17918301161 ns
  Lock Count: 256
  PIDs: {106153}
  TIDs: {106167}
Lock Address: 18383722059525656960
  Lock Name: spin
  Total Lock Time: 26219357411 ns
  Lock Count: 1
  PIDs: {106153}
  TIDs: {106167}
Lock Address: 18383722059526254784
  Lock Name: spin
  Total Lock Time: 28573040869 ns
  Lock Count: 49
  PIDs: {106153}
  TIDs: {106167}
