Attached kprobe to mutex_lock and kretprobe to mutex_unlock
Attached kprobe to rt_mutex_lock and kretprobe to rt_mutex_unlock
Attached kprobe to ww_mutex_lock and kretprobe to ww_mutex_unlock
Attached kprobe to _raw_spin_lock and kretprobe to _raw_spin_unlock
Attached kprobe to _raw_write_lock and kretprobe to _raw_write_unlock
Attached kprobe to _raw_read_lock and kretprobe to _raw_read_unlock
Tracing  locks for 30 seconds
TIME(s)            COMM             PID    LOCKTIME

 Print the lock statistics: 
LOCK_NAME          TOTAL_LOCKTIME(s) TOTAL_LOCKCOUNT
mutex              0.000000         0
rt_mutex           0.000000         0
ww_mutex           0.000000         0
spin               74.194625        868842
write_lock         0.000000         0
read_lock          0.000000         0
The total time of acquiring locks is: 74.194625135 s
Events collected during tracing:
Lock Address: 18383722059531235968
  Lock Name: spin
  Total Lock Time: 1421 ns
  Lock Count: 1
  PIDs: {106153}
  TIDs: {106166}
Lock Address: 18383722059530187392
  Lock Name: spin
  Total Lock Time: 2223 ns
  Lock Count: 1
  PIDs: {106153}
  TIDs: {106166}
Lock Address: 18383856013777766404
  Lock Name: spin
  Total Lock Time: 2454 ns
  Lock Count: 2
  PIDs: {106153}
  TIDs: {106166}
Lock Address: 18383856013777775684
  Lock Name: spin
  Total Lock Time: 2594 ns
  Lock Count: 2
  PIDs: {106153}
  TIDs: {106166}
Lock Address: 18383722032391024320
  Lock Name: spin
  Total Lock Time: 2668 ns
  Lock Count: 2
  PIDs: {106153}
  TIDs: {106166}
Lock Address: 18383722059527563840
  Lock Name: spin
  Total Lock Time: 3971 ns
  Lock Count: 1
  PIDs: {106153}
  TIDs: {106166}
Lock Address: 18383856013778367812
  Lock Name: spin
  Total Lock Time: 4511 ns
  Lock Count: 3
  PIDs: {106153}
  TIDs: {106166}
Lock Address: 18383722059530447424
  Lock Name: spin
  Total Lock Time: 5455 ns
  Lock Count: 1
  PIDs: {106153}
  TIDs: {106166}
Lock Address: 18383722059531233856
  Lock Name: spin
  Total Lock Time: 6757 ns
  Lock Count: 1
  PIDs: {106153}
  TIDs: {106166}
Lock Address: 18383856013778398404
  Lock Name: spin
  Total Lock Time: 16388 ns
  Lock Count: 71
  PIDs: {106153}
  TIDs: {106166}
Lock Address: 18383856013778022660
  Lock Name: spin
  Total Lock Time: 19115 ns
  Lock Count: 67
  PIDs: {106153}
  TIDs: {106166}
Lock Address: 18383722059530185280
  Lock Name: spin
  Total Lock Time: 24390 ns
  Lock Count: 4
  PIDs: {106153}
  TIDs: {106166}
Lock Address: 18383722059528089792
  Lock Name: spin
  Total Lock Time: 411678 ns
  Lock Count: 2273
  PIDs: {106153}
  TIDs: {106166}
Lock Address: 18383722059530449088
  Lock Name: spin
  Total Lock Time: 1558799717 ns
  Lock Count: 34743
  PIDs: {106153}
  TIDs: {106166}
Lock Address: 18383722059527565504
  Lock Name: spin
  Total Lock Time: 2660116864 ns
  Lock Count: 94722
  PIDs: {106153}
  TIDs: {106166}
Lock Address: 18383722059531235520
  Lock Name: spin
  Total Lock Time: 3700057056 ns
  Lock Count: 135359
  PIDs: {106153}
  TIDs: {106166}
Lock Address: 18383722059527303360
  Lock Name: spin
  Total Lock Time: 10107253997 ns
  Lock Count: 299880
  PIDs: {106153}
  TIDs: {106166}
Lock Address: 18383722059530118144
  Lock Name: spin
  Total Lock Time: 28027954854 ns
  Lock Count: 3
  PIDs: {106153}
  TIDs: {106166}
Lock Address: 18383722059530186944
  Lock Name: spin
  Total Lock Time: 28139939022 ns
  Lock Count: 301706
  PIDs: {106153}
  TIDs: {106166}
