Attached kprobe to mutex_lock and kretprobe to mutex_unlock
Attached kprobe to rt_mutex_lock and kretprobe to rt_mutex_unlock
Attached kprobe to ww_mutex_lock and kretprobe to ww_mutex_unlock
Attached kprobe to _raw_spin_lock and kretprobe to _raw_spin_unlock
Attached kprobe to _raw_write_lock and kretprobe to _raw_write_unlock
Attached kprobe to _raw_read_lock and kretprobe to _raw_read_unlock
Tracing  locks for 30 seconds
TIME(s)            COMM             PID    LOCKTIME

 Print the lock statistics: 
LOCK_NAME          TOTAL_LOCKTIME(s) TOTAL_LOCKCOUNT
mutex              0.000000         0
rt_mutex           0.000000         0
ww_mutex           0.000000         0
spin               0.000056         10
write_lock         0.000000         0
read_lock          0.000000         0
The total time of acquiring locks is: 5.5919e-05 s
Events collected during tracing:
Lock Address: 18421356614772565224
  Lock Name: spin
  Total Lock Time: 3045 ns
  Lock Count: 1
  PIDs: {106153}
  TIDs: {106188}
Lock Address: 18421356614868009576
  Lock Name: spin
  Total Lock Time: 3300 ns
  Lock Count: 1
  PIDs: {106153}
  TIDs: {106188}
Lock Address: 18421356614624182248
  Lock Name: spin
  Total Lock Time: 3605 ns
  Lock Count: 1
  PIDs: {106153}
  TIDs: {106188}
Lock Address: 18421356615224195816
  Lock Name: spin
  Total Lock Time: 4115 ns
  Lock Count: 1
  PIDs: {106153}
  TIDs: {106188}
Lock Address: 18383856013778012036
  Lock Name: spin
  Total Lock Time: 4441 ns
  Lock Count: 1
  PIDs: {106153}
  TIDs: {106188}
Lock Address: 18383856013777826884
  Lock Name: spin
  Total Lock Time: 4815 ns
  Lock Count: 1
  PIDs: {106153}
  TIDs: {106188}
Lock Address: 18383722059530186944
  Lock Name: spin
  Total Lock Time: 5924 ns
  Lock Count: 1
  PIDs: {106153}
  TIDs: {106188}
Lock Address: 18421356615141537640
  Lock Name: spin
  Total Lock Time: 7478 ns
  Lock Count: 1
  PIDs: {106153}
  TIDs: {106188}
Lock Address: 18383856013778190468
  Lock Name: spin
  Total Lock Time: 19196 ns
  Lock Count: 2
  PIDs: {106153}
  TIDs: {106188}
