Attached kprobe to mutex_lock and kretprobe to mutex_unlock
Attached kprobe to rt_mutex_lock and kretprobe to rt_mutex_unlock
Attached kprobe to ww_mutex_lock and kretprobe to ww_mutex_unlock
Attached kprobe to _raw_spin_lock and kretprobe to _raw_spin_unlock
Attached kprobe to _raw_write_lock and kretprobe to _raw_write_unlock
Attached kprobe to _raw_read_lock and kretprobe to _raw_read_unlock
Tracing  locks for 30 seconds
TIME(s)            COMM             PID    LOCKTIME

 Print the lock statistics: 
LOCK_NAME          TOTAL_LOCKTIME(s) TOTAL_LOCKCOUNT
mutex              0.000000         0
rt_mutex           0.000000         0
ww_mutex           0.000000         0
spin               59.999861        474
write_lock         0.000000         0
read_lock          0.000000         0
The total time of acquiring locks is: 59.999861299 s
Events collected during tracing:
Lock Address: 18383856013777956100
  Lock Name: spin
  Total Lock Time: 2024 ns
  Lock Count: 1
  PIDs: {106153}
  TIDs: {106182}
Lock Address: 18421356614945287848
  Lock Name: spin
  Total Lock Time: 2166 ns
  Lock Count: 1
  PIDs: {106153}
  TIDs: {106182}
Lock Address: 18421356614947240424
  Lock Name: spin
  Total Lock Time: 2326 ns
  Lock Count: 2
  PIDs: {106153}
  TIDs: {106182}
Lock Address: 18421356615316208808
  Lock Name: spin
  Total Lock Time: 2433 ns
  Lock Count: 2
  PIDs: {106153}
  TIDs: {106182}
Lock Address: 18383856013778575364
  Lock Name: spin
  Total Lock Time: 2544 ns
  Lock Count: 2
  PIDs: {106153}
  TIDs: {106182}
Lock Address: 18383856013778012036
  Lock Name: spin
  Total Lock Time: 2707 ns
  Lock Count: 2
  PIDs: {106153}
  TIDs: {106182}
Lock Address: 18383856013778234820
  Lock Name: spin
  Total Lock Time: 2895 ns
  Lock Count: 2
  PIDs: {106153}
  TIDs: {106182}
Lock Address: 18421356615216328872
  Lock Name: spin
  Total Lock Time: 3199 ns
  Lock Count: 2
  PIDs: {106153}
  TIDs: {106182}
Lock Address: 18421356614945826152
  Lock Name: spin
  Total Lock Time: 3647 ns
  Lock Count: 3
  PIDs: {106153}
  TIDs: {106182}
Lock Address: 18421356615190540008
  Lock Name: spin
  Total Lock Time: 8004 ns
  Lock Count: 8
  PIDs: {106153}
  TIDs: {106182}
Lock Address: 18421356614976423208
  Lock Name: spin
  Total Lock Time: 11167 ns
  Lock Count: 16
  PIDs: {106153}
  TIDs: {106182}
Lock Address: 18421356615336649768
  Lock Name: spin
  Total Lock Time: 12933 ns
  Lock Count: 20
  PIDs: {106153}
  TIDs: {106182}
Lock Address: 18383856013778058628
  Lock Name: spin
  Total Lock Time: 13635 ns
  Lock Count: 8
  PIDs: {106153}
  TIDs: {106182}
Lock Address: 18383856013777907972
  Lock Name: spin
  Total Lock Time: 24622 ns
  Lock Count: 6
  PIDs: {106153}
  TIDs: {106182}
Lock Address: 18383856013777775876
  Lock Name: spin
  Total Lock Time: 63524 ns
  Lock Count: 266
  PIDs: {106153}
  TIDs: {106182}
Lock Address: 18383722059528614080
  Lock Name: spin
  Total Lock Time: 59999703473 ns
  Lock Count: 133
  PIDs: {106153}
  TIDs: {106182}
