Attached kprobe to mutex_lock and kretprobe to mutex_unlock
Attached kprobe to rt_mutex_lock and kretprobe to rt_mutex_unlock
Attached kprobe to ww_mutex_lock and kretprobe to ww_mutex_unlock
Attached kprobe to _raw_spin_lock and kretprobe to _raw_spin_unlock
Attached kprobe to _raw_write_lock and kretprobe to _raw_write_unlock
Attached kprobe to _raw_read_lock and kretprobe to _raw_read_unlock
Tracing  locks for 30 seconds
TIME(s)            COMM             PID    LOCKTIME

 Print the lock statistics: 
LOCK_NAME          TOTAL_LOCKTIME(s) TOTAL_LOCKCOUNT
mutex              0.000000         0
rt_mutex           0.000000         0
ww_mutex           0.000000         0
spin               33.001873        100
write_lock         0.000000         0
read_lock          0.000000         0
The total time of acquiring locks is: 33.001873075 s
Events collected during tracing:
Lock Address: 18421356614947240424
  Lock Name: spin
  Total Lock Time: 1331 ns
  Lock Count: 1
  PIDs: {106153}
  TIDs: {106177}
Lock Address: 18446744072173784360
  Lock Name: spin
  Total Lock Time: 2364 ns
  Lock Count: 1
  PIDs: {106153}
  TIDs: {106177}
Lock Address: 18421356615291775464
  Lock Name: spin
  Total Lock Time: 2841 ns
  Lock Count: 1
  PIDs: {106153}
  TIDs: {106177}
Lock Address: 18383856013778153796
  Lock Name: spin
  Total Lock Time: 35371 ns
  Lock Count: 66
  PIDs: {106153}
  TIDs: {106177}
Lock Address: 18383722059530186944
  Lock Name: spin
  Total Lock Time: 1000059143 ns
  Lock Count: 1
  PIDs: {106153}
  TIDs: {106177}
Lock Address: 18383722059528876224
  Lock Name: spin
  Total Lock Time: 3000163415 ns
  Lock Count: 3
  PIDs: {106153}
  TIDs: {106177}
Lock Address: 18383722059529400512
  Lock Name: spin
  Total Lock Time: 29001608610 ns
  Lock Count: 27
  PIDs: {106153}
  TIDs: {106177}
