Attached kprobe to mutex_lock and kretprobe to mutex_unlock
Attached kprobe to rt_mutex_lock and kretprobe to rt_mutex_unlock
Attached kprobe to ww_mutex_lock and kretprobe to ww_mutex_unlock
Attached kprobe to _raw_spin_lock and kretprobe to _raw_spin_unlock
Attached kprobe to _raw_write_lock and kretprobe to _raw_write_unlock
Attached kprobe to _raw_read_lock and kretprobe to _raw_read_unlock
Tracing  locks for 30 seconds
TIME(s)            COMM             PID    LOCKTIME

 Print the lock statistics: 
LOCK_NAME          TOTAL_LOCKTIME(s) TOTAL_LOCKCOUNT
mutex              0.000031         20
rt_mutex           0.000000         0
ww_mutex           0.000000         0
spin               41.155943        4919
write_lock         0.000086         118
read_lock          0.000144         161
The total time of acquiring locks is: 41.156202944 s
Events collected during tracing:
Lock Address: 18383722026399811896
  Lock Name: spin
  Total Lock Time: 1033 ns
  Lock Count: 1
  PIDs: {106153}
  TIDs: {106165}
Lock Address: 18383722001793522416
  Lock Name: write_lock
  Total Lock Time: 1137 ns
  Lock Count: 2
  PIDs: {106153}
  TIDs: {106165}
Lock Address: 18446744072173784360
  Lock Name: spin
  Total Lock Time: 1204 ns
  Lock Count: 2
  PIDs: {106153}
  TIDs: {106165}
Lock Address: 18383721993814053296
  Lock Name: write_lock
  Total Lock Time: 1220 ns
  Lock Count: 2
  PIDs: {106153}
  TIDs: {106165}
Lock Address: 18383722001793518864
  Lock Name: write_lock
  Total Lock Time: 1240 ns
  Lock Count: 2
  PIDs: {106153}
  TIDs: {106165}
Lock Address: 18383722032391016128
  Lock Name: spin
  Total Lock Time: 1420 ns
  Lock Count: 2
  PIDs: {106153}
  TIDs: {106165}
Lock Address: 18383722026399812192
  Lock Name: spin
  Total Lock Time: 1445 ns
  Lock Count: 1
  PIDs: {106153}
  TIDs: {106165}
Lock Address: 18383722001915812592
  Lock Name: write_lock
  Total Lock Time: 1532 ns
  Lock Count: 2
  PIDs: {106153}
  TIDs: {106165}
Lock Address: 18383722006112756976
  Lock Name: write_lock
  Total Lock Time: 1539 ns
  Lock Count: 2
  PIDs: {106153}
  TIDs: {106165}
Lock Address: 18383722001793525968
  Lock Name: write_lock
  Total Lock Time: 1543 ns
  Lock Count: 2
  PIDs: {106153}
  TIDs: {106165}
Lock Address: 18383722001793541360
  Lock Name: write_lock
  Total Lock Time: 1577 ns
  Lock Count: 2
  PIDs: {106153}
  TIDs: {106165}
Lock Address: 18383856013777935748
  Lock Name: spin
  Total Lock Time: 1776 ns
  Lock Count: 2
  PIDs: {106153}
  TIDs: {106165}
Lock Address: 18383721993814055664
  Lock Name: write_lock
  Total Lock Time: 1886 ns
  Lock Count: 2
  PIDs: {106153}
  TIDs: {106165}
Lock Address: 18383722001793529520
  Lock Name: write_lock
  Total Lock Time: 1983 ns
  Lock Count: 2
  PIDs: {106153}
  TIDs: {106165}
Lock Address: 18383721993711010016
  Lock Name: spin
  Total Lock Time: 2190 ns
  Lock Count: 3
  PIDs: {106153}
  TIDs: {106165}
Lock Address: 18383722001793518320
  Lock Name: spin
  Total Lock Time: 2573 ns
  Lock Count: 3
  PIDs: {106153}
  TIDs: {106165}
Lock Address: 18383721993711010504
  Lock Name: spin
  Total Lock Time: 2657 ns
  Lock Count: 9
  PIDs: {106153}
  TIDs: {106165}
Lock Address: 18383722001793540816
  Lock Name: spin
  Total Lock Time: 2777 ns
  Lock Count: 2
  PIDs: {106153}
  TIDs: {106165}
Lock Address: 18383722001793521872
  Lock Name: spin
  Total Lock Time: 3037 ns
  Lock Count: 3
  PIDs: {106153}
  TIDs: {106165}
Lock Address: 18421356614976467496
  Lock Name: spin
  Total Lock Time: 3068 ns
  Lock Count: 1
  PIDs: {106153}
  TIDs: {106165}
Lock Address: 18383722001915812048
  Lock Name: spin
  Total Lock Time: 3087 ns
  Lock Count: 3
  PIDs: {106153}
  TIDs: {106165}
Lock Address: 18383856013777792964
  Lock Name: spin
  Total Lock Time: 3133 ns
  Lock Count: 3
  PIDs: {106153}
  TIDs: {106165}
Lock Address: 18383722001793528976
  Lock Name: spin
  Total Lock Time: 3359 ns
  Lock Count: 3
  PIDs: {106153}
  TIDs: {106165}
Lock Address: 18421356615207046120
  Lock Name: spin
  Total Lock Time: 3493 ns
  Lock Count: 1
  PIDs: {106153}
  TIDs: {106165}
Lock Address: 18383721993814052752
  Lock Name: spin
  Total Lock Time: 3577 ns
  Lock Count: 2
  PIDs: {106153}
  TIDs: {106165}
Lock Address: 18383722008849809160
  Lock Name: spin
  Total Lock Time: 4114 ns
  Lock Count: 2
  PIDs: {106153}
  TIDs: {106165}
Lock Address: 18383722001793525424
  Lock Name: spin
  Total Lock Time: 4260 ns
  Lock Count: 3
  PIDs: {106153}
  TIDs: {106165}
Lock Address: 18383722026399811672
  Lock Name: spin
  Total Lock Time: 4397 ns
  Lock Count: 4
  PIDs: {106153}
  TIDs: {106165}
Lock Address: 18383721993814055120
  Lock Name: spin
  Total Lock Time: 4438 ns
  Lock Count: 2
  PIDs: {106153}
  TIDs: {106165}
Lock Address: 18383722008016585672
  Lock Name: spin
  Total Lock Time: 4681 ns
  Lock Count: 2
  PIDs: {106153}
  TIDs: {106165}
Lock Address: 18383722008849808800
  Lock Name: spin
  Total Lock Time: 5320 ns
  Lock Count: 2
  PIDs: {106153}
  TIDs: {106165}
Lock Address: 18383722006112756432
  Lock Name: spin
  Total Lock Time: 5490 ns
  Lock Count: 3
  PIDs: {106153}
  TIDs: {106165}
Lock Address: 18383722028943911512
  Lock Name: spin
  Total Lock Time: 5707 ns
  Lock Count: 2
  PIDs: {106153}
  TIDs: {106165}
Lock Address: 18383722001793541320
  Lock Name: spin
  Total Lock Time: 5728 ns
  Lock Count: 11
  PIDs: {106153}
  TIDs: {106165}
Lock Address: 18383722026344430848
  Lock Name: spin
  Total Lock Time: 5772 ns
  Lock Count: 9
  PIDs: {106153}
  TIDs: {106165}
Lock Address: 18383722027188887680
  Lock Name: spin
  Total Lock Time: 5806 ns
  Lock Count: 2
  PIDs: {106153}
  TIDs: {106165}
Lock Address: 18383722008849805800
  Lock Name: spin
  Total Lock Time: 5812 ns
  Lock Count: 2
  PIDs: {106153}
  TIDs: {106165}
Lock Address: 18383722028943910672
  Lock Name: spin
  Total Lock Time: 5950 ns
  Lock Count: 2
  PIDs: {106153}
  TIDs: {106165}
Lock Address: 18383722028943909112
  Lock Name: spin
  Total Lock Time: 6044 ns
  Lock Count: 2
  PIDs: {106153}
  TIDs: {106165}
Lock Address: 18383721993814053256
  Lock Name: spin
  Total Lock Time: 6222 ns
  Lock Count: 11
  PIDs: {106153}
  TIDs: {106165}
Lock Address: 18383722008849806040
  Lock Name: spin
  Total Lock Time: 6709 ns
  Lock Count: 2
  PIDs: {106153}
  TIDs: {106165}
Lock Address: 18383722028943909712
  Lock Name: spin
  Total Lock Time: 6816 ns
  Lock Count: 2
  PIDs: {106153}
  TIDs: {106165}
Lock Address: 18383722028943911992
  Lock Name: spin
  Total Lock Time: 7056 ns
  Lock Count: 2
  PIDs: {106153}
  TIDs: {106165}
Lock Address: 18383722008849805440
  Lock Name: spin
  Total Lock Time: 7231 ns
  Lock Count: 2
  PIDs: {106153}
  TIDs: {106165}
Lock Address: 18383722006309014704
  Lock Name: spin
  Total Lock Time: 8161 ns
  Lock Count: 2
  PIDs: {106153}
  TIDs: {106165}
Lock Address: 18383722001915812552
  Lock Name: spin
  Total Lock Time: 8162 ns
  Lock Count: 14
  PIDs: {106153}
  TIDs: {106165}
Lock Address: 18383722001793541384
  Lock Name: read_lock
  Total Lock Time: 8276 ns
  Lock Count: 12
  PIDs: {106153}
  TIDs: {106165}
Lock Address: 18383722001793518824
  Lock Name: spin
  Total Lock Time: 8308 ns
  Lock Count: 14
  PIDs: {106153}
  TIDs: {106165}
Lock Address: 18383721993814053320
  Lock Name: read_lock
  Total Lock Time: 8385 ns
  Lock Count: 12
  PIDs: {106153}
  TIDs: {106165}
Lock Address: 18383722001793522376
  Lock Name: spin
  Total Lock Time: 8411 ns
  Lock Count: 14
  PIDs: {106153}
  TIDs: {106165}
Lock Address: 18383722059531233856
  Lock Name: spin
  Total Lock Time: 8486 ns
  Lock Count: 1
  PIDs: {106153}
  TIDs: {106165}
Lock Address: 18383722008849805320
  Lock Name: spin
  Total Lock Time: 8503 ns
  Lock Count: 2
  PIDs: {106153}
  TIDs: {106165}
Lock Address: 18383722008849808560
  Lock Name: spin
  Total Lock Time: 8709 ns
  Lock Count: 2
  PIDs: {106153}
  TIDs: {106165}
Lock Address: 18383722001793529480
  Lock Name: spin
  Total Lock Time: 9447 ns
  Lock Count: 14
  PIDs: {106153}
  TIDs: {106165}
Lock Address: 18383722008849806160
  Lock Name: spin
  Total Lock Time: 9820 ns
  Lock Count: 2
  PIDs: {106153}
  TIDs: {106165}
Lock Address: 18383722059529923952
  Lock Name: spin
  Total Lock Time: 10360 ns
  Lock Count: 1
  PIDs: {106153}
  TIDs: {106165}
Lock Address: 18383722001793518888
  Lock Name: write_lock
  Total Lock Time: 11060 ns
  Lock Count: 20
  PIDs: {106153}
  TIDs: {106165}
Lock Address: 18383722059529923136
  Lock Name: spin
  Total Lock Time: 11334 ns
  Lock Count: 1
  PIDs: {106153}
  TIDs: {106165}
Lock Address: 18383721993814055624
  Lock Name: spin
  Total Lock Time: 11454 ns
  Lock Count: 11
  PIDs: {106153}
  TIDs: {106165}
Lock Address: 18383722001915812616
  Lock Name: write_lock
  Total Lock Time: 11526 ns
  Lock Count: 20
  PIDs: {106153}
  TIDs: {106165}
Lock Address: 18383722008849807720
  Lock Name: spin
  Total Lock Time: 11570 ns
  Lock Count: 2
  PIDs: {106153}
  TIDs: {106165}
Lock Address: 18383722001793522440
  Lock Name: write_lock
  Total Lock Time: 11650 ns
  Lock Count: 20
  PIDs: {106153}
  TIDs: {106165}
Lock Address: 18383721993983888404
  Lock Name: spin
  Total Lock Time: 11749 ns
  Lock Count: 16
  PIDs: {106153}
  TIDs: {106165}
Lock Address: 18383721993612934320
  Lock Name: spin
  Total Lock Time: 13137 ns
  Lock Count: 4
  PIDs: {106153}
  TIDs: {106165}
Lock Address: 18383722001793525928
  Lock Name: spin
  Total Lock Time: 13412 ns
  Lock Count: 14
  PIDs: {106153}
  TIDs: {106165}
Lock Address: 18383722008849808680
  Lock Name: spin
  Total Lock Time: 14412 ns
  Lock Count: 4
  PIDs: {106153}
  TIDs: {106165}
Lock Address: 18383722008849805560
  Lock Name: spin
  Total Lock Time: 14629 ns
  Lock Count: 2
  PIDs: {106153}
  TIDs: {106165}
Lock Address: 18383722006112756936
  Lock Name: spin
  Total Lock Time: 15099 ns
  Lock Count: 14
  PIDs: {106153}
  TIDs: {106165}
Lock Address: 18383722008849806760
  Lock Name: spin
  Total Lock Time: 15428 ns
  Lock Count: 4
  PIDs: {106153}
  TIDs: {106165}
Lock Address: 18383722005628588400
  Lock Name: spin
  Total Lock Time: 16224 ns
  Lock Count: 4
  PIDs: {106153}
  TIDs: {106165}
Lock Address: 18383721993498564608
  Lock Name: spin
  Total Lock Time: 16762 ns
  Lock Count: 5
  PIDs: {106153}
  TIDs: {106165}
Lock Address: 18383722044281513504
  Lock Name: spin
  Total Lock Time: 17191 ns
  Lock Count: 6
  PIDs: {106153}
  TIDs: {106165}
Lock Address: 18383722001793525992
  Lock Name: read_lock
  Total Lock Time: 17836 ns
  Lock Count: 20
  PIDs: {106153}
  TIDs: {106165}
Lock Address: 18383722001793529544
  Lock Name: write_lock
  Total Lock Time: 18748 ns
  Lock Count: 20
  PIDs: {106153}
  TIDs: {106165}
Lock Address: 18383722006112757000
  Lock Name: write_lock
  Total Lock Time: 18893 ns
  Lock Count: 20
  PIDs: {106153}
  TIDs: {106165}
Lock Address: 18383722027325967296
  Lock Name: spin
  Total Lock Time: 19363 ns
  Lock Count: 6
  PIDs: {106153}
  TIDs: {106165}
Lock Address: 18383721993814055688
  Lock Name: read_lock
  Total Lock Time: 19531 ns
  Lock Count: 12
  PIDs: {106153}
  TIDs: {106165}
Lock Address: 18383722028943908992
  Lock Name: spin
  Total Lock Time: 19732 ns
  Lock Count: 6
  PIDs: {106153}
  TIDs: {106165}
Lock Address: 18383722006309026632
  Lock Name: spin
  Total Lock Time: 22880 ns
  Lock Count: 6
  PIDs: {106153}
  TIDs: {106165}
Lock Address: 18383722008849807120
  Lock Name: spin
  Total Lock Time: 25156 ns
  Lock Count: 6
  PIDs: {106153}
  TIDs: {106165}
Lock Address: 18383722006309015064
  Lock Name: spin
  Total Lock Time: 25267 ns
  Lock Count: 6
  PIDs: {106153}
  TIDs: {106165}
Lock Address: 18383721993942352000
  Lock Name: spin
  Total Lock Time: 27056 ns
  Lock Count: 4
  PIDs: {106153}
  TIDs: {106165}
Lock Address: 18383722008849806640
  Lock Name: spin
  Total Lock Time: 30161 ns
  Lock Count: 4
  PIDs: {106153}
  TIDs: {106165}
Lock Address: 18383721993711010360
  Lock Name: mutex
  Total Lock Time: 31136 ns
  Lock Count: 20
  PIDs: {106153}
  TIDs: {106165}
Lock Address: 18383722026225097544
  Lock Name: spin
  Total Lock Time: 31413 ns
  Lock Count: 4
  PIDs: {106153}
  TIDs: {106165}
Lock Address: 18383721993933714512
  Lock Name: spin
  Total Lock Time: 40297 ns
  Lock Count: 109
  PIDs: {106153}
  TIDs: {106165}
Lock Address: 18383722025711200420
  Lock Name: spin
  Total Lock Time: 42146 ns
  Lock Count: 186
  PIDs: {106153}
  TIDs: {106165}
Lock Address: 18383721993933713480
  Lock Name: read_lock
  Total Lock Time: 89568 ns
  Lock Count: 105
  PIDs: {106153}
  TIDs: {106165}
Lock Address: 18383856013777775684
  Lock Name: spin
  Total Lock Time: 114148 ns
  Lock Count: 302
  PIDs: {106153}
  TIDs: {106165}
Lock Address: 18383856013778367812
  Lock Name: spin
  Total Lock Time: 117986 ns
  Lock Count: 333
  PIDs: {106153}
  TIDs: {106165}
Lock Address: 18383722026399811680
  Lock Name: spin
  Total Lock Time: 134005 ns
  Lock Count: 482
  PIDs: {106153}
  TIDs: {106165}
Lock Address: 18383722026399811720
  Lock Name: spin
  Total Lock Time: 145221 ns
  Lock Count: 484
  PIDs: {106153}
  TIDs: {106165}
Lock Address: 18383722025711201444
  Lock Name: spin
  Total Lock Time: 321510 ns
  Lock Count: 778
  PIDs: {106153}
  TIDs: {106165}
Lock Address: 18383721993970789704
  Lock Name: spin
  Total Lock Time: 457939 ns
  Lock Count: 832
  PIDs: {106153}
  TIDs: {106165}
Lock Address: 18383722059531235520
  Lock Name: spin
  Total Lock Time: 14770654158 ns
  Lock Count: 333
  PIDs: {106153}
  TIDs: {106165}
Lock Address: 18383722059529924800
  Lock Name: spin
  Total Lock Time: 26383296090 ns
  Lock Count: 777
  PIDs: {106153}
  TIDs: {106165}
