Attached kprobe to mutex_lock and kretprobe to mutex_unlock
Attached kprobe to rt_mutex_lock and kretprobe to rt_mutex_unlock
Attached kprobe to ww_mutex_lock and kretprobe to ww_mutex_unlock
Attached kprobe to _raw_spin_lock and kretprobe to _raw_spin_unlock
Attached kprobe to _raw_write_lock and kretprobe to _raw_write_unlock
Attached kprobe to _raw_read_lock and kretprobe to _raw_read_unlock
Tracing  locks for 30 seconds
TIME(s)            COMM             PID    LOCKTIME

 Print the lock statistics: 
LOCK_NAME          TOTAL_LOCKTIME(s) TOTAL_LOCKCOUNT
mutex              0.000000         0
rt_mutex           0.000000         0
ww_mutex           0.000000         0
spin               32.054201        39226
write_lock         0.000440         1050
read_lock          0.000615         1858
The total time of acquiring locks is: 32.055256366 s
Events collected during tracing:
Lock Address: 18383722029558930800
  Lock Name: spin
  Total Lock Time: 1240 ns
  Lock Count: 1
  PIDs: {106153}
  TIDs: {106174}
Lock Address: 18421356615412933416
  Lock Name: spin
  Total Lock Time: 1417 ns
  Lock Count: 1
  PIDs: {106153}
  TIDs: {106174}
Lock Address: 18383722032391016128
  Lock Name: spin
  Total Lock Time: 1582 ns
  Lock Count: 1
  PIDs: {106153}
  TIDs: {106174}
Lock Address: 18421356615190540008
  Lock Name: spin
  Total Lock Time: 1643 ns
  Lock Count: 1
  PIDs: {106153}
  TIDs: {106174}
Lock Address: 18383856013777935748
  Lock Name: spin
  Total Lock Time: 1753 ns
  Lock Count: 4
  PIDs: {106153}
  TIDs: {106174}
Lock Address: 18421356615219048616
  Lock Name: spin
  Total Lock Time: 1761 ns
  Lock Count: 1
  PIDs: {106153}
  TIDs: {106174}
Lock Address: 18421356615218814696
  Lock Name: spin
  Total Lock Time: 1809 ns
  Lock Count: 2
  PIDs: {106153}
  TIDs: {106174}
Lock Address: 18421356615291775464
  Lock Name: spin
  Total Lock Time: 1906 ns
  Lock Count: 1
  PIDs: {106153}
  TIDs: {106174}
Lock Address: 18383856013777792964
  Lock Name: spin
  Total Lock Time: 1916 ns
  Lock Count: 3
  PIDs: {106153}
  TIDs: {106174}
Lock Address: 18383856013777766404
  Lock Name: spin
  Total Lock Time: 2003 ns
  Lock Count: 3
  PIDs: {106153}
  TIDs: {106174}
Lock Address: 18383721993711010016
  Lock Name: spin
  Total Lock Time: 2210 ns
  Lock Count: 1
  PIDs: {106153}
  TIDs: {106174}
Lock Address: 18383722042871988848
  Lock Name: spin
  Total Lock Time: 2242 ns
  Lock Count: 10
  PIDs: {106153}
  TIDs: {106174}
Lock Address: 18383722026399811800
  Lock Name: spin
  Total Lock Time: 2585 ns
  Lock Count: 1
  PIDs: {106153}
  TIDs: {106174}
Lock Address: 18383721993983888404
  Lock Name: spin
  Total Lock Time: 2618 ns
  Lock Count: 2
  PIDs: {106153}
  TIDs: {106174}
Lock Address: 18421356614976423208
  Lock Name: spin
  Total Lock Time: 2707 ns
  Lock Count: 2
  PIDs: {106153}
  TIDs: {106174}
Lock Address: 18421356614884368424
  Lock Name: spin
  Total Lock Time: 2716 ns
  Lock Count: 1
  PIDs: {106153}
  TIDs: {106174}
Lock Address: 18383856013778022660
  Lock Name: spin
  Total Lock Time: 2785 ns
  Lock Count: 2
  PIDs: {106153}
  TIDs: {106174}
Lock Address: 18383856013777775684
  Lock Name: spin
  Total Lock Time: 3155 ns
  Lock Count: 4
  PIDs: {106153}
  TIDs: {106174}
Lock Address: 18383722032856030768
  Lock Name: spin
  Total Lock Time: 3160 ns
  Lock Count: 11
  PIDs: {106153}
  TIDs: {106174}
Lock Address: 18383722032856017744
  Lock Name: spin
  Total Lock Time: 3289 ns
  Lock Count: 11
  PIDs: {106153}
  TIDs: {106174}
Lock Address: 18383856013778398404
  Lock Name: spin
  Total Lock Time: 3453 ns
  Lock Count: 1
  PIDs: {106153}
  TIDs: {106174}
Lock Address: 18383856013778367812
  Lock Name: spin
  Total Lock Time: 3528 ns
  Lock Count: 5
  PIDs: {106153}
  TIDs: {106174}
Lock Address: 18383856013777956100
  Lock Name: spin
  Total Lock Time: 3873 ns
  Lock Count: 6
  PIDs: {106153}
  TIDs: {106174}
Lock Address: 18383722032856013008
  Lock Name: spin
  Total Lock Time: 4184 ns
  Lock Count: 11
  PIDs: {106153}
  TIDs: {106174}
Lock Address: 18383722032856031952
  Lock Name: spin
  Total Lock Time: 4217 ns
  Lock Count: 11
  PIDs: {106153}
  TIDs: {106174}
Lock Address: 18383722042871998320
  Lock Name: spin
  Total Lock Time: 4294 ns
  Lock Count: 13
  PIDs: {106153}
  TIDs: {106174}
Lock Address: 18383722032856033136
  Lock Name: spin
  Total Lock Time: 4521 ns
  Lock Count: 14
  PIDs: {106153}
  TIDs: {106174}
Lock Address: 18383722032856022480
  Lock Name: spin
  Total Lock Time: 4812 ns
  Lock Count: 13
  PIDs: {106153}
  TIDs: {106174}
Lock Address: 18383722029558931204
  Lock Name: spin
  Total Lock Time: 4902 ns
  Lock Count: 25
  PIDs: {106153}
  TIDs: {106174}
Lock Address: 18383722032856029584
  Lock Name: spin
  Total Lock Time: 5303 ns
  Lock Count: 13
  PIDs: {106153}
  TIDs: {106174}
Lock Address: 18383722042871987664
  Lock Name: spin
  Total Lock Time: 5455 ns
  Lock Count: 13
  PIDs: {106153}
  TIDs: {106174}
Lock Address: 18421356615207046120
  Lock Name: spin
  Total Lock Time: 5543 ns
  Lock Count: 5
  PIDs: {106153}
  TIDs: {106174}
Lock Address: 18421356614947240424
  Lock Name: spin
  Total Lock Time: 5625 ns
  Lock Count: 9
  PIDs: {106153}
  TIDs: {106174}
Lock Address: 18383722029558931304
  Lock Name: spin
  Total Lock Time: 5765 ns
  Lock Count: 4
  PIDs: {106153}
  TIDs: {106174}
Lock Address: 18383722026399812192
  Lock Name: spin
  Total Lock Time: 5823 ns
  Lock Count: 6
  PIDs: {106153}
  TIDs: {106174}
Lock Address: 18383721993711011168
  Lock Name: spin
  Total Lock Time: 6397 ns
  Lock Count: 16
  PIDs: {106153}
  TIDs: {106174}
Lock Address: 18383722026399811760
  Lock Name: spin
  Total Lock Time: 6705 ns
  Lock Count: 26
  PIDs: {106153}
  TIDs: {106174}
Lock Address: 18383722008849808440
  Lock Name: spin
  Total Lock Time: 7161 ns
  Lock Count: 2
  PIDs: {106153}
  TIDs: {106174}
Lock Address: 18383722008849805440
  Lock Name: spin
  Total Lock Time: 7329 ns
  Lock Count: 2
  PIDs: {106153}
  TIDs: {106174}
Lock Address: 18383722008849806160
  Lock Name: spin
  Total Lock Time: 7768 ns
  Lock Count: 2
  PIDs: {106153}
  TIDs: {106174}
Lock Address: 18383722008849808200
  Lock Name: spin
  Total Lock Time: 8010 ns
  Lock Count: 2
  PIDs: {106153}
  TIDs: {106174}
Lock Address: 18383722028236237280
  Lock Name: spin
  Total Lock Time: 8049 ns
  Lock Count: 2
  PIDs: {106153}
  TIDs: {106174}
Lock Address: 18383722008849806880
  Lock Name: spin
  Total Lock Time: 8567 ns
  Lock Count: 2
  PIDs: {106153}
  TIDs: {106174}
Lock Address: 18383722026399811896
  Lock Name: spin
  Total Lock Time: 9306 ns
  Lock Count: 5
  PIDs: {106153}
  TIDs: {106174}
Lock Address: 18383722029558931368
  Lock Name: write_lock
  Total Lock Time: 9726 ns
  Lock Count: 34
  PIDs: {106153}
  TIDs: {106174}
Lock Address: 18383722008849808920
  Lock Name: spin
  Total Lock Time: 10677 ns
  Lock Count: 4
  PIDs: {106153}
  TIDs: {106174}
Lock Address: 18383722008849807480
  Lock Name: spin
  Total Lock Time: 10715 ns
  Lock Count: 4
  PIDs: {106153}
  TIDs: {106174}
Lock Address: 18383722008849807840
  Lock Name: spin
  Total Lock Time: 11175 ns
  Lock Count: 4
  PIDs: {106153}
  TIDs: {106174}
Lock Address: 18383722008849807360
  Lock Name: spin
  Total Lock Time: 11372 ns
  Lock Count: 4
  PIDs: {106153}
  TIDs: {106174}
Lock Address: 18383722008849809040
  Lock Name: spin
  Total Lock Time: 11373 ns
  Lock Count: 4
  PIDs: {106153}
  TIDs: {106174}
Lock Address: 18383722008849808320
  Lock Name: spin
  Total Lock Time: 11416 ns
  Lock Count: 4
  PIDs: {106153}
  TIDs: {106174}
Lock Address: 18383722008849807720
  Lock Name: spin
  Total Lock Time: 11640 ns
  Lock Count: 4
  PIDs: {106153}
  TIDs: {106174}
Lock Address: 18383722008849808800
  Lock Name: spin
  Total Lock Time: 12843 ns
  Lock Count: 4
  PIDs: {106153}
  TIDs: {106174}
Lock Address: 18383722008849805920
  Lock Name: spin
  Total Lock Time: 12965 ns
  Lock Count: 4
  PIDs: {106153}
  TIDs: {106174}
Lock Address: 18383722008849807600
  Lock Name: spin
  Total Lock Time: 13137 ns
  Lock Count: 4
  PIDs: {106153}
  TIDs: {106174}
Lock Address: 18383722008849806400
  Lock Name: spin
  Total Lock Time: 13272 ns
  Lock Count: 4
  PIDs: {106153}
  TIDs: {106174}
Lock Address: 18383722008849806040
  Lock Name: spin
  Total Lock Time: 13323 ns
  Lock Count: 4
  PIDs: {106153}
  TIDs: {106174}
Lock Address: 18383722008849806280
  Lock Name: spin
  Total Lock Time: 13343 ns
  Lock Count: 4
  PIDs: {106153}
  TIDs: {106174}
Lock Address: 18383722008849805320
  Lock Name: spin
  Total Lock Time: 13471 ns
  Lock Count: 4
  PIDs: {106153}
  TIDs: {106174}
Lock Address: 18383722042871989252
  Lock Name: spin
  Total Lock Time: 13511 ns
  Lock Count: 102
  PIDs: {106153}
  TIDs: {106174}
Lock Address: 18383722008849807960
  Lock Name: spin
  Total Lock Time: 13520 ns
  Lock Count: 4
  PIDs: {106153}
  TIDs: {106174}
Lock Address: 18383722008849808080
  Lock Name: spin
  Total Lock Time: 14073 ns
  Lock Count: 4
  PIDs: {106153}
  TIDs: {106174}
Lock Address: 18383722032856018148
  Lock Name: spin
  Total Lock Time: 14420 ns
  Lock Count: 74
  PIDs: {106153}
  TIDs: {106174}
Lock Address: 18383722008849806760
  Lock Name: spin
  Total Lock Time: 14706 ns
  Lock Count: 4
  PIDs: {106153}
  TIDs: {106174}
Lock Address: 18383722008849806640
  Lock Name: spin
  Total Lock Time: 14719 ns
  Lock Count: 4
  PIDs: {106153}
  TIDs: {106174}
Lock Address: 18383722042871989352
  Lock Name: spin
  Total Lock Time: 15055 ns
  Lock Count: 36
  PIDs: {106153}
  TIDs: {106174}
Lock Address: 18383722008849808680
  Lock Name: spin
  Total Lock Time: 15827 ns
  Lock Count: 4
  PIDs: {106153}
  TIDs: {106174}
Lock Address: 18383722008849806520
  Lock Name: spin
  Total Lock Time: 16054 ns
  Lock Count: 4
  PIDs: {106153}
  TIDs: {106174}
Lock Address: 18383722008849805560
  Lock Name: spin
  Total Lock Time: 16344 ns
  Lock Count: 4
  PIDs: {106153}
  TIDs: {106174}
Lock Address: 18383722008849809160
  Lock Name: spin
  Total Lock Time: 16612 ns
  Lock Count: 4
  PIDs: {106153}
  TIDs: {106174}
Lock Address: 18383722042871988068
  Lock Name: spin
  Total Lock Time: 16661 ns
  Lock Count: 75
  PIDs: {106153}
  TIDs: {106174}
Lock Address: 18383722008849807120
  Lock Name: spin
  Total Lock Time: 16711 ns
  Lock Count: 4
  PIDs: {106153}
  TIDs: {106174}
Lock Address: 18383722008849805680
  Lock Name: spin
  Total Lock Time: 16770 ns
  Lock Count: 4
  PIDs: {106153}
  TIDs: {106174}
Lock Address: 18383722008849808560
  Lock Name: spin
  Total Lock Time: 16860 ns
  Lock Count: 4
  PIDs: {106153}
  TIDs: {106174}
Lock Address: 18383722008849805800
  Lock Name: spin
  Total Lock Time: 17824 ns
  Lock Count: 4
  PIDs: {106153}
  TIDs: {106174}
Lock Address: 18383722032856031172
  Lock Name: spin
  Total Lock Time: 21209 ns
  Lock Count: 105
  PIDs: {106153}
  TIDs: {106174}
Lock Address: 18383722032856033640
  Lock Name: spin
  Total Lock Time: 22494 ns
  Lock Count: 45
  PIDs: {106153}
  TIDs: {106174}
Lock Address: 18383722032856013412
  Lock Name: spin
  Total Lock Time: 24234 ns
  Lock Count: 128
  PIDs: {106153}
  TIDs: {106174}
Lock Address: 18383722032856029988
  Lock Name: spin
  Total Lock Time: 24569 ns
  Lock Count: 122
  PIDs: {106153}
  TIDs: {106174}
Lock Address: 18383722032856033540
  Lock Name: spin
  Total Lock Time: 25220 ns
  Lock Count: 157
  PIDs: {106153}
  TIDs: {106174}
Lock Address: 18383722032856022884
  Lock Name: spin
  Total Lock Time: 26254 ns
  Lock Count: 140
  PIDs: {106153}
  TIDs: {106174}
Lock Address: 18383722032856018248
  Lock Name: spin
  Total Lock Time: 27589 ns
  Lock Count: 38
  PIDs: {106153}
  TIDs: {106174}
Lock Address: 18383722042871988168
  Lock Name: spin
  Total Lock Time: 28885 ns
  Lock Count: 42
  PIDs: {106153}
  TIDs: {106174}
Lock Address: 18383722026399811672
  Lock Name: spin
  Total Lock Time: 29076 ns
  Lock Count: 49
  PIDs: {106153}
  TIDs: {106174}
Lock Address: 18383722042871998724
  Lock Name: spin
  Total Lock Time: 30001 ns
  Lock Count: 163
  PIDs: {106153}
  TIDs: {106174}
Lock Address: 18383722032856031272
  Lock Name: spin
  Total Lock Time: 31405 ns
  Lock Count: 40
  PIDs: {106153}
  TIDs: {106174}
Lock Address: 18383722032856032356
  Lock Name: spin
  Total Lock Time: 31614 ns
  Lock Count: 166
  PIDs: {106153}
  TIDs: {106174}
Lock Address: 18383722042871998824
  Lock Name: spin
  Total Lock Time: 32907 ns
  Lock Count: 45
  PIDs: {106153}
  TIDs: {106174}
Lock Address: 18383722032856032456
  Lock Name: spin
  Total Lock Time: 33155 ns
  Lock Count: 42
  PIDs: {106153}
  TIDs: {106174}
Lock Address: 18383722032856013512
  Lock Name: spin
  Total Lock Time: 33979 ns
  Lock Count: 41
  PIDs: {106153}
  TIDs: {106174}
Lock Address: 18383722032856030088
  Lock Name: spin
  Total Lock Time: 34403 ns
  Lock Count: 47
  PIDs: {106153}
  TIDs: {106174}
Lock Address: 18383722032856022984
  Lock Name: spin
  Total Lock Time: 35832 ns
  Lock Count: 45
  PIDs: {106153}
  TIDs: {106174}
Lock Address: 18383722042871989416
  Lock Name: read_lock
  Total Lock Time: 39836 ns
  Lock Count: 203
  PIDs: {106153}
  TIDs: {106174}
Lock Address: 18383856013778101828
  Lock Name: spin
  Total Lock Time: 46602 ns
  Lock Count: 127
  PIDs: {106153}
  TIDs: {106174}
Lock Address: 18383856013778575364
  Lock Name: spin
  Total Lock Time: 53427 ns
  Lock Count: 67
  PIDs: {106153}
  TIDs: {106174}
Lock Address: 18383722032856032520
  Lock Name: write_lock
  Total Lock Time: 56445 ns
  Lock Count: 201
  PIDs: {106153}
  TIDs: {106174}
Lock Address: 18383722032856018312
  Lock Name: read_lock
  Total Lock Time: 65416 ns
  Lock Count: 189
  PIDs: {106153}
  TIDs: {106174}
Lock Address: 18383722037033155760
  Lock Name: spin
  Total Lock Time: 69404 ns
  Lock Count: 20
  PIDs: {106153}
  TIDs: {106174}
Lock Address: 18383722032856033704
  Lock Name: write_lock
  Total Lock Time: 72426 ns
  Lock Count: 288
  PIDs: {106153}
  TIDs: {106174}
Lock Address: 18383722032856031336
  Lock Name: read_lock
  Total Lock Time: 74605 ns
  Lock Count: 220
  PIDs: {106153}
  TIDs: {106174}
Lock Address: 18383721993498564608
  Lock Name: spin
  Total Lock Time: 76462 ns
  Lock Count: 43
  PIDs: {106153}
  TIDs: {106174}
Lock Address: 18383722032856013576
  Lock Name: read_lock
  Total Lock Time: 81540 ns
  Lock Count: 243
  PIDs: {106153}
  TIDs: {106174}
Lock Address: 18383722042871998888
  Lock Name: read_lock
  Total Lock Time: 81827 ns
  Lock Count: 286
  PIDs: {106153}
  TIDs: {106174}
Lock Address: 18383722032856030152
  Lock Name: read_lock
  Total Lock Time: 83387 ns
  Lock Count: 256
  PIDs: {106153}
  TIDs: {106174}
Lock Address: 18383722032856023048
  Lock Name: read_lock
  Total Lock Time: 86249 ns
  Lock Count: 263
  PIDs: {106153}
  TIDs: {106174}
Lock Address: 18383722042871988232
  Lock Name: read_lock
  Total Lock Time: 102550 ns
  Lock Count: 198
  PIDs: {106153}
  TIDs: {106174}
Lock Address: 18383721993933714512
  Lock Name: spin
  Total Lock Time: 128459 ns
  Lock Count: 348
  PIDs: {106153}
  TIDs: {106174}
Lock Address: 18383856013777907972
  Lock Name: spin
  Total Lock Time: 199914 ns
  Lock Count: 113
  PIDs: {106153}
  TIDs: {106174}
Lock Address: 18383721993933713480
  Lock Name: write_lock
  Total Lock Time: 301817 ns
  Lock Count: 527
  PIDs: {106153}
  TIDs: {106174}
Lock Address: 18383722026224139080
  Lock Name: spin
  Total Lock Time: 326927 ns
  Lock Count: 106
  PIDs: {106153}
  TIDs: {106174}
Lock Address: 18383722025811568520
  Lock Name: spin
  Total Lock Time: 407687 ns
  Lock Count: 106
  PIDs: {106153}
  TIDs: {106174}
Lock Address: 18383722026399811680
  Lock Name: spin
  Total Lock Time: 719296 ns
  Lock Count: 4919
  PIDs: {106153}
  TIDs: {106174}
Lock Address: 18383722026399811720
  Lock Name: spin
  Total Lock Time: 750119 ns
  Lock Count: 4943
  PIDs: {106153}
  TIDs: {106174}
Lock Address: 18383722025711201444
  Lock Name: spin
  Total Lock Time: 915814 ns
  Lock Count: 4316
  PIDs: {106153}
  TIDs: {106174}
Lock Address: 18383721993970789704
  Lock Name: spin
  Total Lock Time: 2571765 ns
  Lock Count: 7697
  PIDs: {106153}
  TIDs: {106174}
Lock Address: 18383722059529924800
  Lock Name: spin
  Total Lock Time: 32046836364 ns
  Lock Count: 14344
  PIDs: {106153}
  TIDs: {106174}
