Attached kprobe to mutex_lock and kretprobe to mutex_unlock
Attached kprobe to rt_mutex_lock and kretprobe to rt_mutex_unlock
Attached kprobe to ww_mutex_lock and kretprobe to ww_mutex_unlock
Attached kprobe to _raw_spin_lock and kretprobe to _raw_spin_unlock
Attached kprobe to _raw_write_lock and kretprobe to _raw_write_unlock
Attached kprobe to _raw_read_lock and kretprobe to _raw_read_unlock
Tracing  locks for 30 seconds
TIME(s)            COMM             PID    LOCKTIME

 Print the lock statistics: 
LOCK_NAME          TOTAL_LOCKTIME(s) TOTAL_LOCKCOUNT
mutex              0.000000         0
rt_mutex           0.000000         0
ww_mutex           0.000000         0
spin               0.000113         78
write_lock         0.000000         0
read_lock          0.000000         0
The total time of acquiring locks is: 0.000112797 s
Events collected during tracing:
Lock Address: 18383856013778278532
  Lock Name: spin
  Total Lock Time: 1234 ns
  Lock Count: 1
  PIDs: {106153}
  TIDs: {106185}
Lock Address: 18383856013777737220
  Lock Name: spin
  Total Lock Time: 1284 ns
  Lock Count: 1
  PIDs: {106153}
  TIDs: {106185}
Lock Address: 18383856013778646724
  Lock Name: spin
  Total Lock Time: 1320 ns
  Lock Count: 1
  PIDs: {106153}
  TIDs: {106185}
Lock Address: 18383856013777978436
  Lock Name: spin
  Total Lock Time: 1404 ns
  Lock Count: 1
  PIDs: {106153}
  TIDs: {106185}
Lock Address: 18383856013777867716
  Lock Name: spin
  Total Lock Time: 1414 ns
  Lock Count: 1
  PIDs: {106153}
  TIDs: {106185}
Lock Address: 18383856013778197316
  Lock Name: spin
  Total Lock Time: 1427 ns
  Lock Count: 1
  PIDs: {106153}
  TIDs: {106185}
Lock Address: 18383856013778541764
  Lock Name: spin
  Total Lock Time: 1430 ns
  Lock Count: 1
  PIDs: {106153}
  TIDs: {106185}
Lock Address: 18383856013777873796
  Lock Name: spin
  Total Lock Time: 1450 ns
  Lock Count: 1
  PIDs: {106153}
  TIDs: {106185}
Lock Address: 18383856013778553668
  Lock Name: spin
  Total Lock Time: 1465 ns
  Lock Count: 1
  PIDs: {106153}
  TIDs: {106185}
Lock Address: 18383856013778703940
  Lock Name: spin
  Total Lock Time: 1475 ns
  Lock Count: 1
  PIDs: {106153}
  TIDs: {106185}
Lock Address: 18383856013778486212
  Lock Name: spin
  Total Lock Time: 1481 ns
  Lock Count: 1
  PIDs: {106153}
  TIDs: {106185}
Lock Address: 18383856013777995780
  Lock Name: spin
  Total Lock Time: 1527 ns
  Lock Count: 1
  PIDs: {106153}
  TIDs: {106185}
Lock Address: 18383856013778639300
  Lock Name: spin
  Total Lock Time: 1535 ns
  Lock Count: 1
  PIDs: {106153}
  TIDs: {106185}
Lock Address: 18383856013778690820
  Lock Name: spin
  Total Lock Time: 1536 ns
  Lock Count: 1
  PIDs: {106153}
  TIDs: {106185}
Lock Address: 18383856013778221316
  Lock Name: spin
  Total Lock Time: 1551 ns
  Lock Count: 1
  PIDs: {106153}
  TIDs: {106185}
Lock Address: 18383856013777911556
  Lock Name: spin
  Total Lock Time: 1555 ns
  Lock Count: 1
  PIDs: {106153}
  TIDs: {106185}
Lock Address: 18383856013778355844
  Lock Name: spin
  Total Lock Time: 1569 ns
  Lock Count: 1
  PIDs: {106153}
  TIDs: {106185}
Lock Address: 18383856013778596228
  Lock Name: spin
  Total Lock Time: 1575 ns
  Lock Count: 1
  PIDs: {106153}
  TIDs: {106185}
Lock Address: 18383856013778634308
  Lock Name: spin
  Total Lock Time: 1585 ns
  Lock Count: 1
  PIDs: {106153}
  TIDs: {106185}
Lock Address: 18383856013778380164
  Lock Name: spin
  Total Lock Time: 1605 ns
  Lock Count: 1
  PIDs: {106153}
  TIDs: {106185}
Lock Address: 18383856013778234820
  Lock Name: spin
  Total Lock Time: 1680 ns
  Lock Count: 1
  PIDs: {106153}
  TIDs: {106185}
Lock Address: 18383856013778504004
  Lock Name: spin
  Total Lock Time: 1689 ns
  Lock Count: 1
  PIDs: {106153}
  TIDs: {106185}
Lock Address: 18383856013778252612
  Lock Name: spin
  Total Lock Time: 1704 ns
  Lock Count: 1
  PIDs: {106153}
  TIDs: {106185}
Lock Address: 18383856013777833412
  Lock Name: spin
  Total Lock Time: 1746 ns
  Lock Count: 1
  PIDs: {106153}
  TIDs: {106185}
Lock Address: 18421356615427848808
  Lock Name: spin
  Total Lock Time: 1751 ns
  Lock Count: 1
  PIDs: {106153}
  TIDs: {106185}
Lock Address: 18383856013777899652
  Lock Name: spin
  Total Lock Time: 1790 ns
  Lock Count: 1
  PIDs: {106153}
  TIDs: {106185}
Lock Address: 18383856013778491332
  Lock Name: spin
  Total Lock Time: 1794 ns
  Lock Count: 2
  PIDs: {106153}
  TIDs: {106185}
Lock Address: 18421356615369894120
  Lock Name: spin
  Total Lock Time: 1979 ns
  Lock Count: 1
  PIDs: {106153}
  TIDs: {106185}
Lock Address: 18421356614937514344
  Lock Name: spin
  Total Lock Time: 2105 ns
  Lock Count: 1
  PIDs: {106153}
  TIDs: {106185}
Lock Address: 18383856013778187588
  Lock Name: spin
  Total Lock Time: 2156 ns
  Lock Count: 1
  PIDs: {106153}
  TIDs: {106185}
Lock Address: 18383856013778293444
  Lock Name: spin
  Total Lock Time: 2170 ns
  Lock Count: 2
  PIDs: {106153}
  TIDs: {106185}
Lock Address: 18421356614976423208
  Lock Name: spin
  Total Lock Time: 2311 ns
  Lock Count: 1
  PIDs: {106153}
  TIDs: {106185}
Lock Address: 18383856013778014916
  Lock Name: spin
  Total Lock Time: 2485 ns
  Lock Count: 2
  PIDs: {106153}
  TIDs: {106185}
Lock Address: 18421356615336649768
  Lock Name: spin
  Total Lock Time: 2514 ns
  Lock Count: 1
  PIDs: {106153}
  TIDs: {106185}
Lock Address: 18383856013777756292
  Lock Name: spin
  Total Lock Time: 2555 ns
  Lock Count: 1
  PIDs: {106153}
  TIDs: {106185}
Lock Address: 18383856013777799428
  Lock Name: spin
  Total Lock Time: 2587 ns
  Lock Count: 2
  PIDs: {106153}
  TIDs: {106185}
Lock Address: 18383856013778209028
  Lock Name: spin
  Total Lock Time: 2609 ns
  Lock Count: 2
  PIDs: {106153}
  TIDs: {106185}
Lock Address: 18383856013778354500
  Lock Name: spin
  Total Lock Time: 2882 ns
  Lock Count: 3
  PIDs: {106153}
  TIDs: {106185}
Lock Address: 18383856013777868804
  Lock Name: spin
  Total Lock Time: 2948 ns
  Lock Count: 3
  PIDs: {106153}
  TIDs: {106185}
Lock Address: 18421356614801239336
  Lock Name: spin
  Total Lock Time: 3005 ns
  Lock Count: 1
  PIDs: {106153}
  TIDs: {106185}
Lock Address: 18383856013778099652
  Lock Name: spin
  Total Lock Time: 3301 ns
  Lock Count: 3
  PIDs: {106153}
  TIDs: {106185}
Lock Address: 18383856013778759492
  Lock Name: spin
  Total Lock Time: 3455 ns
  Lock Count: 1
  PIDs: {106153}
  TIDs: {106185}
Lock Address: 18421356614499437736
  Lock Name: spin
  Total Lock Time: 3546 ns
  Lock Count: 3
  PIDs: {106153}
  TIDs: {106185}
Lock Address: 18383856013778415428
  Lock Name: spin
  Total Lock Time: 3573 ns
  Lock Count: 3
  PIDs: {106153}
  TIDs: {106185}
Lock Address: 18421356614481858664
  Lock Name: spin
  Total Lock Time: 3595 ns
  Lock Count: 2
  PIDs: {106153}
  TIDs: {106185}
Lock Address: 18421356615443361128
  Lock Name: spin
  Total Lock Time: 3824 ns
  Lock Count: 4
  PIDs: {106153}
  TIDs: {106185}
Lock Address: 18383856013778161924
  Lock Name: spin
  Total Lock Time: 4064 ns
  Lock Count: 4
  PIDs: {106153}
  TIDs: {106185}
Lock Address: 18421356615291775464
  Lock Name: spin
  Total Lock Time: 4293 ns
  Lock Count: 3
  PIDs: {106153}
  TIDs: {106185}
Lock Address: 18421356615207836840
  Lock Name: spin
  Total Lock Time: 4575 ns
  Lock Count: 4
  PIDs: {106153}
  TIDs: {106185}
Lock Address: 18383856013777859268
  Lock Name: spin
  Total Lock Time: 4689 ns
  Lock Count: 2
  PIDs: {106153}
  TIDs: {106185}
