Attached kprobe to mutex_lock and kretprobe to mutex_unlock
Attached kprobe to rt_mutex_lock and kretprobe to rt_mutex_unlock
Attached kprobe to ww_mutex_lock and kretprobe to ww_mutex_unlock
Attached kprobe to _raw_spin_lock and kretprobe to _raw_spin_unlock
Attached kprobe to _raw_write_lock and kretprobe to _raw_write_unlock
Attached kprobe to _raw_read_lock and kretprobe to _raw_read_unlock
Tracing  locks for 30 seconds
TIME(s)            COMM             PID    LOCKTIME

 Print the lock statistics: 
LOCK_NAME          TOTAL_LOCKTIME(s) TOTAL_LOCKCOUNT
mutex              0.096194         1761
rt_mutex           0.000000         0
ww_mutex           0.000000         0
spin               91.767510        9431
write_lock         0.000011         4
read_lock          0.000294         250
The total time of acquiring locks is: 91.864009189 s
Events collected during tracing:
Lock Address: 18383722032368456112
  Lock Name: write_lock
  Total Lock Time: 975 ns
  Lock Count: 2
  PIDs: {106153}
  TIDs: {106176}
Lock Address: 18383722025711191716
  Lock Name: spin
  Total Lock Time: 1234 ns
  Lock Count: 2
  PIDs: {106153}
  TIDs: {106176}
Lock Address: 18383722027150090668
  Lock Name: spin
  Total Lock Time: 1449 ns
  Lock Count: 1
  PIDs: {106153}
  TIDs: {106176}
Lock Address: 18383722027150090284
  Lock Name: spin
  Total Lock Time: 1474 ns
  Lock Count: 1
  PIDs: {106153}
  TIDs: {106176}
Lock Address: 18383722027150166460
  Lock Name: spin
  Total Lock Time: 1560 ns
  Lock Count: 3
  PIDs: {106153}
  TIDs: {106176}
Lock Address: 18383722043755001244
  Lock Name: spin
  Total Lock Time: 1583 ns
  Lock Count: 3
  PIDs: {106153}
  TIDs: {106176}
Lock Address: 18383721993711010504
  Lock Name: spin
  Total Lock Time: 1595 ns
  Lock Count: 3
  PIDs: {106153}
  TIDs: {106176}
Lock Address: 18383721993711011168
  Lock Name: spin
  Total Lock Time: 1619 ns
  Lock Count: 1
  PIDs: {106153}
  TIDs: {106176}
Lock Address: 18383722027150166604
  Lock Name: spin
  Total Lock Time: 1685 ns
  Lock Count: 1
  PIDs: {106153}
  TIDs: {106176}
Lock Address: 18383722026399811680
  Lock Name: spin
  Total Lock Time: 1720 ns
  Lock Count: 1
  PIDs: {106153}
  TIDs: {106176}
Lock Address: 18383856013778335748
  Lock Name: spin
  Total Lock Time: 1840 ns
  Lock Count: 1
  PIDs: {106153}
  TIDs: {106176}
Lock Address: 18383856013778690820
  Lock Name: spin
  Total Lock Time: 1892 ns
  Lock Count: 1
  PIDs: {106153}
  TIDs: {106176}
Lock Address: 18397929762489929744
  Lock Name: spin
  Total Lock Time: 1895 ns
  Lock Count: 4
  PIDs: {106153}
  TIDs: {106176}
Lock Address: 18383722027150167132
  Lock Name: spin
  Total Lock Time: 1899 ns
  Lock Count: 3
  PIDs: {106153}
  TIDs: {106176}
Lock Address: 18383722043755002972
  Lock Name: spin
  Total Lock Time: 1909 ns
  Lock Count: 3
  PIDs: {106153}
  TIDs: {106176}
Lock Address: 18397929762486784016
  Lock Name: spin
  Total Lock Time: 1910 ns
  Lock Count: 2
  PIDs: {106153}
  TIDs: {106176}
Lock Address: 18383722026399811720
  Lock Name: spin
  Total Lock Time: 1953 ns
  Lock Count: 2
  PIDs: {106153}
  TIDs: {106176}
Lock Address: 18421356615334108648
  Lock Name: spin
  Total Lock Time: 1976 ns
  Lock Count: 1
  PIDs: {106153}
  TIDs: {106176}
Lock Address: 18383722026509292248
  Lock Name: spin
  Total Lock Time: 2584 ns
  Lock Count: 3
  PIDs: {106153}
  TIDs: {106176}
Lock Address: 18421356614945039400
  Lock Name: spin
  Total Lock Time: 2961 ns
  Lock Count: 1
  PIDs: {106153}
  TIDs: {106176}
Lock Address: 18383722028023945968
  Lock Name: read_lock
  Total Lock Time: 3030 ns
  Lock Count: 2
  PIDs: {106153}
  TIDs: {106176}
Lock Address: 18421356615339961704
  Lock Name: spin
  Total Lock Time: 3055 ns
  Lock Count: 2
  PIDs: {106153}
  TIDs: {106176}
Lock Address: 18421356615269881320
  Lock Name: spin
  Total Lock Time: 3069 ns
  Lock Count: 1
  PIDs: {106153}
  TIDs: {106176}
Lock Address: 18383722043755002540
  Lock Name: spin
  Total Lock Time: 3102 ns
  Lock Count: 5
  PIDs: {106153}
  TIDs: {106176}
Lock Address: 18421356614972630504
  Lock Name: spin
  Total Lock Time: 3134 ns
  Lock Count: 2
  PIDs: {106153}
  TIDs: {106176}
Lock Address: 18383722025812580376
  Lock Name: spin
  Total Lock Time: 3181 ns
  Lock Count: 6
  PIDs: {106153}
  TIDs: {106176}
Lock Address: 18421356614963413800
  Lock Name: spin
  Total Lock Time: 3236 ns
  Lock Count: 2
  PIDs: {106153}
  TIDs: {106176}
Lock Address: 18421356615179222120
  Lock Name: spin
  Total Lock Time: 3365 ns
  Lock Count: 2
  PIDs: {106153}
  TIDs: {106176}
Lock Address: 18383722032391020736
  Lock Name: spin
  Total Lock Time: 3458 ns
  Lock Count: 7
  PIDs: {106153}
  TIDs: {106176}
Lock Address: 18383721993933688128
  Lock Name: spin
  Total Lock Time: 3550 ns
  Lock Count: 6
  PIDs: {106153}
  TIDs: {106176}
Lock Address: 18421356615339960232
  Lock Name: spin
  Total Lock Time: 3553 ns
  Lock Count: 1
  PIDs: {106153}
  TIDs: {106176}
Lock Address: 18383856013778415876
  Lock Name: spin
  Total Lock Time: 3652 ns
  Lock Count: 2
  PIDs: {106153}
  TIDs: {106176}
Lock Address: 18383856013778099652
  Lock Name: spin
  Total Lock Time: 3680 ns
  Lock Count: 1
  PIDs: {106153}
  TIDs: {106176}
Lock Address: 18383721993711011392
  Lock Name: spin
  Total Lock Time: 3771 ns
  Lock Count: 6
  PIDs: {106153}
  TIDs: {106176}
Lock Address: 18383722032368454928
  Lock Name: read_lock
  Total Lock Time: 4193 ns
  Lock Count: 4
  PIDs: {106153}
  TIDs: {106176}
Lock Address: 18383856013778736324
  Lock Name: spin
  Total Lock Time: 4255 ns
  Lock Count: 1
  PIDs: {106153}
  TIDs: {106176}
Lock Address: 18383722032368465584
  Lock Name: read_lock
  Total Lock Time: 4311 ns
  Lock Count: 4
  PIDs: {106153}
  TIDs: {106176}
Lock Address: 18383722027150166268
  Lock Name: spin
  Total Lock Time: 4410 ns
  Lock Count: 6
  PIDs: {106153}
  TIDs: {106176}
Lock Address: 18383856013778012996
  Lock Name: spin
  Total Lock Time: 4416 ns
  Lock Count: 2
  PIDs: {106153}
  TIDs: {106176}
Lock Address: 18383722026241379048
  Lock Name: spin
  Total Lock Time: 4898 ns
  Lock Count: 7
  PIDs: {106153}
  TIDs: {106176}
Lock Address: 18421356614976413032
  Lock Name: spin
  Total Lock Time: 5326 ns
  Lock Count: 15
  PIDs: {106153}
  TIDs: {106176}
Lock Address: 18383722027150165500
  Lock Name: spin
  Total Lock Time: 6415 ns
  Lock Count: 9
  PIDs: {106153}
  TIDs: {106176}
Lock Address: 18383722038634847256
  Lock Name: spin
  Total Lock Time: 6566 ns
  Lock Count: 3
  PIDs: {106153}
  TIDs: {106176}
Lock Address: 18383722032368455972
  Lock Name: spin
  Total Lock Time: 6640 ns
  Lock Count: 13
  PIDs: {106153}
  TIDs: {106176}
Lock Address: 18421356615339951912
  Lock Name: spin
  Total Lock Time: 7311 ns
  Lock Count: 13
  PIDs: {106153}
  TIDs: {106176}
Lock Address: 18383722027150164060
  Lock Name: spin
  Total Lock Time: 7358 ns
  Lock Count: 12
  PIDs: {106153}
  TIDs: {106176}
Lock Address: 18383722038634844760
  Lock Name: spin
  Total Lock Time: 7685 ns
  Lock Count: 3
  PIDs: {106153}
  TIDs: {106176}
Lock Address: 18383721993587500992
  Lock Name: spin
  Total Lock Time: 7781 ns
  Lock Count: 6
  PIDs: {106153}
  TIDs: {106176}
Lock Address: 18421356615183642024
  Lock Name: spin
  Total Lock Time: 7868 ns
  Lock Count: 13
  PIDs: {106153}
  TIDs: {106176}
Lock Address: 18383722032368455084
  Lock Name: spin
  Total Lock Time: 7907 ns
  Lock Count: 15
  PIDs: {106153}
  TIDs: {106176}
Lock Address: 18383722028023945828
  Lock Name: spin
  Total Lock Time: 8023 ns
  Lock Count: 16
  PIDs: {106153}
  TIDs: {106176}
Lock Address: 18383722032368465740
  Lock Name: spin
  Total Lock Time: 8038 ns
  Lock Count: 16
  PIDs: {106153}
  TIDs: {106176}
Lock Address: 18383721993983888404
  Lock Name: spin
  Total Lock Time: 9001 ns
  Lock Count: 8
  PIDs: {106153}
  TIDs: {106176}
Lock Address: 18383721993711010360
  Lock Name: mutex
  Total Lock Time: 9075 ns
  Lock Count: 6
  PIDs: {106153}
  TIDs: {106176}
Lock Address: 18383722032368456136
  Lock Name: write_lock
  Total Lock Time: 9619 ns
  Lock Count: 2
  PIDs: {106153}
  TIDs: {106176}
Lock Address: 18383722032368456072
  Lock Name: spin
  Total Lock Time: 9952 ns
  Lock Count: 10
  PIDs: {106153}
  TIDs: {106176}
Lock Address: 18383722050295519704
  Lock Name: spin
  Total Lock Time: 10001 ns
  Lock Count: 9
  PIDs: {106153}
  TIDs: {106176}
Lock Address: 18383722028023946124
  Lock Name: spin
  Total Lock Time: 10226 ns
  Lock Count: 17
  PIDs: {106153}
  TIDs: {106176}
Lock Address: 18383722029687039176
  Lock Name: spin
  Total Lock Time: 10322 ns
  Lock Count: 9
  PIDs: {106153}
  TIDs: {106176}
Lock Address: 18383721993941390104
  Lock Name: spin
  Total Lock Time: 10720 ns
  Lock Count: 32
  PIDs: {106153}
  TIDs: {106176}
Lock Address: 18421356615162236712
  Lock Name: spin
  Total Lock Time: 11140 ns
  Lock Count: 16
  PIDs: {106153}
  TIDs: {106176}
Lock Address: 18421356615046836840
  Lock Name: spin
  Total Lock Time: 11516 ns
  Lock Count: 15
  PIDs: {106153}
  TIDs: {106176}
Lock Address: 18383721993774393112
  Lock Name: spin
  Total Lock Time: 11653 ns
  Lock Count: 32
  PIDs: {106153}
  TIDs: {106176}
Lock Address: 18383721993505498520
  Lock Name: spin
  Total Lock Time: 11757 ns
  Lock Count: 32
  PIDs: {106153}
  TIDs: {106176}
Lock Address: 18383721993505490712
  Lock Name: spin
  Total Lock Time: 12255 ns
  Lock Count: 32
  PIDs: {106153}
  TIDs: {106176}
Lock Address: 18383721993941390296
  Lock Name: spin
  Total Lock Time: 12605 ns
  Lock Count: 32
  PIDs: {106153}
  TIDs: {106176}
Lock Address: 18383721993613996248
  Lock Name: spin
  Total Lock Time: 12676 ns
  Lock Count: 32
  PIDs: {106153}
  TIDs: {106176}
Lock Address: 18383722059525728832
  Lock Name: spin
  Total Lock Time: 13036 ns
  Lock Count: 1
  PIDs: {106153}
  TIDs: {106176}
Lock Address: 18383722025880673880
  Lock Name: spin
  Total Lock Time: 13046 ns
  Lock Count: 32
  PIDs: {106153}
  TIDs: {106176}
Lock Address: 18383722027150167612
  Lock Name: spin
  Total Lock Time: 13081 ns
  Lock Count: 20
  PIDs: {106153}
  TIDs: {106176}
Lock Address: 18383722037727703888
  Lock Name: spin
  Total Lock Time: 13327 ns
  Lock Count: 2
  PIDs: {106153}
  TIDs: {106176}
Lock Address: 18446744072152957632
  Lock Name: spin
  Total Lock Time: 13405 ns
  Lock Count: 16
  PIDs: {106153}
  TIDs: {106176}
Lock Address: 18383722032368454788
  Lock Name: spin
  Total Lock Time: 13428 ns
  Lock Count: 28
  PIDs: {106153}
  TIDs: {106176}
Lock Address: 18383722040779429048
  Lock Name: spin
  Total Lock Time: 13579 ns
  Lock Count: 2
  PIDs: {106153}
  TIDs: {106176}
Lock Address: 18383722025859857048
  Lock Name: spin
  Total Lock Time: 13995 ns
  Lock Count: 32
  PIDs: {106153}
  TIDs: {106176}
Lock Address: 18421356615339960872
  Lock Name: spin
  Total Lock Time: 14023 ns
  Lock Count: 13
  PIDs: {106153}
  TIDs: {106176}
Lock Address: 18421356615334130408
  Lock Name: spin
  Total Lock Time: 14468 ns
  Lock Count: 13
  PIDs: {106153}
  TIDs: {106176}
Lock Address: 18383722025803043032
  Lock Name: spin
  Total Lock Time: 15049 ns
  Lock Count: 32
  PIDs: {106153}
  TIDs: {106176}
Lock Address: 18383721993505495128
  Lock Name: spin
  Total Lock Time: 15050 ns
  Lock Count: 32
  PIDs: {106153}
  TIDs: {106176}
Lock Address: 18383722032368465444
  Lock Name: spin
  Total Lock Time: 15135 ns
  Lock Count: 30
  PIDs: {106153}
  TIDs: {106176}
Lock Address: 18421356615159399144
  Lock Name: spin
  Total Lock Time: 15854 ns
  Lock Count: 15
  PIDs: {106153}
  TIDs: {106176}
Lock Address: 18383722029687039240
  Lock Name: read_lock
  Total Lock Time: 16172 ns
  Lock Count: 12
  PIDs: {106153}
  TIDs: {106176}
Lock Address: 18383721993982437528
  Lock Name: spin
  Total Lock Time: 16305 ns
  Lock Count: 32
  PIDs: {106153}
  TIDs: {106176}
Lock Address: 18383722028898890520
  Lock Name: spin
  Total Lock Time: 16465 ns
  Lock Count: 32
  PIDs: {106153}
  TIDs: {106176}
Lock Address: 18383722029541533080
  Lock Name: spin
  Total Lock Time: 16519 ns
  Lock Count: 32
  PIDs: {106153}
  TIDs: {106176}
Lock Address: 18383721993970789704
  Lock Name: spin
  Total Lock Time: 16568 ns
  Lock Count: 9
  PIDs: {106153}
  TIDs: {106176}
Lock Address: 18421356615305819048
  Lock Name: spin
  Total Lock Time: 16659 ns
  Lock Count: 15
  PIDs: {106153}
  TIDs: {106176}
Lock Address: 18383721993609564176
  Lock Name: spin
  Total Lock Time: 16722 ns
  Lock Count: 32
  PIDs: {106153}
  TIDs: {106176}
Lock Address: 18383722050178555780
  Lock Name: spin
  Total Lock Time: 16880 ns
  Lock Count: 32
  PIDs: {106153}
  TIDs: {106176}
Lock Address: 18383721993938940504
  Lock Name: spin
  Total Lock Time: 17147 ns
  Lock Count: 32
  PIDs: {106153}
  TIDs: {106176}
Lock Address: 18383722028898891288
  Lock Name: spin
  Total Lock Time: 17623 ns
  Lock Count: 32
  PIDs: {106153}
  TIDs: {106176}
Lock Address: 18421356615334129896
  Lock Name: spin
  Total Lock Time: 17630 ns
  Lock Count: 13
  PIDs: {106153}
  TIDs: {106176}
Lock Address: 18383722026223070488
  Lock Name: spin
  Total Lock Time: 17751 ns
  Lock Count: 32
  PIDs: {106153}
  TIDs: {106176}
Lock Address: 18383722050296160024
  Lock Name: spin
  Total Lock Time: 17955 ns
  Lock Count: 5
  PIDs: {106153}
  TIDs: {106176}
Lock Address: 18383721993941392216
  Lock Name: spin
  Total Lock Time: 17970 ns
  Lock Count: 32
  PIDs: {106153}
  TIDs: {106176}
Lock Address: 18383856013778012036
  Lock Name: spin
  Total Lock Time: 18198 ns
  Lock Count: 19
  PIDs: {106153}
  TIDs: {106176}
Lock Address: 18421356615334129768
  Lock Name: spin
  Total Lock Time: 18417 ns
  Lock Count: 15
  PIDs: {106153}
  TIDs: {106176}
Lock Address: 18421356615429510312
  Lock Name: spin
  Total Lock Time: 19626 ns
  Lock Count: 14
  PIDs: {106153}
  TIDs: {106176}
Lock Address: 18421356614942631976
  Lock Name: spin
  Total Lock Time: 19795 ns
  Lock Count: 21
  PIDs: {106153}
  TIDs: {106176}
Lock Address: 18383722050296156952
  Lock Name: spin
  Total Lock Time: 19887 ns
  Lock Count: 9
  PIDs: {106153}
  TIDs: {106176}
Lock Address: 18383722050296155416
  Lock Name: spin
  Total Lock Time: 20068 ns
  Lock Count: 9
  PIDs: {106153}
  TIDs: {106176}
Lock Address: 18383722025896283296
  Lock Name: spin
  Total Lock Time: 21173 ns
  Lock Count: 33
  PIDs: {106153}
  TIDs: {106176}
Lock Address: 18421356615334118504
  Lock Name: spin
  Total Lock Time: 21186 ns
  Lock Count: 15
  PIDs: {106153}
  TIDs: {106176}
Lock Address: 18383722050295513560
  Lock Name: spin
  Total Lock Time: 21619 ns
  Lock Count: 15
  PIDs: {106153}
  TIDs: {106176}
Lock Address: 18421356615346648552
  Lock Name: spin
  Total Lock Time: 21749 ns
  Lock Count: 16
  PIDs: {106153}
  TIDs: {106176}
Lock Address: 18421356615339952296
  Lock Name: spin
  Total Lock Time: 21922 ns
  Lock Count: 15
  PIDs: {106153}
  TIDs: {106176}
Lock Address: 18421356615339952424
  Lock Name: spin
  Total Lock Time: 22358 ns
  Lock Count: 16
  PIDs: {106153}
  TIDs: {106176}
Lock Address: 18421356615325283560
  Lock Name: spin
  Total Lock Time: 22476 ns
  Lock Count: 15
  PIDs: {106153}
  TIDs: {106176}
Lock Address: 18421356615322304552
  Lock Name: spin
  Total Lock Time: 23503 ns
  Lock Count: 28
  PIDs: {106153}
  TIDs: {106176}
Lock Address: 18383722028023945424
  Lock Name: spin
  Total Lock Time: 24571 ns
  Lock Count: 26
  PIDs: {106153}
  TIDs: {106176}
Lock Address: 18383722026223562968
  Lock Name: spin
  Total Lock Time: 24675 ns
  Lock Count: 64
  PIDs: {106153}
  TIDs: {106176}
Lock Address: 18383722025859866008
  Lock Name: spin
  Total Lock Time: 24694 ns
  Lock Count: 64
  PIDs: {106153}
  TIDs: {106176}
Lock Address: 18383722028023945928
  Lock Name: spin
  Total Lock Time: 25085 ns
  Lock Count: 23
  PIDs: {106153}
  TIDs: {106176}
Lock Address: 18383722026399811672
  Lock Name: spin
  Total Lock Time: 27864 ns
  Lock Count: 6
  PIDs: {106153}
  TIDs: {106176}
Lock Address: 18383722028898887064
  Lock Name: spin
  Total Lock Time: 28724 ns
  Lock Count: 64
  PIDs: {106153}
  TIDs: {106176}
Lock Address: 18421356615308349992
  Lock Name: spin
  Total Lock Time: 28814 ns
  Lock Count: 24
  PIDs: {106153}
  TIDs: {106176}
Lock Address: 18383722028898890712
  Lock Name: spin
  Total Lock Time: 29239 ns
  Lock Count: 64
  PIDs: {106153}
  TIDs: {106176}
Lock Address: 18383721993683236504
  Lock Name: spin
  Total Lock Time: 29716 ns
  Lock Count: 96
  PIDs: {106153}
  TIDs: {106176}
Lock Address: 18383722028898889176
  Lock Name: spin
  Total Lock Time: 30038 ns
  Lock Count: 64
  PIDs: {106153}
  TIDs: {106176}
Lock Address: 18446744072174735596
  Lock Name: spin
  Total Lock Time: 30117 ns
  Lock Count: 32
  PIDs: {106153}
  TIDs: {106176}
Lock Address: 18383721993933713480
  Lock Name: read_lock
  Total Lock Time: 30612 ns
  Lock Count: 57
  PIDs: {106153}
  TIDs: {106176}
Lock Address: 18383722032368454888
  Lock Name: spin
  Total Lock Time: 31056 ns
  Lock Count: 31
  PIDs: {106153}
  TIDs: {106176}
Lock Address: 18383722025841686744
  Lock Name: spin
  Total Lock Time: 31315 ns
  Lock Count: 96
  PIDs: {106153}
  TIDs: {106176}
Lock Address: 18383722025841686168
  Lock Name: spin
  Total Lock Time: 31445 ns
  Lock Count: 96
  PIDs: {106153}
  TIDs: {106176}
Lock Address: 18383722050295520088
  Lock Name: spin
  Total Lock Time: 31459 ns
  Lock Count: 13
  PIDs: {106153}
  TIDs: {106176}
Lock Address: 18383722028898891864
  Lock Name: spin
  Total Lock Time: 31474 ns
  Lock Count: 64
  PIDs: {106153}
  TIDs: {106176}
Lock Address: 18383722025841685208
  Lock Name: spin
  Total Lock Time: 31924 ns
  Lock Count: 96
  PIDs: {106153}
  TIDs: {106176}
Lock Address: 18383722050296158872
  Lock Name: spin
  Total Lock Time: 32422 ns
  Lock Count: 18
  PIDs: {106153}
  TIDs: {106176}
Lock Address: 18421356615339964968
  Lock Name: spin
  Total Lock Time: 32735 ns
  Lock Count: 60
  PIDs: {106153}
  TIDs: {106176}
Lock Address: 18383722025841688088
  Lock Name: spin
  Total Lock Time: 33214 ns
  Lock Count: 96
  PIDs: {106153}
  TIDs: {106176}
Lock Address: 18383722028023945992
  Lock Name: read_lock
  Total Lock Time: 33498 ns
  Lock Count: 37
  PIDs: {106153}
  TIDs: {106176}
Lock Address: 18383721993933714512
  Lock Name: spin
  Total Lock Time: 33597 ns
  Lock Count: 49
  PIDs: {106153}
  TIDs: {106176}
Lock Address: 18383856013777826884
  Lock Name: spin
  Total Lock Time: 34116 ns
  Lock Count: 29
  PIDs: {106153}
  TIDs: {106176}
Lock Address: 18383722032368465544
  Lock Name: spin
  Total Lock Time: 34317 ns
  Lock Count: 32
  PIDs: {106153}
  TIDs: {106176}
Lock Address: 18383721993500510872
  Lock Name: spin
  Total Lock Time: 34965 ns
  Lock Count: 96
  PIDs: {106153}
  TIDs: {106176}
Lock Address: 18421356615308350696
  Lock Name: spin
  Total Lock Time: 35740 ns
  Lock Count: 60
  PIDs: {106153}
  TIDs: {106176}
Lock Address: 18383722025870659616
  Lock Name: mutex
  Total Lock Time: 36060 ns
  Lock Count: 2
  PIDs: {106153}
  TIDs: {106176}
Lock Address: 18383722025841683096
  Lock Name: spin
  Total Lock Time: 36947 ns
  Lock Count: 96
  PIDs: {106153}
  TIDs: {106176}
Lock Address: 18383721993658763416
  Lock Name: spin
  Total Lock Time: 37288 ns
  Lock Count: 96
  PIDs: {106153}
  TIDs: {106176}
Lock Address: 18383722025870657056
  Lock Name: mutex
  Total Lock Time: 37338 ns
  Lock Count: 2
  PIDs: {106153}
  TIDs: {106176}
Lock Address: 18383722059521155680
  Lock Name: spin
  Total Lock Time: 38772 ns
  Lock Count: 6
  PIDs: {106153}
  TIDs: {106176}
Lock Address: 18421356615339955688
  Lock Name: spin
  Total Lock Time: 39544 ns
  Lock Count: 29
  PIDs: {106153}
  TIDs: {106176}
Lock Address: 18383722059521156760
  Lock Name: spin
  Total Lock Time: 39751 ns
  Lock Count: 6
  PIDs: {106153}
  TIDs: {106176}
Lock Address: 18383722059521157240
  Lock Name: spin
  Total Lock Time: 39851 ns
  Lock Count: 6
  PIDs: {106153}
  TIDs: {106176}
Lock Address: 18383722025858295448
  Lock Name: spin
  Total Lock Time: 39892 ns
  Lock Count: 6
  PIDs: {106153}
  TIDs: {106176}
Lock Address: 18446744072151406144
  Lock Name: spin
  Total Lock Time: 39969 ns
  Lock Count: 6
  PIDs: {106153}
  TIDs: {106176}
Lock Address: 18383722059521158920
  Lock Name: spin
  Total Lock Time: 40312 ns
  Lock Count: 6
  PIDs: {106153}
  TIDs: {106176}
Lock Address: 18383856013778575364
  Lock Name: spin
  Total Lock Time: 40873 ns
  Lock Count: 36
  PIDs: {106153}
  TIDs: {106176}
Lock Address: 18383722032368454952
  Lock Name: read_lock
  Total Lock Time: 40917 ns
  Lock Count: 35
  PIDs: {106153}
  TIDs: {106176}
Lock Address: 18383722025872650632
  Lock Name: spin
  Total Lock Time: 41237 ns
  Lock Count: 64
  PIDs: {106153}
  TIDs: {106176}
Lock Address: 18383722032368465608
  Lock Name: read_lock
  Total Lock Time: 41297 ns
  Lock Count: 37
  PIDs: {106153}
  TIDs: {106176}
Lock Address: 18383721993771842968
  Lock Name: spin
  Total Lock Time: 41331 ns
  Lock Count: 64
  PIDs: {106153}
  TIDs: {106176}
Lock Address: 18383722059521158680
  Lock Name: spin
  Total Lock Time: 43412 ns
  Lock Count: 6
  PIDs: {106153}
  TIDs: {106176}
Lock Address: 18421356615308082728
  Lock Name: spin
  Total Lock Time: 44038 ns
  Lock Count: 60
  PIDs: {106153}
  TIDs: {106176}
Lock Address: 18383722050296159256
  Lock Name: spin
  Total Lock Time: 44173 ns
  Lock Count: 12
  PIDs: {106153}
  TIDs: {106176}
Lock Address: 18383856013778277188
  Lock Name: spin
  Total Lock Time: 44727 ns
  Lock Count: 65
  PIDs: {106153}
  TIDs: {106176}
Lock Address: 18383856013777956100
  Lock Name: spin
  Total Lock Time: 45911 ns
  Lock Count: 45
  PIDs: {106153}
  TIDs: {106176}
Lock Address: 18383721993599794496
  Lock Name: spin
  Total Lock Time: 46244 ns
  Lock Count: 128
  PIDs: {106153}
  TIDs: {106176}
Lock Address: 18383722059521157000
  Lock Name: spin
  Total Lock Time: 47725 ns
  Lock Count: 6
  PIDs: {106153}
  TIDs: {106176}
Lock Address: 18383722025870660128
  Lock Name: mutex
  Total Lock Time: 48343 ns
  Lock Count: 2
  PIDs: {106153}
  TIDs: {106176}
Lock Address: 18421356615179222056
  Lock Name: spin
  Total Lock Time: 48355 ns
  Lock Count: 36
  PIDs: {106153}
  TIDs: {106176}
Lock Address: 18383722025870658592
  Lock Name: mutex
  Total Lock Time: 50907 ns
  Lock Count: 2
  PIDs: {106153}
  TIDs: {106176}
Lock Address: 18383722025874820568
  Lock Name: spin
  Total Lock Time: 50971 ns
  Lock Count: 96
  PIDs: {106153}
  TIDs: {106176}
Lock Address: 18383721993613989976
  Lock Name: spin
  Total Lock Time: 52206 ns
  Lock Count: 128
  PIDs: {106153}
  TIDs: {106176}
Lock Address: 18446744072151406084
  Lock Name: spin
  Total Lock Time: 56672 ns
  Lock Count: 3
  PIDs: {106153}
  TIDs: {106176}
Lock Address: 18383721993774385880
  Lock Name: spin
  Total Lock Time: 62841 ns
  Lock Count: 160
  PIDs: {106153}
  TIDs: {106176}
Lock Address: 18421356615339960488
  Lock Name: spin
  Total Lock Time: 63246 ns
  Lock Count: 54
  PIDs: {106153}
  TIDs: {106176}
Lock Address: 18421356614937340840
  Lock Name: spin
  Total Lock Time: 64998 ns
  Lock Count: 70
  PIDs: {106153}
  TIDs: {106176}
Lock Address: 18383856013778058628
  Lock Name: spin
  Total Lock Time: 68765 ns
  Lock Count: 29
  PIDs: {106153}
  TIDs: {106176}
Lock Address: 18383722050296153304
  Lock Name: spin
  Total Lock Time: 70039 ns
  Lock Count: 36
  PIDs: {106153}
  TIDs: {106176}
Lock Address: 18383721993498564608
  Lock Name: spin
  Total Lock Time: 78805 ns
  Lock Count: 33
  PIDs: {106153}
  TIDs: {106176}
Lock Address: 18383722025870657568
  Lock Name: mutex
  Total Lock Time: 87328 ns
  Lock Count: 2
  PIDs: {106153}
  TIDs: {106176}
Lock Address: 18383722025870662176
  Lock Name: mutex
  Total Lock Time: 88171 ns
  Lock Count: 3
  PIDs: {106153}
  TIDs: {106176}
Lock Address: 18383722025870655776
  Lock Name: mutex
  Total Lock Time: 90214 ns
  Lock Count: 3
  PIDs: {106153}
  TIDs: {106176}
Lock Address: 18383722025870659104
  Lock Name: mutex
  Total Lock Time: 90306 ns
  Lock Count: 3
  PIDs: {106153}
  TIDs: {106176}
Lock Address: 18383856013777907972
  Lock Name: spin
  Total Lock Time: 103525 ns
  Lock Count: 58
  PIDs: {106153}
  TIDs: {106176}
Lock Address: 18383722050296153880
  Lock Name: spin
  Total Lock Time: 109807 ns
  Lock Count: 60
  PIDs: {106153}
  TIDs: {106176}
Lock Address: 18383722050296154648
  Lock Name: spin
  Total Lock Time: 110475 ns
  Lock Count: 36
  PIDs: {106153}
  TIDs: {106176}
Lock Address: 18383722029691139416
  Lock Name: spin
  Total Lock Time: 110524 ns
  Lock Count: 9
  PIDs: {106153}
  TIDs: {106176}
Lock Address: 18383722026302278688
  Lock Name: mutex
  Total Lock Time: 113230 ns
  Lock Count: 6
  PIDs: {106153}
  TIDs: {106176}
Lock Address: 18397929762486783824
  Lock Name: mutex
  Total Lock Time: 114579 ns
  Lock Count: 1
  PIDs: {106153}
  TIDs: {106176}
Lock Address: 18383721993498613056
  Lock Name: spin
  Total Lock Time: 118542 ns
  Lock Count: 32
  PIDs: {106153}
  TIDs: {106176}
Lock Address: 18446744072175561608
  Lock Name: read_lock
  Total Lock Time: 120165 ns
  Lock Count: 62
  PIDs: {106153}
  TIDs: {106176}
Lock Address: 18383722025870656544
  Lock Name: mutex
  Total Lock Time: 124000 ns
  Lock Count: 2
  PIDs: {106153}
  TIDs: {106176}
Lock Address: 18383722026302278176
  Lock Name: mutex
  Total Lock Time: 124515 ns
  Lock Count: 8
  PIDs: {106153}
  TIDs: {106176}
Lock Address: 18383722025870660384
  Lock Name: mutex
  Total Lock Time: 134622 ns
  Lock Count: 2
  PIDs: {106153}
  TIDs: {106176}
Lock Address: 18383722059530185280
  Lock Name: spin
  Total Lock Time: 136140 ns
  Lock Count: 13
  PIDs: {106153}
  TIDs: {106176}
Lock Address: 18383722026302283296
  Lock Name: mutex
  Total Lock Time: 141574 ns
  Lock Count: 7
  PIDs: {106153}
  TIDs: {106176}
Lock Address: 18383722025785114736
  Lock Name: spin
  Total Lock Time: 150622 ns
  Lock Count: 64
  PIDs: {106153}
  TIDs: {106176}
Lock Address: 18383722026302278944
  Lock Name: mutex
  Total Lock Time: 156196 ns
  Lock Count: 8
  PIDs: {106153}
  TIDs: {106176}
Lock Address: 18383722027881121368
  Lock Name: spin
  Total Lock Time: 159120 ns
  Lock Count: 7
  PIDs: {106153}
  TIDs: {106176}
Lock Address: 18383722041333485344
  Lock Name: mutex
  Total Lock Time: 170677 ns
  Lock Count: 6
  PIDs: {106153}
  TIDs: {106176}
Lock Address: 18383722026302276896
  Lock Name: mutex
  Total Lock Time: 176305 ns
  Lock Count: 8
  PIDs: {106153}
  TIDs: {106176}
Lock Address: 18383722041333482528
  Lock Name: mutex
  Total Lock Time: 176909 ns
  Lock Count: 6
  PIDs: {106153}
  TIDs: {106176}
Lock Address: 18383722025870658080
  Lock Name: mutex
  Total Lock Time: 189634 ns
  Lock Count: 4
  PIDs: {106153}
  TIDs: {106176}
Lock Address: 18383722041333482272
  Lock Name: mutex
  Total Lock Time: 196329 ns
  Lock Count: 6
  PIDs: {106153}
  TIDs: {106176}
Lock Address: 18397929762489929552
  Lock Name: mutex
  Total Lock Time: 206145 ns
  Lock Count: 2
  PIDs: {106153}
  TIDs: {106176}
Lock Address: 18383722027881107128
  Lock Name: spin
  Total Lock Time: 209499 ns
  Lock Count: 7
  PIDs: {106153}
  TIDs: {106176}
Lock Address: 18383722028898886872
  Lock Name: spin
  Total Lock Time: 212863 ns
  Lock Count: 64
  PIDs: {106153}
  TIDs: {106176}
Lock Address: 18383722025870661920
  Lock Name: mutex
  Total Lock Time: 228182 ns
  Lock Count: 2
  PIDs: {106153}
  TIDs: {106176}
Lock Address: 18446744072175561624
  Lock Name: spin
  Total Lock Time: 252020 ns
  Lock Count: 736
  PIDs: {106153}
  TIDs: {106176}
Lock Address: 18383722025870662432
  Lock Name: mutex
  Total Lock Time: 262933 ns
  Lock Count: 4
  PIDs: {106153}
  TIDs: {106176}
Lock Address: 18383722026302277664
  Lock Name: mutex
  Total Lock Time: 294356 ns
  Lock Count: 10
  PIDs: {106153}
  TIDs: {106176}
Lock Address: 18383722041333484832
  Lock Name: mutex
  Total Lock Time: 365532 ns
  Lock Count: 8
  PIDs: {106153}
  TIDs: {106176}
Lock Address: 18383722026302282784
  Lock Name: mutex
  Total Lock Time: 377322 ns
  Lock Count: 10
  PIDs: {106153}
  TIDs: {106176}
Lock Address: 18383721993940583448
  Lock Name: spin
  Total Lock Time: 380512 ns
  Lock Count: 64
  PIDs: {106153}
  TIDs: {106176}
Lock Address: 18383722026302282272
  Lock Name: mutex
  Total Lock Time: 397370 ns
  Lock Count: 9
  PIDs: {106153}
  TIDs: {106176}
Lock Address: 18383722026302281248
  Lock Name: mutex
  Total Lock Time: 411049 ns
  Lock Count: 10
  PIDs: {106153}
  TIDs: {106176}
Lock Address: 18383722043558988960
  Lock Name: spin
  Total Lock Time: 425916 ns
  Lock Count: 515
  PIDs: {106153}
  TIDs: {106176}
Lock Address: 18383722041333483808
  Lock Name: mutex
  Total Lock Time: 428695 ns
  Lock Count: 8
  PIDs: {106153}
  TIDs: {106176}
Lock Address: 18383722026344430848
  Lock Name: spin
  Total Lock Time: 468878 ns
  Lock Count: 903
  PIDs: {106153}
  TIDs: {106176}
Lock Address: 18383722026302280736
  Lock Name: mutex
  Total Lock Time: 487756 ns
  Lock Count: 10
  PIDs: {106153}
  TIDs: {106176}
Lock Address: 18383722026302279712
  Lock Name: mutex
  Total Lock Time: 513011 ns
  Lock Count: 11
  PIDs: {106153}
  TIDs: {106176}
Lock Address: 18383722041333483040
  Lock Name: mutex
  Total Lock Time: 533191 ns
  Lock Count: 8
  PIDs: {106153}
  TIDs: {106176}
Lock Address: 18383722025870655520
  Lock Name: mutex
  Total Lock Time: 552337 ns
  Lock Count: 3
  PIDs: {106153}
  TIDs: {106176}
Lock Address: 18383722029555393072
  Lock Name: spin
  Total Lock Time: 570495 ns
  Lock Count: 35
  PIDs: {106153}
  TIDs: {106176}
Lock Address: 18383722029555405176
  Lock Name: spin
  Total Lock Time: 570869 ns
  Lock Count: 35
  PIDs: {106153}
  TIDs: {106176}
Lock Address: 18383722026302281760
  Lock Name: mutex
  Total Lock Time: 607006 ns
  Lock Count: 10
  PIDs: {106153}
  TIDs: {106176}
Lock Address: 18383722041333486624
  Lock Name: mutex
  Total Lock Time: 677105 ns
  Lock Count: 8
  PIDs: {106153}
  TIDs: {106176}
Lock Address: 18383721993499607728
  Lock Name: spin
  Total Lock Time: 695373 ns
  Lock Count: 1664
  PIDs: {106153}
  TIDs: {106176}
Lock Address: 18383722041333485600
  Lock Name: mutex
  Total Lock Time: 870815 ns
  Lock Count: 33
  PIDs: {106153}
  TIDs: {106176}
Lock Address: 18383722026302280480
  Lock Name: mutex
  Total Lock Time: 1123443 ns
  Lock Count: 13
  PIDs: {106153}
  TIDs: {106176}
Lock Address: 18383722041333488160
  Lock Name: mutex
  Total Lock Time: 1196213 ns
  Lock Count: 35
  PIDs: {106153}
  TIDs: {106176}
Lock Address: 18383722041333484576
  Lock Name: mutex
  Total Lock Time: 1287918 ns
  Lock Count: 10
  PIDs: {106153}
  TIDs: {106176}
Lock Address: 18383722041333483296
  Lock Name: mutex
  Total Lock Time: 1375248 ns
  Lock Count: 10
  PIDs: {106153}
  TIDs: {106176}
Lock Address: 18446744072152000848
  Lock Name: mutex
  Total Lock Time: 1544989 ns
  Lock Count: 99
  PIDs: {106153}
  TIDs: {106176}
Lock Address: 18383722026302276128
  Lock Name: mutex
  Total Lock Time: 1590762 ns
  Lock Count: 10
  PIDs: {106153}
  TIDs: {106176}
Lock Address: 18383722025796061712
  Lock Name: mutex
  Total Lock Time: 1678293 ns
  Lock Count: 32
  PIDs: {106153}
  TIDs: {106176}
Lock Address: 18383722041333481760
  Lock Name: mutex
  Total Lock Time: 1699494 ns
  Lock Count: 34
  PIDs: {106153}
  TIDs: {106176}
Lock Address: 18383722041333482784
  Lock Name: mutex
  Total Lock Time: 1749903 ns
  Lock Count: 40
  PIDs: {106153}
  TIDs: {106176}
Lock Address: 18383722041333488672
  Lock Name: mutex
  Total Lock Time: 1775788 ns
  Lock Count: 35
  PIDs: {106153}
  TIDs: {106176}
Lock Address: 18383722041333484320
  Lock Name: mutex
  Total Lock Time: 1846220 ns
  Lock Count: 44
  PIDs: {106153}
  TIDs: {106176}
Lock Address: 18383722041333489440
  Lock Name: mutex
  Total Lock Time: 2498445 ns
  Lock Count: 48
  PIDs: {106153}
  TIDs: {106176}
Lock Address: 18383722041333489184
  Lock Name: mutex
  Total Lock Time: 2501215 ns
  Lock Count: 45
  PIDs: {106153}
  TIDs: {106176}
Lock Address: 18383722041333485856
  Lock Name: mutex
  Total Lock Time: 3208252 ns
  Lock Count: 52
  PIDs: {106153}
  TIDs: {106176}
Lock Address: 18383722041333486368
  Lock Name: mutex
  Total Lock Time: 3855936 ns
  Lock Count: 49
  PIDs: {106153}
  TIDs: {106176}
Lock Address: 18383722041333488928
  Lock Name: mutex
  Total Lock Time: 3861590 ns
  Lock Count: 53
  PIDs: {106153}
  TIDs: {106176}
Lock Address: 18383722041333487648
  Lock Name: mutex
  Total Lock Time: 4096694 ns
  Lock Count: 51
  PIDs: {106153}
  TIDs: {106176}
Lock Address: 18383722041333487392
  Lock Name: mutex
  Total Lock Time: 4119605 ns
  Lock Count: 51
  PIDs: {106153}
  TIDs: {106176}
Lock Address: 18383722048647673968
  Lock Name: spin
  Total Lock Time: 4194250 ns
  Lock Count: 182
  PIDs: {106153}
  TIDs: {106176}
Lock Address: 18383722048647688208
  Lock Name: spin
  Total Lock Time: 4249863 ns
  Lock Count: 182
  PIDs: {106153}
  TIDs: {106176}
Lock Address: 18383722041333486880
  Lock Name: mutex
  Total Lock Time: 4581986 ns
  Lock Count: 55
  PIDs: {106153}
  TIDs: {106176}
Lock Address: 18383722025797357488
  Lock Name: mutex
  Total Lock Time: 4877857 ns
  Lock Count: 119
  PIDs: {106153}
  TIDs: {106176}
Lock Address: 18383722029541537496
  Lock Name: spin
  Total Lock Time: 12288260 ns
  Lock Count: 256
  PIDs: {106153}
  TIDs: {106176}
Lock Address: 18383722025808994840
  Lock Name: mutex
  Total Lock Time: 36155306 ns
  Lock Count: 641
  PIDs: {106153}
  TIDs: {106176}
Lock Address: 18383722059525730496
  Lock Name: spin
  Total Lock Time: 993344590 ns
  Lock Count: 12
  PIDs: {106153}
  TIDs: {106176}
Lock Address: 18383722059527041216
  Lock Name: spin
  Total Lock Time: 4954876068 ns
  Lock Count: 47
  PIDs: {106153}
  TIDs: {106176}
Lock Address: 18383722032368454384
  Lock Name: spin
  Total Lock Time: 10001013448 ns
  Lock Count: 33
  PIDs: {106153}
  TIDs: {106176}
Lock Address: 18383722032368465040
  Lock Name: spin
  Total Lock Time: 10001623992 ns
  Lock Count: 34
  PIDs: {106153}
  TIDs: {106176}
Lock Address: 18383722032368455568
  Lock Name: spin
  Total Lock Time: 10001741123 ns
  Lock Count: 9
  PIDs: {106153}
  TIDs: {106176}
Lock Address: 18383722059530186944
  Lock Name: spin
  Total Lock Time: 27786456911 ns
  Lock Count: 266
  PIDs: {106153}
  TIDs: {106176}
Lock Address: 18383722059530118144
  Lock Name: spin
  Total Lock Time: 27999726318 ns
  Lock Count: 13
  PIDs: {106153}
  TIDs: {106176}
