Task to be tracked is  log-close-serve



Init of all locks






Per thread lock analysis



     wait time (us)      : count     distribution
         0 -> 1          : 109259   |                                        |
         2 -> 3          : 19441234 |****************************************|
         4 -> 7          : 681789   |*                                       |
         8 -> 15         : 133289   |                                        |
        16 -> 31         : 124722   |                                        |
        32 -> 63         : 12470    |                                        |
        64 -> 127        : 400      |                                        |
       128 -> 255        : 91       |                                        |
       256 -> 511        : 89       |                                        |
       512 -> 1023       : 109      |                                        |
      1024 -> 2047       : 2        |                                        |
     hold time (us)      : count     distribution
         0 -> 1          : 11       |                                        |
         2 -> 3          : 323993   |                                        |
         4 -> 7          : 15645599 |****************************************|
         8 -> 15         : 4589573  |***********                             |
        16 -> 31         : 107467   |                                        |
        32 -> 63         : 4630     |                                        |
        64 -> 127        : 841      |                                        |
       128 -> 255        : 242      |                                        |
       256 -> 511        : 635      |                                        |
       512 -> 1023       : 311      |                                        |
      1024 -> 2047       : 64       |                                        |
      2048 -> 4095       : 20       |                                        |
      4096 -> 8191       : 10       |                                        |
      8192 -> 16383      : 3233     |                                        |
     16384 -> 32767      : 13       |                                        |
     32768 -> 65535      : 641      |                                        |
     65536 -> 131071     : 981      |                                        |
    131072 -> 262143     : 7        |                                        |
    262144 -> 524287     : 22       |                                        |
    524288 -> 1048575    : 927      |                                        |
   1048576 -> 2097151    : 5        |                                        |
   2097152 -> 4194303    : 18       |                                        |
   4194304 -> 8388607    : 19       |                                        |
   8388608 -> 16777215   : 11       |                                        |



Overall per lock analysis






Contention analysis



Mutex 7af26bf4c914 (0) Count=1 

Mutex 5164ffac3318 (0) Count=2 

Mutex 5164ff912060 (0) Count=1 

Mutex 7af26ca6d914 (0) Count=1 

Mutex 7bd498050580 (0) Count=1 

Mutex 5164ffc3aa88 (0) Count=3 

Mutex 5164ffc3b0b8 (0) Count=3 

Mutex 5164f86adb28 (0) Count=11 

Mutex 5164ffc3b070 (0) Count=2 

Mutex 7af26c04f914 (0) Count=1 

Mutex 5164f8736028 (0) Count=13 

Mutex 5164ffac2598 (0) Count=42 

Mutex 5164ff913c00 (0) Count=2 

Mutex 5164ff883888 (0) Count=11260 

Mutex 5164ff913990 (0) Count=3 

Mutex 77fc5dfd88f8 (0) Count=6 

Mutex 5164ff913b30 (0) Count=3 

Mutex 5a824c581678 (0) Count=3 

Mutex 7ffdc5933f44 (0) Count=30 

Mutex 5164ff903648 (0) Count=380 

Mutex 72cde28 (0) Count=1 

Mutex 5164ffc3ad10 (0) Count=5 

Mutex 5164ffac4170 (0) Count=2 

Mutex 5164ff8b1818 (0) Count=4 

Mutex 5164ffc3b190 (0) Count=3 

Mutex 599a158 (0) Count=1 

Mutex 5164ff913310 (0) Count=5 

Mutex 5164f9568428 (0) Count=14 

Mutex 5164ffbf8708 (0) Count=1428 

Mutex 7163dc8 (0) Count=1 

Mutex 5164ffc3ade8 (0) Count=4 

Mutex 7af26c96a914 (0) Count=1 

Mutex 5164ff9137f0 (0) Count=4 

Mutex 5164ff89ae88 (0) Count=28 

Mutex 5164ffc3ae78 (0) Count=4 

Mutex 5164ffc3ac38 (0) Count=5 

Mutex 5164ffb0fb80 (0) Count=13033 

Mutex 5e53361a69e8 (0) Count=8 

Mutex 5164ffc3ab60 (0) Count=4 

Mutex 5164c1317188 (0) Count=2504 

Mutex 54e8680 (0) Count=116 

Mutex 7fff430b0114 (0) Count=31 

Mutex 5164f9569628 (0) Count=5 

Mutex 5164f9795628 (0) Count=8 

Mutex 7bd4aa7b9030 (0) Count=1 

Mutex 7bd498010840 (0) Count=3 

Mutex 54e87a8 (0) Count=5 

Mutex 7bd498430b08 (0) Count=12 

Mutex 72f9121af954 (0) Count=61 

Mutex 5164ffc3b100 (0) Count=3 

Mutex 5a824c581770 (0) Count=1 

Mutex 7af26c152914 (0) Count=1 

Mutex 5164f9793b28 (0) Count=13 

Mutex 51657a710b98 (0) Count=31 

Mutex 5164ffac4098 (0) Count=4 

Mutex 7af26ba3d914 (0) Count=1 

Mutex 5164ffc3afe0 (0) Count=2 

Mutex 58d0740 (0) Count=14 

Mutex 7af26bc43914 (0) Count=1 

Mutex 5164ffc3ab18 (0) Count=3 

Mutex 5164ffc3ad58 (0) Count=2 

Mutex 5164f9794428 (0) Count=14 

Mutex 79aa81bd29c4 (0) Count=56 

Mutex 7af26d184914 (0) Count=1 

Mutex 5164ffc3abf0 (0) Count=5 

Mutex 5e53361a46c0 (0) Count=1 

Mutex 5164ffac32d0 (0) Count=3 

Mutex 516518850938 (0) Count=13 

Mutex 72f912cd0904 (0) Count=1 

Mutex 77fc5cba18f8 (0) Count=4 

Mutex 56a45e8 (0) Count=7 

Mutex 5164ffc3af98 (0) Count=3 

Mutex 5164ffc3aec0 (0) Count=1 

Mutex 7af26cc74914 (0) Count=1 

Mutex 72f911f7e934 (0) Count=27 

Mutex 5164ffc3af50 (0) Count=5 

Mutex 5164ff913720 (0) Count=2 

Mutex 5abbcf8 (0) Count=4 

Mutex 7af26b713944 (0) Count=49 

Mutex 5164ff912fd0 (0) Count=1 

Mutex 6cae3e8 (0) Count=3 

Mutex 5165af95d2b8 (0) Count=1752 

Mutex 5164ff9130a0 (0) Count=3 

Mutex 7ebf273269b4 (0) Count=57 

Mutex 6a8f6a0 (0) Count=2 

Mutex 5164ffc3acc8 (0) Count=7 

Mutex 5164ffac2868 (0) Count=25 

Mutex 7ffd2e301c84 (0) Count=32 

Mutex 5164f8722d28 (0) Count=12 

Mutex 5164f9566028 (0) Count=11 

Mutex 51656b7159d8 (0) Count=1228 

Mutex 5164ff9134b0 (0) Count=2 

Mutex 77fc60f18210 (0) Count=134 

Mutex 5164ff863688 (0) Count=12944 

Mutex 5164ffc3b148 (0) Count=10 

Mutex 7bd498049900 (0) Count=45 

Mutex 5164ff913650 (0) Count=2 

Mutex 7af26c255914 (0) Count=1 

Mutex 5164ffc3b268 (0) Count=4 

Mutex 6d96208 (0) Count=3 

Mutex 6aea6a0 (0) Count=2 

Mutex 77fc5d1ba8f8 (0) Count=4 

Mutex 5165a8ed0478 (0) Count=2 

Mutex 5164ff9138c0 (0) Count=1 

Mutex 75676f591210 (0) Count=42 

Mutex 7ffc6a82bbf4 (0) Count=31 

Mutex 5e53361a79e8 (0) Count=2 

Mutex 5164ffc3b2f8 (0) Count=4 

Mutex 51650fedf9d8 (0) Count=350 

Mutex 5164f86af628 (0) Count=13 

Mutex 5164ffc3b220 (0) Count=7 

Mutex 7af26b93a964 (0) Count=57 

Mutex 5165b2a64cc8 (0) Count=2360 

Mutex 7af26cd77914 (0) Count=1 

Mutex 5164f1a0f778 (0) Count=1538 

Mutex 5164ffc3aba8 (0) Count=4 

Mutex 5164f9794d28 (0) Count=19 

Mutex 5164ffc3b340 (0) Count=3 

Mutex 5164f93fd628 (0) Count=13 

Mutex 6caf478 (0) Count=4 

Mutex 5164f93fc428 (0) Count=12 

Mutex 72b6d6e719b4 (0) Count=62 

Mutex 5164ffaaddf0 (0) Count=16117 

Mutex 5164ff913170 (0) Count=4 

Mutex 5164ffac2550 (0) Count=33 

Mutex 7bd49835cd68 (0) Count=1 

Mutex 5164ffc3aad0 (0) Count=2 

Mutex 5164ffac3678 (0) Count=45 

Mutex 5164ffac3870 (0) Count=3 

Mutex 57ebf48 (0) Count=38 

Mutex 5164ffc25948 (0) Count=2654 

Mutex 7e0710fd21a8 (0) Count=1 

Mutex 5164ff9133e0 (0) Count=4 

Mutex 5164fbfa0110 (0) Count=4 

Mutex 7bb286c559b4 (0) Count=55 

Mutex 5abbd28 (0) Count=7 

Mutex 786cc88 (0) Count=4 

Mutex 5164ffc3ada0 (0) Count=2 

Mutex 5164f83cc428 (0) Count=15 

Mutex 5164ffc3ae30 (0) Count=1 

Mutex 5164ff913240 (0) Count=2 

Mutex 72f9139f9904 (0) Count=1 

Mutex 5164ffac3c60 (0) Count=2 

Mutex 5164f9567b28 (0) Count=8 

Mutex 5164f8739628 (0) Count=11 

Mutex 7af26be49914 (0) Count=1 

Mutex 5164d754a808 (0) Count=5 

Mutex 859d2a8 (0) Count=1 

Mutex 5164ffb12178 (0) Count=22286 

Mutex 5164ffc3b2b0 (0) Count=3 

Mutex 6ae9cf8 (0) Count=1 

Mutex 7bd498498198 (0) Count=3 

Mutex 7bd49804bc80 (0) Count=3 

Mutex 5164ffc3b028 (0) Count=2 

Mutex 5164ffc3b1d8 (0) Count=7 

Mutex 5164c1317778 (0) Count=525 

Mutex 5164ffc3ac80 (0) Count=3 

Mutex 5164ffac40e0 (0) Count=6 

Mutex 5164ffc3af08 (0) Count=1 

