Task to be tracked is  TenantM.ckerNet



Init of all locks






Per thread lock analysis



     wait time (us)      : count     distribution
         0 -> 1          : 104483   |                                        |
         2 -> 3          : 19074736 |****************************************|
         4 -> 7          : 793282   |*                                       |
         8 -> 15         : 159269   |                                        |
        16 -> 31         : 129667   |                                        |
        32 -> 63         : 14189    |                                        |
        64 -> 127        : 1211     |                                        |
       128 -> 255        : 318      |                                        |
       256 -> 511        : 153      |                                        |
       512 -> 1023       : 266      |                                        |
      1024 -> 2047       : 85       |                                        |
      2048 -> 4095       : 29       |                                        |
      4096 -> 8191       : 2        |                                        |
      8192 -> 16383      : 3        |                                        |
     16384 -> 32767      : 5        |                                        |
     hold time (us)      : count     distribution
         0 -> 1          : 1247     |                                        |
         2 -> 3          : 313759   |                                        |
         4 -> 7          : 15419907 |****************************************|
         8 -> 15         : 4666241  |************                            |
        16 -> 31         : 83991    |                                        |
        32 -> 63         : 6026     |                                        |
        64 -> 127        : 2498     |                                        |
       128 -> 255        : 1860     |                                        |
       256 -> 511        : 709      |                                        |
       512 -> 1023       : 1799     |                                        |
      1024 -> 2047       : 216      |                                        |
      2048 -> 4095       : 177      |                                        |
      4096 -> 8191       : 88       |                                        |
      8192 -> 16383      : 3250     |                                        |
     16384 -> 32767      : 42       |                                        |
     32768 -> 65535      : 710      |                                        |
     65536 -> 131071     : 1063     |                                        |
    131072 -> 262143     : 38       |                                        |
    262144 -> 524287     : 161      |                                        |
    524288 -> 1048575    : 925      |                                        |
   1048576 -> 2097151    : 29       |                                        |
   2097152 -> 4194303    : 26       |                                        |
   4194304 -> 8388607    : 24       |                                        |
   8388608 -> 16777215   : 15       |                                        |



Overall per lock analysis






Contention analysis



Mutex 625945e36318 (0) Count=1 

Mutex 57ebf48 (0) Count=680 

Mutex 5164ff89ae88 (0) Count=51 

Mutex 5164ffc3b268 (0) Count=6 

Mutex 5164ffc3b100 (0) Count=1 

Mutex 5e53361a69e8 (0) Count=8 

Mutex 5164ffb0fb80 (0) Count=8601 

Mutex 77fc60f18210 (0) Count=245 

Mutex 516518850808 (0) Count=560 

Mutex 7af26bf4c914 (0) Count=1 

Mutex 5164ffc3b0b8 (0) Count=6 

Mutex 5164ffac2598 (0) Count=68 

Mutex 5164ffac2550 (0) Count=85 

Mutex 7e0710a934f8 (0) Count=1 

Mutex 5164ffaaddf0 (0) Count=9776 

Mutex 77fc5cba18f8 (0) Count=5 

Mutex 5164f9568428 (0) Count=12 

Mutex 625945e36738 (0) Count=2 

Mutex 625945e34a58 (0) Count=2 

Mutex 5164ff913310 (0) Count=5 

Mutex 625945e36f78 (0) Count=1 

Mutex 5164ff913170 (0) Count=4 

Mutex 5164f1a0f058 (0) Count=110 

Mutex 5164ff8f3d08 (0) Count=33 

Mutex 5164ffac3318 (0) Count=4 

Mutex 5164f93fc428 (0) Count=6 

Mutex 6aea6a0 (0) Count=16 

Mutex 5164f86af628 (0) Count=12 

Mutex 6eea658 (0) Count=2 

Mutex 5164ffc3ade8 (0) Count=1 

Mutex 5164ffac3870 (0) Count=2 

Mutex 5164f83cc428 (0) Count=8 

Mutex 72b6d6e719b4 (0) Count=56 

Mutex 72f9121af954 (0) Count=60 

Mutex 5164ff8b1818 (0) Count=3 

Mutex 5164ffc3afe0 (0) Count=5 

Mutex 6c24378 (0) Count=1 

Mutex 5165469cbe98 (0) Count=1 

Mutex 5164ffac4170 (0) Count=5 

Mutex 6259461797d8 (0) Count=183 

Mutex 7af26bb40914 (0) Count=1 

Mutex 592f260 (0) Count=1 

Mutex 5164ff913580 (0) Count=2 

Mutex 5164f8530028 (0) Count=11 

Mutex 7ebf273269b4 (0) Count=56 

Mutex 5164ffac3c60 (0) Count=2 

Mutex 625945e36898 (0) Count=1 

Mutex 7ffdc5933f44 (0) Count=24 

Mutex 7bb286c559b4 (0) Count=58 

Mutex 625948738a18 (0) Count=35 

Mutex 5164dba82478 (0) Count=1 

Mutex 625945e34d18 (0) Count=1 

Mutex 51655f9aa348 (0) Count=4 

Mutex 5164ffc3ada0 (0) Count=5 

Mutex 6d5a860 (0) Count=4 

Mutex 5165b2a65e98 (0) Count=1 

Mutex 5164ff913990 (0) Count=1 

Mutex 5164ff912060 (0) Count=1 

Mutex 5164ffc25948 (0) Count=1635 

Mutex 5164ffc3aa88 (0) Count=10 

Mutex 77fc5d1ba8f8 (0) Count=5 

Mutex 5164ffac32d0 (0) Count=3 

Mutex 5164de84aa68 (0) Count=1 

Mutex 5164f9795628 (0) Count=10 

Mutex 5ae24e0 (0) Count=3 

Mutex 625945e35978 (0) Count=1 

Mutex 5164dba82348 (0) Count=1 

Mutex 5164ff9130a0 (0) Count=3 

Mutex 5164ffac2868 (0) Count=66 

Mutex 5ad8a48 (0) Count=88 

Mutex 625945e370d8 (0) Count=1 

Mutex 5164ffc3b340 (0) Count=7 

Mutex 625945e34fd8 (0) Count=2 

Mutex 5164f9566028 (0) Count=10 

Mutex 5164f9569628 (0) Count=9 

Mutex 7af26b713944 (0) Count=28 

Mutex 10187f18 (0) Count=3 

Mutex 77fc5dfd88f8 (0) Count=5 

Mutex 625945e365d8 (0) Count=1 

Mutex 5164ff9137f0 (0) Count=2 

Mutex 7fff430b0114 (0) Count=24 

Mutex 7e07182daa98 (0) Count=5 

Mutex 5164f1a0e348 (0) Count=722 

Mutex 625945e36058 (0) Count=1 

Mutex 51650573bb08 (0) Count=2158 

Mutex 5164ff89aa08 (0) Count=3 

Mutex 625946265aa0 (0) Count=2 

Mutex 625945e361b8 (0) Count=1 

Mutex 738eee8 (0) Count=1 

Mutex 727d328 (0) Count=3 

Mutex 5165469cbd68 (0) Count=51 

Mutex 5164ffc3ae78 (0) Count=2 

Mutex 5164ffac40e0 (0) Count=6 

Mutex 5164ff913650 (0) Count=2 

Mutex 625945e35298 (0) Count=1 

Mutex 625945e372a4 (0) Count=18 

Mutex 625947e9d668 (0) Count=28 

Mutex 7ffc6a82bbf4 (0) Count=20 

Mutex 5164ffb12178 (0) Count=11581 

Mutex 625946169380 (0) Count=193 

Mutex 625945e34bb8 (0) Count=1 

Mutex 5e53361a46c0 (0) Count=10 

Mutex 7af26b93a964 (0) Count=42 

Mutex 5164ff913b30 (0) Count=1 

Mutex 625945e34798 (0) Count=2 

Mutex 5164f9794428 (0) Count=3 

Mutex 5164ffc3b148 (0) Count=10 

Mutex 5164ffac4098 (0) Count=3 

Mutex 768625ba1100 (0) Count=17 

Mutex 5164ffc3b190 (0) Count=10 

Mutex 5164ffc3aad0 (0) Count=6 

Mutex 5ad90b8 (0) Count=1 

Mutex 5164f9793b28 (0) Count=5 

Mutex 5164ff913720 (0) Count=4 

Mutex 5165469cbc38 (0) Count=572 

Mutex 5164ffc3ab18 (0) Count=7 

Mutex 625945e35ef8 (0) Count=2 

Mutex 7af26ce7a914 (0) Count=1 

Mutex 5164ffc3aec0 (0) Count=3 

Mutex 5164ffc3ae30 (0) Count=3 

Mutex 5164e9c145a8 (0) Count=1 

Mutex 5ad8fd8 (0) Count=21 

Mutex 625945e34e78 (0) Count=1 

Mutex 6a8f6a0 (0) Count=4 

Mutex 625945e353f8 (0) Count=2 

Mutex 51655f9aab98 (0) Count=741 

Mutex 51652afce478 (0) Count=1 

Mutex 5164ff883888 (0) Count=7403 

Mutex 5164f8739628 (0) Count=10 

Mutex 56a45e8 (0) Count=4 

Mutex 5164ffc3ab60 (0) Count=4 

Mutex 5164ffbf8708 (0) Count=761 

Mutex 7044a4000030 (0) Count=1 

Mutex 54e8680 (0) Count=262 

Mutex 5164f8722d28 (0) Count=16 

Mutex 625945e36cb8 (0) Count=1 

Mutex 5164ff9133e0 (0) Count=2 

Mutex 5164ffc3ad10 (0) Count=6 

Mutex 56a45b8 (0) Count=2 

Mutex 72f9139f9904 (0) Count=1 

Mutex b74bc68 (0) Count=1 

Mutex 5164ffc3b2f8 (0) Count=6 

Mutex 6aee330 (0) Count=1 

Mutex 72f911f7e934 (0) Count=18 

Mutex 7af26cc74914 (0) Count=1 

Mutex 5164ffc3b1d8 (0) Count=6 

Mutex 5a83860 (0) Count=12 

Mutex 5164ff913c00 (0) Count=2 

Mutex 5164ffc3af08 (0) Count=5 

Mutex 5164fbfa0110 (0) Count=1 

Mutex 5164ffc3ac80 (0) Count=9 

Mutex 625945e356b8 (0) Count=1 

Mutex 5164ffc3b220 (0) Count=10 

Mutex 6d39710 (0) Count=1 

Mutex 5ad8a70 (0) Count=1 

Mutex 5164ff913240 (0) Count=2 

Mutex 7ffc34506750 (0) Count=1 

Mutex 7af26d184914 (0) Count=1 

Mutex 5164cba29188 (0) Count=1 

Mutex 5164ffc3b028 (0) Count=3 

Mutex 5164ffc3b070 (0) Count=3 

Mutex 51655f9ab058 (0) Count=608 

Mutex 5164f86adb28 (0) Count=8 

Mutex 5ad8d90 (0) Count=1750 

Mutex 5164f8736028 (0) Count=12 

Mutex 5164ffc3abf0 (0) Count=3 

Mutex 5164ffc3ac38 (0) Count=6 

Mutex 7e07182f03b8 (0) Count=1 

Mutex 54e87a8 (0) Count=38 

Mutex 5164ffc3af50 (0) Count=4 

Mutex 5164ffc3ad58 (0) Count=3 

Mutex 5164ffc3acc8 (0) Count=3 

Mutex 5164f9567b28 (0) Count=7 

Mutex 5164ff863688 (0) Count=8439 

Mutex 5164ffc3af98 (0) Count=3 

Mutex 5abbd28 (0) Count=1 

Mutex 51655f9ab3e8 (0) Count=630 

Mutex 5164ff9134b0 (0) Count=1 

Mutex 5164ff912fd0 (0) Count=3 

Mutex 5164ffc3b2b0 (0) Count=6 

Mutex 625945e36e18 (0) Count=1 

Mutex 5164ffac3678 (0) Count=85 

Mutex 72f912cd0904 (0) Count=1 

Mutex 5164ffc3aba8 (0) Count=3 

Mutex 5164f9794d28 (0) Count=15 

Mutex 75676f591210 (0) Count=35 

