Task to be tracked is  tcmallocBg



Init of all locks






Per thread lock analysis



     wait time (us)      : count     distribution
         0 -> 1          : 110950   |                                        |
         2 -> 3          : 19189999 |****************************************|
         4 -> 7          : 764375   |*                                       |
         8 -> 15         : 168635   |                                        |
        16 -> 31         : 135364   |                                        |
        32 -> 63         : 15272    |                                        |
        64 -> 127        : 522      |                                        |
       128 -> 255        : 95       |                                        |
       256 -> 511        : 121      |                                        |
       512 -> 1023       : 66       |                                        |
      1024 -> 2047       : 2        |                                        |
      2048 -> 4095       : 1        |                                        |
     hold time (us)      : count     distribution
         0 -> 1          : 1        |                                        |
         2 -> 3          : 351430   |                                        |
         4 -> 7          : 15658714 |****************************************|
         8 -> 15         : 4466758  |***********                             |
        16 -> 31         : 83858    |                                        |
        32 -> 63         : 4571     |                                        |
        64 -> 127        : 773      |                                        |
       128 -> 255        : 184      |                                        |
       256 -> 511        : 553      |                                        |
       512 -> 1023       : 345      |                                        |
      1024 -> 2047       : 112      |                                        |
      2048 -> 4095       : 108      |                                        |
      4096 -> 8191       : 53       |                                        |
      8192 -> 16383      : 3206     |                                        |
     16384 -> 32767      : 19       |                                        |
     32768 -> 65535      : 667      |                                        |
     65536 -> 131071     : 987      |                                        |
    131072 -> 262143     : 30       |                                        |
    262144 -> 524287     : 75       |                                        |
    524288 -> 1048575    : 949      |                                        |
   1048576 -> 2097151    : 21       |                                        |
   2097152 -> 4194303    : 35       |                                        |
   4194304 -> 8388607    : 17       |                                        |
   8388608 -> 16777215   : 13       |                                        |
  16777216 -> 33554431   : 4        |                                        |



Overall per lock analysis






Contention analysis



Mutex 7af26c358914 (0) Count=1 

Mutex 5164f9794d28 (0) Count=22 

Mutex 7af26c764914 (0) Count=1 

Mutex 5164ffac3678 (0) Count=91 

Mutex 5164ff912fd0 (0) Count=3 

Mutex 5165b2a65778 (0) Count=1219 

Mutex 5164ffc3ae30 (0) Count=6 

Mutex 54e86d0 (0) Count=1 

Mutex 7e071838c548 (0) Count=1 

Mutex 5164ff913990 (0) Count=4 

Mutex 5164de84a808 (0) Count=225 

Mutex 5164ff9133e0 (0) Count=2 

Mutex 7ffcb9f0bbd0 (0) Count=1 

Mutex 5164ffc3ade8 (0) Count=12 

Mutex 5164ffc3b190 (0) Count=11 

Mutex 5164ffac3c60 (0) Count=3 

Mutex 5addea8 (0) Count=1 

Mutex 5164de84a6d8 (0) Count=16 

Mutex 6d945b0 (0) Count=2 

Mutex 5164ffac3870 (0) Count=4 

Mutex 5164ffc3ad58 (0) Count=9 

Mutex 5164f8722d28 (0) Count=19 

Mutex 5164f9795628 (0) Count=13 

Mutex 77fc5d1ba8f8 (0) Count=8 

Mutex 5164ffc3b2b0 (0) Count=7 

Mutex 5164fff17b08 (0) Count=1 

Mutex 7ffc6a82bbf4 (0) Count=30 

Mutex 5164ff913170 (0) Count=10 

Mutex 10a11678 (0) Count=3 

Mutex 5a9aec0 (0) Count=1 

Mutex 516598fef9d8 (0) Count=1307 

Mutex 5164ffaaddf0 (0) Count=1887 

Mutex 5164ffc3ab60 (0) Count=13 

Mutex 5164ffc3b2f8 (0) Count=4 

Mutex 5164ffc3af50 (0) Count=6 

Mutex 5164ffc3ab18 (0) Count=6 

Mutex 5164ffc3b028 (0) Count=1 

Mutex 5164ffac4170 (0) Count=4 

Mutex 7f09e4000030 (0) Count=1 

Mutex 77fc5dfd88f8 (0) Count=13 

Mutex 7e0710a934f8 (0) Count=1 

Mutex 5164fbfa0110 (0) Count=5 

Mutex 5e53361a46c0 (0) Count=15 

Mutex 5164ffbf8708 (0) Count=1276 

Mutex 57ebf48 (0) Count=5 

Mutex 5164ffc3aec0 (0) Count=13 

Mutex 5164ff9130a0 (0) Count=4 

Mutex 7af26ce7a914 (0) Count=1 

Mutex 7af26c55e914 (0) Count=1 

Mutex 7af26c04f914 (0) Count=1 

Mutex 72f911f7e934 (0) Count=34 

Mutex 5164ff863688 (0) Count=14611 

Mutex 5e53361a79e8 (0) Count=1 

Mutex 7fff430b0114 (0) Count=30 

Mutex 5164ffc3ad10 (0) Count=8 

Mutex 6a8f6a0 (0) Count=4 

Mutex 5164f9794428 (0) Count=19 

Mutex 7bb286c559b4 (0) Count=64 

Mutex 72a0358 (0) Count=1 

Mutex 54e87a8 (0) Count=27 

Mutex 5164ffc3b0b8 (0) Count=10 

Mutex 5164f86af628 (0) Count=3 

Mutex 7af26b713944 (0) Count=54 

Mutex 5164ffc3b148 (0) Count=4 

Mutex 5164f9793b28 (0) Count=10 

Mutex 5164f83cc428 (0) Count=12 

Mutex 5164f9568428 (0) Count=14 

Mutex 5164ffc3af98 (0) Count=5 

Mutex 738eee8 (0) Count=1 

Mutex 5164ffac4098 (0) Count=5 

Mutex 5a8389c (0) Count=1 

Mutex 5164ffac2550 (0) Count=97 

Mutex 5164f9567b28 (0) Count=8 

Mutex 5164ff9138c0 (0) Count=2 

Mutex 7af26cb71914 (0) Count=1 

Mutex 5164ff913580 (0) Count=3 

Mutex 5164ffc3acc8 (0) Count=5 

Mutex 7ffdc5933f44 (0) Count=28 

Mutex 77fc60f18210 (0) Count=326 

Mutex 5164ffc3b268 (0) Count=5 

Mutex 5164ffc3ada0 (0) Count=7 

Mutex 5164fbfa0190 (0) Count=2 

Mutex 5164ff9134b0 (0) Count=6 

Mutex 5a83860 (0) Count=2 

Mutex 5164f8736028 (0) Count=12 

Mutex 6dbcc48 (0) Count=1 

Mutex 5164f8739628 (0) Count=4 

Mutex 56a45e8 (0) Count=18 

Mutex 5164ff9137f0 (0) Count=1 

Mutex 72f9136ee904 (0) Count=1 

Mutex 5164f93fc428 (0) Count=10 

Mutex 5164ffac3318 (0) Count=2 

Mutex 54e86d4 (0) Count=1 

Mutex 5164ff913240 (0) Count=5 

Mutex 5164ff913650 (0) Count=5 

Mutex 72b6d6e719b4 (0) Count=60 

Mutex 7af26d080914 (0) Count=1 

Mutex 5164f86adb28 (0) Count=14 

Mutex 75676f591210 (0) Count=50 

Mutex 7af26c867914 (0) Count=1 

Mutex 5164ffc3abf0 (0) Count=4 

Mutex 7ebf273269b4 (0) Count=62 

Mutex 5164ffc3aba8 (0) Count=10 

Mutex 72f912dd3904 (0) Count=1 

Mutex 77fc5cba18f8 (0) Count=12 

Mutex 516544ee0cc8 (0) Count=1916 

Mutex 56a45b8 (0) Count=13 

Mutex 5164ffac32d0 (0) Count=2 

Mutex 6d39710 (0) Count=2 

Mutex 7af26c45b914 (0) Count=1 

Mutex 5e53361a69e8 (0) Count=9 

Mutex 6e948a8 (0) Count=2 

Mutex 5164ffac2598 (0) Count=83 

Mutex 5164ffc3afe0 (0) Count=10 

Mutex 5164ffc3b340 (0) Count=5 

Mutex 72f9121af954 (0) Count=63 

Mutex 54e8680 (0) Count=271 

Mutex 516544ee1e98 (0) Count=1063 

Mutex 10bbf6b8 (0) Count=8 

Mutex 6aea6a0 (0) Count=19 

Mutex 5164f9566028 (0) Count=9 

Mutex 5164ffc3af08 (0) Count=10 

Mutex 5164ffc3b1d8 (0) Count=5 

Mutex 5164ffb0fb80 (0) Count=9091 

Mutex 5ade850 (0) Count=2 

Mutex 5164f9569628 (0) Count=18 

Mutex 7af26c661914 (0) Count=1 

Mutex 5a996b0 (0) Count=2 

Mutex 7af26cf7d914 (0) Count=1 

Mutex 5164ff913b30 (0) Count=3 

Mutex 5164ff913310 (0) Count=3 

Mutex 5164ffac40e0 (0) Count=9 

Mutex 727d198 (0) Count=3 

Mutex 5164ffc3b070 (0) Count=9 

Mutex 7ffc34506750 (0) Count=1 

Mutex 7e0710ff9e98 (0) Count=1 

Mutex 5164ff8b1818 (0) Count=2 

Mutex 5164ff913c00 (0) Count=2 

Mutex d6b9628 (0) Count=15 

Mutex 5164ff89a788 (0) Count=1 

Mutex 7ffcb9f0b660 (0) Count=1 

Mutex 6d5a860 (0) Count=1 

Mutex 7af26bf4c914 (0) Count=1 

Mutex 7af26b93a964 (0) Count=63 

Mutex 5164ff912060 (0) Count=6 

Mutex 51657a710a68 (0) Count=1274 

Mutex 5164ffc3ac80 (0) Count=8 

Mutex 5164ff913720 (0) Count=3 

Mutex 516537bb2a68 (0) Count=3149 

Mutex 5164f8530028 (0) Count=7 

Mutex 5164ffb12178 (0) Count=25402 

Mutex 5164ffc3aa88 (0) Count=3 

Mutex 5164ffc3b220 (0) Count=7 

Mutex 7af26ba3d914 (0) Count=1 

Mutex 5164ffc3b100 (0) Count=6 

Mutex 5164ffac2868 (0) Count=70 

Mutex 6d5c928 (0) Count=3 

Mutex 7fff99ad2620 (0) Count=1 

Mutex 5164ffc3aad0 (0) Count=11 

Mutex 5164ffc3ac38 (0) Count=3 

Mutex 5164ff883888 (0) Count=2190 

Mutex 516537bb2cc8 (0) Count=669 

Mutex 5164ffc3ae78 (0) Count=12 

Mutex 7e0719e9f028 (0) Count=1 

Mutex 5164ffc25948 (0) Count=3165 

Mutex 6d706b0 (0) Count=1 

Mutex 5164ff89ae88 (0) Count=123 

Mutex 5a9ae20 (0) Count=2 

