Task to be tracked is  mongod



Init of all locks






Per thread lock analysis



     wait time (us)      : count     distribution
         0 -> 1          : 120243   |                                        |
         2 -> 3          : 19738651 |****************************************|
         4 -> 7          : 607333   |*                                       |
         8 -> 15         : 144983   |                                        |
        16 -> 31         : 138949   |                                        |
        32 -> 63         : 15643    |                                        |
        64 -> 127        : 523      |                                        |
       128 -> 255        : 74       |                                        |
       256 -> 511        : 129      |                                        |
       512 -> 1023       : 219      |                                        |
      1024 -> 2047       : 83       |                                        |
      2048 -> 4095       : 24       |                                        |
      4096 -> 8191       : 5        |                                        |
      8192 -> 16383      : 2        |                                        |
     16384 -> 32767      : 1        |                                        |
     hold time (us)      : count     distribution
         0 -> 1          : 11       |                                        |
         2 -> 3          : 369105   |                                        |
         4 -> 7          : 16131510 |****************************************|
         8 -> 15         : 4390397  |**********                              |
        16 -> 31         : 93891    |                                        |
        32 -> 63         : 5007     |                                        |
        64 -> 127        : 1482     |                                        |
       128 -> 255        : 693      |                                        |
       256 -> 511        : 584      |                                        |
       512 -> 1023       : 873      |                                        |
      1024 -> 2047       : 172      |                                        |
      2048 -> 4095       : 16       |                                        |
      4096 -> 8191       : 15       |                                        |
      8192 -> 16383      : 3271     |                                        |
     16384 -> 32767      : 23       |                                        |
     32768 -> 65535      : 650      |                                        |
     65536 -> 131071     : 1002     |                                        |
    131072 -> 262143     : 11       |                                        |
    262144 -> 524287     : 29       |                                        |
    524288 -> 1048575    : 928      |                                        |
   1048576 -> 2097151    : 10       |                                        |
   2097152 -> 4194303    : 2        |                                        |
   4194304 -> 8388607    : 14       |                                        |
   8388608 -> 16777215   : 10       |                                        |



Overall per lock analysis






Contention analysis



Mutex 7af26c45b914 (0) Count=1 

Mutex 5164ffc3ae78 (0) Count=5 

Mutex 75676f591210 (0) Count=42 

Mutex 5164ffac2868 (0) Count=56 

Mutex 5164ffac3870 (0) Count=2 

Mutex 7af26c04f914 (0) Count=1 

Mutex 57ebf48 (0) Count=790 

Mutex 516542db5648 (0) Count=1073 

Mutex 5164c1317d68 (0) Count=1 

Mutex 5164ff89ae88 (0) Count=154 

Mutex 5164f9567b28 (0) Count=12 

Mutex 5164ffac32d0 (0) Count=3 

Mutex 5165a8ed06d8 (0) Count=811 

Mutex 5164c13178a8 (0) Count=1 

Mutex 5164ff8f3d08 (0) Count=24 

Mutex 5164ffc3af08 (0) Count=6 

Mutex 5164ff913240 (0) Count=2 

Mutex 5164ffc3ac80 (0) Count=11 

Mutex 5164ffc25948 (0) Count=3270 

Mutex 5164ffc3af98 (0) Count=10 

Mutex 5164ffc3ada0 (0) Count=4 

Mutex 5164ffc3aec0 (0) Count=9 

Mutex 625946169380 (0) Count=8 

Mutex 7f09e8000030 (0) Count=1 

Mutex 5164ffc3b100 (0) Count=2 

Mutex 5164ff913b30 (0) Count=2 

Mutex 5165b7508348 (0) Count=744 

Mutex 6f000e8 (0) Count=3 

Mutex 5164ff863688 (0) Count=16677 

Mutex 5164ffc3b148 (0) Count=2 

Mutex 7fff430b0114 (0) Count=31 

Mutex 5164ffc3aba8 (0) Count=7 

Mutex 54e8680 (0) Count=104 

Mutex 5164f9794d28 (0) Count=7 

Mutex 7ffc34509cb0 (0) Count=1 

Mutex 5164ffac2598 (0) Count=69 

Mutex 5164ffc3ab60 (0) Count=6 

Mutex 77fc60f18210 (0) Count=88 

Mutex 6d5a860 (0) Count=1 

Mutex 625945e36e18 (0) Count=1 

Mutex 5e53361a67e8 (0) Count=1 

Mutex 6aa5580 (0) Count=1 

Mutex 5164ffc3af50 (0) Count=8 

Mutex 7af26c55e914 (0) Count=1 

Mutex 6259488a3c08 (0) Count=4 

Mutex 5164ff913720 (0) Count=1 

Mutex 5164ffac3678 (0) Count=70 

Mutex 5164f86adb28 (0) Count=11 

Mutex 5164ff9130a0 (0) Count=5 

Mutex 5164ffc3aad0 (0) Count=12 

Mutex 5164ff8b1818 (0) Count=1 

Mutex 7ffc6a82bbf4 (0) Count=32 

Mutex 72f912fd9904 (0) Count=1 

Mutex 5164ffac40e0 (0) Count=11 

Mutex 5164d05d8cc8 (0) Count=1 

Mutex 5164f9793b28 (0) Count=12 

Mutex 5164f9794428 (0) Count=14 

Mutex 5e53361a69e8 (0) Count=10 

Mutex 5164ffc3b2b0 (0) Count=3 

Mutex 5164ffac2550 (0) Count=103 

Mutex 5164ff913c00 (0) Count=1 

Mutex 5164f8530028 (0) Count=8 

Mutex 51650573bd68 (0) Count=2395 

Mutex 72b6d6e719b4 (0) Count=64 

Mutex 72f911f7e934 (0) Count=30 

Mutex 5164ffac4170 (0) Count=6 

Mutex 5164f83cc428 (0) Count=4 

Mutex 7af26cb71914 (0) Count=1 

Mutex 5164ffb0fb80 (0) Count=17063 

Mutex 5164ffc3ac38 (0) Count=7 

Mutex 5164ff9133e0 (0) Count=2 

Mutex 7af26c661914 (0) Count=1 

Mutex 5164f9795628 (0) Count=2 

Mutex 5164ffc3b190 (0) Count=4 

Mutex 5164f8736028 (0) Count=19 

Mutex 7af26c358914 (0) Count=1 

Mutex 7ebf273269b4 (0) Count=65 

Mutex 5164ff912fd0 (0) Count=2 

Mutex 72f9121af954 (0) Count=65 

Mutex 5164ff913310 (0) Count=4 

Mutex 5164ffb12178 (0) Count=19544 

Mutex 5164f9568428 (0) Count=10 

Mutex 5164ff913650 (0) Count=1 

Mutex 5164f8722d28 (0) Count=12 

Mutex 5164ee78f778 (0) Count=1 

Mutex 5164ffc3b340 (0) Count=9 

Mutex 5164ffc3acc8 (0) Count=6 

Mutex 5164ffc3ad58 (0) Count=8 

Mutex 5164ffc3aa88 (0) Count=14 

Mutex 5164f8739628 (0) Count=9 

Mutex 5164ffc3b268 (0) Count=7 

Mutex 5164ff89aa08 (0) Count=3 

Mutex 5164f93fc428 (0) Count=15 

Mutex 5164ffc3b028 (0) Count=5 

Mutex 6a8f6a0 (0) Count=1 

Mutex 5164ff913990 (0) Count=3 

Mutex 5164ff9138c0 (0) Count=1 

Mutex 72f9132e2904 (0) Count=1 

Mutex 7af26b93a964 (0) Count=65 

Mutex 5164ffc3ade8 (0) Count=4 

Mutex 5164d05d8b98 (0) Count=1 

Mutex 5164ffc3afe0 (0) Count=5 

Mutex 5164ffc3ab18 (0) Count=5 

Mutex 5164ffc3ae30 (0) Count=4 

Mutex 5164ffbf8708 (0) Count=993 

Mutex 5164ff883888 (0) Count=37996 

Mutex 54e87a8 (0) Count=7 

Mutex 5164ffc3b2f8 (0) Count=2 

Mutex 5164ffc3ad10 (0) Count=6 

Mutex 6ae6518 (0) Count=1 

Mutex 5abbcf8 (0) Count=5 

Mutex 5164ffc3b0b8 (0) Count=6 

Mutex 7bb286c559b4 (0) Count=64 

Mutex 5164ff9137f0 (0) Count=1 

Mutex 5164f86af628 (0) Count=7 

Mutex 5e53361a79e8 (0) Count=1 

Mutex 5164ffac3c60 (0) Count=5 

Mutex 625947e9d668 (0) Count=1 

Mutex 713b588 (0) Count=3 

Mutex 5164ffc3abf0 (0) Count=3 

Mutex 5164ff9134b0 (0) Count=3 

Mutex 5164f9569628 (0) Count=13 

Mutex 5164ffc3b1d8 (0) Count=5 

Mutex 5164f9566028 (0) Count=16 

Mutex 5164ffaaddf0 (0) Count=33885 

Mutex 5164ffac4098 (0) Count=4 

Mutex 5165469cab98 (0) Count=2580 

Mutex 5164ff913580 (0) Count=1 

Mutex 56a45e8 (0) Count=4 

Mutex 625945e372a4 (0) Count=10 

Mutex 5164ff89a788 (0) Count=1 

Mutex 7af26c867914 (0) Count=1 

Mutex 7fff99ad2620 (0) Count=1 

Mutex 7e071836ec18 (0) Count=2 

Mutex 6aea6a0 (0) Count=1 

Mutex 5164ff913170 (0) Count=3 

Mutex 5abbd28 (0) Count=6 

Mutex 5164ffac3318 (0) Count=2 

Mutex 6259461797d8 (0) Count=11 

Mutex 5164ff912060 (0) Count=1 

Mutex 5164ffc3b070 (0) Count=5 

Mutex 5164ee78e6d8 (0) Count=3374 

Mutex 5164ff89a388 (0) Count=1 

Mutex 5165469ca938 (0) Count=1613 

Mutex 7ffcb9f0ca60 (0) Count=1 

Mutex 56a45b8 (0) Count=1 

Mutex 5164d754a218 (0) Count=164 

Mutex 5164ffc3b220 (0) Count=3 

Mutex 7ffdc5933f44 (0) Count=29 

Mutex 7af26b713944 (0) Count=46 

