Task to be tracked is  log-server



Init of all locks






Per thread lock analysis



     wait time (us)      : count     distribution
         0 -> 1          : 97265    |                                        |
         2 -> 3          : 18969981 |****************************************|
         4 -> 7          : 705757   |*                                       |
         8 -> 15         : 167712   |                                        |
        16 -> 31         : 143201   |                                        |
        32 -> 63         : 18324    |                                        |
        64 -> 127        : 761      |                                        |
       128 -> 255        : 117      |                                        |
       256 -> 511        : 149      |                                        |
       512 -> 1023       : 128      |                                        |
      1024 -> 2047       : 7        |                                        |
      2048 -> 4095       : 2        |                                        |
      4096 -> 8191       : 62       |                                        |
     hold time (us)      : count     distribution
         0 -> 1          : 8        |                                        |
         2 -> 3          : 290567   |                                        |
         4 -> 7          : 15118118 |****************************************|
         8 -> 15         : 4766903  |************                            |
        16 -> 31         : 90549    |                                        |
        32 -> 63         : 4792     |                                        |
        64 -> 127        : 807      |                                        |
       128 -> 255        : 201      |                                        |
       256 -> 511        : 544      |                                        |
       512 -> 1023       : 403      |                                        |
      1024 -> 2047       : 94       |                                        |
      2048 -> 4095       : 19       |                                        |
      4096 -> 8191       : 20       |                                        |
      8192 -> 16383      : 3217     |                                        |
     16384 -> 32767      : 13       |                                        |
     32768 -> 65535      : 647      |                                        |
     65536 -> 131071     : 956      |                                        |
    131072 -> 262143     : 17       |                                        |
    262144 -> 524287     : 26       |                                        |
    524288 -> 1048575    : 918      |                                        |
   1048576 -> 2097151    : 6        |                                        |
   2097152 -> 4194303    : 13       |                                        |
   4194304 -> 8388607    : 17       |                                        |
   8388608 -> 16777215   : 11       |                                        |



Overall per lock analysis






Contention analysis



Mutex 7ffc34505150 (0) Count=3 

Mutex 6ae4300 (0) Count=13 

Mutex 6a8f6a0 (0) Count=18 

Mutex 5164ff913170 (0) Count=7 

Mutex 625945e372a4 (0) Count=17 

Mutex 5164ffac4098 (0) Count=5 

Mutex 5164ffac3678 (0) Count=87 

Mutex 5164ffac40e0 (0) Count=11 

Mutex 5164f93fd628 (0) Count=16 

Mutex 77fc5d1ba8f8 (0) Count=2 

Mutex 54e8680 (0) Count=132 

Mutex 5164ffb12178 (0) Count=29588 

Mutex 77fc60f18210 (0) Count=247 

Mutex 6eb8b58 (0) Count=2 

Mutex 7af26bb40914 (0) Count=1 

Mutex 5164ffc3ac38 (0) Count=4 

Mutex 5164ffc3b028 (0) Count=9 

Mutex 6d87168 (0) Count=7 

Mutex 51652179e0e8 (0) Count=3 

Mutex 5164ffc3ab60 (0) Count=4 

Mutex 6aea6a0 (0) Count=12 

Mutex 7ffc345054e0 (0) Count=1 

Mutex 5164f9569628 (0) Count=19 

Mutex 7af26bd46914 (0) Count=1 

Mutex 5164ff9137f0 (0) Count=4 

Mutex 5164ffc3ada0 (0) Count=9 

Mutex 7ebf273269b4 (0) Count=59 

Mutex 5164ffc3b220 (0) Count=6 

Mutex 5164e9c153e8 (0) Count=16 

Mutex 7af26cf7d914 (0) Count=1 

Mutex 6aa6cf0 (0) Count=5 

Mutex 625945e36898 (0) Count=1 

Mutex 5164ffc3b1d8 (0) Count=8 

Mutex 7af26be49914 (0) Count=1 

Mutex 6a8f6d8 (0) Count=1 

Mutex 5164ff9138c0 (0) Count=3 

Mutex 5164f9566028 (0) Count=11 

Mutex 78d8288 (0) Count=4 

Mutex 5164ffc3aba8 (0) Count=6 

Mutex 6aa6d90 (0) Count=2 

Mutex 5164f9794428 (0) Count=22 

Mutex 5164ffc3b268 (0) Count=6 

Mutex 5e53361a46c0 (0) Count=17 

Mutex 7af26c152914 (0) Count=1 

Mutex 5164ffc3abf0 (0) Count=9 

Mutex 5164ffc25948 (0) Count=3875 

Mutex 5164ff913240 (0) Count=6 

Mutex 5164ffc3aad0 (0) Count=6 

Mutex 70a1018 (0) Count=14 

Mutex 7f09e8000030 (0) Count=2 

Mutex 72f912fd9904 (0) Count=1 

Mutex 5164ff913720 (0) Count=1 

Mutex 57ebf48 (0) Count=46 

Mutex 5164f9795628 (0) Count=5 

Mutex 5164ffc3acc8 (0) Count=12 

Mutex 6c52408 (0) Count=3 

Mutex 5164ffc3afe0 (0) Count=7 

Mutex 5164ff913b30 (0) Count=3 

Mutex 5164ff913c00 (0) Count=2 

Mutex 5164ffac4170 (0) Count=5 

Mutex 5164e1495778 (0) Count=1407 

Mutex 72f9132e2904 (0) Count=1 

Mutex 5164f9794d28 (0) Count=13 

Mutex 5164ff9134b0 (0) Count=1 

Mutex 6d5a860 (0) Count=2 

Mutex 859d2a8 (0) Count=6 

Mutex 7ffc6a82bbf4 (0) Count=32 

Mutex 79aa81bd29c4 (0) Count=56 

Mutex 5164e9c15e98 (0) Count=9 

Mutex 625945e365d8 (0) Count=1 

Mutex 5164ffc3ad58 (0) Count=3 

Mutex 5164f86af628 (0) Count=26 

Mutex 7ffd2e301c84 (0) Count=29 

Mutex 80ae398 (0) Count=9 

Mutex 5164ffc3af50 (0) Count=8 

Mutex 7af26ce7a914 (0) Count=1 

Mutex 77fc5cba18f8 (0) Count=3 

Mutex 7ffde39d5e20 (0) Count=1 

Mutex 7ffdc5933f44 (0) Count=30 

Mutex 51654bf500e8 (0) Count=3346 

Mutex 5164ffc3b100 (0) Count=10 

Mutex 5164f86adb28 (0) Count=11 

Mutex 7af26d184914 (0) Count=1 

Mutex 70a1668 (0) Count=6 

Mutex 77fc5dfd88f8 (0) Count=1 

Mutex 72f911f7e934 (0) Count=30 

Mutex 5164ff9130a0 (0) Count=4 

Mutex 7bb286c559b4 (0) Count=63 

Mutex 5164f8736028 (0) Count=7 

Mutex 6be7ee8 (0) Count=1 

Mutex 7dc0668 (0) Count=3 

Mutex 5164ffc3b340 (0) Count=11 

Mutex 625947e9d668 (0) Count=1 

Mutex 5164ffac3318 (0) Count=2 

Mutex 5164f9568428 (0) Count=9 

Mutex 5e53361a69e8 (0) Count=15 

Mutex 7ffc345055e0 (0) Count=1 

Mutex 7af26cd77914 (0) Count=1 

Mutex 7ffc345055b0 (0) Count=1 

Mutex 72b6d6e719b4 (0) Count=62 

Mutex 7fff430b0114 (0) Count=32 

Mutex 5164ffac3c60 (0) Count=4 

Mutex 6aa5580 (0) Count=5 

Mutex 5164ffac2598 (0) Count=101 

Mutex 7af26c04f914 (0) Count=1 

Mutex 5164ffc3ae30 (0) Count=10 

Mutex 5164ffc3ade8 (0) Count=3 

Mutex 5164ffbf8708 (0) Count=1739 

Mutex 5164ff9133e0 (0) Count=4 

Mutex 5164ffc3b2f8 (0) Count=8 

Mutex 6aee330 (0) Count=4 

Mutex 7af26c661914 (0) Count=1 

Mutex 5164ffb0fb80 (0) Count=19480 

Mutex 19ddaf4 (0) Count=1 

Mutex 6259465b0a08 (0) Count=26 

Mutex 5164ff89ae88 (0) Count=18 

Mutex 5164ffc3af98 (0) Count=6 

Mutex 5164ffc3ae78 (0) Count=4 

Mutex 625946169380 (0) Count=5 

Mutex 8144be8 (0) Count=1 

Mutex 7af26bc43914 (0) Count=1 

Mutex 51650fede938 (0) Count=10 

Mutex 5164f9793b28 (0) Count=14 

Mutex 5164e14945a8 (0) Count=387 

Mutex 7ac6558 (0) Count=8 

Mutex 72cd858 (0) Count=14 

Mutex 5164ffc3aa88 (0) Count=5 

Mutex 7af26b713944 (0) Count=52 

Mutex 5164ffac3870 (0) Count=5 

Mutex 5164ffac2550 (0) Count=129 

Mutex 5164ffc3b190 (0) Count=6 

Mutex 6f3e7c8 (0) Count=16 

Mutex 5164ff913310 (0) Count=4 

Mutex 5164ff883888 (0) Count=48361 

Mutex c000a81548 (0) Count=1 

Mutex 5164f83cc428 (0) Count=22 

Mutex 7af26cc74914 (0) Count=1 

Mutex 7ffc34505560 (0) Count=1 

Mutex 51650fedf058 (0) Count=2462 

Mutex 5164f9567b28 (0) Count=14 

Mutex 72f9121af954 (0) Count=62 

Mutex 5164ff863688 (0) Count=17056 

Mutex 5164ff913650 (0) Count=5 

Mutex 51652179e348 (0) Count=1402 

Mutex 5164ffc3b2b0 (0) Count=5 

Mutex 5abbcf8 (0) Count=7 

Mutex 7af26ba3d914 (0) Count=1 

Mutex 5164e9c152b8 (0) Count=3007 

Mutex 7ffc345052d0 (0) Count=2 

Mutex 5164fbfa0110 (0) Count=3 

Mutex 7af26d080914 (0) Count=1 

Mutex 5164f93fc428 (0) Count=10 

Mutex 5164ffc3ab18 (0) Count=5 

Mutex 5164ffaaddf0 (0) Count=4800 

Mutex 813b698 (0) Count=16 

Mutex 7af26d33938c (0) Count=1 

Mutex 7ffc34505510 (0) Count=1 

Mutex 5164ff913580 (0) Count=3 

Mutex 56a45e8 (0) Count=13 

Mutex 7af26c96a914 (0) Count=1 

Mutex 5164ff913990 (0) Count=3 

Mutex 7af26c255914 (0) Count=1 

Mutex 5164ffc3b070 (0) Count=2 

Mutex 7ffc34505480 (0) Count=1 

Mutex 5164ffc3b0b8 (0) Count=10 

Mutex 7af26c764914 (0) Count=1 

Mutex 5164ffac32d0 (0) Count=5 

Mutex 5164ffc3ad10 (0) Count=11 

Mutex 5164ffac2868 (0) Count=84 

Mutex 5164ffc3aec0 (0) Count=7 

Mutex 6ae9cf8 (0) Count=3 

Mutex 5164ffc3af08 (0) Count=3 

Mutex c00033c548 (0) Count=1 

Mutex 7af26d33c020 (0) Count=14 

Mutex 625945e348f8 (0) Count=1 

Mutex 5164f8739628 (0) Count=9 

Mutex 54e87a8 (0) Count=3 

Mutex 5abbd28 (0) Count=10 

Mutex 5164ff912fd0 (0) Count=3 

Mutex 6259461797d8 (0) Count=13 

Mutex 5165a8ed18a8 (0) Count=3677 

Mutex 7ffc34505460 (0) Count=2 

Mutex 5164f8722d28 (0) Count=10 

Mutex 5164ffc3b148 (0) Count=9 

Mutex 75676f591210 (0) Count=41 

Mutex 5165411f2a68 (0) Count=2262 

Mutex 7af26b93a964 (0) Count=60 

Mutex 5164ffc3ac80 (0) Count=6 

Mutex 5164ff912060 (0) Count=2 

