Task to be tracked is  sweep-server



Init of all locks






Per thread lock analysis



     wait time (us)      : count     distribution
         0 -> 1          : 123587   |                                        |
         2 -> 3          : 19383847 |****************************************|
         4 -> 7          : 634528   |*                                       |
         8 -> 15         : 175561   |                                        |
        16 -> 31         : 122470   |                                        |
        32 -> 63         : 11928    |                                        |
        64 -> 127        : 310      |                                        |
       128 -> 255        : 93       |                                        |
       256 -> 511        : 148      |                                        |
       512 -> 1023       : 331      |                                        |
      1024 -> 2047       : 65       |                                        |
      2048 -> 4095       : 12       |                                        |
     hold time (us)      : count     distribution
         0 -> 1          : 6        |                                        |
         2 -> 3          : 290236   |                                        |
         4 -> 7          : 15396676 |****************************************|
         8 -> 15         : 4892029  |************                            |
        16 -> 31         : 84147    |                                        |
        32 -> 63         : 4659     |                                        |
        64 -> 127        : 928      |                                        |
       128 -> 255        : 263      |                                        |
       256 -> 511        : 482      |                                        |
       512 -> 1023       : 516      |                                        |
      1024 -> 2047       : 87       |                                        |
      2048 -> 4095       : 7        |                                        |
      4096 -> 8191       : 6        |                                        |
      8192 -> 16383      : 3245     |                                        |
     16384 -> 32767      : 9        |                                        |
     32768 -> 65535      : 655      |                                        |
     65536 -> 131071     : 972      |                                        |
    131072 -> 262143     : 14       |                                        |
    262144 -> 524287     : 18       |                                        |
    524288 -> 1048575    : 919      |                                        |
   1048576 -> 2097151    : 9        |                                        |
   2097152 -> 4194303    : 1        |                                        |
   4194304 -> 8388607    : 19       |                                        |
   8388608 -> 16777215   : 10       |                                        |
  16777216 -> 33554431   : 4        |                                        |



Overall per lock analysis






Contention analysis



Mutex 72b6d6e719b4 (0) Count=62 

Mutex 5164f93fd628 (0) Count=7 

Mutex 5164ffaaddf0 (0) Count=24584 

Mutex 77fc60f18210 (0) Count=165 

Mutex 5164ff89a388 (0) Count=1 

Mutex 5164f9794d28 (0) Count=6 

Mutex 5164ffc3b0b8 (0) Count=8 

Mutex 5165af95d058 (0) Count=1489 

Mutex 7af26cc74914 (0) Count=1 

Mutex 7af26d184914 (0) Count=1 

Mutex 72f9126be904 (0) Count=1 

Mutex 5164f8739628 (0) Count=10 

Mutex 5164ffb0fb80 (0) Count=5680 

Mutex 5164ffc3aa88 (0) Count=3 

Mutex 5164ffc3ae78 (0) Count=5 

Mutex 5164cba280e8 (0) Count=938 

Mutex 51655e5220e8 (0) Count=1 

Mutex 54e8680 (0) Count=76 

Mutex 5164ff913240 (0) Count=4 

Mutex 7bb286c559b4 (0) Count=60 

Mutex 5164ffc3af08 (0) Count=8 

Mutex 54e87a8 (0) Count=4 

Mutex 7ffcb9f0ca60 (0) Count=1 

Mutex 5164ff9130a0 (0) Count=2 

Mutex 5164ff913310 (0) Count=2 

Mutex 72f9125bb904 (0) Count=1 

Mutex 5164d754bd68 (0) Count=2197 

Mutex 51655f9aa5a8 (0) Count=1007 

Mutex 5164ffac4170 (0) Count=1 

Mutex 5abbd28 (0) Count=4 

Mutex 7f09e4000030 (0) Count=1 

Mutex 56a45e8 (0) Count=3 

Mutex 7ffc3af20c60 (0) Count=1 

Mutex 5164ffc3b190 (0) Count=2 

Mutex 51656e5cde98 (0) Count=1 

Mutex 6af2fb8 (0) Count=1 

Mutex 72f9132e2904 (0) Count=1 

Mutex 5164ff913990 (0) Count=4 

Mutex 5164ff913580 (0) Count=4 

Mutex 51652419f188 (0) Count=483 

Mutex 5164ffc3b268 (0) Count=4 

Mutex 5164ffc3b2f8 (0) Count=10 

Mutex 7fff430b0114 (0) Count=30 

Mutex 5164ffac3870 (0) Count=4 

Mutex 5164ff913650 (0) Count=3 

Mutex 5164ff913b30 (0) Count=1 

Mutex 7af26b714044 (0) Count=1 

Mutex 5e53361a79e8 (0) Count=1 

Mutex 5164f9567b28 (0) Count=4 

Mutex 51652419e808 (0) Count=589 

Mutex 79aa81bd29c4 (0) Count=57 

Mutex 5164f86af628 (0) Count=7 

Mutex 5164ffc3abf0 (0) Count=1 

Mutex 5164ffc3af50 (0) Count=2 

Mutex 625945e372a4 (0) Count=7 

Mutex 56a45b8 (0) Count=3 

Mutex 5164ffac32d0 (0) Count=4 

Mutex 5e53361a67e8 (0) Count=1 

Mutex 5164ffc3aad0 (0) Count=2 

Mutex 5164ffb12178 (0) Count=21853 

Mutex 7af26b93a964 (0) Count=61 

Mutex 6d5a860 (0) Count=2 

Mutex 5164ffc3acc8 (0) Count=7 

Mutex 51652419e6d8 (0) Count=774 

Mutex 5164ffac2868 (0) Count=64 

Mutex 5164ffc3ac38 (0) Count=4 

Mutex 7af26c04f914 (0) Count=1 

Mutex 5164ffac3318 (0) Count=2 

Mutex 5164ffc3ab18 (0) Count=4 

Mutex 5164ffc3aec0 (0) Count=5 

Mutex 5164f9568428 (0) Count=8 

Mutex 5164f8736028 (0) Count=7 

Mutex 5164ffac3c60 (0) Count=4 

Mutex 6f82df8 (0) Count=7 

Mutex 5164ff9138c0 (0) Count=6 

Mutex 7f0a1341ac80 (0) Count=1 

Mutex 5164ffc3ae30 (0) Count=2 

Mutex 7af26b713944 (0) Count=28 

Mutex 7ffc6a82bbf4 (0) Count=24 

Mutex 625946169380 (0) Count=7 

Mutex 5164ffc3b2b0 (0) Count=4 

Mutex 5a824c581678 (0) Count=1 

Mutex 5e53361a69e8 (0) Count=5 

Mutex 5164ff913720 (0) Count=5 

Mutex 5164f9795628 (0) Count=10 

Mutex 5164ff912060 (0) Count=4 

Mutex 6d93d68 (0) Count=1 

Mutex 5164ffc3ada0 (0) Count=4 

Mutex 6a8f6a0 (0) Count=4 

Mutex c000100548 (0) Count=2 

Mutex 72f9121af954 (0) Count=62 

Mutex 5164ffbf8708 (0) Count=1098 

Mutex 5164ffc3b148 (0) Count=1 

Mutex 5164fbfa0110 (0) Count=2 

Mutex 72f911f7e934 (0) Count=32 

Mutex 5164ffc3afe0 (0) Count=2 

Mutex 5164ffac40e0 (0) Count=3 

Mutex 5164ffc3ad10 (0) Count=3 

Mutex 57ebf48 (0) Count=52 

Mutex 75676f591210 (0) Count=46 

Mutex 5164ffc3b070 (0) Count=6 

Mutex 5164f83cc428 (0) Count=5 

Mutex 5a824c581748 (0) Count=1 

Mutex 51656e5cca68 (0) Count=1 

Mutex 5164ff912fd0 (0) Count=1 

Mutex 5164ffac2550 (0) Count=89 

Mutex 5164ff9134b0 (0) Count=4 

Mutex 6f6e308 (0) Count=1 

Mutex 5164ffc3ac80 (0) Count=5 

Mutex 5164ffc3b220 (0) Count=3 

Mutex 5164f8722d28 (0) Count=8 

Mutex 5164ffc25948 (0) Count=2545 

Mutex 5a824c581770 (0) Count=3 

Mutex 5164ff9133e0 (0) Count=3 

Mutex 5164ffc3ad58 (0) Count=5 

Mutex 625947e9d668 (0) Count=2 

Mutex 7ffd2e301c84 (0) Count=26 

Mutex 5164ff883888 (0) Count=10279 

Mutex 5c89db8 (0) Count=1 

Mutex 5164ff863688 (0) Count=12144 

Mutex 5164ff913170 (0) Count=3 

Mutex 5164f93fc428 (0) Count=19 

Mutex 5164ff89ae88 (0) Count=16 

Mutex 5164ff9137f0 (0) Count=3 

Mutex 5164ff913c00 (0) Count=1 

Mutex 5164ffc3ab60 (0) Count=5 

Mutex 7ebf273269b4 (0) Count=61 

Mutex 5164f9794428 (0) Count=5 

Mutex 6db6da8 (0) Count=3 

Mutex 5164ffac3678 (0) Count=62 

Mutex 5164f9569628 (0) Count=6 

Mutex 5164e2664348 (0) Count=2581 

Mutex 5164ffac4098 (0) Count=2 

Mutex 5164d7af40e8 (0) Count=6 

Mutex 7af26bc43914 (0) Count=1 

Mutex 5164f9566028 (0) Count=8 

Mutex 5164ffc3b100 (0) Count=4 

Mutex 5164ffac2598 (0) Count=66 

Mutex 5164ffc3b340 (0) Count=5 

Mutex 5164f9793b28 (0) Count=11 

Mutex 5164ffc3b1d8 (0) Count=2 

Mutex 5164f86adb28 (0) Count=4 

Mutex 7ffdc5933f44 (0) Count=31 

Mutex 6259461797d8 (0) Count=14 

Mutex 5164ffc3b028 (0) Count=2 

Mutex 5164ffc3aba8 (0) Count=8 

Mutex 72f912fd9904 (0) Count=1 

Mutex 5164ffc3af98 (0) Count=8 

