Task to be tracked is  eviction-ser



Init of all locks






Per thread lock analysis



     wait time (us)      : count     distribution
         0 -> 1          : 79498    |                                        |
         2 -> 3          : 18998364 |****************************************|
         4 -> 7          : 980699   |**                                      |
         8 -> 15         : 155761   |                                        |
        16 -> 31         : 133104   |                                        |
        32 -> 63         : 15246    |                                        |
        64 -> 127        : 537      |                                        |
       128 -> 255        : 135      |                                        |
       256 -> 511        : 136      |                                        |
       512 -> 1023       : 78       |                                        |
      1024 -> 2047       : 8        |                                        |
      2048 -> 4095       : 11       |                                        |
      4096 -> 8191       : 1        |                                        |
      8192 -> 16383      : 4        |                                        |
     16384 -> 32767      : 3        |                                        |
     hold time (us)      : count     distribution
         0 -> 1          : 5        |                                        |
         2 -> 3          : 277092   |                                        |
         4 -> 7          : 14984225 |****************************************|
         8 -> 15         : 5149394  |*************                           |
        16 -> 31         : 94935    |                                        |
        32 -> 63         : 6397     |                                        |
        64 -> 127        : 2341     |                                        |
       128 -> 255        : 1811     |                                        |
       256 -> 511        : 638      |                                        |
       512 -> 1023       : 1642     |                                        |
      1024 -> 2047       : 239      |                                        |
      2048 -> 4095       : 142      |                                        |
      4096 -> 8191       : 44       |                                        |
      8192 -> 16383      : 3374     |                                        |
     16384 -> 32767      : 75       |                                        |
     32768 -> 65535      : 679      |                                        |
     65536 -> 131071     : 1029     |                                        |
    131072 -> 262143     : 25       |                                        |
    262144 -> 524287     : 21       |                                        |
    524288 -> 1048575    : 917      |                                        |
   1048576 -> 2097151    : 6        |                                        |
   2097152 -> 4194303    : 5        |                                        |
   4194304 -> 8388607    : 24       |                                        |
   8388608 -> 16777215   : 18       |                                        |
  16777216 -> 33554431   : 2        |                                        |



Overall per lock analysis






Contention analysis



Mutex 72f911f7e934 (0) Count=33 

Mutex 5164ffbf8708 (0) Count=1325 

Mutex 5164ff9133e0 (0) Count=6 

Mutex 6d39710 (0) Count=1 

Mutex 6d5a860 (0) Count=1 

Mutex 7af26ba3d914 (0) Count=1 

Mutex 77fc5dfd88f8 (0) Count=1 

Mutex 5164ffac3c60 (0) Count=5 

Mutex 5164ff912fd0 (0) Count=2 

Mutex 7bd4d141ac80 (0) Count=31 

Mutex 58d0740 (0) Count=56 

Mutex 5164ffc3b028 (0) Count=5 

Mutex 5164ffac3870 (0) Count=4 

Mutex 77fc5cba18f8 (0) Count=2 

Mutex 7af26cc74914 (0) Count=1 

Mutex 5164ffac2598 (0) Count=75 

Mutex 5164ff913580 (0) Count=2 

Mutex 5164ffc3af08 (0) Count=4 

Mutex 58e7d00 (0) Count=4 

Mutex 5c6a878 (0) Count=27 

Mutex 5164ffac40e0 (0) Count=6 

Mutex 7bd4a0004b38 (0) Count=1 

Mutex 5addea8 (0) Count=1 

Mutex 5164ffac2550 (0) Count=83 

Mutex 5165514bfc38 (0) Count=1 

Mutex 72f912aca904 (0) Count=1 

Mutex 5a171d8 (0) Count=2 

Mutex 5c66af8 (0) Count=11 

Mutex 5164ff913720 (0) Count=1 

Mutex 5164ffc3b100 (0) Count=4 

Mutex 7af26b713944 (0) Count=37 

Mutex 5164ffc3ade8 (0) Count=4 

Mutex 5bcc918 (0) Count=1 

Mutex 7fff956a9050 (0) Count=6 

Mutex 5164ffc3ab18 (0) Count=7 

Mutex 5164ff913310 (0) Count=1 

Mutex 6a8f6a0 (0) Count=3 

Mutex 51650fedf2b8 (0) Count=2 

Mutex 72f9121af954 (0) Count=60 

Mutex 5164ffac32d0 (0) Count=4 

Mutex 5164f9793b28 (0) Count=5 

Mutex 887eb88 (0) Count=4 

Mutex 5abbcf8 (0) Count=3 

Mutex 5164ff913240 (0) Count=2 

Mutex 7af26c152914 (0) Count=1 

Mutex 108353b8 (0) Count=9 

Mutex 7fff956a95e0 (0) Count=2 

Mutex 5164ffc3b268 (0) Count=3 

Mutex 7ffd2e301c84 (0) Count=28 

Mutex 5164ffc3abf0 (0) Count=5 

Mutex 7ebf273269b4 (0) Count=58 

Mutex 7af26d184914 (0) Count=1 

Mutex 79aa81bd29c4 (0) Count=61 

Mutex 5c6ade8 (0) Count=23 

Mutex 5164ffc3ae78 (0) Count=5 

Mutex 5164ffc3aba8 (0) Count=5 

Mutex 5a80328 (0) Count=2 

Mutex 5164ffc3ad10 (0) Count=6 

Mutex 5164ff8b1818 (0) Count=1 

Mutex 10abcf18 (0) Count=4 

Mutex 5d3caf8 (0) Count=48 

Mutex 5acaa28 (0) Count=23 

Mutex 5164ff8f3d08 (0) Count=32 

Mutex 58e6590 (0) Count=7 

Mutex 702ccf8 (0) Count=1 

Mutex 6aea6a0 (0) Count=1 

Mutex 5abbd28 (0) Count=5 

Mutex 5b2ddc8 (0) Count=20 

Mutex 5925c70 (0) Count=1597 

Mutex 592f260 (0) Count=7 

Mutex 5164ff913650 (0) Count=1 

Mutex 51657a711648 (0) Count=914 

Mutex 5164e1494a68 (0) Count=1612 

Mutex 8029018 (0) Count=2 

Mutex 5164ffac4098 (0) Count=4 

Mutex 5164e14946d8 (0) Count=1442 

Mutex 7af26ce7a914 (0) Count=1 

Mutex 7fff430b0114 (0) Count=30 

Mutex 5164ff9137f0 (0) Count=5 

Mutex 5164ffc3b220 (0) Count=4 

Mutex 5925da0 (0) Count=1 

Mutex 7fff956a8fd0 (0) Count=2 

Mutex 56a45e8 (0) Count=7 

Mutex 5164ff913b30 (0) Count=3 

Mutex 5164ffb0fb80 (0) Count=11858 

Mutex 7af26c255914 (0) Count=1 

Mutex 75676f591210 (0) Count=40 

Mutex 5164ffc3b2b0 (0) Count=6 

Mutex 5999398 (0) Count=3 

Mutex 72f9135eb904 (0) Count=1 

Mutex 7af26be49914 (0) Count=1 

Mutex 5164ffc3ab60 (0) Count=6 

Mutex 5164e1495d68 (0) Count=372 

Mutex 5164ffc3af98 (0) Count=6 

Mutex 5164f86adb28 (0) Count=16 

Mutex 5164ff9134b0 (0) Count=4 

Mutex 57ebf48 (0) Count=821 

Mutex 7bd494000030 (0) Count=2 

Mutex 5164ff9138c0 (0) Count=3 

Mutex 5164ff89ae88 (0) Count=49 

Mutex 5b8ec98 (0) Count=2 

Mutex 7ffcb9f0ca60 (0) Count=1 

Mutex 5e53361a69e8 (0) Count=8 

Mutex 5164cba298a8 (0) Count=1 

Mutex 5164ff913990 (0) Count=1 

Mutex 5164ffc3aec0 (0) Count=5 

Mutex 7bd49828cf48 (0) Count=36 

Mutex 7ffc6a82bbf4 (0) Count=20 

Mutex 674d6a0 (0) Count=1 

Mutex 5164ffb12178 (0) Count=1339 

Mutex 72b6d6e719b4 (0) Count=65 

Mutex 7fff956a6710 (0) Count=5 

Mutex 5164ff883888 (0) Count=6 

Mutex 5164f8739628 (0) Count=3 

Mutex 5164f9569628 (0) Count=11 

Mutex 5164ffc3b0b8 (0) Count=3 

Mutex 7bb286c559b4 (0) Count=57 

Mutex 7bd49804bc80 (0) Count=2 

Mutex 5164ffc3b070 (0) Count=6 

Mutex 5164ffc3ac80 (0) Count=7 

Mutex 768625ba1100 (0) Count=35 

Mutex 5d32d48 (0) Count=49 

Mutex 7fff956a9210 (0) Count=3 

Mutex 5164ffc3afe0 (0) Count=6 

Mutex 5164ffc3ad58 (0) Count=7 

Mutex 10150a28 (0) Count=11 

Mutex 5e53361a46c0 (0) Count=10 

Mutex 72f912bcd904 (0) Count=1 

Mutex 5164ffac2868 (0) Count=50 

Mutex 5164ffc3b340 (0) Count=4 

Mutex 5164ffc3ae30 (0) Count=6 

Mutex 7fff956a9f70 (0) Count=1 

Mutex 59253e0 (0) Count=1 

Mutex 5b8a968 (0) Count=1 

Mutex 5a996b0 (0) Count=9 

Mutex 5164f9567b28 (0) Count=13 

Mutex 51657a7113e8 (0) Count=737 

Mutex 5164f8722d28 (0) Count=12 

Mutex 7ffdc5933f44 (0) Count=30 

Mutex 5164ffc3acc8 (0) Count=4 

Mutex 5164ffc3b190 (0) Count=4 

Mutex 5164ffc25948 (0) Count=2456 

Mutex 5164ffc3ac38 (0) Count=4 

Mutex 56a45b8 (0) Count=3 

Mutex 5164d05d80e8 (0) Count=1 

Mutex 5164ffac4170 (0) Count=4 

Mutex 5e53361a67e8 (0) Count=1 

Mutex 5164ffac3318 (0) Count=4 

Mutex 7fff956a9860 (0) Count=2 

Mutex 5164e14959d8 (0) Count=1 

Mutex 5164f9795628 (0) Count=21 

Mutex 5164ffaaddf0 (0) Count=32814 

Mutex 7bd498049e48 (0) Count=1 

Mutex 592b5d0 (0) Count=127 

Mutex 59cb6d8 (0) Count=4 

Mutex 54e87a8 (0) Count=7 

Mutex 5164f9568428 (0) Count=7 

Mutex 7ffcb9f0b310 (0) Count=1 

Mutex 5164f9566028 (0) Count=16 

Mutex 5164ffc3b2f8 (0) Count=3 

Mutex 51654bf50348 (0) Count=632 

Mutex 516537bb3c38 (0) Count=2 

Mutex 5d641c8 (0) Count=3 

Mutex 5164ffc3aad0 (0) Count=4 

Mutex 5164ffc3b148 (0) Count=3 

Mutex 7af26b93a964 (0) Count=67 

Mutex 10db78c8 (0) Count=16 

Mutex 59aa1d8 (0) Count=2 

Mutex 5aacfe8 (0) Count=11 

Mutex 5164f93fd628 (0) Count=14 

Mutex 5164f8736028 (0) Count=20 

Mutex 5164ffac3678 (0) Count=65 

Mutex 5164f9794d28 (0) Count=16 

Mutex 5a83860 (0) Count=6 

Mutex 580ba10 (0) Count=3 

Mutex 51650573b3e8 (0) Count=1 

Mutex 5d41cb8 (0) Count=32 

Mutex 592ad88 (0) Count=3 

Mutex 7fff956a9690 (0) Count=8 

Mutex 5164dba82f28 (0) Count=1 

Mutex 5164ff913170 (0) Count=2 

Mutex 51656b7153e8 (0) Count=1 

Mutex 5925eb8 (0) Count=87 

Mutex 5164e1494808 (0) Count=1 

Mutex 5b04a78 (0) Count=8 

Mutex 5164f9794428 (0) Count=9 

Mutex 5164f93fc428 (0) Count=14 

Mutex 5bd2a28 (0) Count=1 

Mutex 5b93398 (0) Count=1 

Mutex 5164ffc3ada0 (0) Count=7 

Mutex 7ffd9505aa70 (0) Count=1 

Mutex 5164ff913c00 (0) Count=2 

Mutex 7af26bc43914 (0) Count=1 

Mutex 5164ffc3b1d8 (0) Count=13 

Mutex 5925928 (0) Count=1074 

Mutex 5a17818 (0) Count=8 

Mutex 5925ef0 (0) Count=1 

Mutex 7044a8000030 (0) Count=1 

Mutex 5164e1494938 (0) Count=2497 

Mutex 7af26c04f914 (0) Count=1 

Mutex 5164ff89aa08 (0) Count=1 

Mutex 57ebf18 (0) Count=1 

Mutex 5164f86af628 (0) Count=6 

Mutex 5164ff863688 (0) Count=11588 

Mutex 6c82be8 (0) Count=1 

Mutex 5bdb448 (0) Count=1 

Mutex 77fc60f18210 (0) Count=212 

Mutex 5164f83cc428 (0) Count=11 

Mutex 54e8680 (0) Count=119 

Mutex 5164ffc3aa88 (0) Count=5 

Mutex 516503ec0b98 (0) Count=1 

Mutex 51654bf50f28 (0) Count=901 

Mutex 5164ff912060 (0) Count=2 

Mutex 72f9124b8904 (0) Count=1 

Task to be tracked is  eviction-ser



Init of all locks






Per thread lock analysis



     wait time (us)      : count     distribution
         0 -> 1          : 98233    |                                        |
         2 -> 3          : 19067398 |****************************************|
         4 -> 7          : 829259   |*                                       |
         8 -> 15         : 158535   |                                        |
        16 -> 31         : 136503   |                                        |
        32 -> 63         : 16969    |                                        |
        64 -> 127        : 661      |                                        |
       128 -> 255        : 67       |                                        |
       256 -> 511        : 92       |                                        |
       512 -> 1023       : 39       |                                        |
      1024 -> 2047       : 4        |                                        |
      2048 -> 4095       : 1        |                                        |
      4096 -> 8191       : 0        |                                        |
      8192 -> 16383      : 2        |                                        |
     hold time (us)      : count     distribution
         0 -> 1          : 24       |                                        |
         2 -> 3          : 307139   |                                        |
         4 -> 7          : 15188012 |****************************************|
         8 -> 15         : 4895583  |************                            |
        16 -> 31         : 85210    |                                        |
        32 -> 63         : 4692     |                                        |
        64 -> 127        : 849      |                                        |
       128 -> 255        : 255      |                                        |
       256 -> 511        : 523      |                                        |
       512 -> 1023       : 440      |                                        |
      1024 -> 2047       : 50       |                                        |
      2048 -> 4095       : 32       |                                        |
      4096 -> 8191       : 45       |                                        |
      8192 -> 16383      : 3364     |                                        |
     16384 -> 32767      : 61       |                                        |
     32768 -> 65535      : 667      |                                        |
     65536 -> 131071     : 992      |                                        |
    131072 -> 262143     : 19       |                                        |
    262144 -> 524287     : 23       |                                        |
    524288 -> 1048575    : 945      |                                        |
   1048576 -> 2097151    : 22       |                                        |
   2097152 -> 4194303    : 19       |                                        |
   4194304 -> 8388607    : 15       |                                        |
   8388608 -> 16777215   : 1        |                                        |
  16777216 -> 33554431   : 1        |                                        |



Overall per lock analysis






Contention analysis



Mutex 56a45e8 (0) Count=5 

Mutex 625945e35ef8 (0) Count=1 

Mutex 7e52358 (0) Count=1 

Mutex 7fff956a8f30 (0) Count=9 

Mutex 7fff956a8fb0 (0) Count=28 

Mutex 5164ffc3b268 (0) Count=6 

Mutex 7fff956a9d90 (0) Count=1 

Mutex 5164f8736028 (0) Count=12 

Mutex 7fff956a8ce0 (0) Count=6 

Mutex 7ebf273269b4 (0) Count=66 

Mutex 7bd49804bc80 (0) Count=82 

Mutex 7fff956a4c20 (0) Count=5 

Mutex 58e6590 (0) Count=34 

Mutex 7fff956a9b90 (0) Count=1 

Mutex 5c6a878 (0) Count=7 

Mutex 7ffc6a82bbf4 (0) Count=29 

Mutex 5164ffc3af50 (0) Count=1 

Mutex 6d5a860 (0) Count=1 

Mutex 5164ffc3afe0 (0) Count=3 

Mutex 5c47bf8 (0) Count=60 

Mutex 7bd4985bb3f8 (0) Count=18 

Mutex 7fff956a96c0 (0) Count=8 

Mutex 5164ff913240 (0) Count=3 

Mutex 5164ffac3318 (0) Count=5 

Mutex 51650fedf518 (0) Count=973 

Mutex 7ffc34509b90 (0) Count=1 

Mutex 7bd498010840 (0) Count=10 

Mutex 5164ff913c00 (0) Count=2 

Mutex 7bd4983d11b8 (0) Count=38 

Mutex 7fff956a9050 (0) Count=1 

Mutex 5164ff913650 (0) Count=3 

Mutex 5164ffc3b2f8 (0) Count=3 

Mutex 5164ffc3b2b0 (0) Count=7 

Mutex 7fff956a9c90 (0) Count=1 

Mutex 5164ff8f3d08 (0) Count=3 

Mutex 5164ffac4170 (0) Count=5 

Mutex 5164f9794d28 (0) Count=11 

Mutex 6a8f6a0 (0) Count=10 

Mutex 58e7da0 (0) Count=1 

Mutex 5164ffc3ad58 (0) Count=1 

Mutex 5164f9568428 (0) Count=18 

Mutex 7af26c764914 (0) Count=1 

Mutex 5164ffc3b1d8 (0) Count=2 

Mutex 7bd4aa7b6ee0 (0) Count=1 

Mutex 72f9130dc904 (0) Count=1 

Mutex 5d42a98 (0) Count=60 

Mutex 5164ffc3aa88 (0) Count=5 

Mutex 7bd4aa7b7d50 (0) Count=2 

Mutex 7fff956a9bd0 (0) Count=1 

Mutex 5164ffc3acc8 (0) Count=4 

Mutex 5164ff912060 (0) Count=8 

Mutex 5164ff8b1818 (0) Count=1 

Mutex 5164f9795628 (0) Count=11 

Mutex 7bd49828cf48 (0) Count=35 

Mutex 5164f93fc428 (0) Count=10 

Mutex 5164f9794428 (0) Count=9 

Mutex 5164ffc3b100 (0) Count=7 

Mutex 516503ec1188 (0) Count=897 

Mutex 5164ffc3ad10 (0) Count=2 

Mutex 79aa81bd29c4 (0) Count=58 

Mutex 7bd4984984e8 (0) Count=37 

Mutex 78bdf68 (0) Count=1 

Mutex 51657a7119d8 (0) Count=1048 

Mutex 7bd49c000030 (0) Count=2 

Mutex 7bd4aa7b0e50 (0) Count=1 

Mutex 5164ffc3b148 (0) Count=5 

Mutex 7bd4980108e0 (0) Count=3 

Mutex 5164ff913580 (0) Count=5 

Mutex 58e7d00 (0) Count=10 

Mutex 5c5c228 (0) Count=18 

Mutex 5164ff913720 (0) Count=2 

Mutex 5164ffc3aec0 (0) Count=6 

Mutex 7fff956a9de0 (0) Count=1 

Mutex 5164ff89ae88 (0) Count=78 

Mutex 5164ff9134b0 (0) Count=7 

Mutex 5164ffac4098 (0) Count=3 

Mutex 7fff956a8380 (0) Count=11 

Mutex 7af26b93a964 (0) Count=59 

Mutex 7bd498430b08 (0) Count=113 

Mutex 5164ffc3ac38 (0) Count=4 

Mutex 5164db8bd648 (0) Count=3489 

Mutex 5164fbfa0110 (0) Count=2 

Mutex 5164ffbf8708 (0) Count=2147 

Mutex 7ffc34506750 (0) Count=1 

Mutex 5a8b0a8 (0) Count=92 

Mutex 77fc5d1ba8f8 (0) Count=1 

Mutex 72f9129c7904 (0) Count=1 

Mutex 5a87008 (0) Count=2 

Mutex 7af26cf7d914 (0) Count=1 

Mutex 516503ec0218 (0) Count=1079 

Mutex 5164ffc3ae78 (0) Count=5 

Mutex 5164ffb0fb80 (0) Count=6202 

Mutex 592f260 (0) Count=6 

Mutex 75676f591210 (0) Count=43 

Mutex 5164ffac3870 (0) Count=4 

Mutex 5164f8739628 (0) Count=8 

Mutex 7fff956a8f20 (0) Count=27 

Mutex 7bd4980a1d58 (0) Count=13 

Mutex 7fff956a8fe0 (0) Count=4 

Mutex 7bd49804b288 (0) Count=2 

Mutex 5164ffc3af08 (0) Count=5 

Mutex 5164ffc3ada0 (0) Count=5 

Mutex 5b01e48 (0) Count=65 

Mutex 5164ff9137f0 (0) Count=3 

Mutex 5164ffb12178 (0) Count=29982 

Mutex 6f54b78 (0) Count=1 

Mutex 5164ffc3aba8 (0) Count=3 

Mutex 56a45b8 (0) Count=3 

Mutex 7bd49800f0d0 (0) Count=38 

Mutex 5164ffc3ab18 (0) Count=9 

Mutex 5c86b58 (0) Count=2 

Mutex 57ebf48 (0) Count=87 

Mutex 72b6d6e719b4 (0) Count=60 

Mutex 625945e34a58 (0) Count=1 

Mutex 7fff430b0114 (0) Count=32 

Mutex 5abbcf8 (0) Count=1 

Mutex 5164d7af4cc8 (0) Count=2 

Mutex 5164f9566028 (0) Count=11 

Mutex 592b5d0 (0) Count=11 

Mutex 7ffc34509b10 (0) Count=1 

Mutex 5aacfe8 (0) Count=4 

Mutex 5164ffc3ac80 (0) Count=11 

Mutex 51652419e0e8 (0) Count=2881 

Mutex 7fff956a7980 (0) Count=6 

Mutex 51652419e218 (0) Count=3 

Mutex 5b95b98 (0) Count=14 

Mutex 7fff956a99f0 (0) Count=9 

Mutex 5164ffc3b190 (0) Count=10 

Mutex 7bd4980536c8 (0) Count=38 

Mutex 5164ffac3c60 (0) Count=5 

Mutex 5164ffc3b340 (0) Count=6 

Mutex 7fff956a94e0 (0) Count=1 

Mutex 7ffd2e301c84 (0) Count=27 

Mutex 5164ffac2598 (0) Count=78 

Mutex 7fff956a8300 (0) Count=4 

Mutex 6a8f6d8 (0) Count=1 

Mutex 7fff956a9bc0 (0) Count=1 

Mutex 7fff956a8f50 (0) Count=9 

Mutex 77fc5dfd88f8 (0) Count=1 

Mutex 7bd498153d58 (0) Count=42 

Mutex 5164ffac40e0 (0) Count=10 

Mutex 5164ffc3b070 (0) Count=6 

Mutex 58d0740 (0) Count=134 

Mutex 5c51818 (0) Count=20 

Mutex 5acaa28 (0) Count=7 

Mutex 516503ec0df8 (0) Count=15 

Mutex 7ffdc5933f44 (0) Count=33 

Mutex 5164ffc3b220 (0) Count=5 

Mutex 6259461797d8 (0) Count=19 

Mutex 7bd4980a2268 (0) Count=15 

Mutex 7fff956a8d60 (0) Count=8 

Mutex 51652419e348 (0) Count=11 

Mutex 5164f8722d28 (0) Count=10 

Mutex 5164ff883888 (0) Count=29018 

Mutex 5164ff9130a0 (0) Count=4 

Mutex 6aea6a0 (0) Count=6 

Mutex 625945e34798 (0) Count=1 

Mutex 5164ffac32d0 (0) Count=3 

Mutex 7fff956a95a0 (0) Count=10 

Mutex 5164ff863688 (0) Count=17556 

Mutex 5164ffc3abf0 (0) Count=4 

Mutex 5164ffac3678 (0) Count=70 

Mutex 5164ff913b30 (0) Count=5 

Mutex 5164ffc3ade8 (0) Count=6 

Mutex 7bd498669688 (0) Count=9 

Mutex 7bd498050580 (0) Count=1 

Mutex 7fff956a5070 (0) Count=1 

Mutex 54e87a8 (0) Count=8 

Mutex 5164ff9138c0 (0) Count=1 

Mutex 72f9121af954 (0) Count=59 

Mutex 5164c13166d8 (0) Count=12 

Mutex 5164ff912fd0 (0) Count=5 

Mutex 7fff956a9b30 (0) Count=1 

Mutex 5164ff913310 (0) Count=3 

Mutex 5164f9567b28 (0) Count=10 

Mutex 625945e372a4 (0) Count=19 

Mutex 7fff956a8fd0 (0) Count=2 

Mutex 625947e9b918 (0) Count=18 

Mutex 592ad88 (0) Count=7 

Mutex 5164ffc25948 (0) Count=3534 

Mutex 7fff956a6a80 (0) Count=5 

Mutex 72f9133e5904 (0) Count=1 

Mutex 5d642d8 (0) Count=130 

Mutex 77fc60f18210 (0) Count=441 

Mutex 5164ff913990 (0) Count=6 

Mutex 7bd4aa7ba080 (0) Count=1 

Mutex 5164ffc3b0b8 (0) Count=2 

Mutex 5e53361a69e8 (0) Count=16 

Mutex 5abbd28 (0) Count=3 

Mutex 5c89db8 (0) Count=671 

Mutex 77fc5cba18f8 (0) Count=3 

Mutex 72f9123b5904 (0) Count=1 

Mutex 5164ffaaddf0 (0) Count=68905 

Mutex 57ebf18 (0) Count=2 

Mutex 5164ff913170 (0) Count=2 

Mutex 5164f86adb28 (0) Count=14 

Mutex 625947e9d668 (0) Count=1 

Mutex 5164ffc3b028 (0) Count=6 

Mutex 7fff956a9060 (0) Count=4 

Mutex 7fff956a9c20 (0) Count=2 

Mutex 5164ffac2550 (0) Count=88 

Mutex 5164f83cc428 (0) Count=10 

Mutex 7f0a1341ac80 (0) Count=2 

Mutex 5164f9569628 (0) Count=23 

Mutex 5164f93fd628 (0) Count=9 

Mutex 7bd498171f38 (0) Count=42 

Mutex 7bd4a0000030 (0) Count=1 

Mutex 5affaa8 (0) Count=10 

Mutex 7fff956a9970 (0) Count=25 

Mutex 5164ffc3aad0 (0) Count=5 

Mutex 7af26b713944 (0) Count=39 

Mutex 72f911f7e934 (0) Count=29 

Mutex 7bd498470f98 (0) Count=14 

Mutex 7e71278 (0) Count=1 

Mutex 7fff956a9520 (0) Count=10 

Mutex 5164ffc3af98 (0) Count=7 

Mutex 625946169380 (0) Count=15 

Mutex 5164ff9133e0 (0) Count=1 

Mutex 5c893d8 (0) Count=29 

Mutex 5164f86af628 (0) Count=9 

Mutex 5b3aa48 (0) Count=1 

Mutex 58d077c (0) Count=2 

Mutex 5164ffac2868 (0) Count=72 

Mutex 7bd4aa7b3840 (0) Count=1 

Mutex 5e53361a46c0 (0) Count=16 

Mutex 5164d7af5058 (0) Count=3 

Mutex 804c1d8 (0) Count=2 

Mutex 768625ba1100 (0) Count=6 

Mutex 5164ffc3ae30 (0) Count=6 

Mutex 7fff956a9aa0 (0) Count=1 

Mutex 5164ffc3ab60 (0) Count=1 

Mutex 58d5bb8 (0) Count=123 

Mutex 54e8680 (0) Count=178 

Mutex 51652419f518 (0) Count=3217 

Mutex 5d39e98 (0) Count=49 

Mutex 5998968 (0) Count=1 

Mutex 5164d7af52b8 (0) Count=1609 

Mutex 5164f9793b28 (0) Count=16 

Mutex 5164d7af5188 (0) Count=1 

Mutex 7bb286c559b4 (0) Count=63 

Task to be tracked is  eviction-ser



Init of all locks






Per thread lock analysis



     wait time (us)      : count     distribution
         0 -> 1          : 97639    |                                        |
         2 -> 3          : 19765318 |****************************************|
         4 -> 7          : 726589   |*                                       |
         8 -> 15         : 144958   |                                        |
        16 -> 31         : 147578   |                                        |
        32 -> 63         : 22374    |                                        |
        64 -> 127        : 3955     |                                        |
       128 -> 255        : 1061     |                                        |
       256 -> 511        : 188      |                                        |
       512 -> 1023       : 120      |                                        |
      1024 -> 2047       : 4        |                                        |
      2048 -> 4095       : 4        |                                        |
      4096 -> 8191       : 0        |                                        |
      8192 -> 16383      : 4        |                                        |
     hold time (us)      : count     distribution
         0 -> 1          : 7        |                                        |
         2 -> 3          : 323295   |                                        |
         4 -> 7          : 15920245 |****************************************|
         8 -> 15         : 4747873  |***********                             |
        16 -> 31         : 90146    |                                        |
        32 -> 63         : 5156     |                                        |
        64 -> 127        : 1171     |                                        |
       128 -> 255        : 445      |                                        |
       256 -> 511        : 609      |                                        |
       512 -> 1023       : 433      |                                        |
      1024 -> 2047       : 135      |                                        |
      2048 -> 4095       : 73       |                                        |
      4096 -> 8191       : 28       |                                        |
      8192 -> 16383      : 3338     |                                        |
     16384 -> 32767      : 25       |                                        |
     32768 -> 65535      : 673      |                                        |
     65536 -> 131071     : 991      |                                        |
    131072 -> 262143     : 17       |                                        |
    262144 -> 524287     : 27       |                                        |
    524288 -> 1048575    : 933      |                                        |
   1048576 -> 2097151    : 10       |                                        |
   2097152 -> 4194303    : 4        |                                        |
   4194304 -> 8388607    : 19       |                                        |
   8388608 -> 16777215   : 9        |                                        |
  16777216 -> 33554431   : 7        |                                        |



Overall per lock analysis






Contention analysis



Mutex 77fc5dfd88f8 (0) Count=1 

Mutex 5164ffc3b148 (0) Count=6 

Mutex 5164ffb0fb80 (0) Count=14238 

Mutex 5164f9794d28 (0) Count=10 

Mutex 5164fbfa0110 (0) Count=3 

Mutex 5164f86adb28 (0) Count=6 

Mutex 5164ffac2868 (0) Count=52 

Mutex 7af26b93a964 (0) Count=67 

Mutex 5164ffac3870 (0) Count=3 

Mutex 5164fbfa0190 (0) Count=1 

Mutex 5164f9569628 (0) Count=15 

Mutex 6d71e20 (0) Count=3 

Mutex 5164ffc3b2b0 (0) Count=3 

Mutex 5164ffc3b190 (0) Count=5 

Mutex 7e0710bfb0e8 (0) Count=18 

Mutex 5164ff913990 (0) Count=5 

Mutex 5685018 (0) Count=1 

Mutex 72f911f7e934 (0) Count=25 

Mutex 72f9121af954 (0) Count=62 

Mutex c000a81548 (0) Count=1 

Mutex 7ffc6a82bbf4 (0) Count=31 

Mutex 74b2af8 (0) Count=5 

Mutex 6ae4848 (0) Count=404 

Mutex 5164ffc3ab60 (0) Count=6 

Mutex 56a45e8 (0) Count=7 

Mutex 7fff430b0114 (0) Count=32 

Mutex 54e87a8 (0) Count=12 

Mutex 51654bf51518 (0) Count=672 

Mutex 6ae4b90 (0) Count=755 

Mutex 7ffdc5933f44 (0) Count=29 

Mutex 6f70938 (0) Count=3 

Mutex 74cfb98 (0) Count=3 

Mutex 5164ffc3b0b8 (0) Count=5 

Mutex 6aee330 (0) Count=6 

Mutex 7fff99ad1b70 (0) Count=2 

Mutex 5164ffc3afe0 (0) Count=3 

Mutex 6a8f6a0 (0) Count=58 

Mutex 6d5a860 (0) Count=10 

Mutex 72f912dd3904 (0) Count=1 

Mutex 5164ff883888 (0) Count=3690 

Mutex 7af26c255914 (0) Count=1 

Mutex 7fff99ad1900 (0) Count=1 

Mutex 5164ffac2550 (0) Count=84 

Mutex 5164ff9137f0 (0) Count=1 

Mutex 5164ffac40e0 (0) Count=8 

Mutex 7af26c152914 (0) Count=1 

Mutex 7ffc345056e0 (0) Count=2 

Mutex 5ff916c6aa48 (0) Count=1 

Mutex 79aa81bd29c4 (0) Count=61 

Mutex 5164ffc3b100 (0) Count=8 

Mutex 5164ff913170 (0) Count=3 

Mutex 6ae4300 (0) Count=12 

Mutex 5e53361a69e8 (0) Count=9 

Mutex 56a45b8 (0) Count=3 

Mutex 5164f8736028 (0) Count=11 

Mutex 7fff99ad19a0 (0) Count=1 

Mutex 5164ffc3b340 (0) Count=2 

Mutex 5164ffc3ae30 (0) Count=3 

Mutex 5164ffac3c60 (0) Count=3 

Mutex 5164e1495188 (0) Count=10 

Mutex 5164ffac3318 (0) Count=2 

Mutex 5164ff9130a0 (0) Count=1 

Mutex 5164ff8b1818 (0) Count=4 

Mutex 6d72ba0 (0) Count=1 

Mutex 7fdb408 (0) Count=2 

Mutex 5e53361a46c0 (0) Count=11 

Mutex 5164f9566028 (0) Count=19 

Mutex 5164d7af5648 (0) Count=8 

Mutex 74cf268 (0) Count=5 

Mutex 5164ffc3b268 (0) Count=2 

Mutex 516503ec1648 (0) Count=1448 

Mutex 51652419edf8 (0) Count=3116 

Mutex 6ae4da0 (0) Count=2 

Mutex 5164ff912fd0 (0) Count=5 

Mutex 5164ffc3ad58 (0) Count=4 

Mutex 7fff99ad1390 (0) Count=1 

Mutex 77fc5cba18f8 (0) Count=1 

Mutex 5164ff913310 (0) Count=2 

Mutex 6ed3f08 (0) Count=8 

Mutex 7f0a1341ac80 (0) Count=65 

Mutex 6db9280 (0) Count=4 

Mutex 5164ffc3af08 (0) Count=2 

Mutex 5164ffaaddf0 (0) Count=45680 

Mutex 516503ec0808 (0) Count=1449 

Mutex c000d80948 (0) Count=1 

Mutex 6daffd8 (0) Count=20 

Mutex 5164de84b778 (0) Count=3100 

Mutex 6d706b0 (0) Count=15 

Mutex 77fc60f18210 (0) Count=388 

Mutex 6f298c8 (0) Count=1 

Mutex 7e071833af78 (0) Count=32 

Mutex 7af26c55e914 (0) Count=1 

Mutex 7ebf273269b4 (0) Count=65 

Mutex 5164ff9134b0 (0) Count=2 

Mutex 5164ff89a388 (0) Count=1 

Mutex 7f09e4000030 (0) Count=2 

Mutex 74cf5c8 (0) Count=2 

Mutex 5164ffc3ab18 (0) Count=8 

Mutex 5164ffc3b220 (0) Count=3 

Mutex 5164ffc3ae78 (0) Count=5 

Mutex 5164ffc3ada0 (0) Count=8 

Mutex 5164ffc3ac80 (0) Count=5 

Mutex 5164f9795628 (0) Count=6 

Mutex 5164ffc3ad10 (0) Count=3 

Mutex 7ffc34509c10 (0) Count=1 

Mutex 7fff99ad2620 (0) Count=1 

Mutex 5164ffc25948 (0) Count=3327 

Mutex 6aea6a0 (0) Count=4 

Mutex 7af26b713944 (0) Count=33 

Mutex 5164f93fd628 (0) Count=16 

Mutex 5164ffbf8708 (0) Count=1708 

Mutex 5164ffc3aad0 (0) Count=8 

Mutex 5164f9568428 (0) Count=19 

Mutex 7af26bc43914 (0) Count=1 

Mutex 5164f86af628 (0) Count=10 

Mutex 5164ff89ae88 (0) Count=71 

Mutex 7ffc34505660 (0) Count=3 

Mutex 5164f9794428 (0) Count=19 

Mutex 57ebf48 (0) Count=94 

Mutex 5164ffac3678 (0) Count=58 

Mutex 7ffcce28dde0 (0) Count=1 

Mutex 5164ffac32d0 (0) Count=5 

Mutex 5164ff913b30 (0) Count=1 

Mutex 54e8680 (0) Count=307 

Mutex 5164f93fc428 (0) Count=16 

Mutex 5164ff913580 (0) Count=2 

Mutex 7af26cd77914 (0) Count=1 

Mutex 5164ff913650 (0) Count=6 

Mutex 5164ffc3af50 (0) Count=4 

Mutex 5164ffac4170 (0) Count=5 

Mutex 5164f8722d28 (0) Count=11 

Mutex 7617a78 (0) Count=1 

Mutex 5164ffc3b1d8 (0) Count=4 

Mutex 5164d7af5c38 (0) Count=790 

Mutex 7bb286c559b4 (0) Count=63 

Mutex 674d6a0 (0) Count=2 

Mutex 5164ffc3af98 (0) Count=4 

Mutex 5164f9567b28 (0) Count=10 

Mutex 7af26d184914 (0) Count=1 

Mutex 5164f8739628 (0) Count=16 

Mutex 5164ffac4098 (0) Count=3 

Mutex 7af26c04f914 (0) Count=1 

Mutex 5164ffc3aba8 (0) Count=10 

Mutex 5ff916c6a978 (0) Count=4 

Mutex 5164f83cc428 (0) Count=11 

Mutex c000580d48 (0) Count=1 

Mutex 5164ff913720 (0) Count=2 

Mutex 5164ffc3ade8 (0) Count=3 

Mutex 6db55f0 (0) Count=1 

Mutex 72f9136ee904 (0) Count=1 

Mutex 5164ffc3b070 (0) Count=7 

Mutex 5164d7af5d68 (0) Count=1462 

Mutex 6a8f6d8 (0) Count=1 

Mutex 51652419f8a8 (0) Count=2763 

Mutex 5164ff913c00 (0) Count=3 

Mutex 5164ffc3b2f8 (0) Count=4 

Mutex 5abbd28 (0) Count=6 

Mutex 6d5a898 (0) Count=1 

Mutex 5164ff9133e0 (0) Count=2 

Mutex 5164ffc3acc8 (0) Count=7 

Mutex 5164ff863688 (0) Count=15270 

Mutex 5164ff9138c0 (0) Count=7 

Mutex 5164ffc3abf0 (0) Count=5 

Mutex 7ffd2e301c84 (0) Count=28 

Mutex c000a81948 (0) Count=2 

Mutex 5164ffb12178 (0) Count=26290 

Mutex 5164ffc3aec0 (0) Count=1 

Mutex 75676f591210 (0) Count=45 

Mutex 5164ffac2598 (0) Count=71 

Mutex 5164ffc3b028 (0) Count=5 

Mutex 6dafd90 (0) Count=1034 

Mutex 7fdb678 (0) Count=4 

Mutex 7af26ca6d914 (0) Count=1 

Mutex 72b6d6e719b4 (0) Count=58 

Mutex 5abbcf8 (0) Count=3 

Mutex 5164ffc3aa88 (0) Count=2 

Mutex 7af26cc74914 (0) Count=1 

Mutex 714c6b8 (0) Count=1 

Mutex 6ae4dd8 (0) Count=208 

Mutex 5164ffc3ac38 (0) Count=3 

Mutex 5164db8bd8a8 (0) Count=2 

Mutex 5164ff913240 (0) Count=4 

Mutex 5164f9793b28 (0) Count=20 

Task to be tracked is  eviction-ser



Init of all locks






Per thread lock analysis



     wait time (us)      : count     distribution
         0 -> 1          : 105263   |                                        |
         2 -> 3          : 19578038 |****************************************|
         4 -> 7          : 800579   |*                                       |
         8 -> 15         : 167101   |                                        |
        16 -> 31         : 141455   |                                        |
        32 -> 63         : 27241    |                                        |
        64 -> 127        : 9218     |                                        |
       128 -> 255        : 2442     |                                        |
       256 -> 511        : 308      |                                        |
       512 -> 1023       : 176      |                                        |
      1024 -> 2047       : 51       |                                        |
      2048 -> 4095       : 43       |                                        |
      4096 -> 8191       : 14       |                                        |
      8192 -> 16383      : 7        |                                        |
     16384 -> 32767      : 29       |                                        |
     32768 -> 65535      : 25       |                                        |
     65536 -> 131071     : 14       |                                        |
     hold time (us)      : count     distribution
         0 -> 1          : 19       |                                        |
         2 -> 3          : 328382   |                                        |
         4 -> 7          : 15523490 |****************************************|
         8 -> 15         : 5062155  |*************                           |
        16 -> 31         : 85631    |                                        |
        32 -> 63         : 6568     |                                        |
        64 -> 127        : 2886     |                                        |
       128 -> 255        : 2439     |                                        |
       256 -> 511        : 789      |                                        |
       512 -> 1023       : 1703     |                                        |
      1024 -> 2047       : 473      |                                        |
      2048 -> 4095       : 142      |                                        |
      4096 -> 8191       : 27       |                                        |
      8192 -> 16383      : 3341     |                                        |
     16384 -> 32767      : 70       |                                        |
     32768 -> 65535      : 767      |                                        |
     65536 -> 131071     : 1006     |                                        |
    131072 -> 262143     : 26       |                                        |
    262144 -> 524287     : 32       |                                        |
    524288 -> 1048575    : 934      |                                        |
   1048576 -> 2097151    : 10       |                                        |
   2097152 -> 4194303    : 17       |                                        |
   4194304 -> 8388607    : 29       |                                        |
   8388608 -> 16777215   : 8        |                                        |



Overall per lock analysis






Contention analysis



Mutex 7af26bb40914 (0) Count=1 

Mutex 5164ff89a808 (0) Count=3 

Mutex 6ae4cf8 (0) Count=1 

Mutex 5164ffc3b0b8 (0) Count=4 

Mutex 625945e356b8 (0) Count=2 

Mutex 5164ffc3af08 (0) Count=1 

Mutex 6aea6a0 (0) Count=5 

Mutex 5164ff863688 (0) Count=9637 

Mutex 625947e9d668 (0) Count=34 

Mutex 73135f8 (0) Count=4 

Mutex 625945e34a58 (0) Count=1 

Mutex 7fff430b0114 (0) Count=30 

Mutex 5164f1a0ef28 (0) Count=3 

Mutex 5164f1a0ecc8 (0) Count=5 

Mutex 57ebf48 (0) Count=775 

Mutex 6fd70f8 (0) Count=60 

Mutex 51655e5238a8 (0) Count=728 

Mutex 5164ffc3b340 (0) Count=4 

Mutex 7fff956a6f50 (0) Count=8 

Mutex 6ae4dd8 (0) Count=595 

Mutex 6aee330 (0) Count=67 

Mutex 592f260 (0) Count=1 

Mutex 7af26b713944 (0) Count=21 

Mutex 5164ff913b30 (0) Count=3 

Mutex 6c44068 (0) Count=2 

Mutex 516503ec1b08 (0) Count=5 

Mutex 5164ffc3b028 (0) Count=5 

Mutex 5d39e98 (0) Count=11 

Mutex 77fc5dfd88f8 (0) Count=5 

Mutex 5164f8736028 (0) Count=7 

Mutex 5164ffc3ac80 (0) Count=2 

Mutex 7af26b93a964 (0) Count=63 

Mutex 5164ffc3b190 (0) Count=6 

Mutex 625945e35298 (0) Count=1 

Mutex 79aa81bd29c4 (0) Count=57 

Mutex 5164f83cc428 (0) Count=6 

Mutex 6ae43e0 (0) Count=1 

Mutex 5164ff89a208 (0) Count=1 

Mutex 5164ff8f3d08 (0) Count=3 

Mutex 56a45e8 (0) Count=9 

Mutex 5164f1a0f8a8 (0) Count=1 

Mutex 5164ff9134b0 (0) Count=3 

Mutex 5164dba82b98 (0) Count=1 

Mutex 516542db4938 (0) Count=6 

Mutex 6f88a50 (0) Count=1 

Mutex 7af26ba3d914 (0) Count=1 

Mutex 5164f9569628 (0) Count=16 

Mutex 6ae4eb8 (0) Count=1 

Mutex 5164ff913310 (0) Count=2 

Mutex 5164ffc3aba8 (0) Count=4 

Mutex 7af26c96a914 (0) Count=1 

Mutex 625945e35ef8 (0) Count=2 

Mutex 5164ffb12178 (0) Count=17016 

Mutex 5164ffc3b220 (0) Count=2 

Mutex 5e53361a79e8 (0) Count=998 

Mutex 6ae4b90 (0) Count=3868 

Mutex 7af26ce7a914 (0) Count=1 

Mutex 7bb286c559b4 (0) Count=55 

Mutex 5164f93fc428 (0) Count=14 

Mutex 5164ffac4098 (0) Count=3 

Mutex 5164ffc3b148 (0) Count=3 

Mutex 5164ff99e348 (0) Count=4 

Mutex 5164f9568428 (0) Count=14 

Mutex 74cf888 (0) Count=12 

Mutex 6a8f6d8 (0) Count=1 

Mutex 5164f9793b28 (0) Count=12 

Mutex 77fc5cba18f8 (0) Count=3 

Mutex 6259461797d8 (0) Count=264 

Mutex 625945e34798 (0) Count=1 

Mutex 6ae4300 (0) Count=62 

Mutex 5164ff913170 (0) Count=3 

Mutex 5164e14952b8 (0) Count=1577 

Mutex 7f0a1341ac80 (0) Count=3 

Mutex 5164ffc3b100 (0) Count=3 

Mutex 748b6c8 (0) Count=6 

Mutex 5164f86adb28 (0) Count=11 

Mutex 625945e36f78 (0) Count=1 

Mutex 5164ff913c00 (0) Count=1 

Mutex 6dcae78 (0) Count=1 

Mutex 59253e0 (0) Count=94 

Mutex 5164ffb0fb80 (0) Count=5821 

Mutex 5164ffc3b2b0 (0) Count=6 

Mutex 5164f9794428 (0) Count=17 

Mutex 72f911f7e934 (0) Count=38 

Mutex 5164ffc3afe0 (0) Count=6 

Mutex 5164e14953e8 (0) Count=2241 

Mutex 5164ffc3ade8 (0) Count=1 

Mutex 5164ff616b48 (0) Count=1 

Mutex 5164f1a0f2b8 (0) Count=2 

Mutex 6f88a48 (0) Count=13 

Mutex 5164ff9138c0 (0) Count=1 

Mutex 5164ffc3ac38 (0) Count=3 

Mutex 5164ff9137f0 (0) Count=1 

Mutex 625945e34bb8 (0) Count=1 

Mutex 5164ff616a58 (0) Count=11 

Mutex 5164ffbf8708 (0) Count=1084 

Mutex 7ffc345056e0 (0) Count=8 

Mutex 625945e36478 (0) Count=1 

Mutex 5164ff99d9d8 (0) Count=1 

Mutex 7af26bf4c914 (0) Count=1 

Mutex 5164f8722d28 (0) Count=14 

Mutex 5164ff912060 (0) Count=4 

Mutex 7ffc34505660 (0) Count=21 

Mutex 625945e36cb8 (0) Count=1 

Mutex 58d0740 (0) Count=6 

Mutex 5164ffc3b2f8 (0) Count=2 

Mutex 7af26c764914 (0) Count=1 

Mutex 6c392d8 (0) Count=128 

Mutex 5164f9794d28 (0) Count=13 

Mutex 5164ffc3af98 (0) Count=3 

Mutex 5165af95cf28 (0) Count=1063 

Mutex 7ffdc5933f44 (0) Count=31 

Mutex 5164ffc3b268 (0) Count=6 

Mutex 5164f9566028 (0) Count=14 

Mutex 56a45b8 (0) Count=7 

Mutex 72f912ed6904 (0) Count=1 

Mutex 5e53361a69e8 (0) Count=2677 

Mutex 5164ffac3678 (0) Count=54 

Mutex 5164ffc3ae30 (0) Count=3 

Mutex 5164ffc3ad58 (0) Count=3 

Mutex 5164f93fd628 (0) Count=15 

Mutex 5c89db8 (0) Count=113 

Mutex 5164ffc3ae78 (0) Count=3 

Mutex 5164ffac3870 (0) Count=4 

Mutex 5164ffc3b070 (0) Count=2 

Mutex 5abbcf8 (0) Count=3 

Mutex 5164ffc3b1d8 (0) Count=2 

Mutex 5164f1a0f648 (0) Count=8 

Mutex 625946169380 (0) Count=112 

Mutex 5164ffc25948 (0) Count=2100 

Mutex 5abbd28 (0) Count=7 

Mutex 54e87a8 (0) Count=4 

Mutex 5164ffac32d0 (0) Count=3 

Mutex 625945e36b58 (0) Count=1 

Mutex 6cb0778 (0) Count=4 

Mutex 625945e372a4 (0) Count=15 

Mutex 6ae4e10 (0) Count=1 

Mutex 5164ff883888 (0) Count=22291 

Mutex 51652afcf648 (0) Count=16 

Mutex 72f9121af954 (0) Count=65 

Mutex 516548bc8df8 (0) Count=1 

Mutex 5164ff913580 (0) Count=2 

Mutex 51656e5cc808 (0) Count=601 

Mutex 5164ffc3abf0 (0) Count=6 

Mutex 5164ffc3aad0 (0) Count=3 

Mutex 768625ba1100 (0) Count=8 

Mutex 5164ffc3ada0 (0) Count=5 

Mutex 72f9128c4904 (0) Count=1 

Mutex 5e53361a67e8 (0) Count=246 

Mutex 5164f86af628 (0) Count=5 

Mutex 5164ff913720 (0) Count=3 

Mutex 5164f9795628 (0) Count=6 

Mutex 625945e35558 (0) Count=1 

Mutex 5164ffc3acc8 (0) Count=1 

Mutex 6ab2cf8 (0) Count=1 

Mutex 5164ffac2598 (0) Count=46 

Mutex 5164ffc3af50 (0) Count=4 

Mutex 7ffc6a82bbf4 (0) Count=31 

Mutex 5e53361a65e8 (0) Count=1 

Mutex 72b6d6e719b4 (0) Count=37 

Mutex 5164ff913650 (0) Count=3 

Mutex 5164ffc3ab60 (0) Count=2 

Mutex 5164ff616aa8 (0) Count=2 

Mutex 5164ffac4170 (0) Count=4 

Mutex 5164ffac2550 (0) Count=66 

Mutex 72f9137f2904 (0) Count=1 

Mutex 516503ec1c38 (0) Count=1538 

Mutex 7f09dc000030 (0) Count=2 

Mutex 74cd898 (0) Count=4 

Mutex 5164f9567b28 (0) Count=5 

Mutex 51656e5cc938 (0) Count=521 

Mutex 5164ffaaddf0 (0) Count=36352 

Mutex 5164ffac40e0 (0) Count=5 

Mutex 77fc60f18210 (0) Count=326 

Mutex 6cacc38 (0) Count=9 

Mutex 51655e5239d8 (0) Count=276 

Mutex 5164ffc3aa88 (0) Count=3 

Mutex 5a17818 (0) Count=2 

Mutex 5164f8739628 (0) Count=11 

Mutex 62594cc849e8 (0) Count=61 

Mutex 5164f1a0fc38 (0) Count=2 

Mutex 7ffd2e301c84 (0) Count=21 

Mutex 77fc5d1ba8f8 (0) Count=5 

Mutex 5164ffc3aec0 (0) Count=2 

Mutex 5164ffc3ab18 (0) Count=5 

Mutex 5164ffc3ad10 (0) Count=3 

Mutex 6d3a6a8 (0) Count=99 

Mutex 7ebf273269b4 (0) Count=48 

Mutex 6a8f6a0 (0) Count=171 

Mutex 54e8680 (0) Count=121 

Mutex 75676f591210 (0) Count=23 

Mutex 625945e35ad8 (0) Count=2 

Mutex 5e53361a46c0 (0) Count=13 

Mutex 625945e348f8 (0) Count=1 

Mutex 5164ff89ae88 (0) Count=28 

Mutex 7f09e4000030 (0) Count=1 

Mutex 6bb37d8 (0) Count=4 

Mutex 625945e36e18 (0) Count=1 

Mutex 72f9122b2904 (0) Count=1 

Mutex 625945e35138 (0) Count=2 

Mutex 5164ff913240 (0) Count=1 

Mutex 5164ffac3c60 (0) Count=4 

Mutex 6c82be8 (0) Count=1 

Mutex 6ae4848 (0) Count=421 

Mutex 5164ffac3318 (0) Count=2 

Mutex 5164ffac2868 (0) Count=43 

Mutex 5164ff9133e0 (0) Count=2 

