Task to be tracked is  tiered-server



Init of all locks






Per thread lock analysis



     wait time (us)      : count     distribution
         0 -> 1          : 72457    |                                        |
         2 -> 3          : 18799760 |****************************************|
         4 -> 7          : 796327   |*                                       |
         8 -> 15         : 141161   |                                        |
        16 -> 31         : 138861   |                                        |
        32 -> 63         : 16073    |                                        |
        64 -> 127        : 549      |                                        |
       128 -> 255        : 68       |                                        |
       256 -> 511        : 86       |                                        |
       512 -> 1023       : 79       |                                        |
      1024 -> 2047       : 8        |                                        |
      2048 -> 4095       : 1        |                                        |
      4096 -> 8191       : 0        |                                        |
      8192 -> 16383      : 2        |                                        |
     16384 -> 32767      : 2        |                                        |
     hold time (us)      : count     distribution
         0 -> 1          : 2        |                                        |
         2 -> 3          : 296434   |                                        |
         4 -> 7          : 14872042 |****************************************|
         8 -> 15         : 4852501  |*************                           |
        16 -> 31         : 89199    |                                        |
        32 -> 63         : 6406     |                                        |
        64 -> 127        : 2329     |                                        |
       128 -> 255        : 1770     |                                        |
       256 -> 511        : 641      |                                        |
       512 -> 1023       : 1627     |                                        |
      1024 -> 2047       : 127      |                                        |
      2048 -> 4095       : 127      |                                        |
      4096 -> 8191       : 75       |                                        |
      8192 -> 16383      : 3336     |                                        |
     16384 -> 32767      : 41       |                                        |
     32768 -> 65535      : 665      |                                        |
     65536 -> 131071     : 1017     |                                        |
    131072 -> 262143     : 6        |                                        |
    262144 -> 524287     : 40       |                                        |
    524288 -> 1048575    : 915      |                                        |
   1048576 -> 2097151    : 21       |                                        |
   2097152 -> 4194303    : 22       |                                        |
   4194304 -> 8388607    : 30       |                                        |
   8388608 -> 16777215   : 16       |                                        |



Overall per lock analysis






Contention analysis



Mutex 5164f8739628 (0) Count=14 

Mutex 5164ffac2868 (0) Count=66 

Mutex 5164ff863688 (0) Count=14394 

Mutex 71da688 (0) Count=3 

Mutex 77fc5d1ba8f8 (0) Count=3 

Mutex 5164f9568428 (0) Count=18 

Mutex 7bd4981216a8 (0) Count=2 

Mutex 7bd4980a7fb8 (0) Count=6 

Mutex 5164ffac3c60 (0) Count=3 

Mutex 7af26bb40914 (0) Count=1 

Mutex 7bd4aa7b3160 (0) Count=1 

Mutex 7fff956a86e0 (0) Count=4 

Mutex 768625ba1100 (0) Count=6 

Mutex 77fc60f18210 (0) Count=250 

Mutex 5164f83cc428 (0) Count=11 

Mutex 7bd4aa7b07d0 (0) Count=1 

Mutex 7fff430b0114 (0) Count=32 

Mutex 7bd4aa7b2520 (0) Count=1 

Mutex 5164ffc3ab18 (0) Count=7 

Mutex 5164ffc3ad10 (0) Count=4 

Mutex 5164ffac2598 (0) Count=82 

Mutex 5c51818 (0) Count=11 

Mutex 7fff956a9140 (0) Count=5 

Mutex 5164ffc25948 (0) Count=3053 

Mutex 72b6d6e719b4 (0) Count=55 

Mutex 592f260 (0) Count=7 

Mutex 5164ffc3ade8 (0) Count=6 

Mutex 5164ffaaddf0 (0) Count=40576 

Mutex 62594766a0a8 (0) Count=22 

Mutex 72f9136ee904 (0) Count=1 

Mutex 7bd498179908 (0) Count=1 

Mutex 7af26cb71914 (0) Count=1 

Mutex 7bb286c559b4 (0) Count=59 

Mutex 5164ffc3b100 (0) Count=6 

Mutex 5164ffc3afe0 (0) Count=5 

Mutex 5165514bea68 (0) Count=1 

Mutex 5165b2a645a8 (0) Count=2763 

Mutex 7bd4983d11b8 (0) Count=6 

Mutex 79aa81bd29c4 (0) Count=58 

Mutex 5164f86adb28 (0) Count=9 

Mutex 72f9127c1904 (0) Count=1 

Mutex 625945e370d8 (0) Count=1 

Mutex 5164ffc3aec0 (0) Count=3 

Mutex 5164ffb0fb80 (0) Count=8967 

Mutex 51652afcf778 (0) Count=2 

Mutex 5164f9795628 (0) Count=11 

Mutex 5164ffc3b268 (0) Count=5 

Mutex 7af26be49914 (0) Count=1 

Mutex 5164f93fc428 (0) Count=7 

Mutex 7ffc34509ac0 (0) Count=1 

Mutex 6aa6cf0 (0) Count=1 

Mutex 7ffdc5933f44 (0) Count=27 

Mutex 7bd498154448 (0) Count=7 

Mutex 77fc5cba18f8 (0) Count=3 

Mutex 5164fbfa0110 (0) Count=2 

Mutex 5164f93fd628 (0) Count=11 

Mutex 7af26b713944 (0) Count=36 

Mutex 6259461797d8 (0) Count=78 

Mutex 5b85fc8 (0) Count=73 

Mutex 7bd498246808 (0) Count=1 

Mutex 599a158 (0) Count=2 

Mutex 5164ffc3ac38 (0) Count=3 

Mutex 5164f9567b28 (0) Count=15 

Mutex 5164ffac40e0 (0) Count=10 

Mutex 5164ffc3abf0 (0) Count=6 

Mutex 7bd49804bc80 (0) Count=7 

Mutex 5164ff8f3d08 (0) Count=40 

Mutex 7bd49845c378 (0) Count=33 

Mutex 72f911f7e934 (0) Count=35 

Mutex 5164ffc3b148 (0) Count=4 

Mutex 5164ff913c00 (0) Count=4 

Mutex 7bd49406cec8 (0) Count=12 

Mutex 57ebf48 (0) Count=368 

Mutex 5164ffac3678 (0) Count=76 

Mutex 56a45e8 (0) Count=6 

Mutex 72f9121af954 (0) Count=65 

Mutex 5acaa28 (0) Count=20 

Mutex 7bd498109db8 (0) Count=4 

Mutex 7af26b93a964 (0) Count=63 

Mutex 5164ffc3b070 (0) Count=7 

Mutex 54e87a8 (0) Count=6 

Mutex 5164ffc3b190 (0) Count=6 

Mutex 82547f8 (0) Count=1 

Mutex 5164ffc3b340 (0) Count=10 

Mutex 5164ffc3acc8 (0) Count=5 

Mutex 625945e34638 (0) Count=1 

Mutex 5165b2a64348 (0) Count=1 

Mutex 7bd4aa7b28e0 (0) Count=1 

Mutex 625945e36b58 (0) Count=1 

Mutex 7bd49861d838 (0) Count=17 

Mutex 7af26ce7a914 (0) Count=1 

Mutex 5164ffac2550 (0) Count=101 

Mutex 7275408 (0) Count=1 

Mutex 592ad88 (0) Count=10 

Mutex 5164ff9134b0 (0) Count=2 

Mutex 7bd4aa7b6e60 (0) Count=1 

Mutex 5164f9794d28 (0) Count=14 

Mutex 5164f9794428 (0) Count=14 

Mutex 7bd4aa7b0ad0 (0) Count=1 

Mutex 5164ff913720 (0) Count=3 

Mutex 7bd498742948 (0) Count=14 

Mutex 5164f1a0e478 (0) Count=444 

Mutex 5b86a88 (0) Count=98 

Mutex 625945e36cb8 (0) Count=1 

Mutex 7bd49835e5c8 (0) Count=22 

Mutex 51656b714f28 (0) Count=1383 

Mutex 5164ffc3b2b0 (0) Count=3 

Mutex 5164ffc3af08 (0) Count=4 

Mutex 5164ff9133e0 (0) Count=1 

Mutex 5164ff89ae88 (0) Count=31 

Mutex 5164ffac3318 (0) Count=3 

Mutex 5164f1a0ea68 (0) Count=1444 

Mutex 5164f9569628 (0) Count=11 

Mutex 7fff956a9ad0 (0) Count=5 

Mutex 5164ff9130a0 (0) Count=3 

Mutex 7bd498169c48 (0) Count=13 

Mutex 7bd498430b08 (0) Count=76 

Mutex 5164ffc3ada0 (0) Count=7 

Mutex 7bd4aa7ba100 (0) Count=1 

Mutex 5164ff9137f0 (0) Count=2 

Mutex 58e6590 (0) Count=15 

Mutex 592b5d0 (0) Count=17 

Mutex 5a83860 (0) Count=1 

Mutex 5164ffc3ad58 (0) Count=3 

Mutex 5164ff912060 (0) Count=3 

Mutex 7bd498470758 (0) Count=6 

Mutex 5164ff912fd0 (0) Count=5 

Mutex 7fff956a66f0 (0) Count=1 

Mutex 7af26bf4c914 (0) Count=1 

Mutex 5164ffc3b028 (0) Count=4 

Mutex 57ebf18 (0) Count=1 

Mutex 5164ffb12178 (0) Count=24374 

Mutex 75676f591210 (0) Count=34 

Mutex 7ffcb9f0ca60 (0) Count=1 

Mutex 58e7d00 (0) Count=10 

Mutex 7bd498010840 (0) Count=10 

Mutex 6a8f6a0 (0) Count=8 

Mutex 70a4268 (0) Count=1 

Mutex 5164ffc3b2f8 (0) Count=8 

Mutex 7bd49828cf48 (0) Count=74 

Mutex 5e53361a69e8 (0) Count=8 

Mutex 5164f8722d28 (0) Count=9 

Mutex 5164ff913b30 (0) Count=4 

Mutex 72f912dd3904 (0) Count=1 

Mutex 5164f9793b28 (0) Count=14 

Mutex 58d0740 (0) Count=90 

Mutex 5adb168 (0) Count=2 

Mutex 5164ff913240 (0) Count=3 

Mutex 625945e365d8 (0) Count=1 

Mutex 5d42538 (0) Count=69 

Mutex 7bd4980108e0 (0) Count=1 

Mutex 7bd4aa7ad270 (0) Count=1 

Mutex 7bd4aa7b0ac0 (0) Count=1 

Mutex 7fff956a8760 (0) Count=6 

Mutex 5164ffc3af50 (0) Count=1 

Mutex 5164de84ab98 (0) Count=2 

Mutex 7a408e8 (0) Count=2 

Mutex 5164f8736028 (0) Count=21 

Mutex 5164ffc3ae78 (0) Count=4 

Mutex 77fc5dfd88f8 (0) Count=2 

Mutex 5ba6b38 (0) Count=16 

Mutex 5164ff883888 (0) Count=23240 

Mutex 5164ff913170 (0) Count=1 

Mutex 7fff956a7060 (0) Count=5 

Mutex 7fff956a9a50 (0) Count=23 

Mutex 5164ff913990 (0) Count=2 

Mutex 7ebf273269b4 (0) Count=56 

Mutex 5164de84a348 (0) Count=2192 

Mutex 5164ff9138c0 (0) Count=4 

Mutex 51652179ef28 (0) Count=2829 

Mutex 7ffc6a82bbf4 (0) Count=32 

Mutex 7ffd2e301c84 (0) Count=27 

Mutex 5abbd28 (0) Count=5 

Mutex 5164ffac4098 (0) Count=4 

Mutex 5164ff913310 (0) Count=5 

Mutex 7fff956a9340 (0) Count=1 

Mutex 625945e34fd8 (0) Count=2 

Mutex 5164ffc3b1d8 (0) Count=9 

Mutex 7bd498050580 (0) Count=1 

Mutex 5164ffc3ab60 (0) Count=6 

Mutex 625945e372a4 (0) Count=2 

Mutex 625947e9d668 (0) Count=14 

Mutex 5164f9566028 (0) Count=11 

Mutex 7bd4a0000030 (0) Count=1 

Mutex 5164de84b518 (0) Count=920 

Mutex 5164ffc3aad0 (0) Count=7 

Mutex 7af26d080914 (0) Count=1 

Mutex 7af26c764914 (0) Count=1 

Mutex 5164fff17b08 (0) Count=1 

Mutex 5164ffc3b0b8 (0) Count=1 

Mutex 5164ffac32d0 (0) Count=5 

Mutex 5164ffc3aba8 (0) Count=2 

Mutex 5164ffc3b220 (0) Count=7 

Mutex 516544ee0348 (0) Count=658 

Mutex 625945e369f8 (0) Count=1 

Mutex 7bd49800f0d0 (0) Count=16 

Mutex 7bd49804b288 (0) Count=6 

Mutex 7bd4984722f8 (0) Count=74 

Mutex 5164ffc3af98 (0) Count=5 

Mutex 5164ffbf8708 (0) Count=1788 

Mutex 5164ffac3870 (0) Count=3 

Mutex 7fff956a90c0 (0) Count=19 

Mutex 5164ffc3ae30 (0) Count=2 

Mutex 5164ffc3ac80 (0) Count=5 

Mutex 5abbcf8 (0) Count=1 

Mutex 625945e35298 (0) Count=1 

Mutex 5164ffc3aa88 (0) Count=4 

Mutex 72f9134e8904 (0) Count=1 

Mutex 7fff956a9b10 (0) Count=3 

Mutex 5d68568 (0) Count=111 

Mutex 5164f86af628 (0) Count=12 

Mutex 516569e966d8 (0) Count=1 

Mutex 5164ff913650 (0) Count=4 

Mutex 5c6f2a8 (0) Count=59 

Mutex 7af26c661914 (0) Count=1 

Mutex 5c316e8 (0) Count=85 

Mutex 5164ffac4170 (0) Count=4 

Mutex 54e8680 (0) Count=153 

Mutex 625946169380 (0) Count=25 

Mutex 5164ff913580 (0) Count=3 

Mutex 7fff956a92c0 (0) Count=13 

Mutex 7bd498174698 (0) Count=8 

