Attached kprobe to mutex_lock and kretprobe to mutex_unlock
Attached kprobe to _raw_spin_lock and kretprobe to _raw_spin_unlock
Attached kprobe to _raw_write_lock and kretprobe to _raw_write_unlock
Attached kprobe to _raw_read_lock and kretprobe to _raw_read_unlock
Tracing  locks for 30 seconds
TIME(s)            COMM             PID    LOCKTIME

 Print the lock statistics: 
LOCK_NAME          TOTAL_LOCKTIME(s) TOTAL_LOCKCOUNT
mutex              0.000000         0
spin               35.519079        1073
write_lock         0.000000         0
read_lock          0.000000         0
The total time of acquiring locks is: 35.51907894 s
Events collected during tracing:
Lock Address: 18383856013778419396
  Lock Name: spin
  Total Lock Time: 3274761 ns
  Lock Count: 710
  PIDs: {30764}
  TIDs: {30755}
  Stack Traces:
    Trace: b'_raw_spin_lock'<br>b'futex_wait'<br>b'do_futex'<br>b'__x64_sys_futex'<br>b'x64_sys_call'<br>b'do_syscall_64'<br>b'entry_SYSCALL_64_after_hwframe'<br>
      Count: 355
      Time: 1648481 ns
    Trace: b'_raw_spin_lock'<br>b'futex_wait_setup'<br>b'futex_wait'<br>b'do_futex'<br>b'__x64_sys_futex'<br>b'x64_sys_call'<br>b'do_syscall_64'<br>b'entry_SYSCALL_64_after_hwframe'<br>
      Count: 355
      Time: 1626280 ns
Lock Address: 18383722025170448576
  Lock Name: spin
  Total Lock Time: 35515804179 ns
  Lock Count: 363
  PIDs: {30764}
  TIDs: {30755}
  Stack Traces:
    Trace: b'_raw_spin_lock'<br>b'__schedule'<br>b'schedule'<br>b'futex_wait_queue'<br>b'futex_wait'<br>b'do_futex'<br>b'__x64_sys_futex'<br>b'x64_sys_call'<br>b'do_syscall_64'<br>b'entry_SYSCALL_64_after_hwframe'<br>
      Count: 355
      Time: 35215739272 ns
    Trace: b'_raw_spin_lock'<br>b'_raw_spin_rq_lock_irqsave'<br>b'update_blocked_averages'<br>b'newidle_balance'<br>b'pick_next_task_fair'<br>b'pick_next_task'<br>b'__schedule'<br>b'schedule'<br>b'futex_wait_queue'<br>b'futex_wait'<br>b'do_futex'<br>b'__x64_sys_futex'<br>b'x64_sys_call'<br>b'do_syscall_64'<br>b'entry_SYSCALL_64_after_hwframe'<br>
      Count: 3
      Time: 25772 ns
    Trace: b'_raw_spin_lock'<br>b'newidle_balance'<br>b'pick_next_task_fair'<br>b'pick_next_task'<br>b'__schedule'<br>b'schedule'<br>b'futex_wait_queue'<br>b'futex_wait'<br>b'do_futex'<br>b'__x64_sys_futex'<br>b'x64_sys_call'<br>b'do_syscall_64'<br>b'entry_SYSCALL_64_after_hwframe'<br>
      Count: 3
      Time: 300014636 ns
    Trace: b'_raw_spin_lock'<br>b'scheduler_tick'<br>b'update_process_times'<br>b'tick_sched_handle'<br>b'tick_sched_timer'<br>b'__hrtimer_run_queues'<br>b'hrtimer_interrupt'<br>b'__sysvec_apic_timer_interrupt'<br>b'sysvec_apic_timer_interrupt'<br>b'asm_sysvec_apic_timer_interrupt'<br>b'finish_task_switch.isra.0'<br>b'__schedule'<br>b'schedule'<br>b'futex_wait_queue'<br>b'futex_wait'<br>b'do_futex'<br>b'__x64_sys_futex'<br>b'x64_sys_call'<br>b'do_syscall_64'<br>b'entry_SYSCALL_64_after_hwframe'<br>
      Count: 1
      Time: 14010 ns
    Trace: b'_raw_spin_lock'<br>b'_raw_spin_rq_lock_irqsave'<br>b'update_blocked_averages'<br>b'run_rebalance_domains'<br>b'__do_softirq'<br>b'__irq_exit_rcu'<br>b'irq_exit_rcu'<br>b'sysvec_apic_timer_interrupt'<br>b'asm_sysvec_apic_timer_interrupt'<br>b'finish_task_switch.isra.0'<br>b'__schedule'<br>b'schedule'<br>b'futex_wait_queue'<br>b'futex_wait'<br>b'do_futex'<br>b'__x64_sys_futex'<br>b'x64_sys_call'<br>b'do_syscall_64'<br>b'entry_SYSCALL_64_after_hwframe'<br>
      Count: 1
      Time: 10489 ns
