Attached kprobe to mutex_lock and kretprobe to mutex_unlock
Attached kprobe to _raw_spin_lock and kretprobe to _raw_spin_unlock
Attached kprobe to _raw_write_lock and kretprobe to _raw_write_unlock
Attached kprobe to _raw_read_lock and kretprobe to _raw_read_unlock
Tracing  locks for 30 seconds
TIME(s)            COMM             PID    LOCKTIME

 Print the lock statistics: 
LOCK_NAME          TOTAL_LOCKTIME(s) TOTAL_LOCKCOUNT
mutex              0.000000         0
spin               64.995901        228
write_lock         0.000000         0
read_lock          0.000000         0
The total time of acquiring locks is: 64.995900981 s
Events collected during tracing:
Lock Address: 18383722025168356672
  Lock Name: spin
  Total Lock Time: 6318 ns
  Lock Count: 1
  PIDs: {30782}
  TIDs: {30755}
  Stack Traces:
    Trace: b'_raw_spin_lock'<br>b'__do_softirq'<br>b'__irq_exit_rcu'<br>b'irq_exit_rcu'<br>b'common_interrupt'<br>b'asm_common_interrupt'<br>
      Count: 1
      Time: 6318 ns
Lock Address: 18383721990371275968
  Lock Name: spin
  Total Lock Time: 10416 ns
  Lock Count: 2
  PIDs: {30782}
  TIDs: {30755}
  Stack Traces:
    Trace: b'_raw_spin_lock'<br>b'dequeue_entity'<br>b'dequeue_task_fair'<br>b'dequeue_task'<br>b'__schedule'<br>b'schedule'<br>b'futex_wait_queue'<br>b'futex_wait'<br>b'do_futex'<br>b'__x64_sys_futex'<br>b'x64_sys_call'<br>b'do_syscall_64'<br>b'entry_SYSCALL_64_after_hwframe'<br>
      Count: 2
      Time: 10416 ns
Lock Address: 18383856013778198916
  Lock Name: spin
  Total Lock Time: 12176 ns
  Lock Count: 3
  PIDs: {30782}
  TIDs: {30755}
  Stack Traces:
    Trace: b'_raw_spin_lock'<br>b'do_futex'<br>b'__x64_sys_futex'<br>b'x64_sys_call'<br>b'do_syscall_64'<br>b'entry_SYSCALL_64_after_hwframe'<br>
      Count: 3
      Time: 12176 ns
Lock Address: 18383721993994789028
  Lock Name: spin
  Total Lock Time: 13608 ns
  Lock Count: 2
  PIDs: {30782}
  TIDs: {30755}
  Stack Traces:
    Trace: b'_raw_spin_lock'<br>b'__common_interrupt'<br>b'common_interrupt'<br>b'asm_common_interrupt'<br>
      Count: 1
      Time: 9261 ns
    Trace: b'_raw_spin_lock'<br>b'handle_edge_irq'<br>b'__common_interrupt'<br>b'common_interrupt'<br>b'asm_common_interrupt'<br>
      Count: 1
      Time: 4347 ns
Lock Address: 18383721993994796196
  Lock Name: spin
  Total Lock Time: 13667 ns
  Lock Count: 4
  PIDs: {30782}
  TIDs: {30755}
  Stack Traces:
    Trace: b'_raw_spin_lock'<br>b'__common_interrupt'<br>b'common_interrupt'<br>b'asm_common_interrupt'<br>
      Count: 2
      Time: 9039 ns
    Trace: b'_raw_spin_lock'<br>b'handle_edge_irq'<br>b'__common_interrupt'<br>b'common_interrupt'<br>b'asm_common_interrupt'<br>
      Count: 2
      Time: 4628 ns
Lock Address: 18383721993723985816
  Lock Name: spin
  Total Lock Time: 20361 ns
  Lock Count: 2
  PIDs: {30782}
  TIDs: {30755}
  Stack Traces:
    Trace: b'_raw_spin_lock'<br>b'ip_protocol_deliver_rcu'<br>b'ip_local_deliver_finish'<br>b'ip_local_deliver'<br>b'ip_rcv'<br>b'__netif_receive_skb_core.constprop.0'<br>b'__netif_receive_skb_list_core'<br>b'netif_receive_skb_list_internal'<br>b'napi_complete_done'<br>b'igb_poll'<br>b'__napi_poll'<br>b'net_rx_action'<br>b'__do_softirq'<br>b'__irq_exit_rcu'<br>b'irq_exit_rcu'<br>b'common_interrupt'<br>b'asm_common_interrupt'<br>
      Count: 2
      Time: 20361 ns
Lock Address: 18383721993723997336
  Lock Name: spin
  Total Lock Time: 23089 ns
  Lock Count: 1
  PIDs: {30782}
  TIDs: {30755}
  Stack Traces:
    Trace: b'_raw_spin_lock'<br>b'ip_protocol_deliver_rcu'<br>b'ip_local_deliver_finish'<br>b'ip_local_deliver'<br>b'ip_rcv'<br>b'__netif_receive_skb_core.constprop.0'<br>b'__netif_receive_skb_list_core'<br>b'netif_receive_skb_list_internal'<br>b'napi_complete_done'<br>b'igb_poll'<br>b'__napi_poll'<br>b'net_rx_action'<br>b'__do_softirq'<br>b'__irq_exit_rcu'<br>b'irq_exit_rcu'<br>b'common_interrupt'<br>b'asm_common_interrupt'<br>
      Count: 1
      Time: 23089 ns
Lock Address: 18383856013778002372
  Lock Name: spin
  Total Lock Time: 88957 ns
  Lock Count: 16
  PIDs: {30782}
  TIDs: {30755}
  Stack Traces:
    Trace: b'_raw_spin_lock'<br>b'do_futex'<br>b'__x64_sys_futex'<br>b'x64_sys_call'<br>b'do_syscall_64'<br>b'entry_SYSCALL_64_after_hwframe'<br>
      Count: 11
      Time: 69140 ns
    Trace: b'_raw_spin_lock'<br>b'futex_wait_setup'<br>b'futex_wait'<br>b'do_futex'<br>b'__x64_sys_futex'<br>b'x64_sys_call'<br>b'do_syscall_64'<br>b'entry_SYSCALL_64_after_hwframe'<br>
      Count: 5
      Time: 19817 ns
Lock Address: 18383856013778510404
  Lock Name: spin
  Total Lock Time: 130468 ns
  Lock Count: 32
  PIDs: {30782}
  TIDs: {30755}
  Stack Traces:
    Trace: b'_raw_spin_lock'<br>b'futex_wait_setup'<br>b'futex_wait'<br>b'do_futex'<br>b'__x64_sys_futex'<br>b'x64_sys_call'<br>b'do_syscall_64'<br>b'entry_SYSCALL_64_after_hwframe'<br>
      Count: 18
      Time: 74031 ns
    Trace: b'_raw_spin_lock'<br>b'do_futex'<br>b'__x64_sys_futex'<br>b'x64_sys_call'<br>b'do_syscall_64'<br>b'entry_SYSCALL_64_after_hwframe'<br>
      Count: 14
      Time: 56437 ns
Lock Address: 18383856013778723268
  Lock Name: spin
  Total Lock Time: 266901 ns
  Lock Count: 52
  PIDs: {30782}
  TIDs: {30755}
  Stack Traces:
    Trace: b'_raw_spin_lock'<br>b'futex_wait_setup'<br>b'futex_wait'<br>b'do_futex'<br>b'__x64_sys_futex'<br>b'x64_sys_call'<br>b'do_syscall_64'<br>b'entry_SYSCALL_64_after_hwframe'<br>
      Count: 20
      Time: 87408 ns
    Trace: b'_raw_spin_lock'<br>b'do_futex'<br>b'__x64_sys_futex'<br>b'x64_sys_call'<br>b'do_syscall_64'<br>b'entry_SYSCALL_64_after_hwframe'<br>
      Count: 32
      Time: 179493 ns
Lock Address: 18383856013778100356
  Lock Name: spin
  Total Lock Time: 273104 ns
  Lock Count: 72
  PIDs: {30782}
  TIDs: {30755}
  Stack Traces:
    Trace: b'_raw_spin_lock'<br>b'futex_wait'<br>b'do_futex'<br>b'__x64_sys_futex'<br>b'x64_sys_call'<br>b'do_syscall_64'<br>b'entry_SYSCALL_64_after_hwframe'<br>
      Count: 36
      Time: 188068 ns
    Trace: b'_raw_spin_lock'<br>b'futex_wait_setup'<br>b'futex_wait'<br>b'do_futex'<br>b'__x64_sys_futex'<br>b'x64_sys_call'<br>b'do_syscall_64'<br>b'entry_SYSCALL_64_after_hwframe'<br>
      Count: 36
      Time: 85036 ns
Lock Address: 18383722025173594304
  Lock Name: spin
  Total Lock Time: 1999789857 ns
  Lock Count: 2
  PIDs: {30782}
  TIDs: {30755}
  Stack Traces:
    Trace: b'_raw_spin_lock'<br>b'__schedule'<br>b'schedule'<br>b'futex_wait_queue'<br>b'futex_wait'<br>b'do_futex'<br>b'__x64_sys_futex'<br>b'x64_sys_call'<br>b'do_syscall_64'<br>b'entry_SYSCALL_64_after_hwframe'<br>
      Count: 2
      Time: 1999789857 ns
Lock Address: 18383722025168351424
  Lock Name: spin
  Total Lock Time: 26998813758 ns
  Lock Count: 7
  PIDs: {30782}
  TIDs: {30755}
  Stack Traces:
    Trace: b'_raw_spin_lock'<br>b'__schedule'<br>b'schedule'<br>b'futex_wait_queue'<br>b'futex_wait'<br>b'do_futex'<br>b'__x64_sys_futex'<br>b'x64_sys_call'<br>b'do_syscall_64'<br>b'entry_SYSCALL_64_after_hwframe'<br>
      Count: 7
      Time: 26998813758 ns
Lock Address: 18383722025168089280
  Lock Name: spin
  Total Lock Time: 35996438301 ns
  Lock Count: 32
  PIDs: {30782}
  TIDs: {30755}
  Stack Traces:
    Trace: b'_raw_spin_lock'<br>b'__schedule'<br>b'schedule'<br>b'futex_wait_queue'<br>b'futex_wait'<br>b'do_futex'<br>b'__x64_sys_futex'<br>b'x64_sys_call'<br>b'do_syscall_64'<br>b'entry_SYSCALL_64_after_hwframe'<br>
      Count: 30
      Time: 34996576903 ns
    Trace: b'_raw_spin_lock'<br>b'_raw_spin_rq_lock_irqsave'<br>b'update_blocked_averages'<br>b'newidle_balance'<br>b'pick_next_task_fair'<br>b'pick_next_task'<br>b'__schedule'<br>b'schedule'<br>b'futex_wait_queue'<br>b'futex_wait'<br>b'do_futex'<br>b'__x64_sys_futex'<br>b'x64_sys_call'<br>b'do_syscall_64'<br>b'entry_SYSCALL_64_after_hwframe'<br>
      Count: 1
      Time: 5977 ns
    Trace: b'_raw_spin_lock'<br>b'newidle_balance'<br>b'pick_next_task_fair'<br>b'pick_next_task'<br>b'__schedule'<br>b'schedule'<br>b'futex_wait_queue'<br>b'futex_wait'<br>b'do_futex'<br>b'__x64_sys_futex'<br>b'x64_sys_call'<br>b'do_syscall_64'<br>b'entry_SYSCALL_64_after_hwframe'<br>
      Count: 1
      Time: 999855421 ns
