Task to be tracked is  TTLMonitor



Init of all locks






Per thread lock analysis



     wait time (us)      : count     distribution
         0 -> 1          : 97349    |                                        |
         2 -> 3          : 21472265 |****************************************|
         4 -> 7          : 878981   |*                                       |
         8 -> 15         : 158784   |                                        |
        16 -> 31         : 158412   |                                        |
        32 -> 63         : 20486    |                                        |
        64 -> 127        : 793      |                                        |
       128 -> 255        : 108      |                                        |
       256 -> 511        : 119      |                                        |
       512 -> 1023       : 149      |                                        |
      1024 -> 2047       : 22       |                                        |
      2048 -> 4095       : 4        |                                        |
      4096 -> 8191       : 69       |                                        |
      8192 -> 16383      : 18       |                                        |
     hold time (us)      : count     distribution
         0 -> 1          : 8        |                                        |
         2 -> 3          : 319504   |                                        |
         4 -> 7          : 17024988 |****************************************|
         8 -> 15         : 5534218  |*************                           |
        16 -> 31         : 100662   |                                        |
        32 -> 63         : 7589     |                                        |
        64 -> 127        : 2836     |                                        |
       128 -> 255        : 2520     |                                        |
       256 -> 511        : 647      |                                        |
       512 -> 1023       : 2388     |                                        |
      1024 -> 2047       : 209      |                                        |
      2048 -> 4095       : 71       |                                        |
      4096 -> 8191       : 42       |                                        |
      8192 -> 16383      : 3699     |                                        |
     16384 -> 32767      : 57       |                                        |
     32768 -> 65535      : 769      |                                        |
     65536 -> 131071     : 1144     |                                        |
    131072 -> 262143     : 20       |                                        |
    262144 -> 524287     : 13       |                                        |
    524288 -> 1048575    : 1015     |                                        |
   1048576 -> 2097151    : 4        |                                        |
   2097152 -> 4194303    : 0        |                                        |
   4194304 -> 8388607    : 13       |                                        |
   8388608 -> 16777215   : 6        |                                        |
  16777216 -> 33554431   : 2        |                                        |



Overall per lock analysis






Contention analysis



Mutex 5e53361a67e8 (0) Count=1 

Mutex 5164f8533628 (0) Count=15 

Mutex 5164ff863688 (0) Count=15760 

Mutex 5164ff997720 (0) Count=4 

Mutex 5164ffc3b148 (0) Count=12 

Mutex 7af26be49914 (0) Count=1 

Mutex 7af26cf7d914 (0) Count=1 

Mutex 5164ffac3708 (0) Count=14 

Mutex 5165514bfb08 (0) Count=1 

Mutex 5164ff9962d0 (0) Count=1 

Mutex 54e87a8 (0) Count=2 

Mutex 5164ffc3ada0 (0) Count=11 

Mutex 5164f83e7b28 (0) Count=11 

Mutex 5164f8736028 (0) Count=12 

Mutex 5164ffc3ae30 (0) Count=15 

Mutex 72f912bcd904 (0) Count=1 

Mutex 5164ff913e70 (0) Count=6 

Mutex 72b6d6e719b4 (0) Count=69 

Mutex 19ddaf4 (0) Count=1 

Mutex 5164ff883888 (0) Count=60193 

Mutex 5164ffc3b100 (0) Count=7 

Mutex 5164ff89ae88 (0) Count=39 

Mutex 5164ff9974b0 (0) Count=4 

Mutex 5164ffac3e10 (0) Count=3 

Mutex 5164f8530028 (0) Count=13 

Mutex 5164ffc3ad58 (0) Count=15 

Mutex 7fff430b0114 (0) Count=36 

Mutex 7af26c358914 (0) Count=1 

Mutex 5164f9795628 (0) Count=8 

Mutex 51650fedfb08 (0) Count=1 

Mutex 625947e9d668 (0) Count=1 

Mutex 5164c1317648 (0) Count=1 

Mutex 5164ff996540 (0) Count=1 

Mutex 5164ffc3aba8 (0) Count=17 

Mutex 5164ffc3aec0 (0) Count=17 

Mutex 625945e35978 (0) Count=1 

Mutex 5164c1317778 (0) Count=120 

Mutex 5164fbfa0110 (0) Count=1 

Mutex 5164ffc3acc8 (0) Count=21 

Mutex 5164c1316b98 (0) Count=1 

Mutex 5164ff913f40 (0) Count=4 

Mutex 6db55f0 (0) Count=1 

Mutex 5164ffc3ae78 (0) Count=15 

Mutex 5abbd28 (0) Count=4 

Mutex 5e53361a46c0 (0) Count=68 

Mutex 5164ffac41b8 (0) Count=1 

Mutex 5165514bf9d8 (0) Count=1 

Mutex 5164ffac3870 (0) Count=4 

Mutex 5164ffc3b220 (0) Count=8 

Mutex 5164ffc3b268 (0) Count=10 

Mutex 5164ff8f3d08 (0) Count=89 

Mutex 5164ffac2598 (0) Count=88 

Mutex 5164f8532428 (0) Count=8 

Mutex 7fff956a6ed0 (0) Count=1 

Mutex 5164ff99e938 (0) Count=1 

Mutex 5164f1a0fd68 (0) Count=1 

Mutex 5164ffc3b2b0 (0) Count=15 

Mutex 5e53361a69e8 (0) Count=2 

Mutex 625945e372a4 (0) Count=14 

Mutex 5164ffc3ad10 (0) Count=6 

Mutex 5164ffc3aad0 (0) Count=7 

Mutex 75676f591210 (0) Count=46 

Mutex 54e8680 (0) Count=143 

Mutex 5164ff99f8a8 (0) Count=6 

Mutex 5164ffac25e0 (0) Count=16 

Mutex 51652179f9d8 (0) Count=1 

Mutex 5164ffc3afe0 (0) Count=6 

Mutex 5164ffc25948 (0) Count=3237 

Mutex 77fc5cba18f8 (0) Count=2 

Mutex 5164ffac3b40 (0) Count=4 

Mutex 5164ff913cd0 (0) Count=1 

Mutex 72f9124b8904 (0) Count=1 

Mutex 5164ffac2e08 (0) Count=9 

Mutex 5164ffaaddf0 (0) Count=7246 

Mutex 5164ff99f3e8 (0) Count=285 

Mutex 5164ff99f518 (0) Count=133 

Mutex 5164f8b05b28 (0) Count=10 

Mutex 5164f8738428 (0) Count=11 

Mutex 5164ffac43b0 (0) Count=3 

Mutex 72f911f7e934 (0) Count=34 

Mutex 7af26bd46914 (0) Count=1 

Mutex 5164ffc3b028 (0) Count=16 

Mutex 5164f1a0f518 (0) Count=1 

Mutex 5164ffc3b190 (0) Count=18 

Mutex 5164ffc3af50 (0) Count=16 

Mutex 7af26ba3d914 (0) Count=1 

Mutex 5164c13160e8 (0) Count=1 

Mutex 72f9138f5904 (0) Count=1 

Mutex 5164ffac3ab0 (0) Count=5 

Mutex 5164ffb12178 (0) Count=30970 

Mutex 5abbcf8 (0) Count=2 

Mutex 56a45e8 (0) Count=11 

Mutex 72f9121af954 (0) Count=72 

Mutex 5164ff9963a0 (0) Count=3 

Mutex 5164ffc3ab18 (0) Count=10 

Mutex 7af26c96a914 (0) Count=1 

Mutex 5164c1317d68 (0) Count=1 

Mutex 5164f1a0e478 (0) Count=1 

Mutex 5164ff89aa08 (0) Count=8 

Mutex 57ebf48 (0) Count=1220 

Mutex 5164ff913da0 (0) Count=4 

Mutex 5164ff9978c0 (0) Count=4 

Mutex 58d0740 (0) Count=1 

Mutex 5164f8b06428 (0) Count=14 

Mutex 77fc5d1ba8f8 (0) Count=3 

Mutex 5164ffac4008 (0) Count=14 

Mutex 5164ffc3aa88 (0) Count=8 

Mutex 5164f93fcd28 (0) Count=12 

Mutex 72f9135eb904 (0) Count=1 

Mutex 51652179e938 (0) Count=1 

Mutex 5164ff996610 (0) Count=3 

Mutex 5164ffc3af98 (0) Count=8 

Mutex 5164ffc3ab60 (0) Count=18 

Mutex 5164c1316cc8 (0) Count=1 

Mutex 768625ba1100 (0) Count=8 

Mutex 5164f1a0fe98 (0) Count=1 

Mutex 5164f8b04028 (0) Count=12 

Mutex 5164ff99fd68 (0) Count=1 

Mutex 5164c1317e98 (0) Count=1 

Mutex 5164f8530928 (0) Count=24 

Mutex 706fbd8 (0) Count=1 

Mutex 5164ffac4488 (0) Count=16 

Mutex 5164ffb0fb80 (0) Count=10061 

Mutex 5164ffc3ade8 (0) Count=14 

Mutex 51652179fb08 (0) Count=1 

Mutex 56a45b8 (0) Count=6 

Mutex 5164ffac4560 (0) Count=11 

Mutex 7ffd9505aa70 (0) Count=1 

Mutex 5164ffac4878 (0) Count=5 

Mutex 7ffc6a82bbf4 (0) Count=27 

Mutex 7af26cc74914 (0) Count=1 

Mutex 7af26b93a964 (0) Count=65 

Mutex 5164ff996060 (0) Count=3 

Mutex 625946169380 (0) Count=6 

Mutex 7bb286c559b4 (0) Count=67 

Mutex 72f912aca904 (0) Count=1 

Mutex 5164fbfa0190 (0) Count=3 

Mutex 5164ffc3abf0 (0) Count=12 

Mutex 5164f1a0edf8 (0) Count=1 

Mutex 7af26c152914 (0) Count=1 

Mutex 5164ffc3ac38 (0) Count=16 

Mutex 5164ffac4098 (0) Count=5 

Mutex 5164ffc3af08 (0) Count=22 

Mutex 5164ffac4368 (0) Count=4 

Mutex 5164f8736928 (0) Count=15 

Mutex 5164f1a0ef28 (0) Count=1 

Mutex 5164ffac37e0 (0) Count=16 

Mutex 6d5a860 (0) Count=1 

Mutex 5164ffbf8708 (0) Count=1403 

Mutex 5164ffac40e0 (0) Count=3 

Mutex 5164ff89a788 (0) Count=1 

Mutex 5164ffac2550 (0) Count=121 

Mutex 6259461797d8 (0) Count=9 

Mutex 5164ff997a60 (0) Count=3 

Mutex 5165514be808 (0) Count=17 

Mutex 7ebf273269b4 (0) Count=63 

Mutex 7ffdc5933f44 (0) Count=36 

Mutex 51655f9aa0e8 (0) Count=1 

Mutex 5164f83e6928 (0) Count=25 

Mutex 580ba10 (0) Count=2 

Mutex 62594b8cf3d8 (0) Count=5 

Mutex 5164ffac2b38 (0) Count=22 

Mutex 7af26c55e914 (0) Count=1 

Mutex 5164ff997580 (0) Count=1 

Mutex 5164ff89a388 (0) Count=1 

Mutex 72f9131df904 (0) Count=1 

Mutex 5165514bf188 (0) Count=1 

Mutex 77fc60f18210 (0) Count=75 

Mutex 5164ffc3b340 (0) Count=12 

Mutex 5164ffac3120 (0) Count=4 

Mutex 7af26b713944 (0) Count=38 

Mutex 5164ffc3b0b8 (0) Count=10 

Mutex 5164c1316218 (0) Count=1 

Mutex 5164ff996880 (0) Count=4 

Mutex 5164f83e6028 (0) Count=19 

Mutex 5164ffc3ac80 (0) Count=19 

Mutex 5164ffc3b070 (0) Count=17 

Mutex 7af26c255914 (0) Count=1 

Mutex 5164f8b07628 (0) Count=13 

Mutex 77fc5dfd88f8 (0) Count=1 

Mutex 5164ff9967b0 (0) Count=7 

Mutex 5164ffc3b2f8 (0) Count=16 

Mutex 5165514bf058 (0) Count=1 

Mutex 5164ffc3b1d8 (0) Count=7 

