Task to be tracked is  ftdc



Init of all locks






Per thread lock analysis



     wait time (us)      : count     distribution
         0 -> 1          : 71836    |                                        |
         2 -> 3          : 21961989 |****************************************|
         4 -> 7          : 979265   |*                                       |
         8 -> 15         : 169237   |                                        |
        16 -> 31         : 153853   |                                        |
        32 -> 63         : 18361    |                                        |
        64 -> 127        : 622      |                                        |
       128 -> 255        : 88       |                                        |
       256 -> 511        : 133      |                                        |
       512 -> 1023       : 111      |                                        |
      1024 -> 2047       : 17       |                                        |
      2048 -> 4095       : 36       |                                        |
      4096 -> 8191       : 12       |                                        |
      8192 -> 16383      : 0        |                                        |
     16384 -> 32767      : 15       |                                        |
     32768 -> 65535      : 1        |                                        |
     hold time (us)      : count     distribution
         0 -> 1          : 10       |                                        |
         2 -> 3          : 311353   |                                        |
         4 -> 7          : 17527061 |****************************************|
         8 -> 15         : 5635197  |************                            |
        16 -> 31         : 101829   |                                        |
        32 -> 63         : 7680     |                                        |
        64 -> 127        : 2613     |                                        |
       128 -> 255        : 2325     |                                        |
       256 -> 511        : 870      |                                        |
       512 -> 1023       : 1976     |                                        |
      1024 -> 2047       : 276      |                                        |
      2048 -> 4095       : 125      |                                        |
      4096 -> 8191       : 61       |                                        |
      8192 -> 16383      : 3789     |                                        |
     16384 -> 32767      : 84       |                                        |
     32768 -> 65535      : 809      |                                        |
     65536 -> 131071     : 1135     |                                        |
    131072 -> 262143     : 16       |                                        |
    262144 -> 524287     : 17       |                                        |
    524288 -> 1048575    : 1047     |                                        |
   1048576 -> 2097151    : 5        |                                        |
   2097152 -> 4194303    : 0        |                                        |
   4194304 -> 8388607    : 14       |                                        |
   8388608 -> 16777215   : 20       |                                        |
  16777216 -> 33554431   : 4        |                                        |



Overall per lock analysis






Contention analysis



Mutex 5164fbfa0190 (0) Count=3 

Mutex 7bb286c559b4 (0) Count=73 

Mutex c000640d48 (0) Count=1 

Mutex 5164ffac41b8 (0) Count=3 

Mutex 72f9122b2904 (0) Count=1 

Mutex 5164ffb0fb80 (0) Count=15093 

Mutex 7ffdc5933f44 (0) Count=33 

Mutex 7af26c867914 (0) Count=1 

Mutex 5165514bf648 (0) Count=1 

Mutex 5164ffb12178 (0) Count=33710 

Mutex 5164ff997720 (0) Count=3 

Mutex 580ba10 (0) Count=1 

Mutex 59f9430 (0) Count=1 

Mutex 5164ffc3b1d8 (0) Count=6 

Mutex 5164ffc3ac80 (0) Count=18 

Mutex 5164f8530928 (0) Count=8 

Mutex 5164ffbf8708 (0) Count=1521 

Mutex 77fc5dfd88f8 (0) Count=1 

Mutex 5164ffc3ae78 (0) Count=10 

Mutex 5164ff8f3d08 (0) Count=89 

Mutex 5164ff913da0 (0) Count=5 

Mutex 5164f8b05b28 (0) Count=8 

Mutex 5165514bedf8 (0) Count=1 

Mutex 5164f8738428 (0) Count=12 

Mutex 5164f1a0e0e8 (0) Count=1 

Mutex 5164ff89ae88 (0) Count=46 

Mutex 5164ffc3afe0 (0) Count=12 

Mutex c000100548 (0) Count=2 

Mutex 5164f8736928 (0) Count=19 

Mutex 5164ffac2598 (0) Count=69 

Mutex 51652179f648 (0) Count=1 

Mutex 5164ffc3ada0 (0) Count=12 

Mutex 5164ffac4098 (0) Count=5 

Mutex 5164ffc3acc8 (0) Count=11 

Mutex 6db9280 (0) Count=1 

Mutex 5164ffc3b2b0 (0) Count=20 

Mutex 7af26d184914 (0) Count=1 

Mutex 5164ffc3aec0 (0) Count=17 

Mutex 5164ff913cd0 (0) Count=4 

Mutex 5164ffc3af98 (0) Count=9 

Mutex 5164ffac4560 (0) Count=9 

Mutex 72f9128c4904 (0) Count=1 

Mutex 5164ffc3ab18 (0) Count=10 

Mutex 5164f8b07628 (0) Count=12 

Mutex 5164ffac3ab0 (0) Count=2 

Mutex 5164f8532428 (0) Count=7 

Mutex 5164f8530028 (0) Count=11 

Mutex 54e8680 (0) Count=285 

Mutex 5164f1a0eb98 (0) Count=1 

Mutex 7e06f14187c8 (0) Count=6 

Mutex 5164ff996610 (0) Count=3 

Mutex 6d706b0 (0) Count=14 

Mutex 5ff916c6aa70 (0) Count=1 

Mutex 5164fbfa0110 (0) Count=3 

Mutex 5164ffac43b0 (0) Count=3 

Mutex 6fcf1b8 (0) Count=1 

Mutex 5164ffc3ade8 (0) Count=17 

Mutex 5164ff9962d0 (0) Count=2 

Mutex 72f9139f9904 (0) Count=1 

Mutex 5164ffc3b070 (0) Count=9 

Mutex 7af26cb71914 (0) Count=1 

Mutex 5164f83e7b28 (0) Count=14 

Mutex 5164ffc3aa88 (0) Count=10 

Mutex 5abbd28 (0) Count=2 

Mutex 5164ff863688 (0) Count=8223 

Mutex 6d39710 (0) Count=1 

Mutex 5164ffc3b268 (0) Count=15 

Mutex 7af26c661914 (0) Count=1 

Mutex 7e0718028f78 (0) Count=26 

Mutex 5164ffac2550 (0) Count=99 

Mutex 5164ffc3aba8 (0) Count=2 

Mutex 5164ff9963a0 (0) Count=1 

Mutex 5164ff996540 (0) Count=3 

Mutex 5164ffac40e0 (0) Count=3 

Mutex 7e0719e967b8 (0) Count=6 

Mutex 5164ffc3b190 (0) Count=16 

Mutex 5164ffac3b40 (0) Count=5 

Mutex 5164ff883888 (0) Count=13212 

Mutex 5164f83e6028 (0) Count=12 

Mutex 6d71e20 (0) Count=1 

Mutex 51655f9abd68 (0) Count=28 

Mutex 7e0719e6cf48 (0) Count=9 

Mutex 5164f8b06428 (0) Count=26 

Mutex 5e53361a69e8 (0) Count=3 

Mutex 72f9121af954 (0) Count=58 

Mutex 5164ff997a60 (0) Count=4 

Mutex 5164ffc3aad0 (0) Count=16 

Mutex 5164ffc3b148 (0) Count=16 

Mutex 5164ffc3af08 (0) Count=4 

Mutex 5164ffc3ad58 (0) Count=11 

Mutex 7af26ca6d914 (0) Count=1 

Mutex 5164ffac2e08 (0) Count=11 

Mutex 5e53361a67e8 (0) Count=1 

Mutex 5164ffc3b220 (0) Count=13 

Mutex 72f912cd0904 (0) Count=1 

Mutex 51650fedf778 (0) Count=1 

Mutex 5164ffac3e10 (0) Count=1 

Mutex 7fff99ad10c0 (0) Count=1 

Mutex 5164ffac3120 (0) Count=5 

Mutex 5164ffc3ab60 (0) Count=14 

Mutex 5164ff997580 (0) Count=4 

Mutex 51652179e5a8 (0) Count=1 

Mutex 6a8f6a0 (0) Count=2 

Mutex 5164ffac37e0 (0) Count=9 

Mutex 5164ffaaddf0 (0) Count=28058 

Mutex 5164ff9978c0 (0) Count=1 

Mutex 5164ffc3abf0 (0) Count=16 

Mutex 56a45b8 (0) Count=11 

Mutex 5a824c581678 (0) Count=1 

Mutex 51655f9ab648 (0) Count=1 

Mutex 5164ff996060 (0) Count=2 

Mutex 5164ff8b1818 (0) Count=9 

Mutex 5164f1a0f188 (0) Count=211 

Mutex 5a824c581770 (0) Count=2 

Mutex 7af26cf7d914 (0) Count=1 

Mutex 5164ffc3b028 (0) Count=13 

Mutex 6aea6a0 (0) Count=3 

Mutex 5164ffac4878 (0) Count=6 

Mutex 5164ffc3b2f8 (0) Count=10 

Mutex 51655f9abc38 (0) Count=80 

Mutex 51652179f058 (0) Count=78 

Mutex 7ebf273269b4 (0) Count=75 

Mutex 7af26c764914 (0) Count=1 

Mutex 5164ffc3af50 (0) Count=13 

Mutex 6d5ddd8 (0) Count=6 

Mutex 5e53361a46c0 (0) Count=50 

Mutex 5164ffc3ad10 (0) Count=15 

Mutex 54e87a8 (0) Count=11 

Mutex 5164ffc3ac38 (0) Count=18 

Mutex 5164ff913e70 (0) Count=3 

Mutex 5164ff996880 (0) Count=4 

Mutex 51650fedef28 (0) Count=1 

Mutex 5164ffc3ae30 (0) Count=9 

Mutex 5164ffac4368 (0) Count=2 

Mutex 5164ffac4008 (0) Count=9 

Mutex 5164ffc3b0b8 (0) Count=11 

Mutex 7af26bf4c914 (0) Count=1 

Mutex 7ffc6a82bbf4 (0) Count=29 

Mutex 5164ff89aa08 (0) Count=8 

Mutex 72f911f7e934 (0) Count=42 

Mutex 5164ff913f40 (0) Count=5 

Mutex 5164f8533628 (0) Count=12 

Mutex 72b6d6e719b4 (0) Count=74 

Mutex 6db4bd8 (0) Count=3 

Mutex 7fff99ad1d40 (0) Count=1 

Mutex 6db55f0 (0) Count=1 

Mutex 7fff99ad1790 (0) Count=2 

Mutex 5164f1a0f2b8 (0) Count=1 

Mutex 7e071838c548 (0) Count=7 

Mutex 5164f1a0fb08 (0) Count=1 

Mutex 7af26bd46914 (0) Count=1 

Mutex 7af26be49914 (0) Count=1 

Mutex 5164ffac4488 (0) Count=20 

Mutex 5164f9795628 (0) Count=7 

Mutex 6dbcc48 (0) Count=7 

Mutex 5165514be5a8 (0) Count=3 

Mutex 77fc60f18210 (0) Count=112 

Mutex 7af26bc43914 (0) Count=1 

Mutex 5164ffc3b100 (0) Count=7 

Mutex 75676f591210 (0) Count=49 

Mutex 51655f9aacc8 (0) Count=1 

Mutex 5164ffac2b38 (0) Count=13 

Mutex 5164f83e6928 (0) Count=15 

Mutex 7fff430b0114 (0) Count=34 

Mutex 7af26b93a964 (0) Count=71 

Mutex 5164f8736028 (0) Count=10 

Mutex 7fff99ad1810 (0) Count=2 

Mutex 5164ffac3708 (0) Count=8 

Mutex 56a45e8 (0) Count=17 

Mutex 51652afcfe98 (0) Count=91 

Mutex 57ebf48 (0) Count=841 

Mutex 5164f93fcd28 (0) Count=16 

Mutex 5164ffac3870 (0) Count=6 

Mutex 5164ffc25948 (0) Count=3335 

Mutex 72f912ed6904 (0) Count=1 

Mutex 1a73e34 (0) Count=1 

Mutex 5164ff9967b0 (0) Count=1 

Mutex 5a83860 (0) Count=1 

Mutex 5164ffac25e0 (0) Count=8 

Mutex 5164f8b04028 (0) Count=10 

Mutex 7fff99ad2620 (0) Count=1 

Mutex 5164ffc3b340 (0) Count=15 

Mutex 7af26b713944 (0) Count=47 

Mutex 72f9137f2904 (0) Count=1 

Mutex 6d71ec0 (0) Count=4 

Mutex 5165514becc8 (0) Count=1 

Mutex 7af26d080914 (0) Count=1 

