Task to be tracked is  conn23



Init of all locks






Per thread lock analysis



     wait time (us)      : count     distribution
         0 -> 1          : 111511   |                                        |
         2 -> 3          : 19438579 |****************************************|
         4 -> 7          : 621641   |*                                       |
         8 -> 15         : 141879   |                                        |
        16 -> 31         : 127581   |                                        |
        32 -> 63         : 15420    |                                        |
        64 -> 127        : 613      |                                        |
       128 -> 255        : 57       |                                        |
       256 -> 511        : 93       |                                        |
       512 -> 1023       : 82       |                                        |
      1024 -> 2047       : 18       |                                        |
      2048 -> 4095       : 3        |                                        |
     hold time (us)      : count     distribution
         0 -> 1          : 0        |                                        |
         2 -> 3          : 333646   |                                        |
         4 -> 7          : 15719800 |****************************************|
         8 -> 15         : 4488811  |***********                             |
        16 -> 31         : 72469    |                                        |
        32 -> 63         : 4275     |                                        |
        64 -> 127        : 558      |                                        |
       128 -> 255        : 177      |                                        |
       256 -> 511        : 461      |                                        |
       512 -> 1023       : 345      |                                        |
      1024 -> 2047       : 112      |                                        |
      2048 -> 4095       : 17       |                                        |
      4096 -> 8191       : 0        |                                        |
      8192 -> 16383      : 3177     |                                        |
     16384 -> 32767      : 9        |                                        |
     32768 -> 65535      : 626      |                                        |
     65536 -> 131071     : 960      |                                        |
    131072 -> 262143     : 8        |                                        |
    262144 -> 524287     : 16       |                                        |
    524288 -> 1048575    : 895      |                                        |
   1048576 -> 2097151    : 4        |                                        |
   2097152 -> 4194303    : 3        |                                        |
   4194304 -> 8388607    : 10       |                                        |
   8388608 -> 16777215   : 5        |                                        |



Overall per lock analysis






Contention analysis



Mutex 5165b2a653e8 (0) Count=361 

Mutex 72f9121af954 (0) Count=58 

Mutex 5164f83e6928 (0) Count=9 

Mutex 5164ffc3ac80 (0) Count=10 

Mutex 5164ffc3ac38 (0) Count=10 

Mutex 5164ffac3e10 (0) Count=1 

Mutex 5164ffac3120 (0) Count=6 

Mutex 5164fbfa0110 (0) Count=2 

Mutex 5164ff996610 (0) Count=5 

Mutex 5164ffc3ab18 (0) Count=7 

Mutex 5165b2a65648 (0) Count=60 

Mutex 5164ff863688 (0) Count=14996 

Mutex 6a8f6a0 (0) Count=2 

Mutex 7fff430b0114 (0) Count=24 

Mutex 5164ffc3acc8 (0) Count=9 

Mutex 5164ffac4488 (0) Count=19 

Mutex 5164f8a68928 (0) Count=10 

Mutex 7af26bd46914 (0) Count=1 

Mutex 5164ffac3870 (0) Count=5 

Mutex 5164ffc3b2b0 (0) Count=12 

Mutex 5164ffc3af50 (0) Count=9 

Mutex 5164ffc3b070 (0) Count=15 

Mutex 7ffc6a82bbf4 (0) Count=26 

Mutex 56a45b8 (0) Count=2 

Mutex 5165853d0d28 (0) Count=13 

Mutex 7ffcce28dde0 (0) Count=1 

Mutex 7af26c45b914 (0) Count=1 

Mutex 5164ffac3b40 (0) Count=3 

Mutex 5164ffac3708 (0) Count=6 

Mutex 5e53361a69e8 (0) Count=11 

Mutex 5164ffac2598 (0) Count=75 

Mutex 5164ffac2b38 (0) Count=13 

Mutex 5164ffac2550 (0) Count=95 

Mutex 5164ff913da0 (0) Count=4 

Mutex 5164ffac4098 (0) Count=4 

Mutex 5164ffc3ad58 (0) Count=17 

Mutex 5164ffac4560 (0) Count=12 

Mutex 5164ff996540 (0) Count=2 

Mutex 5164ff913cd0 (0) Count=1 

Mutex 5164ffc3aad0 (0) Count=4 

Mutex 72f911f7e934 (0) Count=36 

Mutex 5164ffac3ab0 (0) Count=4 

Mutex 768b7e8 (0) Count=1 

Mutex 5164ffac4878 (0) Count=7 

Mutex 72f9136ee904 (0) Count=1 

Mutex 5164f8b05b28 (0) Count=17 

Mutex 5e53361a67e8 (0) Count=1 

Mutex 5164ffc3ad10 (0) Count=11 

Mutex 5164ff89ae88 (0) Count=9 

Mutex 5164d05d8f28 (0) Count=123 

Mutex 7bb286c559b4 (0) Count=58 

Mutex 5164f8245228 (0) Count=3 

Mutex 72b6d6e719b4 (0) Count=60 

Mutex 5164ffc3b1d8 (0) Count=12 

Mutex 5164f8b07628 (0) Count=10 

Mutex 5164ff913e70 (0) Count=2 

Mutex 5164f954db28 (0) Count=8 

Mutex 5164ffac2e08 (0) Count=8 

Mutex 5164ffac4008 (0) Count=10 

Mutex 54e87a8 (0) Count=3 

Mutex 5164ff997a60 (0) Count=10 

Mutex 5164ffc3ae78 (0) Count=16 

Mutex 5164f83e7b28 (0) Count=7 

Mutex 5164ffc3ada0 (0) Count=10 

Mutex 5164ffc3b2f8 (0) Count=11 

Mutex 5164ffc3abf0 (0) Count=10 

Mutex 5164ff8b1818 (0) Count=3 

Mutex 7ffdc5933f44 (0) Count=31 

Mutex 5164ffc3b340 (0) Count=12 

Mutex 5164ffac41b8 (0) Count=1 

Mutex 5164ffc3ade8 (0) Count=11 

Mutex 5164ffac37e0 (0) Count=8 

Mutex 75676f591210 (0) Count=45 

Mutex 6aea6a0 (0) Count=2 

Mutex 5164ffc3b268 (0) Count=8 

Mutex 7af26b713944 (0) Count=34 

Mutex 5164ff997720 (0) Count=3 

Mutex 5164f8736928 (0) Count=17 

Mutex 5164ffc3b148 (0) Count=17 

Mutex 5164ff996060 (0) Count=1 

Mutex 5a83860 (0) Count=2 

Mutex 5164ee78e808 (0) Count=72 

Mutex 5164ff9974b0 (0) Count=2 

Mutex 5164ffc3b028 (0) Count=8 

Mutex 5164ff913f40 (0) Count=1 

Mutex 77fc5d1ba8f8 (0) Count=1 

Mutex 72f912dd3904 (0) Count=1 

Mutex 5164ffc3ab60 (0) Count=7 

Mutex 5164f83e6028 (0) Count=22 

Mutex 6d5a860 (0) Count=1 

Mutex 5164ffb0fb80 (0) Count=15652 

Mutex 5164ff9978c0 (0) Count=5 

Mutex 5164ffc3af98 (0) Count=6 

Mutex 7327248 (0) Count=2 

Mutex 5164ffac43b0 (0) Count=3 

Mutex 5164f86af628 (0) Count=16 

Mutex 5164ffac25e0 (0) Count=9 

Mutex 5164ffc25948 (0) Count=3158 

Mutex 5164ffc3aec0 (0) Count=8 

Mutex 5164ffc3b220 (0) Count=20 

Mutex 5164ee78e478 (0) Count=40 

Mutex 5164ff997580 (0) Count=3 

Mutex 5164ff996880 (0) Count=1 

Mutex 5164ffc3aba8 (0) Count=6 

Mutex 5164ffc3b100 (0) Count=10 

Mutex 7ffc345099c0 (0) Count=1 

Mutex 5164ffc3b190 (0) Count=8 

Mutex 7af26b93a964 (0) Count=63 

Mutex 5164ffac4368 (0) Count=3 

Mutex 7ffc34509ab0 (0) Count=1 

Mutex 5164ff9963a0 (0) Count=3 

Mutex 5164ffc3b0b8 (0) Count=9 

Mutex 5164ffc3ae30 (0) Count=10 

Mutex 5164ff9962d0 (0) Count=3 

Mutex 56a45e8 (0) Count=6 

Mutex 7396098 (0) Count=2 

Mutex 5164ffac40e0 (0) Count=2 

Mutex 77fc60f18210 (0) Count=30 

Mutex 5164ffc3afe0 (0) Count=14 

Mutex 5164ff9967b0 (0) Count=3 

Mutex 5164f8533628 (0) Count=10 

Mutex 5164ffc3aa88 (0) Count=14 

Mutex 77fc5cba18f8 (0) Count=1 

Mutex 5165853ce928 (0) Count=9 

Mutex 5164ffc3af08 (0) Count=6 

Mutex 73137d8 (0) Count=4 

Mutex 5164f8738428 (0) Count=12 

Mutex 5164f954c028 (0) Count=12 

Mutex 54e8680 (0) Count=135 

Mutex 5165852f6428 (0) Count=7 

Mutex 5164ff883888 (0) Count=14186 

Mutex 5164ffaaddf0 (0) Count=12791 

Mutex 5164ffb12178 (0) Count=21696 

Mutex 5164ffbf8708 (0) Count=1139 

Mutex 7ebf273269b4 (0) Count=55 

