Task to be tracked is  conn24



Init of all locks






Per thread lock analysis



     wait time (us)      : count     distribution
         0 -> 1          : 129123   |                                        |
         2 -> 3          : 20886762 |****************************************|
         4 -> 7          : 669817   |*                                       |
         8 -> 15         : 160438   |                                        |
        16 -> 31         : 140596   |                                        |
        32 -> 63         : 17984    |                                        |
        64 -> 127        : 658      |                                        |
       128 -> 255        : 107      |                                        |
       256 -> 511        : 134      |                                        |
       512 -> 1023       : 200      |                                        |
      1024 -> 2047       : 86       |                                        |
      2048 -> 4095       : 17       |                                        |
      4096 -> 8191       : 0        |                                        |
      8192 -> 16383      : 32       |                                        |
     16384 -> 32767      : 17       |                                        |
     32768 -> 65535      : 1        |                                        |
     hold time (us)      : count     distribution
         0 -> 1          : 12       |                                        |
         2 -> 3          : 316212   |                                        |
         4 -> 7          : 16693934 |****************************************|
         8 -> 15         : 5105620  |************                            |
        16 -> 31         : 94007    |                                        |
        32 -> 63         : 7033     |                                        |
        64 -> 127        : 2994     |                                        |
       128 -> 255        : 2651     |                                        |
       256 -> 511        : 537      |                                        |
       512 -> 1023       : 2507     |                                        |
      1024 -> 2047       : 218      |                                        |
      2048 -> 4095       : 117      |                                        |
      4096 -> 8191       : 28       |                                        |
      8192 -> 16383      : 3528     |                                        |
     16384 -> 32767      : 79       |                                        |
     32768 -> 65535      : 742      |                                        |
     65536 -> 131071     : 1107     |                                        |
    131072 -> 262143     : 11       |                                        |
    262144 -> 524287     : 17       |                                        |
    524288 -> 1048575    : 970      |                                        |
   1048576 -> 2097151    : 3        |                                        |
   2097152 -> 4194303    : 2        |                                        |
   4194304 -> 8388607    : 12       |                                        |
   8388608 -> 16777215   : 7        |                                        |
  16777216 -> 33554431   : 1        |                                        |



Overall per lock analysis






Contention analysis



Mutex 5164ff9978c0 (0) Count=2 

Mutex 7ebf273269b4 (0) Count=60 

Mutex 5164ffc3af08 (0) Count=22 

Mutex 5164f8245228 (0) Count=6 

Mutex 5164ff997a60 (0) Count=2 

Mutex 56a45b8 (0) Count=1 

Mutex 77fc5dfd88f8 (0) Count=3 

Mutex 5164ff996610 (0) Count=3 

Mutex 5164ffc3ad10 (0) Count=13 

Mutex 5164ffc3ab18 (0) Count=6 

Mutex 5164ffc3b1d8 (0) Count=13 

Mutex 5164f8738428 (0) Count=10 

Mutex 625945e34798 (0) Count=1 

Mutex 5164f8533628 (0) Count=2 

Mutex 51657a711778 (0) Count=1 

Mutex 7af26b93a964 (0) Count=48 

Mutex 72b6d6e719b4 (0) Count=56 

Mutex 73137d8 (0) Count=1 

Mutex 5164ffc3b100 (0) Count=9 

Mutex 625945e36e18 (0) Count=1 

Mutex 77fc5d1ba8f8 (0) Count=2 

Mutex 57ebf48 (0) Count=622 

Mutex 5164ffc3ac80 (0) Count=14 

Mutex 625945e35ef8 (0) Count=2 

Mutex 5164ffac43b0 (0) Count=5 

Mutex 5164ff996880 (0) Count=4 

Mutex 5164f83e6028 (0) Count=10 

Mutex 625945e36478 (0) Count=2 

Mutex 5e53361a67e8 (0) Count=1 

Mutex 625945e35558 (0) Count=3 

Mutex 5164ffac3870 (0) Count=5 

Mutex 625945e36738 (0) Count=2 

Mutex 516537bb3058 (0) Count=1 

Mutex 5164ffc25948 (0) Count=2257 

Mutex 5164ff997580 (0) Count=2 

Mutex 72f911f7e934 (0) Count=27 

Mutex 7af26b713944 (0) Count=36 

Mutex 5164ffaaddf0 (0) Count=33998 

Mutex 5abbd28 (0) Count=1 

Mutex 625945e34638 (0) Count=1 

Mutex 5164ffac4368 (0) Count=3 

Mutex 5164ffc3abf0 (0) Count=13 

Mutex 625945e35298 (0) Count=1 

Mutex 72f9122b2904 (0) Count=1 

Mutex 7af26bc43914 (0) Count=1 

Mutex 5164ff8b1818 (0) Count=9 

Mutex 5164ffac37e0 (0) Count=6 

Mutex 5164ff883888 (0) Count=32431 

Mutex 7af26cd77914 (0) Count=1 

Mutex 5164ffc3aa88 (0) Count=12 

Mutex 625945e353f8 (0) Count=3 

Mutex 5164ffc3afe0 (0) Count=9 

Mutex 5164ffac2b38 (0) Count=18 

Mutex 5164ffc3af50 (0) Count=12 

Mutex 5164ffac4878 (0) Count=5 

Mutex 5164ffc3b028 (0) Count=7 

Mutex 5164ffb0fb80 (0) Count=8504 

Mutex 5164ffc3ade8 (0) Count=7 

Mutex 7af26cc74914 (0) Count=1 

Mutex 5164ffc3b220 (0) Count=9 

Mutex 5164ffac4488 (0) Count=16 

Mutex 5164ff89ae88 (0) Count=4 

Mutex 5164ffac4008 (0) Count=6 

Mutex 625945e36318 (0) Count=2 

Mutex 625947e9d668 (0) Count=27 

Mutex 5164ffc3b148 (0) Count=10 

Mutex 5164ffc3ac38 (0) Count=13 

Mutex 5164ffc3ad58 (0) Count=13 

Mutex 72f9137f2904 (0) Count=1 

Mutex 7ffc6a82bbf4 (0) Count=29 

Mutex 5164f83e6928 (0) Count=2 

Mutex 5164ffac4098 (0) Count=2 

Mutex 5164ffbf8708 (0) Count=860 

Mutex 625945e34e78 (0) Count=2 

Mutex 5164ffac3120 (0) Count=3 

Mutex 5164ff863688 (0) Count=10913 

Mutex 5164f954c028 (0) Count=5 

Mutex 5164c13165a8 (0) Count=43 

Mutex 5164ffc3b340 (0) Count=25 

Mutex 5164ee78ecc8 (0) Count=1 

Mutex 5164ff8f3d08 (0) Count=76 

Mutex 6259461797d8 (0) Count=238 

Mutex 5164fbfa0110 (0) Count=5 

Mutex 7086d78 (0) Count=3 

Mutex 5164ffac3708 (0) Count=5 

Mutex 7af26bb40914 (0) Count=1 

Mutex 54e87a8 (0) Count=1 

Mutex 5164ff89a888 (0) Count=1 

Mutex 5164f83e7b28 (0) Count=14 

Mutex 5165853d0d28 (0) Count=14 

Mutex 51656b714218 (0) Count=1 

Mutex 5164ff913e70 (0) Count=3 

Mutex 5164ffc3b2b0 (0) Count=11 

Mutex 5164ffc3b070 (0) Count=7 

Mutex 625945e35d98 (0) Count=2 

Mutex 5164c13160e8 (0) Count=126 

Mutex 56a45e8 (0) Count=5 

Mutex 5164ff9963a0 (0) Count=3 

Mutex 5164ffc3ab60 (0) Count=6 

Mutex 5164ffac3b40 (0) Count=3 

Mutex 70ae738 (0) Count=2 

Mutex 5164c1317e98 (0) Count=1 

Mutex 5e53361a69e8 (0) Count=7 

Mutex 625945e35818 (0) Count=2 

Mutex 5164ffac40e0 (0) Count=1 

Mutex 5164ffc3b268 (0) Count=14 

Mutex 625945e35ad8 (0) Count=2 

Mutex 5164ffac25e0 (0) Count=16 

Mutex 625945e34fd8 (0) Count=1 

Mutex 625945e370d8 (0) Count=3 

Mutex 5164ffac2598 (0) Count=65 

Mutex 6a8f6a0 (0) Count=1 

Mutex 5164ffc3af98 (0) Count=11 

Mutex 72f912ed6904 (0) Count=1 

Mutex 7fff430b0114 (0) Count=23 

Mutex 5164ee78fe98 (0) Count=27 

Mutex 5164ffc3acc8 (0) Count=14 

Mutex 5164f8736928 (0) Count=3 

Mutex 7af26d080914 (0) Count=1 

Mutex 5164ffc3aad0 (0) Count=10 

Mutex 625945e36cb8 (0) Count=2 

Mutex 5164ffc3ae30 (0) Count=13 

Mutex 625945e36898 (0) Count=1 

Mutex 5164ff913f40 (0) Count=3 

Mutex 5164ffc3ae78 (0) Count=9 

Mutex 5164ee78f8a8 (0) Count=1 

Mutex 5164f86af628 (0) Count=5 

Mutex 7bb286c559b4 (0) Count=66 

Mutex 5164f8a68928 (0) Count=16 

Mutex 5164ffc3b0b8 (0) Count=10 

Mutex 5164ffc3b190 (0) Count=18 

Mutex 625945e35978 (0) Count=1 

Mutex 5164ff913cd0 (0) Count=1 

Mutex 54e8680 (0) Count=81 

Mutex 625945e35138 (0) Count=1 

Mutex 72f9121af954 (0) Count=47 

Mutex 5164f8b05b28 (0) Count=8 

Mutex 625945e35c38 (0) Count=3 

Mutex 5164ff913da0 (0) Count=2 

Mutex 77fc60f18210 (0) Count=51 

Mutex 5164f954db28 (0) Count=8 

Mutex 5164ffc3b2f8 (0) Count=13 

Mutex 5164ff9974b0 (0) Count=3 

Mutex 5164ffac2e08 (0) Count=12 

Mutex 5164ee78ef28 (0) Count=50 

Mutex 7ffcb9f0ca60 (0) Count=1 

Mutex 5164ff997720 (0) Count=1 

Mutex 62594cc36218 (0) Count=54 

Mutex 5164ffc3ada0 (0) Count=9 

Mutex 5164ffac41b8 (0) Count=3 

Mutex 5164ff9962d0 (0) Count=1 

Mutex 5164ffac3e10 (0) Count=3 

Mutex 5164f8b07628 (0) Count=9 

Mutex 5165852f6428 (0) Count=5 

Mutex 5164ffac2550 (0) Count=85 

Mutex 625946169380 (0) Count=237 

Mutex 5164ffac3ab0 (0) Count=3 

Mutex 5164ffc3aba8 (0) Count=7 

Mutex 625945e372a4 (0) Count=85 

Mutex 516598fee478 (0) Count=1 

Mutex 625945e361b8 (0) Count=2 

Mutex 7ffdc5933f44 (0) Count=33 

Mutex 625945e356b8 (0) Count=1 

Mutex 5164ff89aa08 (0) Count=6 

Mutex 5165853ce928 (0) Count=4 

Mutex 79d32d8 (0) Count=1 

Mutex 5164ffac4560 (0) Count=12 

Mutex 625945e36f78 (0) Count=2 

Mutex 5164ffb12178 (0) Count=22870 

Mutex 5164ff9967b0 (0) Count=1 

Mutex 625945e36b58 (0) Count=1 

Mutex 5164ff996060 (0) Count=3 

Mutex 625945e369f8 (0) Count=2 

Mutex 5165b2a65648 (0) Count=78 

Mutex 75676f591210 (0) Count=34 

Mutex 5164ffc3aec0 (0) Count=10 

Mutex 7af26b714044 (0) Count=1 

