Task to be tracked is  Logical.Refresh



Init of all locks






Per thread lock analysis



     wait time (us)      : count     distribution
         0 -> 1          : 114655   |                                        |
         2 -> 3          : 19601106 |****************************************|
         4 -> 7          : 625488   |*                                       |
         8 -> 15         : 147487   |                                        |
        16 -> 31         : 125521   |                                        |
        32 -> 63         : 13864    |                                        |
        64 -> 127        : 940      |                                        |
       128 -> 255        : 292      |                                        |
       256 -> 511        : 136      |                                        |
       512 -> 1023       : 215      |                                        |
      1024 -> 2047       : 57       |                                        |
      2048 -> 4095       : 18       |                                        |
      4096 -> 8191       : 36       |                                        |
     hold time (us)      : count     distribution
         0 -> 1          : 4        |                                        |
         2 -> 3          : 348584   |                                        |
         4 -> 7          : 15960616 |****************************************|
         8 -> 15         : 4450617  |***********                             |
        16 -> 31         : 69507    |                                        |
        32 -> 63         : 4615     |                                        |
        64 -> 127        : 651      |                                        |
       128 -> 255        : 285      |                                        |
       256 -> 511        : 456      |                                        |
       512 -> 1023       : 502      |                                        |
      1024 -> 2047       : 377      |                                        |
      2048 -> 4095       : 75       |                                        |
      4096 -> 8191       : 33       |                                        |
      8192 -> 16383      : 3218     |                                        |
     16384 -> 32767      : 62       |                                        |
     32768 -> 65535      : 647      |                                        |
     65536 -> 131071     : 960      |                                        |
    131072 -> 262143     : 18       |                                        |
    262144 -> 524287     : 19       |                                        |
    524288 -> 1048575    : 905      |                                        |
   1048576 -> 2097151    : 2        |                                        |
   2097152 -> 4194303    : 0        |                                        |
   4194304 -> 8388607    : 13       |                                        |
   8388608 -> 16777215   : 5        |                                        |



Overall per lock analysis






Contention analysis



Mutex 5164f83e6928 (0) Count=10 

Mutex 5164ffc3ab18 (0) Count=16 

Mutex 54e87a8 (0) Count=17 

Mutex 5164ffc3b070 (0) Count=14 

Mutex 6db9280 (0) Count=6 

Mutex 5164f8736928 (0) Count=12 

Mutex 5164ff9978c0 (0) Count=2 

Mutex 6daffa0 (0) Count=1 

Mutex 7044b0000030 (0) Count=1 

Mutex 625945e36b58 (0) Count=1 

Mutex 5164ffc3b2f8 (0) Count=14 

Mutex 7e07182153f8 (0) Count=1 

Mutex 5164ffc25948 (0) Count=2246 

Mutex 7af26b93a964 (0) Count=56 

Mutex 7fff99ad1710 (0) Count=2 

Mutex 625945e36318 (0) Count=1 

Mutex 6d71e20 (0) Count=2 

Mutex 5164ffac3120 (0) Count=3 

Mutex 5164ff913cd0 (0) Count=4 

Mutex 5164ffc3abf0 (0) Count=10 

Mutex 7e06f367ee88 (0) Count=5 

Mutex 5164ffac4098 (0) Count=3 

Mutex 5164ffc3af08 (0) Count=18 

Mutex 5164ffc3b1d8 (0) Count=5 

Mutex 5164ffc3ae78 (0) Count=12 

Mutex 72f9121af954 (0) Count=56 

Mutex 5164ffac43b0 (0) Count=2 

Mutex 625945e356b8 (0) Count=1 

Mutex 625945e35d98 (0) Count=1 

Mutex 5164ffac40e0 (0) Count=5 

Mutex 7e0719e1ac80 (0) Count=1 

Mutex 625945e35ad8 (0) Count=1 

Mutex 72b6d6e719b4 (0) Count=52 

Mutex 5164f93fcd28 (0) Count=7 

Mutex 6dafd90 (0) Count=1915 

Mutex 5164ffac41b8 (0) Count=2 

Mutex 5164f8532428 (0) Count=13 

Mutex 625945e36058 (0) Count=1 

Mutex 7fff430b0114 (0) Count=28 

Mutex 7af26d080914 (0) Count=1 

Mutex 78da988 (0) Count=2 

Mutex 5164ffc3b340 (0) Count=15 

Mutex 5e53361a46c0 (0) Count=10 

Mutex 5164ffc3ada0 (0) Count=6 

Mutex 5164ff997580 (0) Count=3 

Mutex 5164ffc3ae30 (0) Count=14 

Mutex 7fff99ad1b70 (0) Count=4 

Mutex 51657a711518 (0) Count=12 

Mutex 625947e9d668 (0) Count=22 

Mutex 7af26cd77914 (0) Count=1 

Mutex 6fcec78 (0) Count=2 

Mutex 7fff99ad12a0 (0) Count=3 

Mutex 5164ff996610 (0) Count=3 

Mutex 5164f8530928 (0) Count=4 

Mutex 6dafec0 (0) Count=2 

Mutex 5164ffc3b220 (0) Count=12 

Mutex 625945e36898 (0) Count=1 

Mutex 5164fbfa0110 (0) Count=2 

Mutex 5164ffc3aec0 (0) Count=10 

Mutex 7fff99ad26a0 (0) Count=1 

Mutex 5164f83e7b28 (0) Count=2 

Mutex 5164ffc3b148 (0) Count=17 

Mutex 54e8680 (0) Count=158 

Mutex 5164ee78ef28 (0) Count=172 

Mutex 7fff99ad13b0 (0) Count=1 

Mutex 5164ff9963a0 (0) Count=3 

Mutex 7e071812c6a8 (0) Count=2 

Mutex 7ffc6a82bbf4 (0) Count=23 

Mutex 77fc60f18210 (0) Count=68 

Mutex 5164ffc3b100 (0) Count=15 

Mutex 5164ffac4488 (0) Count=23 

Mutex 5164ffac3870 (0) Count=6 

Mutex 625945e361b8 (0) Count=1 

Mutex 5164ffac3ab0 (0) Count=3 

Mutex 6db4bd8 (0) Count=3 

Mutex 625945e35138 (0) Count=2 

Mutex 5164ffac2550 (0) Count=104 

Mutex 6aee330 (0) Count=1 

Mutex 5164ff913e70 (0) Count=3 

Mutex 5164f8b07628 (0) Count=6 

Mutex 5164ffc3ab60 (0) Count=12 

Mutex 5164ffc3aad0 (0) Count=10 

Mutex 5abbd28 (0) Count=7 

Mutex 6daffd8 (0) Count=55 

Mutex 51657a710808 (0) Count=104 

Mutex 625945e35818 (0) Count=1 

Mutex 5164ff9962d0 (0) Count=5 

Mutex 5164ffac4560 (0) Count=11 

Mutex 72f9136ee904 (0) Count=1 

Mutex 56a45e8 (0) Count=3 

Mutex 5e53361a69e8 (0) Count=8 

Mutex 625945e34fd8 (0) Count=1 

Mutex 5164ff913da0 (0) Count=1 

Mutex 5164ffaaddf0 (0) Count=39449 

Mutex 625945e365d8 (0) Count=2 

Mutex 5164f8b04028 (0) Count=7 

Mutex 625945e35558 (0) Count=1 

Mutex 7e06f1414668 (0) Count=3 

Mutex 7e0719e967b8 (0) Count=15 

Mutex 5164ffb12178 (0) Count=21107 

Mutex 5164ff883888 (0) Count=45499 

Mutex 57ebf48 (0) Count=5 

Mutex 5164ffac25e0 (0) Count=11 

Mutex 5164ff8b1818 (0) Count=7 

Mutex 7fff99ad1c30 (0) Count=2 

Mutex 5164ffc3ade8 (0) Count=12 

Mutex 5164ffac37e0 (0) Count=7 

Mutex 7e06f3352ce8 (0) Count=18 

Mutex 5164ffac4368 (0) Count=5 

Mutex 5164ffc3b0b8 (0) Count=15 

Mutex 5164ff913f40 (0) Count=1 

Mutex 6259461797d8 (0) Count=235 

Mutex 625945e348f8 (0) Count=2 

Mutex 5164ffc3ac80 (0) Count=14 

Mutex 6d5a860 (0) Count=35 

Mutex 7bb286c559b4 (0) Count=52 

Mutex 5164f8533628 (0) Count=13 

Mutex 7af26b713944 (0) Count=29 

Mutex 7ffdc5933f44 (0) Count=27 

Mutex 5164ffc3af98 (0) Count=15 

Mutex 7fff99ad1af0 (0) Count=1 

Mutex 56a45b8 (0) Count=1 

Mutex 54e86d0 (0) Count=1 

Mutex 5164f8738428 (0) Count=8 

Mutex 5abbcf8 (0) Count=3 

Mutex 5164f8736028 (0) Count=13 

Mutex 625945e35c38 (0) Count=1 

Mutex 5164ffac3b40 (0) Count=4 

Mutex 5e53361a79e8 (0) Count=1 

Mutex 6aea6a0 (0) Count=1 

Mutex 5164f9795628 (0) Count=11 

Mutex 5164f8530028 (0) Count=1 

Mutex 5164ffac2b38 (0) Count=17 

Mutex 5164ffb0fb80 (0) Count=11120 

Mutex 5164ffc3b268 (0) Count=9 

Mutex 625945e35298 (0) Count=1 

Mutex 5164ffc3aba8 (0) Count=14 

Mutex 5164fbfa0190 (0) Count=5 

Mutex 5164ffc3b028 (0) Count=21 

Mutex 5164ffac2e08 (0) Count=7 

Mutex 5164f83e6028 (0) Count=6 

Mutex 6ff94c8 (0) Count=2 

Mutex 5164ffbf8708 (0) Count=1336 

Mutex 6dafa70 (0) Count=1 

Mutex 5164ff863688 (0) Count=10484 

Mutex 5164ffc3b190 (0) Count=11 

Mutex 5164ffc3b2b0 (0) Count=13 

Mutex 5164ffac4878 (0) Count=12 

Mutex 5164ffc3aa88 (0) Count=4 

Mutex 7fff99ad1690 (0) Count=1 

Mutex 7e071838c548 (0) Count=14 

Mutex 5164f8b05b28 (0) Count=3 

Mutex 72f911f7e934 (0) Count=26 

Mutex 5164ffac3e10 (0) Count=4 

Mutex 7af26b714044 (0) Count=1 

Mutex 7e06f32e1208 (0) Count=7 

Mutex 5164ff9974b0 (0) Count=2 

Mutex 5164ffc3ad58 (0) Count=14 

Mutex 5164ffac4008 (0) Count=6 

Mutex 5164ffc3ad10 (0) Count=14 

Mutex 625945e36478 (0) Count=2 

Mutex 768625ba1100 (0) Count=3 

Mutex 5164ffc3ac38 (0) Count=14 

Mutex 6daf500 (0) Count=5 

Mutex 7ebf273269b4 (0) Count=49 

Mutex 5164ffc3acc8 (0) Count=9 

Mutex 7e0719e9f028 (0) Count=6 

Mutex 6d706b0 (0) Count=1 

Mutex 51657a7112b8 (0) Count=75 

Mutex 5164ffc3af50 (0) Count=13 

Mutex 5164ff9967b0 (0) Count=3 

Mutex 5164f8b06428 (0) Count=5 

Mutex 6dafa48 (0) Count=104 

Mutex 5164ff996880 (0) Count=6 

Mutex 7e06f14187c8 (0) Count=20 

Mutex 625945e372a4 (0) Count=13 

Mutex 625946169380 (0) Count=63 

Mutex 5164ff89ae88 (0) Count=12 

Mutex 6a8f6a0 (0) Count=4 

Mutex 7ffcb9f0ca60 (0) Count=1 

Mutex 62594b8676b8 (0) Count=32 

Mutex 7ffc34509b90 (0) Count=1 

Mutex 5164ffac2598 (0) Count=61 

Mutex 6db55f0 (0) Count=3 

Mutex 625945e35978 (0) Count=1 

Mutex 625945e353f8 (0) Count=1 

Mutex 5164ffac3708 (0) Count=12 

Mutex 5164ffc3afe0 (0) Count=16 

Mutex 5164ff997720 (0) Count=1 

Mutex 5164ff997a60 (0) Count=5 

Mutex 72f912dd3904 (0) Count=1 

Mutex 75676f591210 (0) Count=34 

