Task to be tracked is  DeadlineMonitor



Init of all locks






Per thread lock analysis



     wait time (us)      : count     distribution
         0 -> 1          : 103828   |                                        |
         2 -> 3          : 19642255 |****************************************|
         4 -> 7          : 567909   |*                                       |
         8 -> 15         : 147613   |                                        |
        16 -> 31         : 129375   |                                        |
        32 -> 63         : 14393    |                                        |
        64 -> 127        : 397      |                                        |
       128 -> 255        : 78       |                                        |
       256 -> 511        : 125      |                                        |
       512 -> 1023       : 99       |                                        |
      1024 -> 2047       : 15       |                                        |
      2048 -> 4095       : 1        |                                        |
     hold time (us)      : count     distribution
         0 -> 1          : 0        |                                        |
         2 -> 3          : 345735   |                                        |
         4 -> 7          : 15788200 |****************************************|
         8 -> 15         : 4528655  |***********                             |
        16 -> 31         : 75144    |                                        |
        32 -> 63         : 4689     |                                        |
        64 -> 127        : 519      |                                        |
       128 -> 255        : 182      |                                        |
       256 -> 511        : 405      |                                        |
       512 -> 1023       : 411      |                                        |
      1024 -> 2047       : 136      |                                        |
      2048 -> 4095       : 19       |                                        |
      4096 -> 8191       : 0        |                                        |
      8192 -> 16383      : 3187     |                                        |
     16384 -> 32767      : 14       |                                        |
     32768 -> 65535      : 625      |                                        |
     65536 -> 131071     : 962      |                                        |
    131072 -> 262143     : 10       |                                        |
    262144 -> 524287     : 12       |                                        |
    524288 -> 1048575    : 907      |                                        |
   1048576 -> 2097151    : 3        |                                        |
   2097152 -> 4194303    : 0        |                                        |
   4194304 -> 8388607    : 11       |                                        |
   8388608 -> 16777215   : 7        |                                        |



Overall per lock analysis






Contention analysis



Mutex 5164ffb0fb80 (0) Count=14468 

Mutex 5164c1317518 (0) Count=105 

Mutex 7af26c04f914 (0) Count=1 

Mutex 5164ffac3708 (0) Count=9 

Mutex 5ff916c6aa58 (0) Count=1 

Mutex 56a45b8 (0) Count=9 

Mutex 5164ffc3b070 (0) Count=11 

Mutex 5164f8736028 (0) Count=8 

Mutex 5164ffc3af50 (0) Count=10 

Mutex 5164f8736928 (0) Count=13 

Mutex 62594624d5d8 (0) Count=1 

Mutex 5164f8b05b28 (0) Count=20 

Mutex 5164ffc3af08 (0) Count=12 

Mutex 5164ffac4560 (0) Count=12 

Mutex 5164ffc3ad58 (0) Count=19 

Mutex 51652179f3e8 (0) Count=83 

Mutex 5164ffc3b148 (0) Count=10 

Mutex 5164ffc3aba8 (0) Count=18 

Mutex 5164ffc3ac38 (0) Count=11 

Mutex 77fc5cba18f8 (0) Count=1 

Mutex 75676f591210 (0) Count=43 

Mutex 5164f1a0f3e8 (0) Count=259 

Mutex 7ffdc5933f44 (0) Count=30 

Mutex 7044b0000030 (0) Count=1 

Mutex 7ebf273269b4 (0) Count=64 

Mutex 7af26b713944 (0) Count=38 

Mutex 5164ffbf8708 (0) Count=940 

Mutex 5164f8532428 (0) Count=9 

Mutex 5164ff913f40 (0) Count=3 

Mutex 5164ffc3ab18 (0) Count=19 

Mutex 5164ff913cd0 (0) Count=1 

Mutex 5164ffc3ab60 (0) Count=18 

Mutex 5164f8530028 (0) Count=7 

Mutex 5164ffc3ada0 (0) Count=18 

Mutex 5164ff89ae88 (0) Count=64 

Mutex 5164ffac3120 (0) Count=3 

Mutex 5164fbfa0110 (0) Count=4 

Mutex 5164f83e6928 (0) Count=7 

Mutex 5164f93fcd28 (0) Count=9 

Mutex 5164ffc3b1d8 (0) Count=17 

Mutex 5164f83e6028 (0) Count=7 

Mutex 5164ff863688 (0) Count=12819 

Mutex 6a8f6a0 (0) Count=3 

Mutex 72f9132e2904 (0) Count=1 

Mutex 5164ffac2550 (0) Count=126 

Mutex 5164ff8b1818 (0) Count=5 

Mutex 5e53361a67e8 (0) Count=2 

Mutex 5164ffc3b268 (0) Count=14 

Mutex 5164ffac4368 (0) Count=4 

Mutex 5164ffc3abf0 (0) Count=16 

Mutex 5164ffac41b8 (0) Count=5 

Mutex 5164fbfa0190 (0) Count=3 

Mutex 5164ffaaddf0 (0) Count=37806 

Mutex 5164ff996880 (0) Count=1 

Mutex 5164ffac3870 (0) Count=4 

Mutex 7ffcce28dde0 (0) Count=1 

Mutex 5164ff9978c0 (0) Count=3 

Mutex 5abbd28 (0) Count=4 

Mutex 5164ffc3ac80 (0) Count=7 

Mutex 5164ff89a788 (0) Count=1 

Mutex 5164ffac3ab0 (0) Count=6 

Mutex c000d80948 (0) Count=1 

Mutex 5164ff89a388 (0) Count=1 

Mutex 5164ffc3ade8 (0) Count=21 

Mutex 5164ff997720 (0) Count=6 

Mutex 5164f8b04028 (0) Count=16 

Mutex 6d39710 (0) Count=1 

Mutex 739c758 (0) Count=1 

Mutex 5e53361a69e8 (0) Count=7 

Mutex 5164ff9974b0 (0) Count=2 

Mutex 5164ffac43b0 (0) Count=6 

Mutex 5164ff9967b0 (0) Count=4 

Mutex 5164ffc3ad10 (0) Count=17 

Mutex 72f911f7e934 (0) Count=28 

Mutex 5164ffac4488 (0) Count=17 

Mutex 5164ffac40e0 (0) Count=5 

Mutex 5164ff913da0 (0) Count=3 

Mutex 5164ffac37e0 (0) Count=14 

Mutex 6aea6a0 (0) Count=3 

Mutex 51655f9abd68 (0) Count=57 

Mutex 5164ffc25948 (0) Count=2759 

Mutex 5164ffc3aad0 (0) Count=15 

Mutex 5164ffc3aec0 (0) Count=15 

Mutex 5164ff913e70 (0) Count=5 

Mutex 5164ff997580 (0) Count=3 

Mutex 5164ffac2b38 (0) Count=25 

Mutex 77fc60f18210 (0) Count=61 

Mutex 54e87a8 (0) Count=2 

Mutex 5164ffc3aa88 (0) Count=22 

Mutex 5164ffc3acc8 (0) Count=19 

Mutex 7ffc6a82bbf4 (0) Count=31 

Mutex 56a45e8 (0) Count=10 

Mutex 7e0719e9f028 (0) Count=1 

Mutex 7573c18 (0) Count=3 

Mutex 54e8680 (0) Count=110 

Mutex 5164ffac3e10 (0) Count=4 

Mutex 5164f83e7b28 (0) Count=6 

Mutex 5164f8738428 (0) Count=19 

Mutex 5685018 (0) Count=2 

Mutex 5164ffac4098 (0) Count=4 

Mutex 7af26bf4c914 (0) Count=1 

Mutex 5164f8533628 (0) Count=4 

Mutex 7af26b93a964 (0) Count=61 

Mutex 5164ff997a60 (0) Count=2 

Mutex 6d5a860 (0) Count=1 

Mutex 5164ffac3b40 (0) Count=6 

Mutex 5164f8b06428 (0) Count=9 

Mutex 5164ffac2598 (0) Count=105 

Mutex 5164ffac4008 (0) Count=10 

Mutex 5164ffc3b2f8 (0) Count=23 

Mutex 72f9121af954 (0) Count=61 

Mutex 5164ffc3b2b0 (0) Count=23 

Mutex 5164ffc3b0b8 (0) Count=13 

Mutex 72b6d6e719b4 (0) Count=57 

Mutex 5164ffac2e08 (0) Count=9 

Mutex 5164ff883888 (0) Count=22863 

Mutex 5164ffc3b100 (0) Count=19 

Mutex 5164ff9963a0 (0) Count=3 

Mutex 5164ffc3b220 (0) Count=13 

Mutex c0002bf548 (0) Count=1 

Mutex 72f912fd9904 (0) Count=1 

Mutex 5164f8b07628 (0) Count=9 

Mutex 5164ffac25e0 (0) Count=14 

Mutex 5164f8530928 (0) Count=8 

Mutex 7bb286c559b4 (0) Count=56 

Mutex 5164ffc3ae30 (0) Count=16 

Mutex 7fff430b0114 (0) Count=31 

Mutex 5164ffc3ae78 (0) Count=14 

Mutex 5e53361a46c0 (0) Count=39 

Mutex 6fde748 (0) Count=1 

Mutex 5164ff996610 (0) Count=4 

Mutex 5164ffac4878 (0) Count=16 

Mutex 5164ffc3afe0 (0) Count=17 

Mutex 5164ff996540 (0) Count=1 

Mutex 5164ffc3b028 (0) Count=19 

Mutex 768625ba1100 (0) Count=34 

Mutex 5164ffb12178 (0) Count=14946 

Mutex 5164ff9962d0 (0) Count=3 

Mutex 5164ffc3b340 (0) Count=16 

Mutex 5164ffc3af98 (0) Count=23 

Mutex 6aee330 (0) Count=2 

Mutex c00033c548 (0) Count=1 

Mutex 5164f9795628 (0) Count=12 

Mutex 5164ffc3b190 (0) Count=10 

Mutex 5164ff996060 (0) Count=4 

