Task to be tracked is  conn17



Init of all locks






Per thread lock analysis



     wait time (us)      : count     distribution
         0 -> 1          : 111390   |                                        |
         2 -> 3          : 19612154 |****************************************|
         4 -> 7          : 815125   |*                                       |
         8 -> 15         : 148290   |                                        |
        16 -> 31         : 146474   |                                        |
        32 -> 63         : 20626    |                                        |
        64 -> 127        : 820      |                                        |
       128 -> 255        : 93       |                                        |
       256 -> 511        : 147      |                                        |
       512 -> 1023       : 257      |                                        |
      1024 -> 2047       : 47       |                                        |
      2048 -> 4095       : 51       |                                        |
      4096 -> 8191       : 10       |                                        |
      8192 -> 16383      : 11       |                                        |
     16384 -> 32767      : 2        |                                        |
     hold time (us)      : count     distribution
         0 -> 1          : 7        |                                        |
         2 -> 3          : 295878   |                                        |
         4 -> 7          : 15617695 |****************************************|
         8 -> 15         : 5028769  |************                            |
        16 -> 31         : 89341    |                                        |
        32 -> 63         : 6217     |                                        |
        64 -> 127        : 2401     |                                        |
       128 -> 255        : 2150     |                                        |
       256 -> 511        : 511      |                                        |
       512 -> 1023       : 2025     |                                        |
      1024 -> 2047       : 199      |                                        |
      2048 -> 4095       : 108      |                                        |
      4096 -> 8191       : 50       |                                        |
      8192 -> 16383      : 3411     |                                        |
     16384 -> 32767      : 65       |                                        |
     32768 -> 65535      : 739      |                                        |
     65536 -> 131071     : 1030     |                                        |
    131072 -> 262143     : 24       |                                        |
    262144 -> 524287     : 85       |                                        |
    524288 -> 1048575    : 943      |                                        |
   1048576 -> 2097151    : 34       |                                        |
   2097152 -> 4194303    : 17       |                                        |
   4194304 -> 8388607    : 34       |                                        |
   8388608 -> 16777215   : 15       |                                        |



Overall per lock analysis






Contention analysis



Mutex 5164ffac3ab0 (0) Count=2 

Mutex 5164ffc3b148 (0) Count=4 

Mutex 5e53361a67e8 (0) Count=3 

Mutex 5164ffc3ac38 (0) Count=10 

Mutex 5164f8533628 (0) Count=11 

Mutex 7af26cb71914 (0) Count=1 

Mutex 5164ffb0fb80 (0) Count=18660 

Mutex 5164ffaaddf0 (0) Count=25875 

Mutex 7ffc6a82bbf4 (0) Count=30 

Mutex 5164ffc3af08 (0) Count=9 

Mutex 5164ff913cd0 (0) Count=2 

Mutex 5164ffc3b2b0 (0) Count=12 

Mutex 5164f8b06428 (0) Count=16 

Mutex 5164ffac3870 (0) Count=2 

Mutex 5164ffc3aba8 (0) Count=9 

Mutex 5164e9c15058 (0) Count=1 

Mutex 5164f83e6928 (0) Count=14 

Mutex 7af26c661914 (0) Count=1 

Mutex 5164ffac41b8 (0) Count=4 

Mutex 51652afce6d8 (0) Count=1 

Mutex 5164ee78eb98 (0) Count=1 

Mutex 5164d05d9058 (0) Count=118 

Mutex 5164f8532428 (0) Count=16 

Mutex 5164ffac3b40 (0) Count=3 

Mutex 5164ff913f40 (0) Count=6 

Mutex 5164ff997720 (0) Count=1 

Mutex 7e06f32e1208 (0) Count=2 

Mutex 5164ffc3ac80 (0) Count=7 

Mutex 5164ffc25948 (0) Count=3672 

Mutex 6e17b08 (0) Count=2 

Mutex 5165a8ed0a68 (0) Count=1 

Mutex 54e8680 (0) Count=125 

Mutex 5ff916c6aa48 (0) Count=1 

Mutex 5164f8530928 (0) Count=8 

Mutex 5165853d0d28 (0) Count=9 

Mutex 5164ffc3ada0 (0) Count=8 

Mutex 5164ff913e70 (0) Count=5 

Mutex 625946265aa0 (0) Count=1 

Mutex 5164ff883888 (0) Count=22779 

Mutex 5164ffac2598 (0) Count=58 

Mutex 5164ff89a788 (0) Count=1 

Mutex 5164ffbf8708 (0) Count=1554 

Mutex 5164f8736928 (0) Count=13 

Mutex 5164ffc3b0b8 (0) Count=11 

Mutex 5164ffac3708 (0) Count=6 

Mutex 72b6d6e719b4 (0) Count=60 

Mutex 7af26bc43914 (0) Count=1 

Mutex 5164ffc3ae30 (0) Count=7 

Mutex 5164ffac4368 (0) Count=4 

Mutex 5164ffc3afe0 (0) Count=10 

Mutex 6d39710 (0) Count=4 

Mutex 51652afce5a8 (0) Count=1 

Mutex 51652179f188 (0) Count=1 

Mutex 5165514be938 (0) Count=1 

Mutex 5abbcf8 (0) Count=4 

Mutex 77fc5cba18f8 (0) Count=5 

Mutex 5164ffb12178 (0) Count=14723 

Mutex 625945e372a4 (0) Count=4 

Mutex 7af26c04f914 (0) Count=1 

Mutex 5164ffac25e0 (0) Count=9 

Mutex 57ebf48 (0) Count=749 

Mutex 5164ffac40e0 (0) Count=3 

Mutex 6aee330 (0) Count=1 

Mutex 5164f954c028 (0) Count=15 

Mutex 5164ffc3af50 (0) Count=12 

Mutex 5164f83e7b28 (0) Count=10 

Mutex 5164ff9978c0 (0) Count=2 

Mutex 51650fedef28 (0) Count=179 

Mutex 5164ffc3aad0 (0) Count=9 

Mutex 5164ff997a60 (0) Count=3 

Mutex 5164ffc3b2f8 (0) Count=10 

Mutex 5e53361a79e8 (0) Count=3 

Mutex 5ff916c6aa70 (0) Count=1 

Mutex 5164ffc3b028 (0) Count=8 

Mutex 5164ffc3ab18 (0) Count=10 

Mutex 5e53361a69e8 (0) Count=21 

Mutex 5164ffac4560 (0) Count=7 

Mutex 7af26b713944 (0) Count=46 

Mutex 5164ffac3120 (0) Count=1 

Mutex 72f911f7e934 (0) Count=34 

Mutex 5164ffc3ae78 (0) Count=11 

Mutex 72f9131df904 (0) Count=1 

Mutex 7fff430b0114 (0) Count=24 

Mutex 5164ffc3af98 (0) Count=11 

Mutex 5164ff863688 (0) Count=18335 

Mutex 5164ff8f3d08 (0) Count=75 

Mutex 5164ffc3b070 (0) Count=8 

Mutex 5164ffac4008 (0) Count=7 

Mutex 7af26b93a964 (0) Count=58 

Mutex 77fc60f18210 (0) Count=204 

Mutex 5164f8738428 (0) Count=14 

Mutex 51657a710cc8 (0) Count=1 

Mutex 5164ff89ae88 (0) Count=49 

Mutex 5164ffc3aa88 (0) Count=7 

Mutex 5164ee78ea68 (0) Count=1 

Mutex 5164f93fcd28 (0) Count=14 

Mutex 62594624d5d8 (0) Count=1 

Mutex 5abbd28 (0) Count=10 

Mutex 5164ffac43b0 (0) Count=4 

Mutex 5164ff9962d0 (0) Count=2 

Mutex 79dcc98 (0) Count=6 

Mutex 7e06f3091378 (0) Count=1 

Mutex 7239a48 (0) Count=1 

Mutex 5164ffac37e0 (0) Count=8 

Mutex 5164ffc3b340 (0) Count=7 

Mutex 5164ff996060 (0) Count=3 

Mutex 7af26cf7d914 (0) Count=1 

Mutex 516544ee0478 (0) Count=217 

Mutex 5164f83e6028 (0) Count=15 

Mutex 5164ff9963a0 (0) Count=2 

Mutex 5165469cb648 (0) Count=25 

Mutex 5164ff996540 (0) Count=4 

Mutex 54e87a8 (0) Count=16 

Mutex 6a8f6a0 (0) Count=6 

Mutex 5164f8b07628 (0) Count=8 

Mutex 7af26d184914 (0) Count=1 

Mutex 5164ffc3ab60 (0) Count=8 

Mutex 5164ffc3ade8 (0) Count=10 

Mutex 5ff916c6a978 (0) Count=3 

Mutex 7af26bf4c914 (0) Count=1 

Mutex 5164ffac3e10 (0) Count=2 

Mutex 5164d05d8df8 (0) Count=1 

Mutex 768625ba1100 (0) Count=14 

Mutex 5164ffc3b268 (0) Count=11 

Mutex 5164ffc3abf0 (0) Count=4 

Mutex 5164ff8b1818 (0) Count=11 

Mutex 5164e9c145a8 (0) Count=1 

Mutex 7af26c764914 (0) Count=1 

Mutex 7ffdc5933f44 (0) Count=28 

Mutex 6d39748 (0) Count=1 

Mutex 5164ffac4878 (0) Count=5 

Mutex 5164f8b04028 (0) Count=12 

Mutex 72f9138f5904 (0) Count=1 

Mutex 5164ffac4098 (0) Count=2 

Mutex 5164ff89aa08 (0) Count=6 

Mutex 7af26c867914 (0) Count=1 

Mutex 7af26d33c020 (0) Count=2 

Mutex 5164ffc3ad58 (0) Count=11 

Mutex c000a80948 (0) Count=1 

Mutex 51657a710f28 (0) Count=1 

Mutex 5164ff996610 (0) Count=4 

Mutex 7ebf273269b4 (0) Count=64 

Mutex 5164ffac2550 (0) Count=95 

Mutex 5164f8b05b28 (0) Count=7 

Mutex 5164ffc3b190 (0) Count=10 

Mutex 5164ffc3b100 (0) Count=10 

Mutex 5164ff996880 (0) Count=6 

Mutex 7af26c255914 (0) Count=1 

Mutex 5164ffac2b38 (0) Count=16 

Mutex 6d93d68 (0) Count=1 

Mutex c000100148 (0) Count=1 

Mutex 5164ffac4488 (0) Count=15 

Mutex 75676f591210 (0) Count=40 

Mutex 6e920d8 (0) Count=1 

Mutex 6d945b0 (0) Count=4 

Mutex 7af26ca6d914 (0) Count=1 

Mutex 7af26bd46914 (0) Count=1 

Mutex 5164ffc3acc8 (0) Count=9 

Mutex 5164ff913da0 (0) Count=4 

Mutex 7bb286c559b4 (0) Count=61 

Mutex 5164ff9974b0 (0) Count=4 

Mutex 5164ffac2e08 (0) Count=10 

Mutex 5164ff997580 (0) Count=5 

Mutex 5164ffc3b1d8 (0) Count=10 

Mutex 5164ffc3ad10 (0) Count=6 

Mutex 6d5a860 (0) Count=3 

Mutex 5165a8ed0b98 (0) Count=1 

Mutex 5164ff9967b0 (0) Count=2 

Mutex 5164f8736028 (0) Count=11 

Mutex 6d4f510 (0) Count=2 

Mutex 5164ffc3b220 (0) Count=6 

Mutex 80a7a58 (0) Count=9 

Mutex 6259461797d8 (0) Count=7 

Mutex 54e86d4 (0) Count=1 

Mutex 56a45e8 (0) Count=4 

Mutex 5164ffc3aec0 (0) Count=14 

Mutex 5164ff99f3e8 (0) Count=1 

Mutex 77fc5d1ba8f8 (0) Count=5 

Mutex 72f9121af954 (0) Count=61 

Mutex 77fc5dfd88f8 (0) Count=6 

