Task to be tracked is  Periodi.kRunner



Init of all locks






Per thread lock analysis



     wait time (us)      : count     distribution
         0 -> 1          : 62349    |                                        |
         2 -> 3          : 20465733 |****************************************|
         4 -> 7          : 757504   |*                                       |
         8 -> 15         : 150130   |                                        |
        16 -> 31         : 138453   |                                        |
        32 -> 63         : 16889    |                                        |
        64 -> 127        : 593      |                                        |
       128 -> 255        : 87       |                                        |
       256 -> 511        : 116      |                                        |
       512 -> 1023       : 113      |                                        |
      1024 -> 2047       : 20       |                                        |
     hold time (us)      : count     distribution
         0 -> 1          : 5        |                                        |
         2 -> 3          : 287464   |                                        |
         4 -> 7          : 16293133 |****************************************|
         8 -> 15         : 5062208  |************                            |
        16 -> 31         : 102287   |                                        |
        32 -> 63         : 5031     |                                        |
        64 -> 127        : 609      |                                        |
       128 -> 255        : 227      |                                        |
       256 -> 511        : 444      |                                        |
       512 -> 1023       : 419      |                                        |
      1024 -> 2047       : 136      |                                        |
      2048 -> 4095       : 17       |                                        |
      4096 -> 8191       : 0        |                                        |
      8192 -> 16383      : 3381     |                                        |
     16384 -> 32767      : 9        |                                        |
     32768 -> 65535      : 664      |                                        |
     65536 -> 131071     : 1017     |                                        |
    131072 -> 262143     : 9        |                                        |
    262144 -> 524287     : 14       |                                        |
    524288 -> 1048575    : 949      |                                        |
   1048576 -> 2097151    : 2        |                                        |
   2097152 -> 4194303    : 0        |                                        |
   4194304 -> 8388607    : 11       |                                        |
   8388608 -> 16777215   : 4        |                                        |
  16777216 -> 33554431   : 2        |                                        |



Overall per lock analysis






Contention analysis



Mutex 5164ffac3708 (0) Count=16 

Mutex 5164ffac3b40 (0) Count=2 

Mutex 5164ff9978c0 (0) Count=4 

Mutex 5164ffc3b0b8 (0) Count=13 

Mutex 5164ffc3ac80 (0) Count=9 

Mutex 75676f591210 (0) Count=46 

Mutex 5164ff997720 (0) Count=6 

Mutex 6dbcc48 (0) Count=1 

Mutex 5164ffac4008 (0) Count=7 

Mutex 5164ffac37e0 (0) Count=12 

Mutex 6d945b0 (0) Count=7 

Mutex 5164f8530028 (0) Count=7 

Mutex 77fc60f18210 (0) Count=85 

Mutex 5164ffac41b8 (0) Count=3 

Mutex 5164ff996060 (0) Count=4 

Mutex 5164f8736928 (0) Count=15 

Mutex 6d5a860 (0) Count=2 

Mutex 5164ffc3af50 (0) Count=12 

Mutex 5e53361a69e8 (0) Count=4 

Mutex 5164ffc3b100 (0) Count=9 

Mutex 54e8680 (0) Count=178 

Mutex 5164ffc3ae30 (0) Count=10 

Mutex 5164ffac40e0 (0) Count=3 

Mutex 7af26b713944 (0) Count=41 

Mutex 5164ffc3b1d8 (0) Count=12 

Mutex 5164ffac2598 (0) Count=79 

Mutex 56a45b8 (0) Count=16 

Mutex 5164f8b07628 (0) Count=10 

Mutex 5164ffac3e10 (0) Count=4 

Mutex 5164f93fcd28 (0) Count=11 

Mutex 7fff430b0114 (0) Count=34 

Mutex 5164f8736028 (0) Count=13 

Mutex 5164ffac3120 (0) Count=6 

Mutex 5164ffc3ade8 (0) Count=14 

Mutex 5164ffac4878 (0) Count=9 

Mutex 5164ffac4560 (0) Count=9 

Mutex 5164ffc3ac38 (0) Count=10 

Mutex 7ffc6a82bbf4 (0) Count=27 

Mutex 5164ffc3b2b0 (0) Count=17 

Mutex 5164ffc3afe0 (0) Count=18 

Mutex 5164ffc3b268 (0) Count=13 

Mutex 5e53361a46c0 (0) Count=65 

Mutex 5164ffc3b2f8 (0) Count=15 

Mutex 7af26b93a964 (0) Count=63 

Mutex 5164f9795628 (0) Count=11 

Mutex 5164ffac2b38 (0) Count=17 

Mutex 5164f83e6028 (0) Count=8 

Mutex 7bb286c559b4 (0) Count=63 

Mutex 51657a710478 (0) Count=271 

Mutex 77fc5dfd88f8 (0) Count=1 

Mutex 5164ffaaddf0 (0) Count=2568 

Mutex 7ffd9505aa70 (0) Count=1 

Mutex 5164ff997580 (0) Count=5 

Mutex 5164ff913da0 (0) Count=3 

Mutex 6f1a7a8 (0) Count=2 

Mutex 72f9121af954 (0) Count=68 

Mutex 5164f8533628 (0) Count=12 

Mutex 5164ff9974b0 (0) Count=2 

Mutex 5164ffc3af08 (0) Count=16 

Mutex 5164ff89ae88 (0) Count=94 

Mutex 56a45e8 (0) Count=18 

Mutex 5164f8b05b28 (0) Count=13 

Mutex 5164ffc3ae78 (0) Count=15 

Mutex 5164ff883888 (0) Count=4779 

Mutex 5164ffc3b028 (0) Count=12 

Mutex 7af26b714044 (0) Count=1 

Mutex 5164f8530928 (0) Count=9 

Mutex 5164c1317c38 (0) Count=22 

Mutex 5164fbfa0190 (0) Count=2 

Mutex 7af26bc43914 (0) Count=1 

Mutex 5164f83e7b28 (0) Count=9 

Mutex 5164ff9962d0 (0) Count=3 

Mutex 7ffcb9f0ca60 (0) Count=1 

Mutex 5164ffbf8708 (0) Count=1477 

Mutex 5164ffc3ad58 (0) Count=14 

Mutex 5164f83e6928 (0) Count=9 

Mutex 5164ffac43b0 (0) Count=5 

Mutex 5164f8532428 (0) Count=13 

Mutex 72b6d6e719b4 (0) Count=60 

Mutex 5164ffc3ab60 (0) Count=11 

Mutex 5164ff996610 (0) Count=1 

Mutex 72f911f7e934 (0) Count=31 

Mutex 5164ffac2550 (0) Count=124 

Mutex 5164ffc3af98 (0) Count=15 

Mutex 6c3c458 (0) Count=1 

Mutex 5164f8b04028 (0) Count=22 

Mutex 768625ba1100 (0) Count=25 

Mutex 54e87a8 (0) Count=1 

Mutex 5164ff863688 (0) Count=17122 

Mutex 5165a8ed0cc8 (0) Count=74 

Mutex 5164ffc3ada0 (0) Count=13 

Mutex 62594624d5d8 (0) Count=1 

Mutex 5164ff996880 (0) Count=3 

Mutex 5164ffc3aba8 (0) Count=6 

Mutex 7ebf273269b4 (0) Count=67 

Mutex 5164ffc3aa88 (0) Count=12 

Mutex 5164ff8b1818 (0) Count=8 

Mutex 5abbd28 (0) Count=1 

Mutex 5164ffac4488 (0) Count=18 

Mutex 5164ffc3aad0 (0) Count=7 

Mutex 5164ff913f40 (0) Count=6 

Mutex 51654dc5acc8 (0) Count=64 

Mutex 5164ffc3b340 (0) Count=15 

Mutex 5164ffac3870 (0) Count=4 

Mutex 5164ff9967b0 (0) Count=2 

Mutex 5164ffc3b148 (0) Count=13 

Mutex 5164ffb12178 (0) Count=14371 

Mutex 5164ffc25948 (0) Count=3324 

Mutex 5164ff913cd0 (0) Count=5 

Mutex 72f912fd9904 (0) Count=1 

Mutex 5164ffc3b070 (0) Count=11 

Mutex 5164fbfa0110 (0) Count=3 

Mutex 7ffdc5933f44 (0) Count=32 

Mutex 7af26cf7d914 (0) Count=1 

Mutex 5164ffac4368 (0) Count=4 

Mutex 5164ffc3acc8 (0) Count=12 

Mutex 5164ffc3b190 (0) Count=10 

Mutex 51657a710df8 (0) Count=4 

Mutex 67a86a0 (0) Count=2 

Mutex 72f9132e2904 (0) Count=1 

Mutex 5164ffc3ad10 (0) Count=16 

Mutex 7af26c661914 (0) Count=1 

Mutex 5164ffc3ab18 (0) Count=13 

Mutex 5164ffc3b220 (0) Count=20 

Mutex 7af26ca6d914 (0) Count=1 

Mutex 5164ffac2e08 (0) Count=11 

Mutex 5164ffac4098 (0) Count=5 

Mutex 5164f8b06428 (0) Count=12 

Mutex 5164ff9963a0 (0) Count=3 

Mutex 5164ffb0fb80 (0) Count=8116 

Mutex 5164ffc3abf0 (0) Count=9 

Mutex 5164ffac25e0 (0) Count=12 

Mutex 5164ffac3ab0 (0) Count=4 

Mutex 5164ffc3aec0 (0) Count=9 

Mutex 5164f8738428 (0) Count=9 

Mutex 5164ff996540 (0) Count=4 

Mutex 51657a710348 (0) Count=96 

