Task to be tracked is  JournalFlusher



Init of all locks






Per thread lock analysis



     wait time (us)      : count     distribution
         0 -> 1          : 81880    |                                        |
         2 -> 3          : 20285615 |****************************************|
         4 -> 7          : 751593   |*                                       |
         8 -> 15         : 155821   |                                        |
        16 -> 31         : 132950   |                                        |
        32 -> 63         : 14984    |                                        |
        64 -> 127        : 436      |                                        |
       128 -> 255        : 78       |                                        |
       256 -> 511        : 119      |                                        |
       512 -> 1023       : 86       |                                        |
      1024 -> 2047       : 31       |                                        |
      2048 -> 4095       : 3        |                                        |
      4096 -> 8191       : 0        |                                        |
      8192 -> 16383      : 3        |                                        |
     16384 -> 32767      : 11       |                                        |
     hold time (us)      : count     distribution
         0 -> 1          : 878      |                                        |
         2 -> 3          : 290395   |                                        |
         4 -> 7          : 16103847 |****************************************|
         8 -> 15         : 5114545  |************                            |
        16 -> 31         : 91155    |                                        |
        32 -> 63         : 6926     |                                        |
        64 -> 127        : 2460     |                                        |
       128 -> 255        : 2044     |                                        |
       256 -> 511        : 1244     |                                        |
       512 -> 1023       : 1431     |                                        |
      1024 -> 2047       : 156      |                                        |
      2048 -> 4095       : 89       |                                        |
      4096 -> 8191       : 22       |                                        |
      8192 -> 16383      : 3480     |                                        |
     16384 -> 32767      : 82       |                                        |
     32768 -> 65535      : 727      |                                        |
     65536 -> 131071     : 1031     |                                        |
    131072 -> 262143     : 11       |                                        |
    262144 -> 524287     : 27       |                                        |
    524288 -> 1048575    : 978      |                                        |
   1048576 -> 2097151    : 14       |                                        |
   2097152 -> 4194303    : 3        |                                        |
   4194304 -> 8388607    : 19       |                                        |
   8388608 -> 16777215   : 16       |                                        |
  16777216 -> 33554431   : 4        |                                        |



Overall per lock analysis






Contention analysis



Mutex 72f9129c7904 (0) Count=1 

Mutex 5164ffc3af08 (0) Count=21 

Mutex 5164ff89a788 (0) Count=1 

Mutex 674d6a0 (0) Count=1 

Mutex 7af26bf4c914 (0) Count=1 

Mutex 5164ffc3ac38 (0) Count=8 

Mutex 51650fedecc8 (0) Count=1 

Mutex 7af26ce7a914 (0) Count=1 

Mutex 5164ff997580 (0) Count=6 

Mutex 72f9121af954 (0) Count=66 

Mutex 7ebf273269b4 (0) Count=67 

Mutex 5164f8530928 (0) Count=5 

Mutex 5164ffc3b340 (0) Count=13 

Mutex 5164ff913f40 (0) Count=1 

Mutex 701984000030 (0) Count=1 

Mutex 7fff430b0114 (0) Count=30 

Mutex 51652afcf058 (0) Count=1 

Mutex 7af26bb40914 (0) Count=1 

Mutex 54e87a8 (0) Count=5 

Mutex 7a3b2c8 (0) Count=1 

Mutex 51652179edf8 (0) Count=36 

Mutex 7af26cd77914 (0) Count=1 

Mutex 516537bb2df8 (0) Count=1 

Mutex 5164ffc3b100 (0) Count=12 

Mutex 5164ffac43b0 (0) Count=4 

Mutex 7ffc34509b90 (0) Count=1 

Mutex 5164f8532428 (0) Count=11 

Mutex 5164ff997720 (0) Count=2 

Mutex 5164ffac4878 (0) Count=11 

Mutex 5164f83e7b28 (0) Count=23 

Mutex 5164f83e6028 (0) Count=11 

Mutex 5164ffc3afe0 (0) Count=18 

Mutex 5164fbfa0110 (0) Count=1 

Mutex 5164f8b07628 (0) Count=6 

Mutex 5164ffc3b220 (0) Count=13 

Mutex 5164ffac3708 (0) Count=10 

Mutex 5164ffac4008 (0) Count=11 

Mutex 5164ffc3ab18 (0) Count=15 

Mutex 5164f1a0e5a8 (0) Count=1 

Mutex 5164ff8f3d08 (0) Count=83 

Mutex 7af26c45b914 (0) Count=1 

Mutex 51655f9abb08 (0) Count=50 

Mutex 7af26bc43914 (0) Count=1 

Mutex 5164ff913cd0 (0) Count=3 

Mutex 7af26ca6d914 (0) Count=1 

Mutex 5164ff9967b0 (0) Count=7 

Mutex 5164ffc3b2f8 (0) Count=13 

Mutex 5164f83e6928 (0) Count=17 

Mutex 6aea6a0 (0) Count=7 

Mutex 5164ffac37e0 (0) Count=12 

Mutex 5164ffc3ae30 (0) Count=12 

Mutex 5164ff996060 (0) Count=3 

Mutex 5164ffac40e0 (0) Count=4 

Mutex 5164f8738428 (0) Count=15 

Mutex 516537bb3e98 (0) Count=1 

Mutex 516537bb3d68 (0) Count=202 

Mutex 5e53361a46c0 (0) Count=50 

Mutex 77fc5dfd88f8 (0) Count=1 

Mutex 51652179e478 (0) Count=1 

Mutex 5164ffac4098 (0) Count=5 

Mutex 5164f9795628 (0) Count=14 

Mutex 5164f1a0f058 (0) Count=175 

Mutex 7ffcb9f0ca60 (0) Count=1 

Mutex 5164ffc3ade8 (0) Count=21 

Mutex 5164ff9963a0 (0) Count=2 

Mutex 5abbd28 (0) Count=5 

Mutex 5164ff863688 (0) Count=14920 

Mutex 77fc60f18210 (0) Count=112 

Mutex 5164ffac4488 (0) Count=20 

Mutex 51655f9aa938 (0) Count=1 

Mutex 7ffc34509bf0 (0) Count=1 

Mutex 51652afce808 (0) Count=1 

Mutex 7af26c661914 (0) Count=1 

Mutex 5164ffc3af50 (0) Count=14 

Mutex 5164ff996610 (0) Count=5 

Mutex 5164ffac2598 (0) Count=103 

Mutex 7af26c96a914 (0) Count=1 

Mutex 5164ffaaddf0 (0) Count=37298 

Mutex 72f9135eb904 (0) Count=1 

Mutex 51650fedf648 (0) Count=1 

Mutex 5164ff913da0 (0) Count=4 

Mutex 5164ffac3870 (0) Count=4 

Mutex 5164ffac41b8 (0) Count=5 

Mutex 5164ffbf8708 (0) Count=1512 

Mutex 5164ffb12178 (0) Count=30777 

Mutex 5164ffc3aba8 (0) Count=19 

Mutex 5164ffc3af98 (0) Count=11 

Mutex 5164ffac4560 (0) Count=20 

Mutex 5164ffc3b028 (0) Count=20 

Mutex 72f911f7e934 (0) Count=34 

Mutex 5164ffc3abf0 (0) Count=16 

Mutex 5164f8b05b28 (0) Count=11 

Mutex 5164ffc3acc8 (0) Count=13 

Mutex 5164ffc3b2b0 (0) Count=20 

Mutex 7af26d080914 (0) Count=1 

Mutex 6dcb298 (0) Count=15 

Mutex 5164ffac25e0 (0) Count=13 

Mutex 5164ffc3b268 (0) Count=14 

Mutex 516537bb2f28 (0) Count=1 

Mutex 72f9133e5904 (0) Count=1 

Mutex 5164ffc3b070 (0) Count=12 

Mutex 5164ffc3aec0 (0) Count=20 

Mutex 75676f591210 (0) Count=42 

Mutex 51652afcef28 (0) Count=1 

Mutex 7ffc6a82bbf4 (0) Count=31 

Mutex 80cc848 (0) Count=1 

Mutex 5164ffc3ac80 (0) Count=23 

Mutex 51655f9aab98 (0) Count=1 

Mutex 5164ffc25948 (0) Count=2922 

Mutex 5164ffc3aa88 (0) Count=9 

Mutex 5164ff89ae88 (0) Count=109 

Mutex 5164ffac3e10 (0) Count=3 

Mutex 5164ff9978c0 (0) Count=4 

Mutex 5164ff9962d0 (0) Count=2 

Mutex 5164ffac2550 (0) Count=134 

Mutex 5164ff996880 (0) Count=5 

Mutex 7bb286c559b4 (0) Count=65 

Mutex 5164ffc3ad58 (0) Count=16 

Mutex 72b6d6e719b4 (0) Count=62 

Mutex 5164f8736928 (0) Count=14 

Mutex 5164ffc3aad0 (0) Count=12 

Mutex 5164ffc3ada0 (0) Count=18 

Mutex 7ffdc5933f44 (0) Count=33 

Mutex 5164ffc3b1d8 (0) Count=13 

Mutex 7af26c04f914 (0) Count=1 

Mutex 7af26b713944 (0) Count=40 

Mutex 6d39710 (0) Count=3 

Mutex 7af26b93a964 (0) Count=67 

Mutex 5164ff89a888 (0) Count=1 

Mutex 7af26c152914 (0) Count=1 

Mutex 54e8680 (0) Count=122 

Mutex 5164ffb0fb80 (0) Count=15579 

Mutex 5164ffac3b40 (0) Count=4 

Mutex 5abbcf8 (0) Count=1 

Mutex 5164ffc3ab60 (0) Count=10 

Mutex 5164fbfa0190 (0) Count=3 

Mutex 55e0430 (0) Count=1 

Mutex 5164ffc3ae78 (0) Count=16 

Mutex 5164ffac4368 (0) Count=3 

Mutex 6a8f6a0 (0) Count=1 

Mutex 51655f9ab9d8 (0) Count=77 

Mutex 5164f93fcd28 (0) Count=13 

Mutex 516537bb3778 (0) Count=1 

Mutex 5164ffc3b0b8 (0) Count=18 

Mutex 5164ff8b1818 (0) Count=3 

Mutex 5e53361a69e8 (0) Count=6 

Mutex 5164ffc3b148 (0) Count=17 

Mutex 5164ff913e70 (0) Count=3 

Mutex 77fc5d1ba8f8 (0) Count=1 

Mutex 5164ffac2b38 (0) Count=23 

Mutex 7af26cc74914 (0) Count=1 

Mutex 5164ff997a60 (0) Count=2 

Mutex 5164ffac3ab0 (0) Count=3 

Mutex 5164f8533628 (0) Count=15 

Mutex 72f9124b8904 (0) Count=1 

Mutex 5164f8530028 (0) Count=9 

Mutex 5164ffc3ad10 (0) Count=16 

Mutex 7ffcce28dde0 (0) Count=1 

Mutex 5164ffac3120 (0) Count=6 

Mutex 5164ffc3b190 (0) Count=14 

Mutex 57ebf48 (0) Count=860 

Mutex 5164ff9974b0 (0) Count=4 

Mutex 5164ff996540 (0) Count=3 

Mutex 5164f8b04028 (0) Count=10 

Mutex 5164ffac2e08 (0) Count=16 

Mutex 5164f8736028 (0) Count=12 

Mutex 5164ff883888 (0) Count=20014 

Mutex 51650fededf8 (0) Count=1 

Mutex 5164f8b06428 (0) Count=14 

Mutex 6aee330 (0) Count=1 

