Task to be tracked is  Checkpointer



Init of all locks






Per thread lock analysis



     wait time (us)      : count     distribution
         0 -> 1          : 123832   |                                        |
         2 -> 3          : 20319230 |****************************************|
         4 -> 7          : 606534   |*                                       |
         8 -> 15         : 135288   |                                        |
        16 -> 31         : 119441   |                                        |
        32 -> 63         : 11164    |                                        |
        64 -> 127        : 254      |                                        |
       128 -> 255        : 64       |                                        |
       256 -> 511        : 123      |                                        |
       512 -> 1023       : 188      |                                        |
      1024 -> 2047       : 72       |                                        |
      2048 -> 4095       : 39       |                                        |
      4096 -> 8191       : 1        |                                        |
     hold time (us)      : count     distribution
         0 -> 1          : 9        |                                        |
         2 -> 3          : 343290   |                                        |
         4 -> 7          : 16510586 |****************************************|
         8 -> 15         : 4541813  |***********                             |
        16 -> 31         : 102542   |                                        |
        32 -> 63         : 4837     |                                        |
        64 -> 127        : 495      |                                        |
       128 -> 255        : 234      |                                        |
       256 -> 511        : 459      |                                        |
       512 -> 1023       : 424      |                                        |
      1024 -> 2047       : 136      |                                        |
      2048 -> 4095       : 19       |                                        |
      4096 -> 8191       : 6        |                                        |
      8192 -> 16383      : 3297     |                                        |
     16384 -> 32767      : 9        |                                        |
     32768 -> 65535      : 658      |                                        |
     65536 -> 131071     : 992      |                                        |
    131072 -> 262143     : 8        |                                        |
    262144 -> 524287     : 13       |                                        |
    524288 -> 1048575    : 966      |                                        |
   1048576 -> 2097151    : 6        |                                        |
   2097152 -> 4194303    : 0        |                                        |
   4194304 -> 8388607    : 9        |                                        |
   8388608 -> 16777215   : 7        |                                        |
  16777216 -> 33554431   : 1        |                                        |



Overall per lock analysis






Contention analysis



Mutex 5e53361a46c0 (0) Count=61 

Mutex 5164ff8b1818 (0) Count=8 

Mutex 5164ffc3ac80 (0) Count=16 

Mutex 5164ffc3af08 (0) Count=14 

Mutex 5164ffbf8708 (0) Count=1100 

Mutex 5164ff997580 (0) Count=1 

Mutex 5164ffac4368 (0) Count=1 

Mutex 5164f8736028 (0) Count=21 

Mutex 5164ff996880 (0) Count=2 

Mutex 5164ffb12178 (0) Count=24186 

Mutex 6259461797d8 (0) Count=85 

Mutex 5164ffac3708 (0) Count=12 

Mutex 72b6d6e719b4 (0) Count=60 

Mutex 56a45e8 (0) Count=3 

Mutex 625945e353f8 (0) Count=1 

Mutex 5164ffac2e08 (0) Count=19 

Mutex 5164ffc3b148 (0) Count=13 

Mutex 77bbab8 (0) Count=2 

Mutex 5164ffac37e0 (0) Count=10 

Mutex 51655f9abb08 (0) Count=24 

Mutex 5164ff89ae88 (0) Count=109 

Mutex 625945e36318 (0) Count=1 

Mutex 5164f8532428 (0) Count=10 

Mutex 5164ffc25948 (0) Count=2406 

Mutex 5164ffac2550 (0) Count=120 

Mutex 5164ffc3af98 (0) Count=13 

Mutex 7af26b713944 (0) Count=31 

Mutex 7fff430b0114 (0) Count=30 

Mutex 5164ff913da0 (0) Count=3 

Mutex 625945e348f8 (0) Count=1 

Mutex 77fc60f18210 (0) Count=94 

Mutex 625945e35978 (0) Count=2 

Mutex 5164f93fcd28 (0) Count=12 

Mutex 75676f591210 (0) Count=42 

Mutex 5164ffac3870 (0) Count=2 

Mutex 54e8680 (0) Count=108 

Mutex 5164ffc3aec0 (0) Count=17 

Mutex 5164ff996610 (0) Count=3 

Mutex 5164f9795628 (0) Count=12 

Mutex 5164ffac4098 (0) Count=5 

Mutex 5164ff9974b0 (0) Count=1 

Mutex 5164ffac41b8 (0) Count=6 

Mutex 5164f8b07628 (0) Count=23 

Mutex 7206bf8 (0) Count=5 

Mutex 625945e34d18 (0) Count=1 

Mutex 5164ffac4878 (0) Count=15 

Mutex 77fc5d1ba8f8 (0) Count=4 

Mutex 6a8f6a0 (0) Count=1 

Mutex 5164ffc3aba8 (0) Count=13 

Mutex 5164f8b04028 (0) Count=14 

Mutex 5e53361a69e8 (0) Count=1 

Mutex 5164ffc3b190 (0) Count=13 

Mutex 5164ffc3ae78 (0) Count=20 

Mutex 51655f9abc38 (0) Count=1 

Mutex 625945e34bb8 (0) Count=1 

Mutex 625945e34798 (0) Count=1 

Mutex 51652179f058 (0) Count=43 

Mutex 5164ff9978c0 (0) Count=3 

Mutex 7af26c358914 (0) Count=1 

Mutex 5164ffc3b1d8 (0) Count=11 

Mutex 7ffc6a82bbf4 (0) Count=31 

Mutex 77fc5cba18f8 (0) Count=2 

Mutex 5abbd28 (0) Count=15 

Mutex 5164ffc3ad58 (0) Count=12 

Mutex 5164ffc3ad10 (0) Count=10 

Mutex 5164ff996060 (0) Count=2 

Mutex 5164ffc3b028 (0) Count=17 

Mutex 5164ffac40e0 (0) Count=5 

Mutex 5164ffc3ae30 (0) Count=16 

Mutex 5164ffc3afe0 (0) Count=10 

Mutex 72f9127c1904 (0) Count=1 

Mutex 625945e356b8 (0) Count=1 

Mutex 5164ffc3ab18 (0) Count=13 

Mutex 51652179edf8 (0) Count=156 

Mutex 5164ffc3ab60 (0) Count=9 

Mutex 5164ffb0fb80 (0) Count=12311 

Mutex 77fc60eb5fa8 (0) Count=1 

Mutex 5164ffc3acc8 (0) Count=19 

Mutex 625945e34e78 (0) Count=1 

Mutex 625945e372a4 (0) Count=104 

Mutex 5164ff9962d0 (0) Count=1 

Mutex 5164ffc3b0b8 (0) Count=15 

Mutex 5164ffc3b220 (0) Count=12 

Mutex 5164f83e6028 (0) Count=9 

Mutex 625945e35818 (0) Count=2 

Mutex 5164ffc3aa88 (0) Count=17 

Mutex 5164ffc3ada0 (0) Count=13 

Mutex 5164ffac4560 (0) Count=16 

Mutex 625945e35558 (0) Count=2 

Mutex 51652afcfb08 (0) Count=215 

Mutex 6d5a860 (0) Count=1 

Mutex 72f9121af954 (0) Count=64 

Mutex 7bb286c559b4 (0) Count=56 

Mutex 5164ffc3af50 (0) Count=15 

Mutex 625946169380 (0) Count=71 

Mutex 5164ffac3e10 (0) Count=2 

Mutex 6aea6a0 (0) Count=1 

Mutex 5164ff9963a0 (0) Count=5 

Mutex 5164ff996540 (0) Count=1 

Mutex 7e0710a934f8 (0) Count=1 

Mutex 5164ffc3b268 (0) Count=9 

Mutex 5164f83e6928 (0) Count=14 

Mutex 625945e35298 (0) Count=1 

Mutex 5164ffac2598 (0) Count=85 

Mutex 5164ffc3b340 (0) Count=6 

Mutex 5164ff997a60 (0) Count=2 

Mutex 7af26c55e914 (0) Count=1 

Mutex 5164ffc3b2b0 (0) Count=13 

Mutex 768625ba1100 (0) Count=9 

Mutex 5164ffac3ab0 (0) Count=4 

Mutex 625947e9d668 (0) Count=30 

Mutex 625945e34a58 (0) Count=2 

Mutex 5164ff913e70 (0) Count=5 

Mutex 5164ffc3abf0 (0) Count=21 

Mutex 72f9134e8904 (0) Count=1 

Mutex 5164ff913cd0 (0) Count=6 

Mutex 5164ff863688 (0) Count=11965 

Mutex 5164f8736928 (0) Count=7 

Mutex 5164f8b05b28 (0) Count=24 

Mutex 5165514be218 (0) Count=51 

Mutex 5164ff9967b0 (0) Count=2 

Mutex 5164ffaaddf0 (0) Count=27059 

Mutex 5164ff997720 (0) Count=3 

Mutex 5164ffac43b0 (0) Count=5 

Mutex 72f911f7e934 (0) Count=28 

Mutex 5164ff913f40 (0) Count=1 

Mutex 5164ffac4008 (0) Count=10 

Mutex 5164ffac2b38 (0) Count=21 

Mutex 5164ffc3aad0 (0) Count=17 

Mutex 625945e34fd8 (0) Count=2 

Mutex 5164f8533628 (0) Count=15 

Mutex 5164ffac4488 (0) Count=24 

Mutex 5164fbfa0190 (0) Count=2 

Mutex 5164ffc3b2f8 (0) Count=21 

Mutex 5164ffc3b070 (0) Count=13 

Mutex 625945e36898 (0) Count=2 

Mutex 5164ffac25e0 (0) Count=12 

Mutex 625945e365d8 (0) Count=1 

Mutex 5164ff883888 (0) Count=3514 

Mutex 5164ffc3ac38 (0) Count=2 

Mutex 5164f8738428 (0) Count=14 

Mutex 5164f8530028 (0) Count=14 

Mutex 5164ffac3120 (0) Count=3 

Mutex 5164ffc3ade8 (0) Count=10 

Mutex 5164ffac3b40 (0) Count=4 

Mutex 625945e35138 (0) Count=1 

Mutex 5164f8530928 (0) Count=8 

Mutex 5164f8b06428 (0) Count=17 

Mutex 5164fbfa0110 (0) Count=3 

Mutex 7af26b93a964 (0) Count=66 

Mutex 625945e36b58 (0) Count=1 

Mutex 625945e36058 (0) Count=1 

Mutex 7ebf273269b4 (0) Count=66 

Mutex 62594b8cd688 (0) Count=26 

Mutex 5abbcf8 (0) Count=7 

Mutex 5164ffc3b100 (0) Count=12 

Mutex 54e87a8 (0) Count=1 

Mutex 7ffdc5933f44 (0) Count=32 

Mutex 5164f83e7b28 (0) Count=6 

Mutex 56a45b8 (0) Count=2 

Mutex 5e53361a79e8 (0) Count=1 

