Task to be tracked is  conn31



Init of all locks






Per thread lock analysis



     wait time (us)      : count     distribution
         0 -> 1          : 0        |                                        |
         2 -> 3          : 10387    |****************                        |
         4 -> 7          : 24947    |****************************************|
         8 -> 15         : 374      |                                        |
        16 -> 31         : 60       |                                        |
        32 -> 63         : 52       |                                        |
        64 -> 127        : 37       |                                        |
       128 -> 255        : 44       |                                        |
       256 -> 511        : 42       |                                        |
       512 -> 1023       : 76       |                                        |
      1024 -> 2047       : 82       |                                        |
      2048 -> 4095       : 32       |                                        |
      4096 -> 8191       : 2        |                                        |
     hold time (us)      : count     distribution
         0 -> 1          : 4672     |************                            |
         2 -> 3          : 2423     |******                                  |
         4 -> 7          : 8229     |**********************                  |
         8 -> 15         : 14586    |****************************************|
        16 -> 31         : 2574     |*******                                 |
        32 -> 63         : 372      |*                                       |
        64 -> 127        : 568      |*                                       |
       128 -> 255        : 80       |                                        |
       256 -> 511        : 143      |                                        |
       512 -> 1023       : 62       |                                        |
      1024 -> 2047       : 34       |                                        |
      2048 -> 4095       : 28       |                                        |
      4096 -> 8191       : 14       |                                        |
      8192 -> 16383      : 260      |                                        |
     16384 -> 32767      : 4        |                                        |
     32768 -> 65535      : 33       |                                        |
     65536 -> 131071     : 975      |**                                      |
    131072 -> 262143     : 8        |                                        |
    262144 -> 524287     : 40       |                                        |
    524288 -> 1048575    : 985      |**                                      |
   1048576 -> 2097151    : 9        |                                        |
   2097152 -> 4194303    : 5        |                                        |
   4194304 -> 8388607    : 10       |                                        |
   8388608 -> 16777215   : 12       |                                        |



Overall per lock analysis






Contention analysis



Mutex 5164ff89aa08 (0) Count=1 

Mutex 72f9139f9904 (0) Count=1 

Mutex 625947a00f18 (0) Count=34 

Mutex 7ffc6a82bbf4 (0) Count=31 

Mutex 6fdf288 (0) Count=5 

Mutex 7ffdc5933f44 (0) Count=32 

Mutex 7bb286c559b4 (0) Count=64 

Mutex 625945e372a4 (0) Count=6 

Mutex 625947e9d668 (0) Count=8 

Mutex 580b980 (0) Count=1 

Mutex 72f9121af954 (0) Count=64 

Mutex 77fc60f18210 (0) Count=68 

Mutex 72b6d6e719b4 (0) Count=64 

Mutex 6ae4300 (0) Count=120 

Mutex 7af26b93a964 (0) Count=64 

Mutex 72f911f7e934 (0) Count=11 

Mutex 77fc5dfd88f8 (0) Count=1 

Mutex 54e87a8 (0) Count=8 

Mutex 7e071825acf8 (0) Count=3 

Mutex 6aea6a0 (0) Count=2 

Mutex 7af26b713944 (0) Count=29 

Mutex 54e8680 (0) Count=12 

Mutex 75676f591210 (0) Count=45 

Mutex 7af26c867914 (0) Count=1 

Mutex 7ebf273269b4 (0) Count=64 

Mutex 72f912cd0904 (0) Count=1 

Mutex 6b9f848 (0) Count=14 

Mutex 7af26cf7d914 (0) Count=1 

Mutex 6a8f6a0 (0) Count=7 

Mutex 6259461797d8 (0) Count=271 

Mutex 768625ba1100 (0) Count=1 

Mutex 5164ff8f3d08 (0) Count=3 

Mutex 5164ff89ae88 (0) Count=12 

Mutex 6c4d818 (0) Count=9 

Mutex 77fc5cba18f8 (0) Count=1 

Mutex 7fff430b0114 (0) Count=32 

Mutex 625946169380 (0) Count=229 

