Task to be tracked is  checkpoint-clea



Init of all locks






Per thread lock analysis



     wait time (us)      : count     distribution
         0 -> 1          : 106157   |                                        |
         2 -> 3          : 20240588 |****************************************|
         4 -> 7          : 626654   |*                                       |
         8 -> 15         : 138420   |                                        |
        16 -> 31         : 129547   |                                        |
        32 -> 63         : 14765    |                                        |
        64 -> 127        : 519      |                                        |
       128 -> 255        : 72       |                                        |
       256 -> 511        : 121      |                                        |
       512 -> 1023       : 112      |                                        |
      1024 -> 2047       : 17       |                                        |
     hold time (us)      : count     distribution
         0 -> 1          : 3        |                                        |
         2 -> 3          : 307729   |                                        |
         4 -> 7          : 16314202 |****************************************|
         8 -> 15         : 4735876  |***********                             |
        16 -> 31         : 110631   |                                        |
        32 -> 63         : 5388     |                                        |
        64 -> 127        : 687      |                                        |
       128 -> 255        : 224      |                                        |
       256 -> 511        : 424      |                                        |
       512 -> 1023       : 429      |                                        |
      1024 -> 2047       : 131      |                                        |
      2048 -> 4095       : 20       |                                        |
      4096 -> 8191       : 5        |                                        |
      8192 -> 16383      : 3316     |                                        |
     16384 -> 32767      : 11       |                                        |
     32768 -> 65535      : 652      |                                        |
     65536 -> 131071     : 1003     |                                        |
    131072 -> 262143     : 5        |                                        |
    262144 -> 524287     : 15       |                                        |
    524288 -> 1048575    : 936      |                                        |
   1048576 -> 2097151    : 18       |                                        |
   2097152 -> 4194303    : 12       |                                        |
   4194304 -> 8388607    : 26       |                                        |
   8388608 -> 16777215   : 5        |                                        |
  16777216 -> 33554431   : 1        |                                        |



Overall per lock analysis






Contention analysis



Mutex 7ffdc5933f44 (0) Count=24 

Mutex 5164ffc3aec0 (0) Count=10 

Mutex 7fff430b0114 (0) Count=27 

Mutex 5e53361a46c0 (0) Count=49 

Mutex 7af26b713944 (0) Count=49 

Mutex 7af26c867914 (0) Count=1 

Mutex 7af26c55e914 (0) Count=1 

Mutex 72f9125bb904 (0) Count=1 

Mutex 5164f9795628 (0) Count=7 

Mutex 5164f83e6028 (0) Count=11 

Mutex 5164ffac3870 (0) Count=5 

Mutex 5164ffc3ac80 (0) Count=17 

Mutex 5164ff883888 (0) Count=28695 

Mutex 5164ffaaddf0 (0) Count=31392 

Mutex 5164ffac40e0 (0) Count=3 

Mutex 5164ffc3ae30 (0) Count=13 

Mutex 7ffc34505bf0 (0) Count=1 

Mutex c000d80948 (0) Count=1 

Mutex 5164ff863688 (0) Count=13750 

Mutex 5e53361a69e8 (0) Count=7 

Mutex 77fc5dfd88f8 (0) Count=6 

Mutex 5164ffc3b2b0 (0) Count=12 

Mutex 7af26bd46914 (0) Count=1 

Mutex 72b6d6e719b4 (0) Count=58 

Mutex 51650fede478 (0) Count=7 

Mutex 5164f8b07628 (0) Count=10 

Mutex 5164ff996540 (0) Count=3 

Mutex 5164ffac43b0 (0) Count=4 

Mutex 5164ffc3b220 (0) Count=13 

Mutex 5164f8533628 (0) Count=12 

Mutex 5164ffc3b2f8 (0) Count=11 

Mutex 72f911f7e934 (0) Count=27 

Mutex 5164ff913f40 (0) Count=1 

Mutex 5164ff997a60 (0) Count=6 

Mutex 5164ffac4368 (0) Count=3 

Mutex 77fc5cba18f8 (0) Count=6 

Mutex 6aea6a0 (0) Count=21 

Mutex 5164ffc3b0b8 (0) Count=17 

Mutex 5164fbfa0190 (0) Count=5 

Mutex 5164ffac3e10 (0) Count=3 

Mutex 5164ffac2550 (0) Count=105 

Mutex 5164ffac3708 (0) Count=12 

Mutex 5164ffac4008 (0) Count=13 

Mutex 5164ff996060 (0) Count=5 

Mutex 5164ffac41b8 (0) Count=3 

Mutex 51655f9ab778 (0) Count=28 

Mutex 5164ff89ae88 (0) Count=89 

Mutex 7af26ba3d914 (0) Count=1 

Mutex 516537bb3b08 (0) Count=92 

Mutex 5164f8530928 (0) Count=3 

Mutex 77fc5d1ba8f8 (0) Count=4 

Mutex 5164ff997580 (0) Count=4 

Mutex 5164ffc3aba8 (0) Count=14 

Mutex 768625ba1100 (0) Count=20 

Mutex 5164ffc3ad58 (0) Count=14 

Mutex 6dc7eb8 (0) Count=6 

Mutex 5164ffac3ab0 (0) Count=1 

Mutex 5164f83e7b28 (0) Count=16 

Mutex 54e87a8 (0) Count=1 

Mutex 5164ff9967b0 (0) Count=2 

Mutex 5164ffc3ab18 (0) Count=17 

Mutex 5164ffc3ac38 (0) Count=14 

Mutex 62594624d5d8 (0) Count=1 

Mutex 7982d58 (0) Count=2 

Mutex 5abbd28 (0) Count=3 

Mutex 5164ffc3abf0 (0) Count=13 

Mutex 5164ffac4878 (0) Count=12 

Mutex 5164ffc3ab60 (0) Count=13 

Mutex 7af26d184914 (0) Count=1 

Mutex 77fc60f18210 (0) Count=191 

Mutex 5164f8b05b28 (0) Count=11 

Mutex 5164ffc3b340 (0) Count=17 

Mutex 5164ff8b1818 (0) Count=5 

Mutex 5164ff913cd0 (0) Count=2 

Mutex 5164f83e6928 (0) Count=13 

Mutex 5164ff9974b0 (0) Count=2 

Mutex 5164ffc3b100 (0) Count=12 

Mutex 5164ffac2b38 (0) Count=22 

Mutex 5164f8b04028 (0) Count=11 

Mutex 5164ffc3acc8 (0) Count=10 

Mutex 5164ffac2598 (0) Count=86 

Mutex 7af26c358914 (0) Count=1 

Mutex 5164ff913da0 (0) Count=5 

Mutex 5164f8b06428 (0) Count=18 

Mutex 75676f591210 (0) Count=40 

Mutex 5164ffc25948 (0) Count=2650 

Mutex 7ebf273269b4 (0) Count=64 

Mutex 7bb286c559b4 (0) Count=67 

Mutex 5164ff913e70 (0) Count=4 

Mutex 5164ffac2e08 (0) Count=7 

Mutex 5164ffc3ad10 (0) Count=8 

Mutex 5164ffc3ade8 (0) Count=9 

Mutex 5164ffc3af98 (0) Count=10 

Mutex 5164ffac3b40 (0) Count=4 

Mutex 5164ffbf8708 (0) Count=1291 

Mutex 72f9126be904 (0) Count=1 

Mutex 5164ffc3b190 (0) Count=15 

Mutex 5164ff9962d0 (0) Count=10 

Mutex 5164ffc3b1d8 (0) Count=15 

Mutex 5164ffac4098 (0) Count=4 

Mutex 5164ffac37e0 (0) Count=7 

Mutex 5164fbfa0110 (0) Count=1 

Mutex 7af26b93a964 (0) Count=65 

Mutex 5164ffc3afe0 (0) Count=12 

Mutex 7f0a1341ac80 (0) Count=1 

Mutex 6e7e828 (0) Count=1 

Mutex 72f9121af954 (0) Count=53 

Mutex 5164ffc3ae78 (0) Count=13 

Mutex 5164ffac3120 (0) Count=4 

Mutex 5164ffc3af50 (0) Count=11 

Mutex 5164ffac4488 (0) Count=26 

Mutex 5164ffc3aa88 (0) Count=10 

Mutex 516537bb39d8 (0) Count=1 

Mutex 7af26cb71914 (0) Count=1 

Mutex 5164f8736028 (0) Count=7 

Mutex 7f9af78 (0) Count=6 

Mutex 5164ff996880 (0) Count=3 

Mutex 5164ffc3b268 (0) Count=11 

Mutex 51652afce348 (0) Count=87 

Mutex 5164ffc3b028 (0) Count=12 

Mutex 6d39710 (0) Count=1 

Mutex 7af26c255914 (0) Count=1 

Mutex 5164ffc3b148 (0) Count=15 

Mutex 5164f8738428 (0) Count=20 

Mutex 5164ffac4560 (0) Count=13 

Mutex 5164ff9963a0 (0) Count=2 

Mutex 54e8680 (0) Count=105 

Mutex 5164f8532428 (0) Count=10 

Mutex 5164f8736928 (0) Count=7 

Mutex 5164ff89a788 (0) Count=1 

Mutex 6d945b0 (0) Count=1 

Mutex 51650fede0e8 (0) Count=182 

Mutex 5164ffb0fb80 (0) Count=10326 

Mutex 5e53361a79e8 (0) Count=1 

Mutex 7e07182d8d28 (0) Count=1 

Mutex 674d6a0 (0) Count=2 

Mutex 7ffc6a82bbf4 (0) Count=25 

Mutex 5164ffc3aad0 (0) Count=12 

Mutex 5164ffc3ada0 (0) Count=20 

Mutex 5164ffc3b070 (0) Count=14 

Mutex 7af26be49914 (0) Count=1 

Mutex 7f09e0000030 (0) Count=1 

Mutex 5164ffac25e0 (0) Count=14 

Mutex 5a824c581770 (0) Count=1 

Mutex 5164ffb12178 (0) Count=10132 

Mutex 5164f93fcd28 (0) Count=25 

Mutex 5164ff997720 (0) Count=4 

Mutex 5164ffc3af08 (0) Count=12 

Mutex 5164f8530028 (0) Count=4 

Mutex 5a824c581678 (0) Count=1 

Mutex 5164ff89a388 (0) Count=1 

Mutex 6a8f6a0 (0) Count=1 

