Task to be tracked is  abortEx.actions



Init of all locks






Per thread lock analysis



     wait time (us)      : count     distribution
         0 -> 1          : 104161   |                                        |
         2 -> 3          : 19373602 |****************************************|
         4 -> 7          : 629017   |*                                       |
         8 -> 15         : 132230   |                                        |
        16 -> 31         : 118428   |                                        |
        32 -> 63         : 12167    |                                        |
        64 -> 127        : 309      |                                        |
       128 -> 255        : 64       |                                        |
       256 -> 511        : 65       |                                        |
       512 -> 1023       : 129      |                                        |
      1024 -> 2047       : 21       |                                        |
      2048 -> 4095       : 0        |                                        |
      4096 -> 8191       : 1        |                                        |
      8192 -> 16383      : 2        |                                        |
     16384 -> 32767      : 15       |                                        |
     hold time (us)      : count     distribution
         0 -> 1          : 936      |                                        |
         2 -> 3          : 292274   |                                        |
         4 -> 7          : 15571623 |****************************************|
         8 -> 15         : 4562241  |***********                             |
        16 -> 31         : 82116    |                                        |
        32 -> 63         : 6154     |                                        |
        64 -> 127        : 1950     |                                        |
       128 -> 255        : 1333     |                                        |
       256 -> 511        : 628      |                                        |
       512 -> 1023       : 1532     |                                        |
      1024 -> 2047       : 508      |                                        |
      2048 -> 4095       : 38       |                                        |
      4096 -> 8191       : 15       |                                        |
      8192 -> 16383      : 3230     |                                        |
     16384 -> 32767      : 63       |                                        |
     32768 -> 65535      : 689      |                                        |
     65536 -> 131071     : 972      |                                        |
    131072 -> 262143     : 18       |                                        |
    262144 -> 524287     : 18       |                                        |
    524288 -> 1048575    : 898      |                                        |
   1048576 -> 2097151    : 3        |                                        |
   2097152 -> 4194303    : 0        |                                        |
   4194304 -> 8388607    : 11       |                                        |
   8388608 -> 16777215   : 4        |                                        |
  16777216 -> 33554431   : 3        |                                        |



Overall per lock analysis






Contention analysis



Mutex 5164ff996880 (0) Count=4 

Mutex 5164ffac2b38 (0) Count=17 

Mutex 5164ffc3b100 (0) Count=15 

Mutex 77fc60f18210 (0) Count=92 

Mutex 51654dc5b9d8 (0) Count=1 

Mutex 5164ff9978c0 (0) Count=4 

Mutex 5164ee78e478 (0) Count=1 

Mutex 5164ffc3b0b8 (0) Count=16 

Mutex 5164ffac40e0 (0) Count=2 

Mutex 5164ffac4488 (0) Count=23 

Mutex 5164ffac37e0 (0) Count=11 

Mutex 5164ffc3b1d8 (0) Count=11 

Mutex 5164f8530028 (0) Count=10 

Mutex 5164ffc3ae30 (0) Count=9 

Mutex 51657a7106d8 (0) Count=2 

Mutex 5164ffc3b2f8 (0) Count=14 

Mutex 5164ff997720 (0) Count=3 

Mutex 72f9127c1904 (0) Count=1 

Mutex 5164f8533628 (0) Count=21 

Mutex 5164ff863688 (0) Count=845 

Mutex 5164f93fcd28 (0) Count=18 

Mutex 5164ffc3ab18 (0) Count=11 

Mutex 51654dc5a5a8 (0) Count=1 

Mutex 5164ffb0fb80 (0) Count=13780 

Mutex 5164ff913e70 (0) Count=4 

Mutex 5164f8738428 (0) Count=30 

Mutex 5164ff996060 (0) Count=1 

Mutex 5164f83e6928 (0) Count=11 

Mutex 5164ff9967b0 (0) Count=4 

Mutex 5164ffac3ab0 (0) Count=4 

Mutex 5164ffc3ab60 (0) Count=8 

Mutex 5164fbfa0190 (0) Count=3 

Mutex 7af26b713944 (0) Count=37 

Mutex 5164f8b07628 (0) Count=4 

Mutex 5164ee78fb08 (0) Count=1 

Mutex 5164ffc3af98 (0) Count=9 

Mutex 5164ffb12178 (0) Count=13416 

Mutex 57ebf48 (0) Count=1222 

Mutex 5164f8b06428 (0) Count=10 

Mutex 5164ffc3aad0 (0) Count=14 

Mutex 5164ff9974b0 (0) Count=5 

Mutex 5164ff913cd0 (0) Count=1 

Mutex c000641548 (0) Count=1 

Mutex 5164ffc3aa88 (0) Count=14 

Mutex 5164ffc3ad58 (0) Count=13 

Mutex 6fcec78 (0) Count=1 

Mutex 5164ffc3ae78 (0) Count=11 

Mutex 5164f83e6028 (0) Count=15 

Mutex 54e8680 (0) Count=101 

Mutex 5164ff883888 (0) Count=21687 

Mutex 5164ffac2550 (0) Count=125 

Mutex 516544ee0808 (0) Count=1 

Mutex 6d39710 (0) Count=2 

Mutex 5164ffac43b0 (0) Count=5 

Mutex 5164ee78edf8 (0) Count=168 

Mutex 5164ffc3ada0 (0) Count=13 

Mutex 5164ffc3af50 (0) Count=17 

Mutex 5164ffac4008 (0) Count=13 

Mutex 51650573a478 (0) Count=1 

Mutex 7bb286c559b4 (0) Count=60 

Mutex 5164ffaaddf0 (0) Count=24738 

Mutex 5164ff9962d0 (0) Count=3 

Mutex 5164ffc3b220 (0) Count=15 

Mutex 5164ffc3aba8 (0) Count=13 

Mutex 51654dc5adf8 (0) Count=38 

Mutex 72b6d6e719b4 (0) Count=64 

Mutex 5164f8530928 (0) Count=12 

Mutex 5164ffc3aec0 (0) Count=14 

Mutex 5164ff996540 (0) Count=4 

Mutex 5164f83e7b28 (0) Count=17 

Mutex 5164ffc3ac80 (0) Count=12 

Mutex 75676f591210 (0) Count=38 

Mutex 5164ffac4098 (0) Count=6 

Mutex 7af26c255914 (0) Count=1 

Mutex 5165a8ed12b8 (0) Count=76 

Mutex 5164ff913f40 (0) Count=1 

Mutex 5164ffac4878 (0) Count=12 

Mutex 72f911f7e934 (0) Count=32 

Mutex 7af26b93a964 (0) Count=64 

Mutex 5164fbfa0110 (0) Count=2 

Mutex 5164ffc3b340 (0) Count=10 

Mutex 5164ffc3b148 (0) Count=11 

Mutex 6a8f6a0 (0) Count=1 

Mutex 7af26c867914 (0) Count=1 

Mutex 5164ffac25e0 (0) Count=13 

Mutex 5164f8532428 (0) Count=11 

Mutex 5164ff913da0 (0) Count=2 

Mutex 5164f8736028 (0) Count=15 

Mutex 5164ffc3af08 (0) Count=17 

Mutex 5164ffc3afe0 (0) Count=12 

Mutex 5164f8b04028 (0) Count=11 

Mutex 55e0430 (0) Count=2 

Mutex 5164ff89ae88 (0) Count=6 

Mutex 5164ffc3b070 (0) Count=14 

Mutex 5164ffac2598 (0) Count=77 

Mutex 5164ffc3ade8 (0) Count=11 

Mutex 5164ffc3abf0 (0) Count=11 

Mutex 5164f8b05b28 (0) Count=9 

Mutex 5164ffc3acc8 (0) Count=9 

Mutex 5164ffac4368 (0) Count=6 

Mutex 5164ff997580 (0) Count=5 

Mutex 5164ff8f3d08 (0) Count=55 

Mutex 5164ffac3120 (0) Count=5 

Mutex 516544ee18a8 (0) Count=1 

Mutex 5164ff9963a0 (0) Count=4 

Mutex 5164ffac4560 (0) Count=10 

Mutex 5164ffc3b2b0 (0) Count=17 

Mutex 5164ffac3e10 (0) Count=4 

Mutex 5164ffac41b8 (0) Count=3 

Mutex 72f9121af954 (0) Count=61 

Mutex 5165b75093e8 (0) Count=1 

Mutex 5164ff89a788 (0) Count=1 

Mutex 5e53361a69e8 (0) Count=5 

Mutex 7fff430b0114 (0) Count=31 

Mutex 5164ffac3b40 (0) Count=4 

Mutex 5164ff8b1818 (0) Count=6 

Mutex 5164ff996610 (0) Count=3 

Mutex 5165a8ed0478 (0) Count=1 

Mutex 5164ffc3ac38 (0) Count=9 

Mutex 5164ffc3b190 (0) Count=12 

Mutex 5e53361a46c0 (0) Count=42 

Mutex 5164ffac3870 (0) Count=4 

Mutex 5164ffc3b028 (0) Count=12 

Mutex 7ebf273269b4 (0) Count=62 

Mutex 5164ffc3b268 (0) Count=17 

Mutex 5164ff997a60 (0) Count=3 

Mutex 7e06f1414668 (0) Count=1 

Mutex 5164ff89aa08 (0) Count=2 

Mutex 56a45e8 (0) Count=9 

Mutex 5164ffac3708 (0) Count=11 

Mutex 7ffc6a82bbf4 (0) Count=27 

Mutex 51654dc5af28 (0) Count=48 

Mutex 5164ffc25948 (0) Count=2680 

Mutex 51657a7118a8 (0) Count=1 

Mutex 5164ffbf8708 (0) Count=908 

Mutex 674d6a0 (0) Count=2 

Mutex 5164f8736928 (0) Count=16 

Mutex 5164ffc3ad10 (0) Count=13 

Mutex 7ffdc5933f44 (0) Count=30 

Mutex 6d5a860 (0) Count=1 

Mutex 51654dc5b058 (0) Count=1 

Mutex 5165b7508cc8 (0) Count=1 

Mutex 56a45b8 (0) Count=7 

Mutex 5165a8ed0348 (0) Count=1 

Mutex 5164ffac2e08 (0) Count=7 

Mutex 72f9134e8904 (0) Count=1 

Mutex 5164f9795628 (0) Count=9 

