Task to be tracked is  listener



Init of all locks






Per thread lock analysis



     wait time (us)      : count     distribution
         0 -> 1          : 109817   |                                        |
         2 -> 3          : 19425801 |****************************************|
         4 -> 7          : 748623   |*                                       |
         8 -> 15         : 142035   |                                        |
        16 -> 31         : 143006   |                                        |
        32 -> 63         : 20283    |                                        |
        64 -> 127        : 865      |                                        |
       128 -> 255        : 58       |                                        |
       256 -> 511        : 93       |                                        |
       512 -> 1023       : 104      |                                        |
      1024 -> 2047       : 19       |                                        |
     hold time (us)      : count     distribution
         0 -> 1          : 2        |                                        |
         2 -> 3          : 292362   |                                        |
         4 -> 7          : 15557196 |****************************************|
         8 -> 15         : 4802284  |************                            |
        16 -> 31         : 95473    |                                        |
        32 -> 63         : 5037     |                                        |
        64 -> 127        : 546      |                                        |
       128 -> 255        : 249      |                                        |
       256 -> 511        : 439      |                                        |
       512 -> 1023       : 411      |                                        |
      1024 -> 2047       : 142      |                                        |
      2048 -> 4095       : 34       |                                        |
      4096 -> 8191       : 30       |                                        |
      8192 -> 16383      : 3239     |                                        |
     16384 -> 32767      : 16       |                                        |
     32768 -> 65535      : 655      |                                        |
     65536 -> 131071     : 987      |                                        |
    131072 -> 262143     : 29       |                                        |
    262144 -> 524287     : 48       |                                        |
    524288 -> 1048575    : 933      |                                        |
   1048576 -> 2097151    : 17       |                                        |
   2097152 -> 4194303    : 12       |                                        |
   4194304 -> 8388607    : 27       |                                        |
   8388608 -> 16777215   : 14       |                                        |
  16777216 -> 33554431   : 2        |                                        |



Overall per lock analysis






Contention analysis



Mutex 5164ff9963a0 (0) Count=3 

Mutex 7af26b713944 (0) Count=53 

Mutex 62594624d5dc (0) Count=1 

Mutex 7ffc6a82bbf4 (0) Count=30 

Mutex 7ffc34506750 (0) Count=3 

Mutex 6a8f6a0 (0) Count=1 

Mutex 625946265aa0 (0) Count=2 

Mutex 5164f8530928 (0) Count=10 

Mutex 5164ff996610 (0) Count=2 

Mutex 5abbcf8 (0) Count=20 

Mutex 5164fbfa0110 (0) Count=6 

Mutex 5164f8530028 (0) Count=17 

Mutex 7af26c45b914 (0) Count=1 

Mutex 7af26c661914 (0) Count=1 

Mutex 5164ffc3acc8 (0) Count=15 

Mutex 5164ff9978c0 (0) Count=6 

Mutex 5164ffac2b38 (0) Count=17 

Mutex 5164ffac3120 (0) Count=2 

Mutex 5164f83e6928 (0) Count=13 

Mutex 5164ffac25e0 (0) Count=17 

Mutex 5164ffc3afe0 (0) Count=17 

Mutex 5a83860 (0) Count=1 

Mutex 51654dc5b2b8 (0) Count=91 

Mutex 5164ffac4008 (0) Count=8 

Mutex 5164ff913da0 (0) Count=3 

Mutex 5164ffac37e0 (0) Count=9 

Mutex 5164ffac43b0 (0) Count=2 

Mutex 5164ee78e218 (0) Count=245 

Mutex 7af26ba3d914 (0) Count=1 

Mutex 5164ffc3abf0 (0) Count=13 

Mutex 72f9121af954 (0) Count=63 

Mutex 5164ffc3ae30 (0) Count=14 

Mutex 5164ffc3ada0 (0) Count=15 

Mutex 5164ffc3b070 (0) Count=13 

Mutex 72f9125bb904 (0) Count=1 

Mutex 5164ffc3b190 (0) Count=14 

Mutex 6dbe090 (0) Count=1 

Mutex 5164ffac4488 (0) Count=19 

Mutex 5e53361a79e8 (0) Count=1 

Mutex 5164ff996540 (0) Count=3 

Mutex 75676f591210 (0) Count=43 

Mutex 54e8680 (0) Count=210 

Mutex 72f9126be904 (0) Count=1 

Mutex 5164f8738428 (0) Count=9 

Mutex 77fc60f18210 (0) Count=139 

Mutex 5164ffac4560 (0) Count=11 

Mutex 5165853d0d28 (0) Count=10 

Mutex 5164ffac3ab0 (0) Count=3 

Mutex 5164f8736028 (0) Count=15 

Mutex 7af26d184914 (0) Count=1 

Mutex 51654dc5b518 (0) Count=215 

Mutex 7ffcb9f0ca60 (0) Count=1 

Mutex 5164ff913e70 (0) Count=6 

Mutex 5abbd28 (0) Count=24 

Mutex 5164ffc3ab18 (0) Count=13 

Mutex 5164ff863688 (0) Count=17918 

Mutex 5164ff9967b0 (0) Count=3 

Mutex 77fc5cba18f8 (0) Count=4 

Mutex 5164ffac3870 (0) Count=4 

Mutex 6ff94c8 (0) Count=1 

Mutex 5164ffc3b148 (0) Count=12 

Mutex 5164ffac3708 (0) Count=7 

Mutex 7af26c04f914 (0) Count=1 

Mutex 7bb286c559b4 (0) Count=57 

Mutex 5164f8532428 (0) Count=10 

Mutex 5164ffc3ae78 (0) Count=10 

Mutex 5164ffac41b8 (0) Count=4 

Mutex 56a45e8 (0) Count=2 

Mutex 5164ffac40e0 (0) Count=1 

Mutex 5164ffac2550 (0) Count=107 

Mutex 5164ff9962d0 (0) Count=7 

Mutex 7af26c867914 (0) Count=1 

Mutex 5164ffc3ac38 (0) Count=10 

Mutex 5164ff9974b0 (0) Count=5 

Mutex 5164f93fcd28 (0) Count=12 

Mutex 5164ffc25948 (0) Count=3563 

Mutex 7af26c96a914 (0) Count=1 

Mutex 10db75d8 (0) Count=1 

Mutex 5164ffac3e10 (0) Count=5 

Mutex 5164f83e6028 (0) Count=16 

Mutex 5164f8533628 (0) Count=9 

Mutex 5164ffac2e08 (0) Count=10 

Mutex 6caa518 (0) Count=1 

Mutex 6d945b0 (0) Count=2 

Mutex 7ffdc5933f44 (0) Count=27 

Mutex 5164ffc3ad10 (0) Count=14 

Mutex 5164ff997a60 (0) Count=7 

Mutex 5164ffac3b40 (0) Count=5 

Mutex 5164ffc3b2f8 (0) Count=13 

Mutex 7ebf273269b4 (0) Count=57 

Mutex 7e06f32e1208 (0) Count=3 

Mutex 77fc5d1ba8f8 (0) Count=7 

Mutex 5164ffc3af50 (0) Count=9 

Mutex 5164ffb0fb80 (0) Count=18361 

Mutex 5164ffc3aec0 (0) Count=16 

Mutex 6aea6a0 (0) Count=1 

Mutex 5164f8b06428 (0) Count=5 

Mutex 5164f8b07628 (0) Count=9 

Mutex 5164ffc3ac80 (0) Count=9 

Mutex 5164f8b05b28 (0) Count=13 

Mutex 5164ff997580 (0) Count=7 

Mutex 5164ffc3ab60 (0) Count=15 

Mutex 7af26c358914 (0) Count=1 

Mutex 5164ff996880 (0) Count=2 

Mutex 5164f8b04028 (0) Count=12 

Mutex 6f70228 (0) Count=1 

Mutex 7af26bd46914 (0) Count=1 

Mutex 5164ffac4098 (0) Count=4 

Mutex 7fff430b0114 (0) Count=27 

Mutex 5164f8736928 (0) Count=13 

Mutex 5164ffc3b1d8 (0) Count=14 

Mutex 7d67728 (0) Count=3 

Mutex 5164ffac4368 (0) Count=4 

Mutex 7af26b93a964 (0) Count=62 

Mutex 82e7c98 (0) Count=1 

Mutex 5164ff913f40 (0) Count=5 

Mutex 5164ffaaddf0 (0) Count=21010 

Mutex 739e498 (0) Count=1 

Mutex 5164ff89ae88 (0) Count=114 

Mutex 768625ba1100 (0) Count=36 

Mutex 5164ffc3b0b8 (0) Count=16 

Mutex 5164ffc3b340 (0) Count=5 

Mutex 5164ffc3ad58 (0) Count=12 

Mutex 5164ffc3aba8 (0) Count=18 

Mutex 5164ffbf8708 (0) Count=1529 

Mutex 7af26c764914 (0) Count=1 

Mutex 5164ffc3af08 (0) Count=16 

Mutex 5164f9795628 (0) Count=2 

Mutex 5164ffc3aa88 (0) Count=12 

Mutex 7af26cb71914 (0) Count=1 

Mutex 5164f83e7b28 (0) Count=11 

Mutex 7ffcce28dde0 (0) Count=1 

Mutex 7af26c55e914 (0) Count=1 

Mutex 77fc5dfd88f8 (0) Count=9 

Mutex 5164ffc3b220 (0) Count=14 

Mutex 5164ffc3aad0 (0) Count=11 

Mutex 5164ffb12178 (0) Count=18103 

Mutex 5164ffc3ade8 (0) Count=10 

Mutex 5164ffac2598 (0) Count=85 

Mutex 5164ffc3b2b0 (0) Count=10 

Mutex 5164ffac4878 (0) Count=9 

Mutex 5164ffc3b028 (0) Count=12 

Mutex 5164ffc3af98 (0) Count=14 

Mutex 5164ff997720 (0) Count=2 

Mutex 5164ff8b1818 (0) Count=9 

Mutex 72b6d6e719b4 (0) Count=61 

Mutex 5165a8ed1648 (0) Count=134 

Mutex 7af26bc43914 (0) Count=1 

Mutex 5164ff913cd0 (0) Count=3 

Mutex 7af26c255914 (0) Count=1 

Mutex 5164ff996060 (0) Count=1 

Mutex 54e87a8 (0) Count=12 

Mutex 5e53361a69e8 (0) Count=13 

Mutex 72f911f7e934 (0) Count=36 

Mutex 5164ffc3b100 (0) Count=11 

Mutex 5164ff883888 (0) Count=3782 

Mutex 5164ffc3b268 (0) Count=17 

