Task to be tracked is  SessionKiller



Init of all locks






Per thread lock analysis



     wait time (us)      : count     distribution
         0 -> 1          : 113636   |                                        |
         2 -> 3          : 21687333 |****************************************|
         4 -> 7          : 748641   |*                                       |
         8 -> 15         : 138898   |                                        |
        16 -> 31         : 143023   |                                        |
        32 -> 63         : 16267    |                                        |
        64 -> 127        : 466      |                                        |
       128 -> 255        : 84       |                                        |
       256 -> 511        : 150      |                                        |
       512 -> 1023       : 379      |                                        |
      1024 -> 2047       : 84       |                                        |
      2048 -> 4095       : 20       |                                        |
      4096 -> 8191       : 7        |                                        |
      8192 -> 16383      : 13       |                                        |
     16384 -> 32767      : 11       |                                        |
     hold time (us)      : count     distribution
         0 -> 1          : 1        |                                        |
         2 -> 3          : 313817   |                                        |
         4 -> 7          : 17187847 |****************************************|
         8 -> 15         : 5433002  |************                            |
        16 -> 31         : 122712   |                                        |
        32 -> 63         : 8050     |                                        |
        64 -> 127        : 2863     |                                        |
       128 -> 255        : 2411     |                                        |
       256 -> 511        : 1798     |                                        |
       512 -> 1023       : 1155     |                                        |
      1024 -> 2047       : 230      |                                        |
      2048 -> 4095       : 62       |                                        |
      4096 -> 8191       : 36       |                                        |
      8192 -> 16383      : 3691     |                                        |
     16384 -> 32767      : 74       |                                        |
     32768 -> 65535      : 803      |                                        |
     65536 -> 131071     : 1088     |                                        |
    131072 -> 262143     : 19       |                                        |
    262144 -> 524287     : 20       |                                        |
    524288 -> 1048575    : 1049     |                                        |
   1048576 -> 2097151    : 3        |                                        |
   2097152 -> 4194303    : 3        |                                        |
   4194304 -> 8388607    : 7        |                                        |
   8388608 -> 16777215   : 8        |                                        |
  16777216 -> 33554431   : 3        |                                        |



Overall per lock analysis






Contention analysis



Mutex 6259461797d8 (0) Count=20 

Mutex 516544ee05a8 (0) Count=1 

Mutex 5164ffc3afe0 (0) Count=12 

Mutex 5164f8736928 (0) Count=20 

Mutex 625945e372a4 (0) Count=11 

Mutex 5164ffc3b268 (0) Count=18 

Mutex 5164ee78ecc8 (0) Count=1 

Mutex 5164ffc3ad10 (0) Count=9 

Mutex 5164ffc3b2f8 (0) Count=14 

Mutex 5164ffc3b070 (0) Count=15 

Mutex 5164ff99e6d8 (0) Count=1 

Mutex 5164f93fcd28 (0) Count=13 

Mutex 5164ffac4098 (0) Count=5 

Mutex 5164ee78f648 (0) Count=1 

Mutex 516544ee1518 (0) Count=1 

Mutex 5164ffc3b340 (0) Count=15 

Mutex 5164ffc3b190 (0) Count=11 

Mutex 7af26b837c24 (0) Count=2 

Mutex 51657a710f28 (0) Count=1 

Mutex 5164ffc25948 (0) Count=3128 

Mutex 7af26c152914 (0) Count=1 

Mutex 5164ff9974b0 (0) Count=3 

Mutex 5164ffc3ac38 (0) Count=21 

Mutex 5164f8530028 (0) Count=17 

Mutex 5164ffac4368 (0) Count=4 

Mutex 5164ffac3ab0 (0) Count=4 

Mutex 5164f8533628 (0) Count=11 

Mutex 5164ffc3af50 (0) Count=14 

Mutex 5164ff997720 (0) Count=2 

Mutex 5164ff8b1818 (0) Count=4 

Mutex 5164ff913e70 (0) Count=5 

Mutex 5164ffac3e10 (0) Count=4 

Mutex 5164f8b07628 (0) Count=22 

Mutex 51654dc5adf8 (0) Count=23 

Mutex 5164f8736028 (0) Count=8 

Mutex 56a45b8 (0) Count=2 

Mutex 5164ffc3aad0 (0) Count=11 

Mutex 75676f591210 (0) Count=46 

Mutex 5164ffac25e0 (0) Count=12 

Mutex 56a45e8 (0) Count=3 

Mutex 72f912bcd904 (0) Count=1 

Mutex 5e53361a79e8 (0) Count=1 

Mutex 7af26d080914 (0) Count=1 

Mutex 5164ffc3ab60 (0) Count=14 

Mutex 57ebf48 (0) Count=1348 

Mutex 5164ffc3b2b0 (0) Count=19 

Mutex 5164ff89ae88 (0) Count=23 

Mutex 625946265aa0 (0) Count=2 

Mutex 72f912aca904 (0) Count=1 

Mutex 5164ee78e348 (0) Count=1 

Mutex 516544ee1648 (0) Count=1 

Mutex 72f9121af954 (0) Count=64 

Mutex 5164ffb0fb80 (0) Count=2775 

Mutex 5164ffc3b148 (0) Count=9 

Mutex 72f9124b8904 (0) Count=1 

Mutex 5164f8b06428 (0) Count=9 

Mutex 51657a711648 (0) Count=1 

Mutex 7af26ba3d914 (0) Count=1 

Mutex 625945e35138 (0) Count=1 

Mutex 5164ff883888 (0) Count=45944 

Mutex 5164ffac2b38 (0) Count=17 

Mutex 5164ffc3aa88 (0) Count=13 

Mutex 5164ffac41b8 (0) Count=4 

Mutex 5164ffac3870 (0) Count=5 

Mutex 5164c13172b8 (0) Count=1 

Mutex 5164f8530928 (0) Count=15 

Mutex 7af26b713944 (0) Count=42 

Mutex 5164ffac2598 (0) Count=98 

Mutex 7ffc6a82bbf4 (0) Count=24 

Mutex 5164ff996610 (0) Count=2 

Mutex 5164c1316938 (0) Count=1 

Mutex 5164ffc3aba8 (0) Count=13 

Mutex 516544ee06d8 (0) Count=1 

Mutex 7fff430b0114 (0) Count=31 

Mutex 625947e9d668 (0) Count=2 

Mutex 51654dc5a218 (0) Count=1 

Mutex 5164f8532428 (0) Count=9 

Mutex 5164fbfa0190 (0) Count=4 

Mutex 5164ff996540 (0) Count=3 

Mutex 5164ff996880 (0) Count=3 

Mutex 5164ff9978c0 (0) Count=2 

Mutex 5164ffc3af98 (0) Count=15 

Mutex 77fc5d1ba8f8 (0) Count=1 

Mutex 5165a8ed0218 (0) Count=1 

Mutex 5164ff89aa08 (0) Count=2 

Mutex 5164ffac40e0 (0) Count=3 

Mutex 5164f83e7b28 (0) Count=13 

Mutex 516544ee0df8 (0) Count=1 

Mutex 5164f83e6928 (0) Count=19 

Mutex 5164f8b05b28 (0) Count=14 

Mutex 516544ee0f28 (0) Count=1 

Mutex 5abbd28 (0) Count=11 

Mutex 5164ff9963a0 (0) Count=5 

Mutex 5e53361a46c0 (0) Count=69 

Mutex 7af26ce7a914 (0) Count=1 

Mutex 5164ffac2e08 (0) Count=10 

Mutex 5164ffc3ab18 (0) Count=9 

Mutex 5164ffac4878 (0) Count=17 

Mutex 5164f8738428 (0) Count=9 

Mutex 5164ffc3acc8 (0) Count=19 

Mutex 5164ffc3af08 (0) Count=14 

Mutex 77fc60f18210 (0) Count=142 

Mutex 5164ffc3aec0 (0) Count=19 

Mutex 5e53361a67e8 (0) Count=1 

Mutex 5164ffac3708 (0) Count=12 

Mutex 5164ffaaddf0 (0) Count=70247 

Mutex 72b6d6e719b4 (0) Count=66 

Mutex 5164fbfa0110 (0) Count=1 

Mutex 5164ffac43b0 (0) Count=5 

Mutex 51654dc5a0e8 (0) Count=1 

Mutex 5164ff997580 (0) Count=4 

Mutex 51657a710df8 (0) Count=65 

Mutex 5164ffb12178 (0) Count=19667 

Mutex 7ebf273269b4 (0) Count=65 

Mutex 5164ffac3b40 (0) Count=7 

Mutex 5e53361a69e8 (0) Count=4 

Mutex 5164ff9962d0 (0) Count=3 

Mutex 674d6a0 (0) Count=1 

Mutex 5164ff9967b0 (0) Count=3 

Mutex 7af26bb40914 (0) Count=1 

Mutex 51654dc5b8a8 (0) Count=1 

Mutex 5164ffc3ade8 (0) Count=19 

Mutex 5164ff913da0 (0) Count=7 

Mutex 5abbcf8 (0) Count=3 

Mutex 5164ff863688 (0) Count=14559 

Mutex 72f9129c7904 (0) Count=1 

Mutex 72f9135eb904 (0) Count=1 

Mutex 5164ffac4008 (0) Count=10 

Mutex 5164ffc3ada0 (0) Count=13 

Mutex 5164ff99e808 (0) Count=1 

Mutex 5164ffc3b1d8 (0) Count=13 

Mutex 7af26c55e914 (0) Count=1 

Mutex 7af26b93a964 (0) Count=53 

Mutex 701984000030 (0) Count=1 

Mutex 5164ff99f188 (0) Count=1 

Mutex 5164ff997a60 (0) Count=4 

Mutex 72f911f7e934 (0) Count=30 

Mutex 625945e35558 (0) Count=1 

Mutex 5164ffc3b100 (0) Count=16 

Mutex 5164ffac37e0 (0) Count=12 

Mutex 5164ffac3120 (0) Count=4 

Mutex 7af26c45b914 (0) Count=1 

Mutex 5164ffc3ad58 (0) Count=13 

Mutex 5164ff913cd0 (0) Count=2 

Mutex 5164f9795628 (0) Count=18 

Mutex 7e06f1414668 (0) Count=1 

Mutex 5164ffc3ac80 (0) Count=11 

Mutex 5164ff996060 (0) Count=1 

Mutex 5164ffc3b028 (0) Count=23 

Mutex 5164ffc3abf0 (0) Count=16 

Mutex 5164ff8f3d08 (0) Count=61 

Mutex 5164f8b04028 (0) Count=16 

Mutex 5164ff913f40 (0) Count=4 

Mutex 54e8680 (0) Count=156 

Mutex 7af26b714044 (0) Count=2 

Mutex 5164ffc3ae30 (0) Count=11 

Mutex 625947cf0e58 (0) Count=17 

Mutex 54e87a8 (0) Count=1 

Mutex 5164ffac4560 (0) Count=13 

Mutex 5165a8ed0df8 (0) Count=245 

Mutex 5164ffc3ae78 (0) Count=17 

Mutex 75d0ff8 (0) Count=1 

Mutex 6c3c458 (0) Count=3 

Mutex 5164ffc3b0b8 (0) Count=18 

Mutex 5165a8ed0cc8 (0) Count=56 

Mutex 7bb286c559b4 (0) Count=71 

Mutex 7af26cc74914 (0) Count=1 

Mutex 7ffdc5933f44 (0) Count=29 

Mutex 51657a7105a8 (0) Count=53 

Mutex 7af26c96a914 (0) Count=1 

Mutex 72f9133e5904 (0) Count=1 

Mutex 768625ba1100 (0) Count=6 

Mutex 5164ffac4488 (0) Count=27 

Mutex 7af26cd77914 (0) Count=1 

Mutex 5164ee78f778 (0) Count=1 

Mutex 7af26b7140ac (0) Count=2 

Mutex 6a8f6a0 (0) Count=4 

Mutex 5164ffac2550 (0) Count=126 

Mutex 5164f83e6028 (0) Count=12 

Mutex 580ba10 (0) Count=1 

Mutex 51654dc5b778 (0) Count=1 

Mutex 5164ee78e218 (0) Count=1 

Mutex 5164ffbf8708 (0) Count=1269 

Mutex 5164ffc3b220 (0) Count=13 

Mutex 5164ff99f058 (0) Count=1 

Mutex 625946169380 (0) Count=17 

